This file contains any messages produced by compilers while
running configure, to aid debugging if configure makes a mistake.

It was created by zeromq configure 2.1.7, which was
generated by GNU Autoconf 2.68.  Invocation command line was

  $ ./configure --prefix=/usr/local/lib64/darkmatter CC=cc CFLAGS=-fpic -fPIC -fpic -fPIC LDFLAGS=-L/lib64 -L/usr/lib64 -L/root/darkmatter-depends/.build/usr/local/lib64/darkmatter/lib  -Wl,-rpath -Wl,/usr/local/lib64/darkmatter/lib -L/lib64 -L/usr/lib64 -L/root/darkmatter-depends/.build/usr/local/lib64/darkmatter/lib  -Wl,-rpath -Wl,/usr/local/lib64/darkmatter/lib -lc -lm LIBS=-lc -lm CPPFLAGS=-I/root/darkmatter-depends/.build/usr/local/lib64/darkmatter/include -I/root/darkmatter-depends/.build/usr/local/lib64/darkmatter/include/ncurses -I/root/darkmatter-depends/.build/usr/local/lib64/darkmatter/include/libxml2 CXX=g++ CXXFLAGS=-fpic -fPIC -fpic -fPIC PKG_CONFIG_PATH=/root/darkmatter-depends/.build/usr/local/lib64/darkmatter/lib/pkgconfig --no-create --no-recursion

## --------- ##
## Platform. ##
## --------- ##

hostname = linux-j0lx
uname -m = x86_64
uname -r = 3.1.0-1.2-desktop
uname -s = Linux
uname -v = #1 SMP PREEMPT Thu Nov 3 14:45:45 UTC 2011 (187dde0)

/usr/bin/uname -p = unknown
/bin/uname -X     = unknown

/bin/arch              = x86_64
/usr/bin/arch -k       = unknown
/usr/convex/getsysinfo = unknown
/usr/bin/hostinfo      = unknown
/bin/machine           = unknown
/usr/bin/oslevel       = unknown
/bin/universe          = unknown

PATH: /root/darkmatter-depends/.build/usr/local/lib64/darkmatter/bin
PATH: /sbin
PATH: /bin
PATH: /usr/sbin
PATH: /usr/bin


## ----------- ##
## Core tests. ##
## ----------- ##

configure:2822: checking for a BSD-compatible install
configure:2890: result: /usr/bin/install -c
configure:2901: checking whether build environment is sane
configure:2951: result: yes
configure:3092: checking for a thread-safe mkdir -p
configure:3131: result: /bin/mkdir -p
configure:3144: checking for gawk
configure:3160: found /bin/gawk
configure:3171: result: gawk
configure:3182: checking whether make sets $(MAKE)
configure:3204: result: yes
configure:3279: checking how to create a ustar tar archive
configure:3292: tar --version
tar (GNU tar) 1.26
Copyright (C) 2011 Free Software Foundation, Inc.
License GPLv3+: GNU GPL version 3 or later <http://gnu.org/licenses/gpl.html>.
This is free software: you are free to change and redistribute it.
There is NO WARRANTY, to the extent permitted by law.

Written by John Gilmore and Jay Fenlason.
configure:3295: $? = 0
configure:3335: tardir=conftest.dir && eval tar --format=ustar -chf - "$tardir" >conftest.tar
configure:3338: $? = 0
configure:3342: tar -xf - <conftest.tar
configure:3345: $? = 0
configure:3358: result: gnutar
configure:3450: checking for gcc
configure:3477: result: cc
configure:3706: checking for C compiler version
configure:3715: cc --version >&5
cc (SUSE Linux) 4.6.2
Copyright (C) 2011 Free Software Foundation, Inc.
This is free software; see the source for copying conditions.  There is NO
warranty; not even for MERCHANTABILITY or FITNESS FOR A PARTICULAR PURPOSE.

configure:3726: $? = 0
configure:3715: cc -v >&5
Using built-in specs.
COLLECT_GCC=cc
COLLECT_LTO_WRAPPER=/usr/lib64/gcc/x86_64-suse-linux/4.6/lto-wrapper
Target: x86_64-suse-linux
Configured with: ../configure --prefix=/usr --infodir=/usr/share/info --mandir=/usr/share/man --libdir=/usr/lib64 --libexecdir=/usr/lib64 --enable-languages=c,c++,objc,fortran,obj-c++,java,ada --enable-checking=release --with-gxx-include-dir=/usr/include/c++/4.6 --enable-ssp --disable-libssp --disable-plugin --with-bugurl=http://bugs.opensuse.org/ --with-pkgversion='SUSE Linux' --disable-libgcj --disable-libmudflap --with-slibdir=/lib64 --with-system-zlib --enable-__cxa_atexit --enable-libstdcxx-allocator=new --disable-libstdcxx-pch --enable-version-specific-runtime-libs --program-suffix=-4.6 --enable-linux-futex --without-system-libunwind --with-arch-32=i586 --with-tune=generic --build=x86_64-suse-linux
Thread model: posix
gcc version 4.6.2 (SUSE Linux) 
configure:3726: $? = 0
configure:3715: cc -V >&5
cc: error: unrecognized option '-V'
cc: fatal error: no input files
compilation terminated.
configure:3726: $? = 1
configure:3715: cc -qversion >&5
cc: error: unrecognized option '-qversion'
cc: fatal error: no input files
compilation terminated.
configure:3726: $? = 1
configure:3746: checking whether the C compiler works
configure:3768: cc -fpic -fPIC -fpic -fPIC -I/root/darkmatter-depends/.build/usr/local/lib64/darkmatter/include -I/root/darkmatter-depends/.build/usr/local/lib64/darkmatter/include/ncurses -I/root/darkmatter-depends/.build/usr/local/lib64/darkmatter/include/libxml2 -L/lib64 -L/usr/lib64 -L/root/darkmatter-depends/.build/usr/local/lib64/darkmatter/lib  -Wl,-rpath -Wl,/usr/local/lib64/darkmatter/lib -L/lib64 -L/usr/lib64 -L/root/darkmatter-depends/.build/usr/local/lib64/darkmatter/lib  -Wl,-rpath -Wl,/usr/local/lib64/darkmatter/lib -lc -lm conftest.c -lc -lm >&5
configure:3772: $? = 0
configure:3820: result: yes
configure:3823: checking for C compiler default output file name
configure:3825: result: a.out
configure:3831: checking for suffix of executables
configure:3838: cc -o conftest -fpic -fPIC -fpic -fPIC -I/root/darkmatter-depends/.build/usr/local/lib64/darkmatter/include -I/root/darkmatter-depends/.build/usr/local/lib64/darkmatter/include/ncurses -I/root/darkmatter-depends/.build/usr/local/lib64/darkmatter/include/libxml2 -L/lib64 -L/usr/lib64 -L/root/darkmatter-depends/.build/usr/local/lib64/darkmatter/lib  -Wl,-rpath -Wl,/usr/local/lib64/darkmatter/lib -L/lib64 -L/usr/lib64 -L/root/darkmatter-depends/.build/usr/local/lib64/darkmatter/lib  -Wl,-rpath -Wl,/usr/local/lib64/darkmatter/lib -lc -lm conftest.c -lc -lm >&5
configure:3842: $? = 0
configure:3864: result: 
configure:3886: checking whether we are cross compiling
configure:3894: cc -o conftest -fpic -fPIC -fpic -fPIC -I/root/darkmatter-depends/.build/usr/local/lib64/darkmatter/include -I/root/darkmatter-depends/.build/usr/local/lib64/darkmatter/include/ncurses -I/root/darkmatter-depends/.build/usr/local/lib64/darkmatter/include/libxml2 -L/lib64 -L/usr/lib64 -L/root/darkmatter-depends/.build/usr/local/lib64/darkmatter/lib  -Wl,-rpath -Wl,/usr/local/lib64/darkmatter/lib -L/lib64 -L/usr/lib64 -L/root/darkmatter-depends/.build/usr/local/lib64/darkmatter/lib  -Wl,-rpath -Wl,/usr/local/lib64/darkmatter/lib -lc -lm conftest.c -lc -lm >&5
configure:3898: $? = 0
configure:3905: ./conftest
configure:3909: $? = 0
configure:3924: result: no
configure:3929: checking for suffix of object files
configure:3951: cc -c -fpic -fPIC -fpic -fPIC -I/root/darkmatter-depends/.build/usr/local/lib64/darkmatter/include -I/root/darkmatter-depends/.build/usr/local/lib64/darkmatter/include/ncurses -I/root/darkmatter-depends/.build/usr/local/lib64/darkmatter/include/libxml2 conftest.c >&5
configure:3955: $? = 0
configure:3976: result: o
configure:3980: checking whether we are using the GNU C compiler
configure:3999: cc -c -fpic -fPIC -fpic -fPIC -I/root/darkmatter-depends/.build/usr/local/lib64/darkmatter/include -I/root/darkmatter-depends/.build/usr/local/lib64/darkmatter/include/ncurses -I/root/darkmatter-depends/.build/usr/local/lib64/darkmatter/include/libxml2 conftest.c >&5
configure:3999: $? = 0
configure:4008: result: yes
configure:4017: checking whether cc accepts -g
configure:4037: cc -c -g -I/root/darkmatter-depends/.build/usr/local/lib64/darkmatter/include -I/root/darkmatter-depends/.build/usr/local/lib64/darkmatter/include/ncurses -I/root/darkmatter-depends/.build/usr/local/lib64/darkmatter/include/libxml2 conftest.c >&5
configure:4037: $? = 0
configure:4078: result: yes
configure:4095: checking for cc option to accept ISO C89
configure:4159: cc  -c -fpic -fPIC -fpic -fPIC -I/root/darkmatter-depends/.build/usr/local/lib64/darkmatter/include -I/root/darkmatter-depends/.build/usr/local/lib64/darkmatter/include/ncurses -I/root/darkmatter-depends/.build/usr/local/lib64/darkmatter/include/libxml2 conftest.c >&5
configure:4159: $? = 0
configure:4172: result: none needed
configure:4203: checking for style of include used by make
configure:4231: result: GNU
configure:4256: checking dependency style of cc
configure:4366: result: gcc3
configure:4381: checking for cc option to accept ISO C99
configure:4530: cc  -c -fpic -fPIC -fpic -fPIC -I/root/darkmatter-depends/.build/usr/local/lib64/darkmatter/include -I/root/darkmatter-depends/.build/usr/local/lib64/darkmatter/include/ncurses -I/root/darkmatter-depends/.build/usr/local/lib64/darkmatter/include/libxml2 conftest.c >&5
conftest.c:61:29: error: expected ';', ',' or ')' before 'text'
conftest.c: In function 'main':
conftest.c:115:18: error: expected '=', ',', ';', 'asm' or '__attribute__' before 'newvar'
conftest.c:115:18: error: 'newvar' undeclared (first use in this function)
conftest.c:115:18: note: each undeclared identifier is reported only once for each function it appears in
conftest.c:125:3: error: 'for' loop initial declarations are only allowed in C99 mode
conftest.c:125:3: note: use option -std=c99 or -std=gnu99 to compile your code
configure:4530: $? = 1
configure: failed program was:
| /* confdefs.h */
| #define PACKAGE_NAME "zeromq"
| #define PACKAGE_TARNAME "zeromq"
| #define PACKAGE_VERSION "2.1.7"
| #define PACKAGE_STRING "zeromq 2.1.7"
| #define PACKAGE_BUGREPORT "zeromq-dev@lists.zeromq.org"
| #define PACKAGE_URL ""
| #define PACKAGE "zeromq"
| #define VERSION "2.1.7"
| /* end confdefs.h.  */
| #include <stdarg.h>
| #include <stdbool.h>
| #include <stdlib.h>
| #include <wchar.h>
| #include <stdio.h>
| 
| // Check varargs macros.  These examples are taken from C99 6.10.3.5.
| #define debug(...) fprintf (stderr, __VA_ARGS__)
| #define showlist(...) puts (#__VA_ARGS__)
| #define report(test,...) ((test) ? puts (#test) : printf (__VA_ARGS__))
| static void
| test_varargs_macros (void)
| {
|   int x = 1234;
|   int y = 5678;
|   debug ("Flag");
|   debug ("X = %d\n", x);
|   showlist (The first, second, and third items.);
|   report (x>y, "x is %d but y is %d", x, y);
| }
| 
| // Check long long types.
| #define BIG64 18446744073709551615ull
| #define BIG32 4294967295ul
| #define BIG_OK (BIG64 / BIG32 == 4294967297ull && BIG64 % BIG32 == 0)
| #if !BIG_OK
|   your preprocessor is broken;
| #endif
| #if BIG_OK
| #else
|   your preprocessor is broken;
| #endif
| static long long int bignum = -9223372036854775807LL;
| static unsigned long long int ubignum = BIG64;
| 
| struct incomplete_array
| {
|   int datasize;
|   double data[];
| };
| 
| struct named_init {
|   int number;
|   const wchar_t *name;
|   double average;
| };
| 
| typedef const char *ccp;
| 
| static inline int
| test_restrict (ccp restrict text)
| {
|   // See if C++-style comments work.
|   // Iterate through items via the restricted pointer.
|   // Also check for declarations in for loops.
|   for (unsigned int i = 0; *(text+i) != '\0'; ++i)
|     continue;
|   return 0;
| }
| 
| // Check varargs and va_copy.
| static void
| test_varargs (const char *format, ...)
| {
|   va_list args;
|   va_start (args, format);
|   va_list args_copy;
|   va_copy (args_copy, args);
| 
|   const char *str;
|   int number;
|   float fnumber;
| 
|   while (*format)
|     {
|       switch (*format++)
| 	{
| 	case 's': // string
| 	  str = va_arg (args_copy, const char *);
| 	  break;
| 	case 'd': // int
| 	  number = va_arg (args_copy, int);
| 	  break;
| 	case 'f': // float
| 	  fnumber = va_arg (args_copy, double);
| 	  break;
| 	default:
| 	  break;
| 	}
|     }
|   va_end (args_copy);
|   va_end (args);
| }
| 
| int
| main ()
| {
| 
|   // Check bool.
|   _Bool success = false;
| 
|   // Check restrict.
|   if (test_restrict ("String literal") == 0)
|     success = true;
|   char *restrict newvar = "Another string";
| 
|   // Check varargs.
|   test_varargs ("s, d' f .", "string", 65, 34.234);
|   test_varargs_macros ();
| 
|   // Check flexible array members.
|   struct incomplete_array *ia =
|     malloc (sizeof (struct incomplete_array) + (sizeof (double) * 10));
|   ia->datasize = 10;
|   for (int i = 0; i < ia->datasize; ++i)
|     ia->data[i] = i * 1.234;
| 
|   // Check named initializers.
|   struct named_init ni = {
|     .number = 34,
|     .name = L"Test wide string",
|     .average = 543.34343,
|   };
| 
|   ni.number = 58;
| 
|   int dynamic_array[ni.number];
|   dynamic_array[ni.number - 1] = 543;
| 
|   // work around unused variable warnings
|   return (!success || bignum == 0LL || ubignum == 0uLL || newvar[0] == 'x'
| 	  || dynamic_array[ni.number - 1] != 543);
| 
|   ;
|   return 0;
| }
configure:4530: cc -std=gnu99 -c -fpic -fPIC -fpic -fPIC -I/root/darkmatter-depends/.build/usr/local/lib64/darkmatter/include -I/root/darkmatter-depends/.build/usr/local/lib64/darkmatter/include/ncurses -I/root/darkmatter-depends/.build/usr/local/lib64/darkmatter/include/libxml2 conftest.c >&5
configure:4530: $? = 0
configure:4550: result: -std=gnu99
configure:4670: checking for C++ compiler version
configure:4679: g++ --version >&5
g++ (SUSE Linux) 4.6.2
Copyright (C) 2011 Free Software Foundation, Inc.
This is free software; see the source for copying conditions.  There is NO
warranty; not even for MERCHANTABILITY or FITNESS FOR A PARTICULAR PURPOSE.

configure:4690: $? = 0
configure:4679: g++ -v >&5
Using built-in specs.
COLLECT_GCC=g++
COLLECT_LTO_WRAPPER=/usr/lib64/gcc/x86_64-suse-linux/4.6/lto-wrapper
Target: x86_64-suse-linux
Configured with: ../configure --prefix=/usr --infodir=/usr/share/info --mandir=/usr/share/man --libdir=/usr/lib64 --libexecdir=/usr/lib64 --enable-languages=c,c++,objc,fortran,obj-c++,java,ada --enable-checking=release --with-gxx-include-dir=/usr/include/c++/4.6 --enable-ssp --disable-libssp --disable-plugin --with-bugurl=http://bugs.opensuse.org/ --with-pkgversion='SUSE Linux' --disable-libgcj --disable-libmudflap --with-slibdir=/lib64 --with-system-zlib --enable-__cxa_atexit --enable-libstdcxx-allocator=new --disable-libstdcxx-pch --enable-version-specific-runtime-libs --program-suffix=-4.6 --enable-linux-futex --without-system-libunwind --with-arch-32=i586 --with-tune=generic --build=x86_64-suse-linux
Thread model: posix
gcc version 4.6.2 (SUSE Linux) 
configure:4690: $? = 0
configure:4679: g++ -V >&5
g++: error: unrecognized option '-V'
g++: fatal error: no input files
compilation terminated.
configure:4690: $? = 1
configure:4679: g++ -qversion >&5
g++: error: unrecognized option '-qversion'
g++: fatal error: no input files
compilation terminated.
configure:4690: $? = 1
configure:4694: checking whether we are using the GNU C++ compiler
configure:4713: g++ -c -fpic -fPIC -fpic -fPIC -I/root/darkmatter-depends/.build/usr/local/lib64/darkmatter/include -I/root/darkmatter-depends/.build/usr/local/lib64/darkmatter/include/ncurses -I/root/darkmatter-depends/.build/usr/local/lib64/darkmatter/include/libxml2 conftest.cpp >&5
configure:4713: $? = 0
configure:4722: result: yes
configure:4731: checking whether g++ accepts -g
configure:4751: g++ -c -g -I/root/darkmatter-depends/.build/usr/local/lib64/darkmatter/include -I/root/darkmatter-depends/.build/usr/local/lib64/darkmatter/include/ncurses -I/root/darkmatter-depends/.build/usr/local/lib64/darkmatter/include/libxml2 conftest.cpp >&5
configure:4751: $? = 0
configure:4792: result: yes
configure:4817: checking dependency style of g++
configure:4927: result: gcc3
configure:4943: checking whether cc -std=gnu99 and cc understand -c and -o together
configure:4974: cc -std=gnu99 -c conftest.c -o conftest2.o >&5
configure:4978: $? = 0
configure:4984: cc -std=gnu99 -c conftest.c -o conftest2.o >&5
configure:4988: $? = 0
configure:4999: cc -c conftest.c >&5
configure:5003: $? = 0
configure:5011: cc -c conftest.c -o conftest2.o >&5
configure:5015: $? = 0
configure:5021: cc -c conftest.c -o conftest2.o >&5
configure:5025: $? = 0
configure:5043: result: yes
configure:5068: checking for a sed that does not truncate output
configure:5132: result: /bin/sed
configure:5141: checking for gawk
configure:5168: result: gawk
configure:5183: checking for xmlto
configure:5216: result: no
configure:5224: checking for asciidoc
configure:5257: result: no
configure:5266: checking build system type
configure:5280: result: x86_64-unknown-linux-gnu
configure:5300: checking host system type
configure:5313: result: x86_64-unknown-linux-gnu
configure:5733: checking for a sed that does not truncate output
configure:5797: result: /bin/sed
configure:5815: checking for grep that handles long lines and -e
configure:5873: result: /bin/grep
configure:5878: checking for egrep
configure:5940: result: /bin/grep -E
configure:5945: checking for fgrep
configure:6007: result: /bin/grep -F
configure:6042: checking for ld used by cc -std=gnu99
configure:6109: result: /usr/x86_64-suse-linux/bin/ld
configure:6116: checking if the linker (/usr/x86_64-suse-linux/bin/ld) is GNU ld
configure:6131: result: yes
configure:6143: checking for BSD- or MS-compatible name lister (nm)
configure:6192: result: /usr/bin/nm -B
configure:6310: checking the name lister (/usr/bin/nm -B) interface
configure:6317: cc -std=gnu99 -c -fpic -fPIC -fpic -fPIC -I/root/darkmatter-depends/.build/usr/local/lib64/darkmatter/include -I/root/darkmatter-depends/.build/usr/local/lib64/darkmatter/include/ncurses -I/root/darkmatter-depends/.build/usr/local/lib64/darkmatter/include/libxml2 conftest.c >&5
configure:6320: /usr/bin/nm -B "conftest.o"
configure:6323: output
0000000000000000 B some_variable
configure:6330: result: BSD nm
configure:6333: checking whether ln -s works
configure:6337: result: yes
configure:6345: checking the maximum length of command line arguments
configure:6465: result: 1572864
configure:6482: checking whether the shell understands some XSI constructs
configure:6492: result: yes
configure:6496: checking whether the shell understands "+="
configure:6502: result: yes
configure:6537: checking for /usr/x86_64-suse-linux/bin/ld option to reload object files
configure:6544: result: -r
configure:6613: checking for objdump
configure:6640: result: objdump
configure:6669: checking how to recognize dependent libraries
configure:6865: result: pass_all
configure:6925: checking for ar
configure:6941: found /usr/bin/ar
configure:6952: result: ar
configure:7030: checking for strip
configure:7046: found /usr/bin/strip
configure:7057: result: strip
configure:7129: checking for ranlib
configure:7145: found /usr/bin/ranlib
configure:7156: result: ranlib
configure:7246: checking command to parse /usr/bin/nm -B output from cc -std=gnu99 object
configure:7364: cc -std=gnu99 -c -fpic -fPIC -fpic -fPIC -I/root/darkmatter-depends/.build/usr/local/lib64/darkmatter/include -I/root/darkmatter-depends/.build/usr/local/lib64/darkmatter/include/ncurses -I/root/darkmatter-depends/.build/usr/local/lib64/darkmatter/include/libxml2 conftest.c >&5
configure:7367: $? = 0
configure:7371: /usr/bin/nm -B conftest.o \| sed -n -e 's/^.*[	 ]\([ABCDGIRSTW][ABCDGIRSTW]*\)[	 ][	 ]*\([_A-Za-z][_A-Za-z0-9]*\)$/\1 \2 \2/p' \> conftest.nm
configure:7374: $? = 0
configure:7428: cc -std=gnu99 -o conftest -fpic -fPIC -fpic -fPIC -I/root/darkmatter-depends/.build/usr/local/lib64/darkmatter/include -I/root/darkmatter-depends/.build/usr/local/lib64/darkmatter/include/ncurses -I/root/darkmatter-depends/.build/usr/local/lib64/darkmatter/include/libxml2 -L/lib64 -L/usr/lib64 -L/root/darkmatter-depends/.build/usr/local/lib64/darkmatter/lib  -Wl,-rpath -Wl,/usr/local/lib64/darkmatter/lib -L/lib64 -L/usr/lib64 -L/root/darkmatter-depends/.build/usr/local/lib64/darkmatter/lib  -Wl,-rpath -Wl,/usr/local/lib64/darkmatter/lib -lc -lm conftest.c conftstm.o >&5
configure:7431: $? = 0
configure:7469: result: ok
configure:7565: cc -std=gnu99 -c -fpic -fPIC -fpic -fPIC -I/root/darkmatter-depends/.build/usr/local/lib64/darkmatter/include -I/root/darkmatter-depends/.build/usr/local/lib64/darkmatter/include/ncurses -I/root/darkmatter-depends/.build/usr/local/lib64/darkmatter/include/libxml2 conftest.c >&5
configure:7568: $? = 0
configure:8278: checking how to run the C preprocessor
configure:8309: cc -std=gnu99 -E -I/root/darkmatter-depends/.build/usr/local/lib64/darkmatter/include -I/root/darkmatter-depends/.build/usr/local/lib64/darkmatter/include/ncurses -I/root/darkmatter-depends/.build/usr/local/lib64/darkmatter/include/libxml2 conftest.c
configure:8309: $? = 0
configure:8323: cc -std=gnu99 -E -I/root/darkmatter-depends/.build/usr/local/lib64/darkmatter/include -I/root/darkmatter-depends/.build/usr/local/lib64/darkmatter/include/ncurses -I/root/darkmatter-depends/.build/usr/local/lib64/darkmatter/include/libxml2 conftest.c
conftest.c:11:28: fatal error: ac_nonexistent.h: No such file or directory
compilation terminated.
configure:8323: $? = 1
configure: failed program was:
| /* confdefs.h */
| #define PACKAGE_NAME "zeromq"
| #define PACKAGE_TARNAME "zeromq"
| #define PACKAGE_VERSION "2.1.7"
| #define PACKAGE_STRING "zeromq 2.1.7"
| #define PACKAGE_BUGREPORT "zeromq-dev@lists.zeromq.org"
| #define PACKAGE_URL ""
| #define PACKAGE "zeromq"
| #define VERSION "2.1.7"
| /* end confdefs.h.  */
| #include <ac_nonexistent.h>
configure:8348: result: cc -std=gnu99 -E
configure:8368: cc -std=gnu99 -E -I/root/darkmatter-depends/.build/usr/local/lib64/darkmatter/include -I/root/darkmatter-depends/.build/usr/local/lib64/darkmatter/include/ncurses -I/root/darkmatter-depends/.build/usr/local/lib64/darkmatter/include/libxml2 conftest.c
configure:8368: $? = 0
configure:8382: cc -std=gnu99 -E -I/root/darkmatter-depends/.build/usr/local/lib64/darkmatter/include -I/root/darkmatter-depends/.build/usr/local/lib64/darkmatter/include/ncurses -I/root/darkmatter-depends/.build/usr/local/lib64/darkmatter/include/libxml2 conftest.c
conftest.c:11:28: fatal error: ac_nonexistent.h: No such file or directory
compilation terminated.
configure:8382: $? = 1
configure: failed program was:
| /* confdefs.h */
| #define PACKAGE_NAME "zeromq"
| #define PACKAGE_TARNAME "zeromq"
| #define PACKAGE_VERSION "2.1.7"
| #define PACKAGE_STRING "zeromq 2.1.7"
| #define PACKAGE_BUGREPORT "zeromq-dev@lists.zeromq.org"
| #define PACKAGE_URL ""
| #define PACKAGE "zeromq"
| #define VERSION "2.1.7"
| /* end confdefs.h.  */
| #include <ac_nonexistent.h>
configure:8411: checking for ANSI C header files
configure:8431: cc -std=gnu99 -c -fpic -fPIC -fpic -fPIC -I/root/darkmatter-depends/.build/usr/local/lib64/darkmatter/include -I/root/darkmatter-depends/.build/usr/local/lib64/darkmatter/include/ncurses -I/root/darkmatter-depends/.build/usr/local/lib64/darkmatter/include/libxml2 conftest.c >&5
configure:8431: $? = 0
configure:8504: cc -std=gnu99 -o conftest -fpic -fPIC -fpic -fPIC -I/root/darkmatter-depends/.build/usr/local/lib64/darkmatter/include -I/root/darkmatter-depends/.build/usr/local/lib64/darkmatter/include/ncurses -I/root/darkmatter-depends/.build/usr/local/lib64/darkmatter/include/libxml2 -L/lib64 -L/usr/lib64 -L/root/darkmatter-depends/.build/usr/local/lib64/darkmatter/lib  -Wl,-rpath -Wl,/usr/local/lib64/darkmatter/lib -L/lib64 -L/usr/lib64 -L/root/darkmatter-depends/.build/usr/local/lib64/darkmatter/lib  -Wl,-rpath -Wl,/usr/local/lib64/darkmatter/lib -lc -lm conftest.c -lc -lm >&5
configure:8504: $? = 0
configure:8504: ./conftest
configure:8504: $? = 0
configure:8515: result: yes
configure:8528: checking for sys/types.h
configure:8528: cc -std=gnu99 -c -fpic -fPIC -fpic -fPIC -I/root/darkmatter-depends/.build/usr/local/lib64/darkmatter/include -I/root/darkmatter-depends/.build/usr/local/lib64/darkmatter/include/ncurses -I/root/darkmatter-depends/.build/usr/local/lib64/darkmatter/include/libxml2 conftest.c >&5
configure:8528: $? = 0
configure:8528: result: yes
configure:8528: checking for sys/stat.h
configure:8528: cc -std=gnu99 -c -fpic -fPIC -fpic -fPIC -I/root/darkmatter-depends/.build/usr/local/lib64/darkmatter/include -I/root/darkmatter-depends/.build/usr/local/lib64/darkmatter/include/ncurses -I/root/darkmatter-depends/.build/usr/local/lib64/darkmatter/include/libxml2 conftest.c >&5
configure:8528: $? = 0
configure:8528: result: yes
configure:8528: checking for stdlib.h
configure:8528: cc -std=gnu99 -c -fpic -fPIC -fpic -fPIC -I/root/darkmatter-depends/.build/usr/local/lib64/darkmatter/include -I/root/darkmatter-depends/.build/usr/local/lib64/darkmatter/include/ncurses -I/root/darkmatter-depends/.build/usr/local/lib64/darkmatter/include/libxml2 conftest.c >&5
configure:8528: $? = 0
configure:8528: result: yes
configure:8528: checking for string.h
configure:8528: cc -std=gnu99 -c -fpic -fPIC -fpic -fPIC -I/root/darkmatter-depends/.build/usr/local/lib64/darkmatter/include -I/root/darkmatter-depends/.build/usr/local/lib64/darkmatter/include/ncurses -I/root/darkmatter-depends/.build/usr/local/lib64/darkmatter/include/libxml2 conftest.c >&5
configure:8528: $? = 0
configure:8528: result: yes
configure:8528: checking for memory.h
configure:8528: cc -std=gnu99 -c -fpic -fPIC -fpic -fPIC -I/root/darkmatter-depends/.build/usr/local/lib64/darkmatter/include -I/root/darkmatter-depends/.build/usr/local/lib64/darkmatter/include/ncurses -I/root/darkmatter-depends/.build/usr/local/lib64/darkmatter/include/libxml2 conftest.c >&5
configure:8528: $? = 0
configure:8528: result: yes
configure:8528: checking for strings.h
configure:8528: cc -std=gnu99 -c -fpic -fPIC -fpic -fPIC -I/root/darkmatter-depends/.build/usr/local/lib64/darkmatter/include -I/root/darkmatter-depends/.build/usr/local/lib64/darkmatter/include/ncurses -I/root/darkmatter-depends/.build/usr/local/lib64/darkmatter/include/libxml2 conftest.c >&5
configure:8528: $? = 0
configure:8528: result: yes
configure:8528: checking for inttypes.h
configure:8528: cc -std=gnu99 -c -fpic -fPIC -fpic -fPIC -I/root/darkmatter-depends/.build/usr/local/lib64/darkmatter/include -I/root/darkmatter-depends/.build/usr/local/lib64/darkmatter/include/ncurses -I/root/darkmatter-depends/.build/usr/local/lib64/darkmatter/include/libxml2 conftest.c >&5
configure:8528: $? = 0
configure:8528: result: yes
configure:8528: checking for stdint.h
configure:8528: cc -std=gnu99 -c -fpic -fPIC -fpic -fPIC -I/root/darkmatter-depends/.build/usr/local/lib64/darkmatter/include -I/root/darkmatter-depends/.build/usr/local/lib64/darkmatter/include/ncurses -I/root/darkmatter-depends/.build/usr/local/lib64/darkmatter/include/libxml2 conftest.c >&5
configure:8528: $? = 0
configure:8528: result: yes
configure:8528: checking for unistd.h
configure:8528: cc -std=gnu99 -c -fpic -fPIC -fpic -fPIC -I/root/darkmatter-depends/.build/usr/local/lib64/darkmatter/include -I/root/darkmatter-depends/.build/usr/local/lib64/darkmatter/include/ncurses -I/root/darkmatter-depends/.build/usr/local/lib64/darkmatter/include/libxml2 conftest.c >&5
configure:8528: $? = 0
configure:8528: result: yes
configure:8542: checking for dlfcn.h
configure:8542: cc -std=gnu99 -c -fpic -fPIC -fpic -fPIC -I/root/darkmatter-depends/.build/usr/local/lib64/darkmatter/include -I/root/darkmatter-depends/.build/usr/local/lib64/darkmatter/include/ncurses -I/root/darkmatter-depends/.build/usr/local/lib64/darkmatter/include/libxml2 conftest.c >&5
configure:8542: $? = 0
configure:8542: result: yes
configure:8667: checking for C++ compiler version
configure:8676: g++ --version >&5
g++ (SUSE Linux) 4.6.2
Copyright (C) 2011 Free Software Foundation, Inc.
This is free software; see the source for copying conditions.  There is NO
warranty; not even for MERCHANTABILITY or FITNESS FOR A PARTICULAR PURPOSE.

configure:8687: $? = 0
configure:8676: g++ -v >&5
Using built-in specs.
COLLECT_GCC=g++
COLLECT_LTO_WRAPPER=/usr/lib64/gcc/x86_64-suse-linux/4.6/lto-wrapper
Target: x86_64-suse-linux
Configured with: ../configure --prefix=/usr --infodir=/usr/share/info --mandir=/usr/share/man --libdir=/usr/lib64 --libexecdir=/usr/lib64 --enable-languages=c,c++,objc,fortran,obj-c++,java,ada --enable-checking=release --with-gxx-include-dir=/usr/include/c++/4.6 --enable-ssp --disable-libssp --disable-plugin --with-bugurl=http://bugs.opensuse.org/ --with-pkgversion='SUSE Linux' --disable-libgcj --disable-libmudflap --with-slibdir=/lib64 --with-system-zlib --enable-__cxa_atexit --enable-libstdcxx-allocator=new --disable-libstdcxx-pch --enable-version-specific-runtime-libs --program-suffix=-4.6 --enable-linux-futex --without-system-libunwind --with-arch-32=i586 --with-tune=generic --build=x86_64-suse-linux
Thread model: posix
gcc version 4.6.2 (SUSE Linux) 
configure:8687: $? = 0
configure:8676: g++ -V >&5
g++: error: unrecognized option '-V'
g++: fatal error: no input files
compilation terminated.
configure:8687: $? = 1
configure:8676: g++ -qversion >&5
g++: error: unrecognized option '-qversion'
g++: fatal error: no input files
compilation terminated.
configure:8687: $? = 1
configure:8691: checking whether we are using the GNU C++ compiler
configure:8719: result: yes
configure:8728: checking whether g++ accepts -g
configure:8789: result: yes
configure:8814: checking dependency style of g++
configure:8924: result: gcc3
configure:8947: checking how to run the C++ preprocessor
configure:8974: g++ -E -I/root/darkmatter-depends/.build/usr/local/lib64/darkmatter/include -I/root/darkmatter-depends/.build/usr/local/lib64/darkmatter/include/ncurses -I/root/darkmatter-depends/.build/usr/local/lib64/darkmatter/include/libxml2 conftest.cpp
configure:8974: $? = 0
configure:8988: g++ -E -I/root/darkmatter-depends/.build/usr/local/lib64/darkmatter/include -I/root/darkmatter-depends/.build/usr/local/lib64/darkmatter/include/ncurses -I/root/darkmatter-depends/.build/usr/local/lib64/darkmatter/include/libxml2 conftest.cpp
conftest.cpp:22:28: fatal error: ac_nonexistent.h: No such file or directory
compilation terminated.
configure:8988: $? = 1
configure: failed program was:
| /* confdefs.h */
| #define PACKAGE_NAME "zeromq"
| #define PACKAGE_TARNAME "zeromq"
| #define PACKAGE_VERSION "2.1.7"
| #define PACKAGE_STRING "zeromq 2.1.7"
| #define PACKAGE_BUGREPORT "zeromq-dev@lists.zeromq.org"
| #define PACKAGE_URL ""
| #define PACKAGE "zeromq"
| #define VERSION "2.1.7"
| #define STDC_HEADERS 1
| #define HAVE_SYS_TYPES_H 1
| #define HAVE_SYS_STAT_H 1
| #define HAVE_STDLIB_H 1
| #define HAVE_STRING_H 1
| #define HAVE_MEMORY_H 1
| #define HAVE_STRINGS_H 1
| #define HAVE_INTTYPES_H 1
| #define HAVE_STDINT_H 1
| #define HAVE_UNISTD_H 1
| #define HAVE_DLFCN_H 1
| /* end confdefs.h.  */
| #include <ac_nonexistent.h>
configure:9013: result: g++ -E
configure:9033: g++ -E -I/root/darkmatter-depends/.build/usr/local/lib64/darkmatter/include -I/root/darkmatter-depends/.build/usr/local/lib64/darkmatter/include/ncurses -I/root/darkmatter-depends/.build/usr/local/lib64/darkmatter/include/libxml2 conftest.cpp
configure:9033: $? = 0
configure:9047: g++ -E -I/root/darkmatter-depends/.build/usr/local/lib64/darkmatter/include -I/root/darkmatter-depends/.build/usr/local/lib64/darkmatter/include/ncurses -I/root/darkmatter-depends/.build/usr/local/lib64/darkmatter/include/libxml2 conftest.cpp
conftest.cpp:22:28: fatal error: ac_nonexistent.h: No such file or directory
compilation terminated.
configure:9047: $? = 1
configure: failed program was:
| /* confdefs.h */
| #define PACKAGE_NAME "zeromq"
| #define PACKAGE_TARNAME "zeromq"
| #define PACKAGE_VERSION "2.1.7"
| #define PACKAGE_STRING "zeromq 2.1.7"
| #define PACKAGE_BUGREPORT "zeromq-dev@lists.zeromq.org"
| #define PACKAGE_URL ""
| #define PACKAGE "zeromq"
| #define VERSION "2.1.7"
| #define STDC_HEADERS 1
| #define HAVE_SYS_TYPES_H 1
| #define HAVE_SYS_STAT_H 1
| #define HAVE_STDLIB_H 1
| #define HAVE_STRING_H 1
| #define HAVE_MEMORY_H 1
| #define HAVE_STRINGS_H 1
| #define HAVE_INTTYPES_H 1
| #define HAVE_STDINT_H 1
| #define HAVE_UNISTD_H 1
| #define HAVE_DLFCN_H 1
| /* end confdefs.h.  */
| #include <ac_nonexistent.h>
configure:9221: checking for objdir
configure:9236: result: .libs
configure:9532: checking if cc -std=gnu99 supports -fno-rtti -fno-exceptions
configure:9550: cc -std=gnu99 -c -fpic -fPIC -fpic -fPIC -I/root/darkmatter-depends/.build/usr/local/lib64/darkmatter/include -I/root/darkmatter-depends/.build/usr/local/lib64/darkmatter/include/ncurses -I/root/darkmatter-depends/.build/usr/local/lib64/darkmatter/include/libxml2 -fno-rtti -fno-exceptions conftest.c >&5
cc1: warning: command line option '-fno-rtti' is valid for C++/ObjC++ but not for C [enabled by default]
configure:9554: $? = 0
configure:9567: result: no
configure:9587: checking for cc -std=gnu99 option to produce PIC
configure:9859: result: -fPIC -DPIC
configure:9871: checking if cc -std=gnu99 PIC flag -fPIC -DPIC works
configure:9889: cc -std=gnu99 -c -fpic -fPIC -fpic -fPIC -I/root/darkmatter-depends/.build/usr/local/lib64/darkmatter/include -I/root/darkmatter-depends/.build/usr/local/lib64/darkmatter/include/ncurses -I/root/darkmatter-depends/.build/usr/local/lib64/darkmatter/include/libxml2 -fPIC -DPIC -DPIC conftest.c >&5
configure:9893: $? = 0
configure:9906: result: yes
configure:9930: checking if cc -std=gnu99 static flag -static works
configure:9958: result: no
configure:9973: checking if cc -std=gnu99 supports -c -o file.o
configure:9994: cc -std=gnu99 -c -fpic -fPIC -fpic -fPIC -I/root/darkmatter-depends/.build/usr/local/lib64/darkmatter/include -I/root/darkmatter-depends/.build/usr/local/lib64/darkmatter/include/ncurses -I/root/darkmatter-depends/.build/usr/local/lib64/darkmatter/include/libxml2 -o out/conftest2.o conftest.c >&5
configure:9998: $? = 0
configure:10020: result: yes
configure:10028: checking if cc -std=gnu99 supports -c -o file.o
configure:10075: result: yes
configure:10108: checking whether the cc -std=gnu99 linker (/usr/x86_64-suse-linux/bin/ld -m elf_x86_64) supports shared libraries
configure:11099: result: yes
configure:11136: checking whether -lc should be explicitly linked in
configure:11141: cc -std=gnu99 -c -fpic -fPIC -fpic -fPIC -I/root/darkmatter-depends/.build/usr/local/lib64/darkmatter/include -I/root/darkmatter-depends/.build/usr/local/lib64/darkmatter/include/ncurses -I/root/darkmatter-depends/.build/usr/local/lib64/darkmatter/include/libxml2 conftest.c >&5
configure:11144: $? = 0
configure:11159: cc -std=gnu99 -shared conftest.o  -v -Wl,-soname -Wl,conftest -o conftest 2\>\&1 \| /bin/grep  -lc  \>/dev/null 2\>\&1
configure:11162: $? = 0
configure:11174: result: no
configure:11338: checking dynamic linker characteristics
configure:11771: cc -std=gnu99 -o conftest -fpic -fPIC -fpic -fPIC -I/root/darkmatter-depends/.build/usr/local/lib64/darkmatter/include -I/root/darkmatter-depends/.build/usr/local/lib64/darkmatter/include/ncurses -I/root/darkmatter-depends/.build/usr/local/lib64/darkmatter/include/libxml2 -L/lib64 -L/usr/lib64 -L/root/darkmatter-depends/.build/usr/local/lib64/darkmatter/lib  -Wl,-rpath -Wl,/usr/local/lib64/darkmatter/lib -L/lib64 -L/usr/lib64 -L/root/darkmatter-depends/.build/usr/local/lib64/darkmatter/lib  -Wl,-rpath -Wl,/usr/local/lib64/darkmatter/lib -lc -lm -Wl,-rpath -Wl,/foo conftest.c -lc -lm >&5
configure:11771: $? = 0
configure:12001: result: GNU/Linux ld.so
configure:12103: checking how to hardcode library paths into programs
configure:12128: result: immediate
configure:12648: checking whether stripping libraries is possible
configure:12653: result: yes
configure:12688: checking if libtool supports shared libraries
configure:12690: result: yes
configure:12693: checking whether to build shared libraries
configure:12714: result: yes
configure:12717: checking whether to build static libraries
configure:12721: result: yes
configure:12871: checking for ld used by g++
configure:12938: result: /usr/x86_64-suse-linux/bin/ld -m elf_x86_64
configure:12945: checking if the linker (/usr/x86_64-suse-linux/bin/ld -m elf_x86_64) is GNU ld
configure:12960: result: yes
configure:13015: checking whether the g++ linker (/usr/x86_64-suse-linux/bin/ld -m elf_x86_64) supports shared libraries
configure:13928: result: yes
configure:13956: g++ -c -fpic -fPIC -fpic -fPIC -I/root/darkmatter-depends/.build/usr/local/lib64/darkmatter/include -I/root/darkmatter-depends/.build/usr/local/lib64/darkmatter/include/ncurses -I/root/darkmatter-depends/.build/usr/local/lib64/darkmatter/include/libxml2 conftest.cpp >&5
configure:13959: $? = 0
configure:14141: checking for g++ option to produce PIC
configure:14458: result: -fPIC -DPIC
configure:14467: checking if g++ PIC flag -fPIC -DPIC works
configure:14485: g++ -c -fpic -fPIC -fpic -fPIC -I/root/darkmatter-depends/.build/usr/local/lib64/darkmatter/include -I/root/darkmatter-depends/.build/usr/local/lib64/darkmatter/include/ncurses -I/root/darkmatter-depends/.build/usr/local/lib64/darkmatter/include/libxml2 -fPIC -DPIC -DPIC conftest.cpp >&5
configure:14489: $? = 0
configure:14502: result: yes
configure:14523: checking if g++ static flag -static works
configure:14551: result: no
configure:14563: checking if g++ supports -c -o file.o
configure:14584: g++ -c -fpic -fPIC -fpic -fPIC -I/root/darkmatter-depends/.build/usr/local/lib64/darkmatter/include -I/root/darkmatter-depends/.build/usr/local/lib64/darkmatter/include/ncurses -I/root/darkmatter-depends/.build/usr/local/lib64/darkmatter/include/libxml2 -o out/conftest2.o conftest.cpp >&5
configure:14588: $? = 0
configure:14610: result: yes
configure:14615: checking if g++ supports -c -o file.o
configure:14662: result: yes
configure:14692: checking whether the g++ linker (/usr/x86_64-suse-linux/bin/ld -m elf_x86_64) supports shared libraries
configure:14721: result: yes
configure:14858: checking dynamic linker characteristics
configure:15239: g++ -o conftest -fpic -fPIC -fpic -fPIC -I/root/darkmatter-depends/.build/usr/local/lib64/darkmatter/include -I/root/darkmatter-depends/.build/usr/local/lib64/darkmatter/include/ncurses -I/root/darkmatter-depends/.build/usr/local/lib64/darkmatter/include/libxml2 -L/lib64 -L/usr/lib64 -L/root/darkmatter-depends/.build/usr/local/lib64/darkmatter/lib  -Wl,-rpath -Wl,/usr/local/lib64/darkmatter/lib -L/lib64 -L/usr/lib64 -L/root/darkmatter-depends/.build/usr/local/lib64/darkmatter/lib  -Wl,-rpath -Wl,/usr/local/lib64/darkmatter/lib -lc -lm -Wl,-rpath -Wl,/foo conftest.cpp -lc -lm >&5
configure:15239: $? = 0
configure:15469: result: GNU/Linux ld.so
configure:15520: checking how to hardcode library paths into programs
configure:15545: result: immediate
configure:15615: checking whether the C compiler works
configure:15631: cc -std=gnu99 -o conftest -fpic -fPIC -fpic -fPIC -I/root/darkmatter-depends/.build/usr/local/lib64/darkmatter/include -I/root/darkmatter-depends/.build/usr/local/lib64/darkmatter/include/ncurses -I/root/darkmatter-depends/.build/usr/local/lib64/darkmatter/include/libxml2 -L/lib64 -L/usr/lib64 -L/root/darkmatter-depends/.build/usr/local/lib64/darkmatter/lib  -Wl,-rpath -Wl,/usr/local/lib64/darkmatter/lib -L/lib64 -L/usr/lib64 -L/root/darkmatter-depends/.build/usr/local/lib64/darkmatter/lib  -Wl,-rpath -Wl,/usr/local/lib64/darkmatter/lib -lc -lm conftest.c -lc -lm >&5
configure:15631: $? = 0
configure:15640: result: yes
configure:15648: checking whether we are using Intel C compiler
configure:15667: cc -std=gnu99 -c -fpic -fPIC -fpic -fPIC -I/root/darkmatter-depends/.build/usr/local/lib64/darkmatter/include -I/root/darkmatter-depends/.build/usr/local/lib64/darkmatter/include/ncurses -I/root/darkmatter-depends/.build/usr/local/lib64/darkmatter/include/libxml2 conftest.c >&5
conftest.c: In function 'main':
conftest.c:28:8: error: 'error' undeclared (first use in this function)
conftest.c:28:8: note: each undeclared identifier is reported only once for each function it appears in
conftest.c:28:14: error: expected ';' before 'if'
configure:15667: $? = 1
configure: failed program was:
| /* confdefs.h */
| #define PACKAGE_NAME "zeromq"
| #define PACKAGE_TARNAME "zeromq"
| #define PACKAGE_VERSION "2.1.7"
| #define PACKAGE_STRING "zeromq 2.1.7"
| #define PACKAGE_BUGREPORT "zeromq-dev@lists.zeromq.org"
| #define PACKAGE_URL ""
| #define PACKAGE "zeromq"
| #define VERSION "2.1.7"
| #define STDC_HEADERS 1
| #define HAVE_SYS_TYPES_H 1
| #define HAVE_SYS_STAT_H 1
| #define HAVE_STDLIB_H 1
| #define HAVE_STRING_H 1
| #define HAVE_MEMORY_H 1
| #define HAVE_STRINGS_H 1
| #define HAVE_INTTYPES_H 1
| #define HAVE_STDINT_H 1
| #define HAVE_UNISTD_H 1
| #define HAVE_DLFCN_H 1
| #define LT_OBJDIR ".libs/"
| /* end confdefs.h.  */
| 
| int
| main ()
| {
| #ifndef __INTEL_COMPILER
|        error if not ICC
| #endif
| 
|   ;
|   return 0;
| }
configure:15675: result: no
configure:15677: checking whether we are using Sun Studio C compiler
configure:15696: cc -std=gnu99 -c -fpic -fPIC -fpic -fPIC -I/root/darkmatter-depends/.build/usr/local/lib64/darkmatter/include -I/root/darkmatter-depends/.build/usr/local/lib64/darkmatter/include/ncurses -I/root/darkmatter-depends/.build/usr/local/lib64/darkmatter/include/libxml2 conftest.c >&5
conftest.c: In function 'main':
conftest.c:28:8: error: 'error' undeclared (first use in this function)
conftest.c:28:8: note: each undeclared identifier is reported only once for each function it appears in
conftest.c:28:14: error: expected ';' before 'if'
configure:15696: $? = 1
configure: failed program was:
| /* confdefs.h */
| #define PACKAGE_NAME "zeromq"
| #define PACKAGE_TARNAME "zeromq"
| #define PACKAGE_VERSION "2.1.7"
| #define PACKAGE_STRING "zeromq 2.1.7"
| #define PACKAGE_BUGREPORT "zeromq-dev@lists.zeromq.org"
| #define PACKAGE_URL ""
| #define PACKAGE "zeromq"
| #define VERSION "2.1.7"
| #define STDC_HEADERS 1
| #define HAVE_SYS_TYPES_H 1
| #define HAVE_SYS_STAT_H 1
| #define HAVE_STDLIB_H 1
| #define HAVE_STRING_H 1
| #define HAVE_MEMORY_H 1
| #define HAVE_STRINGS_H 1
| #define HAVE_INTTYPES_H 1
| #define HAVE_STDINT_H 1
| #define HAVE_UNISTD_H 1
| #define HAVE_DLFCN_H 1
| #define LT_OBJDIR ".libs/"
| /* end confdefs.h.  */
| 
| int
| main ()
| {
| #if !defined(__SUNPRO_CC) && !defined(__SUNPRO_C)
|        error if not sun studio
| #endif
| 
|   ;
|   return 0;
| }
configure:15704: result: no
configure:15706: checking whether we are using clang C compiler
configure:15725: cc -std=gnu99 -c -fpic -fPIC -fpic -fPIC -I/root/darkmatter-depends/.build/usr/local/lib64/darkmatter/include -I/root/darkmatter-depends/.build/usr/local/lib64/darkmatter/include/ncurses -I/root/darkmatter-depends/.build/usr/local/lib64/darkmatter/include/libxml2 conftest.c >&5
conftest.c: In function 'main':
conftest.c:28:8: error: 'error' undeclared (first use in this function)
conftest.c:28:8: note: each undeclared identifier is reported only once for each function it appears in
conftest.c:28:14: error: expected ';' before 'if'
configure:15725: $? = 1
configure: failed program was:
| /* confdefs.h */
| #define PACKAGE_NAME "zeromq"
| #define PACKAGE_TARNAME "zeromq"
| #define PACKAGE_VERSION "2.1.7"
| #define PACKAGE_STRING "zeromq 2.1.7"
| #define PACKAGE_BUGREPORT "zeromq-dev@lists.zeromq.org"
| #define PACKAGE_URL ""
| #define PACKAGE "zeromq"
| #define VERSION "2.1.7"
| #define STDC_HEADERS 1
| #define HAVE_SYS_TYPES_H 1
| #define HAVE_SYS_STAT_H 1
| #define HAVE_STDLIB_H 1
| #define HAVE_STRING_H 1
| #define HAVE_MEMORY_H 1
| #define HAVE_STRINGS_H 1
| #define HAVE_INTTYPES_H 1
| #define HAVE_STDINT_H 1
| #define HAVE_UNISTD_H 1
| #define HAVE_DLFCN_H 1
| #define LT_OBJDIR ".libs/"
| /* end confdefs.h.  */
| 
| int
| main ()
| {
| #ifndef __clang__
|        error if not clang
| #endif
| 
|   ;
|   return 0;
| }
configure:15733: result: no
configure:15735: checking whether we are using gcc >= 4 C compiler
configure:15754: cc -std=gnu99 -c -fpic -fPIC -fpic -fPIC -I/root/darkmatter-depends/.build/usr/local/lib64/darkmatter/include -I/root/darkmatter-depends/.build/usr/local/lib64/darkmatter/include/ncurses -I/root/darkmatter-depends/.build/usr/local/lib64/darkmatter/include/libxml2 conftest.c >&5
configure:15754: $? = 0
configure:15762: result: yes
configure:15779: checking whether the C++ compiler works
configure:15795: g++ -o conftest -fpic -fPIC -fpic -fPIC -I/root/darkmatter-depends/.build/usr/local/lib64/darkmatter/include -I/root/darkmatter-depends/.build/usr/local/lib64/darkmatter/include/ncurses -I/root/darkmatter-depends/.build/usr/local/lib64/darkmatter/include/libxml2 -L/lib64 -L/usr/lib64 -L/root/darkmatter-depends/.build/usr/local/lib64/darkmatter/lib  -Wl,-rpath -Wl,/usr/local/lib64/darkmatter/lib -L/lib64 -L/usr/lib64 -L/root/darkmatter-depends/.build/usr/local/lib64/darkmatter/lib  -Wl,-rpath -Wl,/usr/local/lib64/darkmatter/lib -lc -lm conftest.cpp -lc -lm >&5
configure:15795: $? = 0
configure:15804: result: yes
configure:15812: checking whether we are using Intel C++ compiler
configure:15831: g++ -c -fpic -fPIC -fpic -fPIC -I/root/darkmatter-depends/.build/usr/local/lib64/darkmatter/include -I/root/darkmatter-depends/.build/usr/local/lib64/darkmatter/include/ncurses -I/root/darkmatter-depends/.build/usr/local/lib64/darkmatter/include/libxml2 conftest.cpp >&5
conftest.cpp: In function 'int main()':
conftest.cpp:28:8: error: 'error' was not declared in this scope
conftest.cpp:28:14: error: expected ';' before 'if'
configure:15831: $? = 1
configure: failed program was:
| /* confdefs.h */
| #define PACKAGE_NAME "zeromq"
| #define PACKAGE_TARNAME "zeromq"
| #define PACKAGE_VERSION "2.1.7"
| #define PACKAGE_STRING "zeromq 2.1.7"
| #define PACKAGE_BUGREPORT "zeromq-dev@lists.zeromq.org"
| #define PACKAGE_URL ""
| #define PACKAGE "zeromq"
| #define VERSION "2.1.7"
| #define STDC_HEADERS 1
| #define HAVE_SYS_TYPES_H 1
| #define HAVE_SYS_STAT_H 1
| #define HAVE_STDLIB_H 1
| #define HAVE_STRING_H 1
| #define HAVE_MEMORY_H 1
| #define HAVE_STRINGS_H 1
| #define HAVE_INTTYPES_H 1
| #define HAVE_STDINT_H 1
| #define HAVE_UNISTD_H 1
| #define HAVE_DLFCN_H 1
| #define LT_OBJDIR ".libs/"
| /* end confdefs.h.  */
| 
| int
| main ()
| {
| #ifndef __INTEL_COMPILER
|        error if not ICC
| #endif
| 
|   ;
|   return 0;
| }
configure:15839: result: no
configure:15841: checking whether we are using Sun Studio C++ compiler
configure:15860: g++ -c -fpic -fPIC -fpic -fPIC -I/root/darkmatter-depends/.build/usr/local/lib64/darkmatter/include -I/root/darkmatter-depends/.build/usr/local/lib64/darkmatter/include/ncurses -I/root/darkmatter-depends/.build/usr/local/lib64/darkmatter/include/libxml2 conftest.cpp >&5
conftest.cpp: In function 'int main()':
conftest.cpp:28:8: error: 'error' was not declared in this scope
conftest.cpp:28:14: error: expected ';' before 'if'
configure:15860: $? = 1
configure: failed program was:
| /* confdefs.h */
| #define PACKAGE_NAME "zeromq"
| #define PACKAGE_TARNAME "zeromq"
| #define PACKAGE_VERSION "2.1.7"
| #define PACKAGE_STRING "zeromq 2.1.7"
| #define PACKAGE_BUGREPORT "zeromq-dev@lists.zeromq.org"
| #define PACKAGE_URL ""
| #define PACKAGE "zeromq"
| #define VERSION "2.1.7"
| #define STDC_HEADERS 1
| #define HAVE_SYS_TYPES_H 1
| #define HAVE_SYS_STAT_H 1
| #define HAVE_STDLIB_H 1
| #define HAVE_STRING_H 1
| #define HAVE_MEMORY_H 1
| #define HAVE_STRINGS_H 1
| #define HAVE_INTTYPES_H 1
| #define HAVE_STDINT_H 1
| #define HAVE_UNISTD_H 1
| #define HAVE_DLFCN_H 1
| #define LT_OBJDIR ".libs/"
| /* end confdefs.h.  */
| 
| int
| main ()
| {
| #if !defined(__SUNPRO_CC) && !defined(__SUNPRO_C)
|        error if not sun studio
| #endif
| 
|   ;
|   return 0;
| }
configure:15868: result: no
configure:15870: checking whether we are using clang C++ compiler
configure:15889: g++ -c -fpic -fPIC -fpic -fPIC -I/root/darkmatter-depends/.build/usr/local/lib64/darkmatter/include -I/root/darkmatter-depends/.build/usr/local/lib64/darkmatter/include/ncurses -I/root/darkmatter-depends/.build/usr/local/lib64/darkmatter/include/libxml2 conftest.cpp >&5
conftest.cpp: In function 'int main()':
conftest.cpp:28:8: error: 'error' was not declared in this scope
conftest.cpp:28:14: error: expected ';' before 'if'
configure:15889: $? = 1
configure: failed program was:
| /* confdefs.h */
| #define PACKAGE_NAME "zeromq"
| #define PACKAGE_TARNAME "zeromq"
| #define PACKAGE_VERSION "2.1.7"
| #define PACKAGE_STRING "zeromq 2.1.7"
| #define PACKAGE_BUGREPORT "zeromq-dev@lists.zeromq.org"
| #define PACKAGE_URL ""
| #define PACKAGE "zeromq"
| #define VERSION "2.1.7"
| #define STDC_HEADERS 1
| #define HAVE_SYS_TYPES_H 1
| #define HAVE_SYS_STAT_H 1
| #define HAVE_STDLIB_H 1
| #define HAVE_STRING_H 1
| #define HAVE_MEMORY_H 1
| #define HAVE_STRINGS_H 1
| #define HAVE_INTTYPES_H 1
| #define HAVE_STDINT_H 1
| #define HAVE_UNISTD_H 1
| #define HAVE_DLFCN_H 1
| #define LT_OBJDIR ".libs/"
| /* end confdefs.h.  */
| 
| int
| main ()
| {
| #ifndef __clang__
|        error if not clang
| #endif
| 
|   ;
|   return 0;
| }
configure:15897: result: no
configure:15899: checking whether we are using gcc >= 4 C++ compiler
configure:15918: g++ -c -fpic -fPIC -fpic -fPIC -I/root/darkmatter-depends/.build/usr/local/lib64/darkmatter/include -I/root/darkmatter-depends/.build/usr/local/lib64/darkmatter/include/ncurses -I/root/darkmatter-depends/.build/usr/local/lib64/darkmatter/include/libxml2 conftest.cpp >&5
configure:15918: $? = 0
configure:15926: result: yes
configure:15960: checking whether to enable debugging information
configure:15998: result: no
configure:16015: checking whether to enable code coverage
configure:16046: result: no
configure:16052: checking for pthread_create in -lpthread
configure:16077: cc -std=gnu99 -o conftest -fpic -fPIC -fpic -fPIC -I/root/darkmatter-depends/.build/usr/local/lib64/darkmatter/include -I/root/darkmatter-depends/.build/usr/local/lib64/darkmatter/include/ncurses -I/root/darkmatter-depends/.build/usr/local/lib64/darkmatter/include/libxml2 -L/lib64 -L/usr/lib64 -L/root/darkmatter-depends/.build/usr/local/lib64/darkmatter/lib  -Wl,-rpath -Wl,/usr/local/lib64/darkmatter/lib -L/lib64 -L/usr/lib64 -L/root/darkmatter-depends/.build/usr/local/lib64/darkmatter/lib  -Wl,-rpath -Wl,/usr/local/lib64/darkmatter/lib -lc -lm conftest.c -lpthread  -lc -lm >&5
configure:16077: $? = 0
configure:16086: result: yes
configure:16126: checking for sem_init in -lrt
configure:16151: cc -std=gnu99 -o conftest -fpic -fPIC -fpic -fPIC -D_GNU_SOURCE -D_REENTRANT -D_THREAD_SAFE -I/root/darkmatter-depends/.build/usr/local/lib64/darkmatter/include -I/root/darkmatter-depends/.build/usr/local/lib64/darkmatter/include/ncurses -I/root/darkmatter-depends/.build/usr/local/lib64/darkmatter/include/libxml2 -L/lib64 -L/usr/lib64 -L/root/darkmatter-depends/.build/usr/local/lib64/darkmatter/lib  -Wl,-rpath -Wl,/usr/local/lib64/darkmatter/lib -L/lib64 -L/usr/lib64 -L/root/darkmatter-depends/.build/usr/local/lib64/darkmatter/lib  -Wl,-rpath -Wl,/usr/local/lib64/darkmatter/lib -lc -lm conftest.c -lrt  -lpthread -lc -lm >&5
configure:16151: $? = 0
configure:16160: result: yes
configure:16171: checking for uuid_generate in -luuid
configure:16196: cc -std=gnu99 -o conftest -fpic -fPIC -fpic -fPIC -D_GNU_SOURCE -D_REENTRANT -D_THREAD_SAFE -I/root/darkmatter-depends/.build/usr/local/lib64/darkmatter/include -I/root/darkmatter-depends/.build/usr/local/lib64/darkmatter/include/ncurses -I/root/darkmatter-depends/.build/usr/local/lib64/darkmatter/include/libxml2 -L/lib64 -L/usr/lib64 -L/root/darkmatter-depends/.build/usr/local/lib64/darkmatter/lib  -Wl,-rpath -Wl,/usr/local/lib64/darkmatter/lib -L/lib64 -L/usr/lib64 -L/root/darkmatter-depends/.build/usr/local/lib64/darkmatter/lib  -Wl,-rpath -Wl,/usr/local/lib64/darkmatter/lib -lc -lm conftest.c -luuid  -lrt -lpthread -lc -lm >&5
configure:16196: $? = 0
configure:16205: result: yes
configure:17194: checking whether C++ compiler supports -fvisibility=hidden
configure:17226: g++ -c -fpic -fPIC -fpic -fPIC -D_GNU_SOURCE -D_REENTRANT -D_THREAD_SAFE -I/root/darkmatter-depends/.build/usr/local/lib64/darkmatter/include -I/root/darkmatter-depends/.build/usr/local/lib64/darkmatter/include/ncurses -I/root/darkmatter-depends/.build/usr/local/lib64/darkmatter/include/libxml2 -fvisibility=hidden conftest.cpp >&5
configure:17226: $? = 0
configure:17257: result: yes
configure:17343: checking whether C++ compiler supports dso visibility
configure:17347: result: yes
configure:17491: checking for asciidoc
configure:17519: result: no
configure:17529: checking for xmlto
configure:17557: result: no
configure:17583: checking whether to build documentation
configure:17585: result: no
configure:17588: checking whether to install manpages
configure:17590: result: yes
configure:17612: checking for ANSI C header files
configure:17716: result: yes
configure:17728: checking errno.h usability
configure:17728: cc -std=gnu99 -c -fpic -fPIC -fpic -fPIC -D_GNU_SOURCE -D_REENTRANT -D_THREAD_SAFE -I/root/darkmatter-depends/.build/usr/local/lib64/darkmatter/include -I/root/darkmatter-depends/.build/usr/local/lib64/darkmatter/include/ncurses -I/root/darkmatter-depends/.build/usr/local/lib64/darkmatter/include/libxml2 conftest.c >&5
configure:17728: $? = 0
configure:17728: result: yes
configure:17728: checking errno.h presence
configure:17728: cc -std=gnu99 -E -D_GNU_SOURCE -D_REENTRANT -D_THREAD_SAFE -I/root/darkmatter-depends/.build/usr/local/lib64/darkmatter/include -I/root/darkmatter-depends/.build/usr/local/lib64/darkmatter/include/ncurses -I/root/darkmatter-depends/.build/usr/local/lib64/darkmatter/include/libxml2 conftest.c
configure:17728: $? = 0
configure:17728: result: yes
configure:17728: checking for errno.h
configure:17728: result: yes
configure:17728: checking arpa/inet.h usability
configure:17728: cc -std=gnu99 -c -fpic -fPIC -fpic -fPIC -D_GNU_SOURCE -D_REENTRANT -D_THREAD_SAFE -I/root/darkmatter-depends/.build/usr/local/lib64/darkmatter/include -I/root/darkmatter-depends/.build/usr/local/lib64/darkmatter/include/ncurses -I/root/darkmatter-depends/.build/usr/local/lib64/darkmatter/include/libxml2 conftest.c >&5
configure:17728: $? = 0
configure:17728: result: yes
configure:17728: checking arpa/inet.h presence
configure:17728: cc -std=gnu99 -E -D_GNU_SOURCE -D_REENTRANT -D_THREAD_SAFE -I/root/darkmatter-depends/.build/usr/local/lib64/darkmatter/include -I/root/darkmatter-depends/.build/usr/local/lib64/darkmatter/include/ncurses -I/root/darkmatter-depends/.build/usr/local/lib64/darkmatter/include/libxml2 conftest.c
configure:17728: $? = 0
configure:17728: result: yes
configure:17728: checking for arpa/inet.h
configure:17728: result: yes
configure:17728: checking netinet/tcp.h usability
configure:17728: cc -std=gnu99 -c -fpic -fPIC -fpic -fPIC -D_GNU_SOURCE -D_REENTRANT -D_THREAD_SAFE -I/root/darkmatter-depends/.build/usr/local/lib64/darkmatter/include -I/root/darkmatter-depends/.build/usr/local/lib64/darkmatter/include/ncurses -I/root/darkmatter-depends/.build/usr/local/lib64/darkmatter/include/libxml2 conftest.c >&5
configure:17728: $? = 0
configure:17728: result: yes
configure:17728: checking netinet/tcp.h presence
configure:17728: cc -std=gnu99 -E -D_GNU_SOURCE -D_REENTRANT -D_THREAD_SAFE -I/root/darkmatter-depends/.build/usr/local/lib64/darkmatter/include -I/root/darkmatter-depends/.build/usr/local/lib64/darkmatter/include/ncurses -I/root/darkmatter-depends/.build/usr/local/lib64/darkmatter/include/libxml2 conftest.c
configure:17728: $? = 0
configure:17728: result: yes
configure:17728: checking for netinet/tcp.h
configure:17728: result: yes
configure:17728: checking netinet/in.h usability
configure:17728: cc -std=gnu99 -c -fpic -fPIC -fpic -fPIC -D_GNU_SOURCE -D_REENTRANT -D_THREAD_SAFE -I/root/darkmatter-depends/.build/usr/local/lib64/darkmatter/include -I/root/darkmatter-depends/.build/usr/local/lib64/darkmatter/include/ncurses -I/root/darkmatter-depends/.build/usr/local/lib64/darkmatter/include/libxml2 conftest.c >&5
configure:17728: $? = 0
configure:17728: result: yes
configure:17728: checking netinet/in.h presence
configure:17728: cc -std=gnu99 -E -D_GNU_SOURCE -D_REENTRANT -D_THREAD_SAFE -I/root/darkmatter-depends/.build/usr/local/lib64/darkmatter/include -I/root/darkmatter-depends/.build/usr/local/lib64/darkmatter/include/ncurses -I/root/darkmatter-depends/.build/usr/local/lib64/darkmatter/include/libxml2 conftest.c
configure:17728: $? = 0
configure:17728: result: yes
configure:17728: checking for netinet/in.h
configure:17728: result: yes
configure:17728: checking stddef.h usability
configure:17728: cc -std=gnu99 -c -fpic -fPIC -fpic -fPIC -D_GNU_SOURCE -D_REENTRANT -D_THREAD_SAFE -I/root/darkmatter-depends/.build/usr/local/lib64/darkmatter/include -I/root/darkmatter-depends/.build/usr/local/lib64/darkmatter/include/ncurses -I/root/darkmatter-depends/.build/usr/local/lib64/darkmatter/include/libxml2 conftest.c >&5
configure:17728: $? = 0
configure:17728: result: yes
configure:17728: checking stddef.h presence
configure:17728: cc -std=gnu99 -E -D_GNU_SOURCE -D_REENTRANT -D_THREAD_SAFE -I/root/darkmatter-depends/.build/usr/local/lib64/darkmatter/include -I/root/darkmatter-depends/.build/usr/local/lib64/darkmatter/include/ncurses -I/root/darkmatter-depends/.build/usr/local/lib64/darkmatter/include/libxml2 conftest.c
configure:17728: $? = 0
configure:17728: result: yes
configure:17728: checking for stddef.h
configure:17728: result: yes
configure:17728: checking for stdlib.h
configure:17728: result: yes
configure:17728: checking for string.h
configure:17728: result: yes
configure:17728: checking sys/socket.h usability
configure:17728: cc -std=gnu99 -c -fpic -fPIC -fpic -fPIC -D_GNU_SOURCE -D_REENTRANT -D_THREAD_SAFE -I/root/darkmatter-depends/.build/usr/local/lib64/darkmatter/include -I/root/darkmatter-depends/.build/usr/local/lib64/darkmatter/include/ncurses -I/root/darkmatter-depends/.build/usr/local/lib64/darkmatter/include/libxml2 conftest.c >&5
configure:17728: $? = 0
configure:17728: result: yes
configure:17728: checking sys/socket.h presence
configure:17728: cc -std=gnu99 -E -D_GNU_SOURCE -D_REENTRANT -D_THREAD_SAFE -I/root/darkmatter-depends/.build/usr/local/lib64/darkmatter/include -I/root/darkmatter-depends/.build/usr/local/lib64/darkmatter/include/ncurses -I/root/darkmatter-depends/.build/usr/local/lib64/darkmatter/include/libxml2 conftest.c
configure:17728: $? = 0
configure:17728: result: yes
configure:17728: checking for sys/socket.h
configure:17728: result: yes
configure:17728: checking sys/time.h usability
configure:17728: cc -std=gnu99 -c -fpic -fPIC -fpic -fPIC -D_GNU_SOURCE -D_REENTRANT -D_THREAD_SAFE -I/root/darkmatter-depends/.build/usr/local/lib64/darkmatter/include -I/root/darkmatter-depends/.build/usr/local/lib64/darkmatter/include/ncurses -I/root/darkmatter-depends/.build/usr/local/lib64/darkmatter/include/libxml2 conftest.c >&5
configure:17728: $? = 0
configure:17728: result: yes
configure:17728: checking sys/time.h presence
configure:17728: cc -std=gnu99 -E -D_GNU_SOURCE -D_REENTRANT -D_THREAD_SAFE -I/root/darkmatter-depends/.build/usr/local/lib64/darkmatter/include -I/root/darkmatter-depends/.build/usr/local/lib64/darkmatter/include/ncurses -I/root/darkmatter-depends/.build/usr/local/lib64/darkmatter/include/libxml2 conftest.c
configure:17728: $? = 0
configure:17728: result: yes
configure:17728: checking for sys/time.h
configure:17728: result: yes
configure:17728: checking for unistd.h
configure:17728: result: yes
configure:17728: checking limits.h usability
configure:17728: cc -std=gnu99 -c -fpic -fPIC -fpic -fPIC -D_GNU_SOURCE -D_REENTRANT -D_THREAD_SAFE -I/root/darkmatter-depends/.build/usr/local/lib64/darkmatter/include -I/root/darkmatter-depends/.build/usr/local/lib64/darkmatter/include/ncurses -I/root/darkmatter-depends/.build/usr/local/lib64/darkmatter/include/libxml2 conftest.c >&5
configure:17728: $? = 0
configure:17728: result: yes
configure:17728: checking limits.h presence
configure:17728: cc -std=gnu99 -E -D_GNU_SOURCE -D_REENTRANT -D_THREAD_SAFE -I/root/darkmatter-depends/.build/usr/local/lib64/darkmatter/include -I/root/darkmatter-depends/.build/usr/local/lib64/darkmatter/include/ncurses -I/root/darkmatter-depends/.build/usr/local/lib64/darkmatter/include/libxml2 conftest.c
configure:17728: $? = 0
configure:17728: result: yes
configure:17728: checking for limits.h
configure:17728: result: yes
configure:17742: checking ifaddrs.h usability
configure:17742: cc -std=gnu99 -c -fpic -fPIC -fpic -fPIC -D_GNU_SOURCE -D_REENTRANT -D_THREAD_SAFE -I/root/darkmatter-depends/.build/usr/local/lib64/darkmatter/include -I/root/darkmatter-depends/.build/usr/local/lib64/darkmatter/include/ncurses -I/root/darkmatter-depends/.build/usr/local/lib64/darkmatter/include/libxml2 conftest.c >&5
configure:17742: $? = 0
configure:17742: result: yes
configure:17742: checking ifaddrs.h presence
configure:17742: cc -std=gnu99 -E -D_GNU_SOURCE -D_REENTRANT -D_THREAD_SAFE -I/root/darkmatter-depends/.build/usr/local/lib64/darkmatter/include -I/root/darkmatter-depends/.build/usr/local/lib64/darkmatter/include/ncurses -I/root/darkmatter-depends/.build/usr/local/lib64/darkmatter/include/libxml2 conftest.c
configure:17742: $? = 0
configure:17742: result: yes
configure:17742: checking for ifaddrs.h
configure:17742: result: yes
configure:17763: checking for stdbool.h that conforms to C99
configure:17830: g++ -c -fpic -fPIC -fpic -fPIC -D_GNU_SOURCE -D_REENTRANT -D_THREAD_SAFE -I/root/darkmatter-depends/.build/usr/local/lib64/darkmatter/include -I/root/darkmatter-depends/.build/usr/local/lib64/darkmatter/include/ncurses -I/root/darkmatter-depends/.build/usr/local/lib64/darkmatter/include/libxml2 conftest.cpp >&5
configure:17830: $? = 0
configure:17837: result: yes
configure:17839: checking for _Bool
configure:17839: g++ -c -fpic -fPIC -fpic -fPIC -D_GNU_SOURCE -D_REENTRANT -D_THREAD_SAFE -I/root/darkmatter-depends/.build/usr/local/lib64/darkmatter/include -I/root/darkmatter-depends/.build/usr/local/lib64/darkmatter/include/ncurses -I/root/darkmatter-depends/.build/usr/local/lib64/darkmatter/include/libxml2 conftest.cpp >&5
conftest.cpp: In function 'int main()':
conftest.cpp:77:13: error: '_Bool' was not declared in this scope
configure:17839: $? = 1
configure: failed program was:
| /* confdefs.h */
| #define PACKAGE_NAME "zeromq"
| #define PACKAGE_TARNAME "zeromq"
| #define PACKAGE_VERSION "2.1.7"
| #define PACKAGE_STRING "zeromq 2.1.7"
| #define PACKAGE_BUGREPORT "zeromq-dev@lists.zeromq.org"
| #define PACKAGE_URL ""
| #define PACKAGE "zeromq"
| #define VERSION "2.1.7"
| #define STDC_HEADERS 1
| #define HAVE_SYS_TYPES_H 1
| #define HAVE_SYS_STAT_H 1
| #define HAVE_STDLIB_H 1
| #define HAVE_STRING_H 1
| #define HAVE_MEMORY_H 1
| #define HAVE_STRINGS_H 1
| #define HAVE_INTTYPES_H 1
| #define HAVE_STDINT_H 1
| #define HAVE_UNISTD_H 1
| #define HAVE_DLFCN_H 1
| #define LT_OBJDIR ".libs/"
| #define HAVE_LIBPTHREAD 1
| #define ZMQ_HAVE_LINUX 1
| #define HAVE_LIBRT 1
| #define HAVE_LIBUUID 1
| #define STDC_HEADERS 1
| #define HAVE_ERRNO_H 1
| #define HAVE_ARPA_INET_H 1
| #define HAVE_NETINET_TCP_H 1
| #define HAVE_NETINET_IN_H 1
| #define HAVE_STDDEF_H 1
| #define HAVE_STDLIB_H 1
| #define HAVE_STRING_H 1
| #define HAVE_SYS_SOCKET_H 1
| #define HAVE_SYS_TIME_H 1
| #define HAVE_UNISTD_H 1
| #define HAVE_LIMITS_H 1
| #define HAVE_IFADDRS_H 1
| #define ZMQ_HAVE_IFADDRS 1
| /* end confdefs.h.  */
| #include <stdio.h>
| #ifdef HAVE_SYS_TYPES_H
| # include <sys/types.h>
| #endif
| #ifdef HAVE_SYS_STAT_H
| # include <sys/stat.h>
| #endif
| #ifdef STDC_HEADERS
| # include <stdlib.h>
| # include <stddef.h>
| #else
| # ifdef HAVE_STDLIB_H
| #  include <stdlib.h>
| # endif
| #endif
| #ifdef HAVE_STRING_H
| # if !defined STDC_HEADERS && defined HAVE_MEMORY_H
| #  include <memory.h>
| # endif
| # include <string.h>
| #endif
| #ifdef HAVE_STRINGS_H
| # include <strings.h>
| #endif
| #ifdef HAVE_INTTYPES_H
| # include <inttypes.h>
| #endif
| #ifdef HAVE_STDINT_H
| # include <stdint.h>
| #endif
| #ifdef HAVE_UNISTD_H
| # include <unistd.h>
| #endif
| int
| main ()
| {
| if (sizeof (_Bool))
| 	 return 0;
|   ;
|   return 0;
| }
configure:17839: result: no
configure:17855: checking for an ANSI C-conforming const
configure:17920: g++ -c -fpic -fPIC -fpic -fPIC -D_GNU_SOURCE -D_REENTRANT -D_THREAD_SAFE -I/root/darkmatter-depends/.build/usr/local/lib64/darkmatter/include -I/root/darkmatter-depends/.build/usr/local/lib64/darkmatter/include/ncurses -I/root/darkmatter-depends/.build/usr/local/lib64/darkmatter/include/libxml2 conftest.cpp >&5
configure:17920: $? = 0
configure:17927: result: yes
configure:17935: checking for inline
configure:17951: g++ -c -fpic -fPIC -fpic -fPIC -D_GNU_SOURCE -D_REENTRANT -D_THREAD_SAFE -I/root/darkmatter-depends/.build/usr/local/lib64/darkmatter/include -I/root/darkmatter-depends/.build/usr/local/lib64/darkmatter/include/ncurses -I/root/darkmatter-depends/.build/usr/local/lib64/darkmatter/include/libxml2 conftest.cpp >&5
configure:17951: $? = 0
configure:17959: result: inline
configure:18026: checking for size_t
configure:18026: g++ -c -fpic -fPIC -fpic -fPIC -D_GNU_SOURCE -D_REENTRANT -D_THREAD_SAFE -I/root/darkmatter-depends/.build/usr/local/lib64/darkmatter/include -I/root/darkmatter-depends/.build/usr/local/lib64/darkmatter/include/ncurses -I/root/darkmatter-depends/.build/usr/local/lib64/darkmatter/include/libxml2 conftest.cpp >&5
configure:18026: $? = 0
configure:18026: g++ -c -fpic -fPIC -fpic -fPIC -D_GNU_SOURCE -D_REENTRANT -D_THREAD_SAFE -I/root/darkmatter-depends/.build/usr/local/lib64/darkmatter/include -I/root/darkmatter-depends/.build/usr/local/lib64/darkmatter/include/ncurses -I/root/darkmatter-depends/.build/usr/local/lib64/darkmatter/include/libxml2 conftest.cpp >&5
conftest.cpp: In function 'int main()':
conftest.cpp:78:20: error: expected primary-expression before ')' token
configure:18026: $? = 1
configure: failed program was:
| /* confdefs.h */
| #define PACKAGE_NAME "zeromq"
| #define PACKAGE_TARNAME "zeromq"
| #define PACKAGE_VERSION "2.1.7"
| #define PACKAGE_STRING "zeromq 2.1.7"
| #define PACKAGE_BUGREPORT "zeromq-dev@lists.zeromq.org"
| #define PACKAGE_URL ""
| #define PACKAGE "zeromq"
| #define VERSION "2.1.7"
| #define STDC_HEADERS 1
| #define HAVE_SYS_TYPES_H 1
| #define HAVE_SYS_STAT_H 1
| #define HAVE_STDLIB_H 1
| #define HAVE_STRING_H 1
| #define HAVE_MEMORY_H 1
| #define HAVE_STRINGS_H 1
| #define HAVE_INTTYPES_H 1
| #define HAVE_STDINT_H 1
| #define HAVE_UNISTD_H 1
| #define HAVE_DLFCN_H 1
| #define LT_OBJDIR ".libs/"
| #define HAVE_LIBPTHREAD 1
| #define ZMQ_HAVE_LINUX 1
| #define HAVE_LIBRT 1
| #define HAVE_LIBUUID 1
| #define STDC_HEADERS 1
| #define HAVE_ERRNO_H 1
| #define HAVE_ARPA_INET_H 1
| #define HAVE_NETINET_TCP_H 1
| #define HAVE_NETINET_IN_H 1
| #define HAVE_STDDEF_H 1
| #define HAVE_STDLIB_H 1
| #define HAVE_STRING_H 1
| #define HAVE_SYS_SOCKET_H 1
| #define HAVE_SYS_TIME_H 1
| #define HAVE_UNISTD_H 1
| #define HAVE_LIMITS_H 1
| #define HAVE_IFADDRS_H 1
| #define ZMQ_HAVE_IFADDRS 1
| #define HAVE_STDBOOL_H 1
| /* end confdefs.h.  */
| #include <stdio.h>
| #ifdef HAVE_SYS_TYPES_H
| # include <sys/types.h>
| #endif
| #ifdef HAVE_SYS_STAT_H
| # include <sys/stat.h>
| #endif
| #ifdef STDC_HEADERS
| # include <stdlib.h>
| # include <stddef.h>
| #else
| # ifdef HAVE_STDLIB_H
| #  include <stdlib.h>
| # endif
| #endif
| #ifdef HAVE_STRING_H
| # if !defined STDC_HEADERS && defined HAVE_MEMORY_H
| #  include <memory.h>
| # endif
| # include <string.h>
| #endif
| #ifdef HAVE_STRINGS_H
| # include <strings.h>
| #endif
| #ifdef HAVE_INTTYPES_H
| # include <inttypes.h>
| #endif
| #ifdef HAVE_STDINT_H
| # include <stdint.h>
| #endif
| #ifdef HAVE_UNISTD_H
| # include <unistd.h>
| #endif
| int
| main ()
| {
| if (sizeof ((size_t)))
| 	    return 0;
|   ;
|   return 0;
| }
configure:18026: result: yes
configure:18037: checking for ssize_t
configure:18037: g++ -c -fpic -fPIC -fpic -fPIC -D_GNU_SOURCE -D_REENTRANT -D_THREAD_SAFE -I/root/darkmatter-depends/.build/usr/local/lib64/darkmatter/include -I/root/darkmatter-depends/.build/usr/local/lib64/darkmatter/include/ncurses -I/root/darkmatter-depends/.build/usr/local/lib64/darkmatter/include/libxml2 conftest.cpp >&5
configure:18037: $? = 0
configure:18037: g++ -c -fpic -fPIC -fpic -fPIC -D_GNU_SOURCE -D_REENTRANT -D_THREAD_SAFE -I/root/darkmatter-depends/.build/usr/local/lib64/darkmatter/include -I/root/darkmatter-depends/.build/usr/local/lib64/darkmatter/include/ncurses -I/root/darkmatter-depends/.build/usr/local/lib64/darkmatter/include/libxml2 conftest.cpp >&5
conftest.cpp: In function 'int main()':
conftest.cpp:78:21: error: expected primary-expression before ')' token
configure:18037: $? = 1
configure: failed program was:
| /* confdefs.h */
| #define PACKAGE_NAME "zeromq"
| #define PACKAGE_TARNAME "zeromq"
| #define PACKAGE_VERSION "2.1.7"
| #define PACKAGE_STRING "zeromq 2.1.7"
| #define PACKAGE_BUGREPORT "zeromq-dev@lists.zeromq.org"
| #define PACKAGE_URL ""
| #define PACKAGE "zeromq"
| #define VERSION "2.1.7"
| #define STDC_HEADERS 1
| #define HAVE_SYS_TYPES_H 1
| #define HAVE_SYS_STAT_H 1
| #define HAVE_STDLIB_H 1
| #define HAVE_STRING_H 1
| #define HAVE_MEMORY_H 1
| #define HAVE_STRINGS_H 1
| #define HAVE_INTTYPES_H 1
| #define HAVE_STDINT_H 1
| #define HAVE_UNISTD_H 1
| #define HAVE_DLFCN_H 1
| #define LT_OBJDIR ".libs/"
| #define HAVE_LIBPTHREAD 1
| #define ZMQ_HAVE_LINUX 1
| #define HAVE_LIBRT 1
| #define HAVE_LIBUUID 1
| #define STDC_HEADERS 1
| #define HAVE_ERRNO_H 1
| #define HAVE_ARPA_INET_H 1
| #define HAVE_NETINET_TCP_H 1
| #define HAVE_NETINET_IN_H 1
| #define HAVE_STDDEF_H 1
| #define HAVE_STDLIB_H 1
| #define HAVE_STRING_H 1
| #define HAVE_SYS_SOCKET_H 1
| #define HAVE_SYS_TIME_H 1
| #define HAVE_UNISTD_H 1
| #define HAVE_LIMITS_H 1
| #define HAVE_IFADDRS_H 1
| #define ZMQ_HAVE_IFADDRS 1
| #define HAVE_STDBOOL_H 1
| /* end confdefs.h.  */
| #include <stdio.h>
| #ifdef HAVE_SYS_TYPES_H
| # include <sys/types.h>
| #endif
| #ifdef HAVE_SYS_STAT_H
| # include <sys/stat.h>
| #endif
| #ifdef STDC_HEADERS
| # include <stdlib.h>
| # include <stddef.h>
| #else
| # ifdef HAVE_STDLIB_H
| #  include <stdlib.h>
| # endif
| #endif
| #ifdef HAVE_STRING_H
| # if !defined STDC_HEADERS && defined HAVE_MEMORY_H
| #  include <memory.h>
| # endif
| # include <string.h>
| #endif
| #ifdef HAVE_STRINGS_H
| # include <strings.h>
| #endif
| #ifdef HAVE_INTTYPES_H
| # include <inttypes.h>
| #endif
| #ifdef HAVE_STDINT_H
| # include <stdint.h>
| #endif
| #ifdef HAVE_UNISTD_H
| # include <unistd.h>
| #endif
| int
| main ()
| {
| if (sizeof ((ssize_t)))
| 	    return 0;
|   ;
|   return 0;
| }
configure:18037: result: yes
configure:18049: checking whether time.h and sys/time.h may both be included
configure:18069: g++ -c -fpic -fPIC -fpic -fPIC -D_GNU_SOURCE -D_REENTRANT -D_THREAD_SAFE -I/root/darkmatter-depends/.build/usr/local/lib64/darkmatter/include -I/root/darkmatter-depends/.build/usr/local/lib64/darkmatter/include/ncurses -I/root/darkmatter-depends/.build/usr/local/lib64/darkmatter/include/libxml2 conftest.cpp >&5
configure:18069: $? = 0
configure:18076: result: yes
configure:18084: checking for uint32_t
configure:18084: g++ -c -fpic -fPIC -fpic -fPIC -D_GNU_SOURCE -D_REENTRANT -D_THREAD_SAFE -I/root/darkmatter-depends/.build/usr/local/lib64/darkmatter/include -I/root/darkmatter-depends/.build/usr/local/lib64/darkmatter/include/ncurses -I/root/darkmatter-depends/.build/usr/local/lib64/darkmatter/include/libxml2 conftest.cpp >&5
configure:18084: $? = 0
configure:18084: result: yes
configure:18098: checking for working volatile
configure:18117: g++ -c -fpic -fPIC -fpic -fPIC -D_GNU_SOURCE -D_REENTRANT -D_THREAD_SAFE -I/root/darkmatter-depends/.build/usr/local/lib64/darkmatter/include -I/root/darkmatter-depends/.build/usr/local/lib64/darkmatter/include/ncurses -I/root/darkmatter-depends/.build/usr/local/lib64/darkmatter/include/libxml2 conftest.cpp >&5
configure:18117: $? = 0
configure:18124: result: yes
configure:18625: checking how to enable additional warnings for C++ compiler
configure:18660: result: -Wall
configure:18672: checking how to turn warnings to errors in C++ compiler
configure:18703: result: -Werror
configure:18716: checking how to enable strict standards compliance in C++ compiler
configure:18751: result: -pedantic
configure:18786: checking return type of signal handlers
configure:18804: g++ -c -fpic -fPIC -fpic -fPIC -pedantic -Werror -Wall -D_GNU_SOURCE -D_REENTRANT -D_THREAD_SAFE -I/root/darkmatter-depends/.build/usr/local/lib64/darkmatter/include -I/root/darkmatter-depends/.build/usr/local/lib64/darkmatter/include/ncurses -I/root/darkmatter-depends/.build/usr/local/lib64/darkmatter/include/libxml2 conftest.cpp >&5
conftest.cpp: In function 'int main()':
conftest.cpp:49:27: error: void value not ignored as it ought to be
configure:18804: $? = 1
configure: failed program was:
| /* confdefs.h */
| #define PACKAGE_NAME "zeromq"
| #define PACKAGE_TARNAME "zeromq"
| #define PACKAGE_VERSION "2.1.7"
| #define PACKAGE_STRING "zeromq 2.1.7"
| #define PACKAGE_BUGREPORT "zeromq-dev@lists.zeromq.org"
| #define PACKAGE_URL ""
| #define PACKAGE "zeromq"
| #define VERSION "2.1.7"
| #define STDC_HEADERS 1
| #define HAVE_SYS_TYPES_H 1
| #define HAVE_SYS_STAT_H 1
| #define HAVE_STDLIB_H 1
| #define HAVE_STRING_H 1
| #define HAVE_MEMORY_H 1
| #define HAVE_STRINGS_H 1
| #define HAVE_INTTYPES_H 1
| #define HAVE_STDINT_H 1
| #define HAVE_UNISTD_H 1
| #define HAVE_DLFCN_H 1
| #define LT_OBJDIR ".libs/"
| #define HAVE_LIBPTHREAD 1
| #define ZMQ_HAVE_LINUX 1
| #define HAVE_LIBRT 1
| #define HAVE_LIBUUID 1
| #define STDC_HEADERS 1
| #define HAVE_ERRNO_H 1
| #define HAVE_ARPA_INET_H 1
| #define HAVE_NETINET_TCP_H 1
| #define HAVE_NETINET_IN_H 1
| #define HAVE_STDDEF_H 1
| #define HAVE_STDLIB_H 1
| #define HAVE_STRING_H 1
| #define HAVE_SYS_SOCKET_H 1
| #define HAVE_SYS_TIME_H 1
| #define HAVE_UNISTD_H 1
| #define HAVE_LIMITS_H 1
| #define HAVE_IFADDRS_H 1
| #define ZMQ_HAVE_IFADDRS 1
| #define HAVE_STDBOOL_H 1
| #define TIME_WITH_SYS_TIME 1
| /* end confdefs.h.  */
| #include <sys/types.h>
| #include <signal.h>
| 
| int
| main ()
| {
| return *(signal (0, 0)) (0) == 1;
|   ;
|   return 0;
| }
configure:18811: result: void
configure:18822: checking for perror
configure:18822: g++ -o conftest -fpic -fPIC -fpic -fPIC -pedantic -Werror -Wall -D_GNU_SOURCE -D_REENTRANT -D_THREAD_SAFE -I/root/darkmatter-depends/.build/usr/local/lib64/darkmatter/include -I/root/darkmatter-depends/.build/usr/local/lib64/darkmatter/include/ncurses -I/root/darkmatter-depends/.build/usr/local/lib64/darkmatter/include/libxml2 -L/lib64 -L/usr/lib64 -L/root/darkmatter-depends/.build/usr/local/lib64/darkmatter/lib  -Wl,-rpath -Wl,/usr/local/lib64/darkmatter/lib -L/lib64 -L/usr/lib64 -L/root/darkmatter-depends/.build/usr/local/lib64/darkmatter/lib  -Wl,-rpath -Wl,/usr/local/lib64/darkmatter/lib -lc -lm conftest.cpp -luuid -lrt -lpthread -lc -lm >&5
configure:18822: $? = 0
configure:18822: result: yes
configure:18822: checking for gettimeofday
configure:18822: g++ -o conftest -fpic -fPIC -fpic -fPIC -pedantic -Werror -Wall -D_GNU_SOURCE -D_REENTRANT -D_THREAD_SAFE -I/root/darkmatter-depends/.build/usr/local/lib64/darkmatter/include -I/root/darkmatter-depends/.build/usr/local/lib64/darkmatter/include/ncurses -I/root/darkmatter-depends/.build/usr/local/lib64/darkmatter/include/libxml2 -L/lib64 -L/usr/lib64 -L/root/darkmatter-depends/.build/usr/local/lib64/darkmatter/lib  -Wl,-rpath -Wl,/usr/local/lib64/darkmatter/lib -L/lib64 -L/usr/lib64 -L/root/darkmatter-depends/.build/usr/local/lib64/darkmatter/lib  -Wl,-rpath -Wl,/usr/local/lib64/darkmatter/lib -lc -lm conftest.cpp -luuid -lrt -lpthread -lc -lm >&5
configure:18822: $? = 0
configure:18822: result: yes
configure:18822: checking for memset
configure:18822: g++ -o conftest -fpic -fPIC -fpic -fPIC -pedantic -Werror -Wall -D_GNU_SOURCE -D_REENTRANT -D_THREAD_SAFE -I/root/darkmatter-depends/.build/usr/local/lib64/darkmatter/include -I/root/darkmatter-depends/.build/usr/local/lib64/darkmatter/include/ncurses -I/root/darkmatter-depends/.build/usr/local/lib64/darkmatter/include/libxml2 -L/lib64 -L/usr/lib64 -L/root/darkmatter-depends/.build/usr/local/lib64/darkmatter/lib  -Wl,-rpath -Wl,/usr/local/lib64/darkmatter/lib -L/lib64 -L/usr/lib64 -L/root/darkmatter-depends/.build/usr/local/lib64/darkmatter/lib  -Wl,-rpath -Wl,/usr/local/lib64/darkmatter/lib -lc -lm conftest.cpp -luuid -lrt -lpthread -lc -lm >&5
configure:18822: $? = 0
configure:18822: result: yes
configure:18822: checking for socket
configure:18822: g++ -o conftest -fpic -fPIC -fpic -fPIC -pedantic -Werror -Wall -D_GNU_SOURCE -D_REENTRANT -D_THREAD_SAFE -I/root/darkmatter-depends/.build/usr/local/lib64/darkmatter/include -I/root/darkmatter-depends/.build/usr/local/lib64/darkmatter/include/ncurses -I/root/darkmatter-depends/.build/usr/local/lib64/darkmatter/include/libxml2 -L/lib64 -L/usr/lib64 -L/root/darkmatter-depends/.build/usr/local/lib64/darkmatter/lib  -Wl,-rpath -Wl,/usr/local/lib64/darkmatter/lib -L/lib64 -L/usr/lib64 -L/root/darkmatter-depends/.build/usr/local/lib64/darkmatter/lib  -Wl,-rpath -Wl,/usr/local/lib64/darkmatter/lib -lc -lm conftest.cpp -luuid -lrt -lpthread -lc -lm >&5
configure:18822: $? = 0
configure:18822: result: yes
configure:18822: checking for getifaddrs
configure:18822: g++ -o conftest -fpic -fPIC -fpic -fPIC -pedantic -Werror -Wall -D_GNU_SOURCE -D_REENTRANT -D_THREAD_SAFE -I/root/darkmatter-depends/.build/usr/local/lib64/darkmatter/include -I/root/darkmatter-depends/.build/usr/local/lib64/darkmatter/include/ncurses -I/root/darkmatter-depends/.build/usr/local/lib64/darkmatter/include/libxml2 -L/lib64 -L/usr/lib64 -L/root/darkmatter-depends/.build/usr/local/lib64/darkmatter/lib  -Wl,-rpath -Wl,/usr/local/lib64/darkmatter/lib -L/lib64 -L/usr/lib64 -L/root/darkmatter-depends/.build/usr/local/lib64/darkmatter/lib  -Wl,-rpath -Wl,/usr/local/lib64/darkmatter/lib -lc -lm conftest.cpp -luuid -lrt -lpthread -lc -lm >&5
configure:18822: $? = 0
configure:18822: result: yes
configure:18822: checking for freeifaddrs
configure:18822: g++ -o conftest -fpic -fPIC -fpic -fPIC -pedantic -Werror -Wall -D_GNU_SOURCE -D_REENTRANT -D_THREAD_SAFE -I/root/darkmatter-depends/.build/usr/local/lib64/darkmatter/include -I/root/darkmatter-depends/.build/usr/local/lib64/darkmatter/include/ncurses -I/root/darkmatter-depends/.build/usr/local/lib64/darkmatter/include/libxml2 -L/lib64 -L/usr/lib64 -L/root/darkmatter-depends/.build/usr/local/lib64/darkmatter/lib  -Wl,-rpath -Wl,/usr/local/lib64/darkmatter/lib -L/lib64 -L/usr/lib64 -L/root/darkmatter-depends/.build/usr/local/lib64/darkmatter/lib  -Wl,-rpath -Wl,/usr/local/lib64/darkmatter/lib -lc -lm conftest.cpp -luuid -lrt -lpthread -lc -lm >&5
configure:18822: $? = 0
configure:18822: result: yes
configure:18834: checking alloca.h usability
configure:18834: g++ -c -fpic -fPIC -fpic -fPIC -pedantic -Werror -Wall -D_GNU_SOURCE -D_REENTRANT -D_THREAD_SAFE -I/root/darkmatter-depends/.build/usr/local/lib64/darkmatter/include -I/root/darkmatter-depends/.build/usr/local/lib64/darkmatter/include/ncurses -I/root/darkmatter-depends/.build/usr/local/lib64/darkmatter/include/libxml2 conftest.cpp >&5
configure:18834: $? = 0
configure:18834: result: yes
configure:18834: checking alloca.h presence
configure:18834: g++ -E -pedantic -Werror -Wall -D_GNU_SOURCE -D_REENTRANT -D_THREAD_SAFE -I/root/darkmatter-depends/.build/usr/local/lib64/darkmatter/include -I/root/darkmatter-depends/.build/usr/local/lib64/darkmatter/include/ncurses -I/root/darkmatter-depends/.build/usr/local/lib64/darkmatter/include/libxml2 conftest.cpp
configure:18834: $? = 0
configure:18834: result: yes
configure:18834: checking for alloca.h
configure:18834: result: yes
configure:19006: creating ./config.status

## ---------------- ##
## Cache variables. ##
## ---------------- ##

ac_cv_build=x86_64-unknown-linux-gnu
ac_cv_c_compiler_gnu=yes
ac_cv_c_const=yes
ac_cv_c_inline=inline
ac_cv_c_uint32_t=yes
ac_cv_c_volatile=yes
ac_cv_cxx_compiler_gnu=yes
ac_cv_env_ASCIIDOC_set=
ac_cv_env_ASCIIDOC_value=
ac_cv_env_CCC_set=
ac_cv_env_CCC_value=
ac_cv_env_CC_set=set
ac_cv_env_CC_value=cc
ac_cv_env_CFLAGS_set=set
ac_cv_env_CFLAGS_value='-fpic -fPIC -fpic -fPIC'
ac_cv_env_CPPFLAGS_set=set
ac_cv_env_CPPFLAGS_value='-I/root/darkmatter-depends/.build/usr/local/lib64/darkmatter/include -I/root/darkmatter-depends/.build/usr/local/lib64/darkmatter/include/ncurses -I/root/darkmatter-depends/.build/usr/local/lib64/darkmatter/include/libxml2'
ac_cv_env_CPP_set=
ac_cv_env_CPP_value=
ac_cv_env_CXXCPP_set=
ac_cv_env_CXXCPP_value=
ac_cv_env_CXXFLAGS_set=set
ac_cv_env_CXXFLAGS_value='-fpic -fPIC -fpic -fPIC'
ac_cv_env_CXX_set=set
ac_cv_env_CXX_value=g++
ac_cv_env_LDFLAGS_set=set
ac_cv_env_LDFLAGS_value='-L/lib64 -L/usr/lib64 -L/root/darkmatter-depends/.build/usr/local/lib64/darkmatter/lib  -Wl,-rpath -Wl,/usr/local/lib64/darkmatter/lib -L/lib64 -L/usr/lib64 -L/root/darkmatter-depends/.build/usr/local/lib64/darkmatter/lib  -Wl,-rpath -Wl,/usr/local/lib64/darkmatter/lib -lc -lm'
ac_cv_env_LIBS_set=set
ac_cv_env_LIBS_value='-lc -lm'
ac_cv_env_OpenPGM_CFLAGS_set=
ac_cv_env_OpenPGM_CFLAGS_value=
ac_cv_env_OpenPGM_LIBS_set=
ac_cv_env_OpenPGM_LIBS_value=
ac_cv_env_PKG_CONFIG_LIBDIR_set=
ac_cv_env_PKG_CONFIG_LIBDIR_value=
ac_cv_env_PKG_CONFIG_PATH_set=set
ac_cv_env_PKG_CONFIG_PATH_value=/root/darkmatter-depends/.build/usr/local/lib64/darkmatter/lib/pkgconfig
ac_cv_env_PKG_CONFIG_set=
ac_cv_env_PKG_CONFIG_value=
ac_cv_env_XMLTO_set=
ac_cv_env_XMLTO_value=
ac_cv_env_build_alias_set=
ac_cv_env_build_alias_value=
ac_cv_env_host_alias_set=
ac_cv_env_host_alias_value=
ac_cv_env_target_alias_set=
ac_cv_env_target_alias_value=
ac_cv_func_freeifaddrs=yes
ac_cv_func_getifaddrs=yes
ac_cv_func_gettimeofday=yes
ac_cv_func_memset=yes
ac_cv_func_perror=yes
ac_cv_func_socket=yes
ac_cv_header_alloca_h=yes
ac_cv_header_arpa_inet_h=yes
ac_cv_header_dlfcn_h=yes
ac_cv_header_errno_h=yes
ac_cv_header_ifaddrs_h=yes
ac_cv_header_inttypes_h=yes
ac_cv_header_limits_h=yes
ac_cv_header_memory_h=yes
ac_cv_header_netinet_in_h=yes
ac_cv_header_netinet_tcp_h=yes
ac_cv_header_stdbool_h=yes
ac_cv_header_stdc=yes
ac_cv_header_stddef_h=yes
ac_cv_header_stdint_h=yes
ac_cv_header_stdlib_h=yes
ac_cv_header_string_h=yes
ac_cv_header_strings_h=yes
ac_cv_header_sys_socket_h=yes
ac_cv_header_sys_stat_h=yes
ac_cv_header_sys_time_h=yes
ac_cv_header_sys_types_h=yes
ac_cv_header_time=yes
ac_cv_header_unistd_h=yes
ac_cv_host=x86_64-unknown-linux-gnu
ac_cv_lib_pthread_pthread_create=yes
ac_cv_lib_rt_sem_init=yes
ac_cv_lib_uuid_uuid_generate=yes
ac_cv_objext=o
ac_cv_path_EGREP='/bin/grep -E'
ac_cv_path_FGREP='/bin/grep -F'
ac_cv_path_GREP=/bin/grep
ac_cv_path_SED=/bin/sed
ac_cv_path_install='/usr/bin/install -c'
ac_cv_path_mkdir=/bin/mkdir
ac_cv_prog_AWK=gawk
ac_cv_prog_CPP='cc -std=gnu99 -E'
ac_cv_prog_CXXCPP='g++ -E'
ac_cv_prog_ac_ct_AR=ar
ac_cv_prog_ac_ct_CC=cc
ac_cv_prog_ac_ct_OBJDUMP=objdump
ac_cv_prog_ac_ct_RANLIB=ranlib
ac_cv_prog_ac_ct_STRIP=strip
ac_cv_prog_cc_c89=
ac_cv_prog_cc_c99=-std=gnu99
ac_cv_prog_cc_cc_c_o=yes
ac_cv_prog_cc_g=yes
ac_cv_prog_cxx_g=yes
ac_cv_prog_libzmq_have_asciidoc=no
ac_cv_prog_libzmq_have_xmlto=no
ac_cv_prog_make_make_set=yes
ac_cv_type__Bool=no
ac_cv_type_signal=void
ac_cv_type_size_t=yes
ac_cv_type_ssize_t=yes
am_cv_CC_dependencies_compiler_type=gcc3
am_cv_CXX_dependencies_compiler_type=gcc3
am_cv_prog_tar_ustar=gnutar
libzmq_cv_c_clang_compiler=no
libzmq_cv_c_compiler_works=yes
libzmq_cv_c_gcc4_compiler=yes
libzmq_cv_c_intel_compiler=no
libzmq_cv_c_sun_studio_compiler=no
libzmq_cv_check_lang_flag_save_CPPFLAGS='-D_GNU_SOURCE -D_REENTRANT -D_THREAD_SAFE -I/root/darkmatter-depends/.build/usr/local/lib64/darkmatter/include -I/root/darkmatter-depends/.build/usr/local/lib64/darkmatter/include/ncurses -I/root/darkmatter-depends/.build/usr/local/lib64/darkmatter/include/libxml2'
libzmq_cv_cxx_clang_compiler=no
libzmq_cv_cxx_compiler_works=yes
libzmq_cv_cxx_gcc4_compiler=yes
libzmq_cv_cxx_intel_compiler=no
libzmq_cv_cxx_strict_flag=-pedantic
libzmq_cv_cxx_sun_studio_compiler=no
libzmq_cv_cxx_supports_flag__fvisibility_hidden=yes
libzmq_cv_cxx_visibility_flag=-fvisibility=hidden
libzmq_cv_cxx_wall_flag=-Wall
libzmq_cv_cxx_werror_flag=-Werror
libzmq_cv_cxx_werror_flag_save=
lt_cv_deplibs_check_method=pass_all
lt_cv_file_magic_cmd='$MAGIC_CMD'
lt_cv_file_magic_test_file=
lt_cv_ld_reload_flag=-r
lt_cv_nm_interface='BSD nm'
lt_cv_objdir=.libs
lt_cv_path_LD=/usr/x86_64-suse-linux/bin/ld
lt_cv_path_LDCXX='/usr/x86_64-suse-linux/bin/ld -m elf_x86_64'
lt_cv_path_NM='/usr/bin/nm -B'
lt_cv_prog_compiler_c_o=yes
lt_cv_prog_compiler_c_o_CXX=yes
lt_cv_prog_compiler_pic_works=yes
lt_cv_prog_compiler_pic_works_CXX=yes
lt_cv_prog_compiler_rtti_exceptions=no
lt_cv_prog_compiler_static_works=no
lt_cv_prog_compiler_static_works_CXX=no
lt_cv_prog_gnu_ld=yes
lt_cv_prog_gnu_ldcxx=yes
lt_cv_sys_global_symbol_pipe='sed -n -e '\''s/^.*[	 ]\([ABCDGIRSTW][ABCDGIRSTW]*\)[	 ][	 ]*\([_A-Za-z][_A-Za-z0-9]*\)$/\1 \2 \2/p'\'''
lt_cv_sys_global_symbol_to_c_name_address='sed -n -e '\''s/^: \([^ ]*\) $/  {\"\1\", (void *) 0},/p'\'' -e '\''s/^[ABCDGIRSTW]* \([^ ]*\) \([^ ]*\)$/  {"\2", (void *) \&\2},/p'\'''
lt_cv_sys_global_symbol_to_c_name_address_lib_prefix='sed -n -e '\''s/^: \([^ ]*\) $/  {\"\1\", (void *) 0},/p'\'' -e '\''s/^[ABCDGIRSTW]* \([^ ]*\) \(lib[^ ]*\)$/  {"\2", (void *) \&\2},/p'\'' -e '\''s/^[ABCDGIRSTW]* \([^ ]*\) \([^ ]*\)$/  {"lib\2", (void *) \&\2},/p'\'''
lt_cv_sys_global_symbol_to_cdecl='sed -n -e '\''s/^T .* \(.*\)$/extern int \1();/p'\'' -e '\''s/^[ABCDGIRSTW]* .* \(.*\)$/extern char \1;/p'\'''
lt_cv_sys_max_cmd_len=1572864

## ----------------- ##
## Output variables. ##
## ----------------- ##

ACLOCAL='${SHELL} /root/darkmatter-depends/zeromq/config/missing --run aclocal-1.11'
AMDEPBACKSLASH='\'
AMDEP_FALSE='#'
AMDEP_TRUE=''
AMTAR='${SHELL} /root/darkmatter-depends/zeromq/config/missing --run tar'
AM_BACKSLASH='\'
AM_DEFAULT_VERBOSITY='0'
AR='ar'
AS='as'
ASCIIDOC=''
AUTOCONF='${SHELL} /root/darkmatter-depends/zeromq/config/missing --run autoconf'
AUTOHEADER='${SHELL} /root/darkmatter-depends/zeromq/config/missing --run autoheader'
AUTOMAKE='${SHELL} /root/darkmatter-depends/zeromq/config/missing --run automake-1.11'
AWK='gawk'
BUILD_DOC_FALSE=''
BUILD_DOC_TRUE='#'
BUILD_PGM_FALSE=''
BUILD_PGM_TRUE='#'
CC='cc -std=gnu99'
CCDEPMODE='depmode=gcc3'
CFLAGS='-fpic -fPIC -fpic -fPIC'
CPP='cc -std=gnu99 -E'
CPPFLAGS='-pedantic -Werror -Wall -D_GNU_SOURCE -D_REENTRANT -D_THREAD_SAFE -I/root/darkmatter-depends/.build/usr/local/lib64/darkmatter/include -I/root/darkmatter-depends/.build/usr/local/lib64/darkmatter/include/ncurses -I/root/darkmatter-depends/.build/usr/local/lib64/darkmatter/include/libxml2'
CXX='g++'
CXXCPP='g++ -E'
CXXDEPMODE='depmode=gcc3'
CXXFLAGS='-fpic -fPIC -fpic -fPIC'
CYGPATH_W='echo'
DEFS='-DHAVE_CONFIG_H'
DEPDIR='.deps'
DLLTOOL='dlltool'
DSYMUTIL=''
DUMPBIN=''
ECHO_C=''
ECHO_N='-n'
ECHO_T=''
EGREP='/bin/grep -E'
EXEEXT=''
FGREP='/bin/grep -F'
GREP='/bin/grep'
INSTALL_DATA='${INSTALL} -m 644'
INSTALL_MAN_FALSE='#'
INSTALL_MAN_TRUE=''
INSTALL_PROGRAM='${INSTALL}'
INSTALL_SCRIPT='${INSTALL}'
INSTALL_STRIP_PROGRAM='$(install_sh) -c -s'
LD='/usr/x86_64-suse-linux/bin/ld -m elf_x86_64'
LDFLAGS='-L/lib64 -L/usr/lib64 -L/root/darkmatter-depends/.build/usr/local/lib64/darkmatter/lib  -Wl,-rpath -Wl,/usr/local/lib64/darkmatter/lib -L/lib64 -L/usr/lib64 -L/root/darkmatter-depends/.build/usr/local/lib64/darkmatter/lib  -Wl,-rpath -Wl,/usr/local/lib64/darkmatter/lib -lc -lm'
LIBOBJS=''
LIBS='-luuid -lrt -lpthread -lc -lm'
LIBTOOL='$(SHELL) $(top_builddir)/libtool'
LIBZMQ_EXTRA_CFLAGS=''
LIBZMQ_EXTRA_CXXFLAGS='-fvisibility=hidden '
LIBZMQ_EXTRA_LDFLAGS=''
LIPO=''
LN_S='ln -s'
LTLIBOBJS=''
LTVER='1:0:0'
MAKEINFO='${SHELL} /root/darkmatter-depends/zeromq/config/missing --run makeinfo'
MKDIR_P='/bin/mkdir -p'
NM='/usr/bin/nm -B'
NMEDIT=''
OBJDUMP='objdump'
OBJEXT='o'
ON_MINGW_FALSE=''
ON_MINGW_TRUE='#'
OTOOL64=''
OTOOL=''
OpenPGM_CFLAGS=''
OpenPGM_LIBS=''
PACKAGE='zeromq'
PACKAGE_BUGREPORT='zeromq-dev@lists.zeromq.org'
PACKAGE_NAME='zeromq'
PACKAGE_STRING='zeromq 2.1.7'
PACKAGE_TARNAME='zeromq'
PACKAGE_URL=''
PACKAGE_VERSION='2.1.7'
PATH_SEPARATOR=':'
PKG_CONFIG=''
PKG_CONFIG_LIBDIR=''
PKG_CONFIG_PATH='/root/darkmatter-depends/.build/usr/local/lib64/darkmatter/lib/pkgconfig'
RANLIB='ranlib'
SED='/bin/sed'
SET_MAKE=''
SHELL='/bin/sh'
STRIP='strip'
VERSION='2.1.7'
XMLTO=''
ac_ct_CC='cc'
ac_ct_CXX=''
ac_ct_DUMPBIN=''
am__EXEEXT_FALSE=''
am__EXEEXT_TRUE='#'
am__fastdepCC_FALSE='#'
am__fastdepCC_TRUE=''
am__fastdepCXX_FALSE='#'
am__fastdepCXX_TRUE=''
am__include='include'
am__isrc=''
am__leading_dot='.'
am__quote=''
am__tar='tar --format=ustar -chf - "$$tardir"'
am__untar='tar -xf -'
bindir='${exec_prefix}/bin'
build='x86_64-unknown-linux-gnu'
build_alias=''
build_cpu='x86_64'
build_os='linux-gnu'
build_vendor='unknown'
datadir='${datarootdir}'
datarootdir='${prefix}/share'
docdir='${datarootdir}/doc/${PACKAGE_TARNAME}'
dvidir='${docdir}'
exec_prefix='${prefix}'
host='x86_64-unknown-linux-gnu'
host_alias=''
host_cpu='x86_64'
host_os='linux-gnu'
host_vendor='unknown'
htmldir='${docdir}'
includedir='${prefix}/include'
infodir='${datarootdir}/info'
install_sh='${SHELL} /root/darkmatter-depends/zeromq/config/install-sh'
libdir='${exec_prefix}/lib'
libexecdir='${exec_prefix}/libexec'
libzmq_have_asciidoc='no'
libzmq_have_xmlto='no'
localedir='${datarootdir}/locale'
localstatedir='${prefix}/var'
lt_ECHO='echo'
mandir='${datarootdir}/man'
mkdir_p='/bin/mkdir -p'
oldincludedir='/usr/include'
pdfdir='${docdir}'
pgm_basename='libpgm-5.1.115~dfsg'
pgm_srcdir=''
pgm_subdir=''
prefix='/usr/local/lib64/darkmatter'
program_transform_name='s,x,x,'
psdir='${docdir}'
sbindir='${exec_prefix}/sbin'
sharedstatedir='${prefix}/com'
subdirs=''
sysconfdir='${prefix}/etc'
target_alias=''

## ----------- ##
## confdefs.h. ##
## ----------- ##

/* confdefs.h */
#define PACKAGE_NAME "zeromq"
#define PACKAGE_TARNAME "zeromq"
#define PACKAGE_VERSION "2.1.7"
#define PACKAGE_STRING "zeromq 2.1.7"
#define PACKAGE_BUGREPORT "zeromq-dev@lists.zeromq.org"
#define PACKAGE_URL ""
#define PACKAGE "zeromq"
#define VERSION "2.1.7"
#define STDC_HEADERS 1
#define HAVE_SYS_TYPES_H 1
#define HAVE_SYS_STAT_H 1
#define HAVE_STDLIB_H 1
#define HAVE_STRING_H 1
#define HAVE_MEMORY_H 1
#define HAVE_STRINGS_H 1
#define HAVE_INTTYPES_H 1
#define HAVE_STDINT_H 1
#define HAVE_UNISTD_H 1
#define HAVE_DLFCN_H 1
#define LT_OBJDIR ".libs/"
#define HAVE_LIBPTHREAD 1
#define ZMQ_HAVE_LINUX 1
#define HAVE_LIBRT 1
#define HAVE_LIBUUID 1
#define STDC_HEADERS 1
#define HAVE_ERRNO_H 1
#define HAVE_ARPA_INET_H 1
#define HAVE_NETINET_TCP_H 1
#define HAVE_NETINET_IN_H 1
#define HAVE_STDDEF_H 1
#define HAVE_STDLIB_H 1
#define HAVE_STRING_H 1
#define HAVE_SYS_SOCKET_H 1
#define HAVE_SYS_TIME_H 1
#define HAVE_UNISTD_H 1
#define HAVE_LIMITS_H 1
#define HAVE_IFADDRS_H 1
#define ZMQ_HAVE_IFADDRS 1
#define HAVE_STDBOOL_H 1
#define TIME_WITH_SYS_TIME 1
#define RETSIGTYPE void
#define HAVE_PERROR 1
#define HAVE_GETTIMEOFDAY 1
#define HAVE_MEMSET 1
#define HAVE_SOCKET 1
#define HAVE_GETIFADDRS 1
#define HAVE_FREEIFADDRS 1
#define HAVE_ALLOCA_H 1

configure: exit 0

## ---------------------- ##
## Running config.status. ##
## ---------------------- ##

This file was extended by zeromq config.status 2.1.7, which was
generated by GNU Autoconf 2.68.  Invocation command line was

  CONFIG_FILES    = 
  CONFIG_HEADERS  = 
  CONFIG_LINKS    = 
  CONFIG_COMMANDS = 
  $ ./config.status 

on linux-j0lx

config.status:1202: creating Makefile
config.status:1202: creating src/Makefile
config.status:1202: creating doc/Makefile
config.status:1202: creating perf/Makefile
config.status:1202: creating src/libzmq.pc
config.status:1202: creating builds/msvc/Makefile
config.status:1202: creating tests/Makefile
config.status:1202: creating foreign/openpgm/Makefile
config.status:1202: creating builds/redhat/zeromq.spec
config.status:1202: creating src/platform.hpp
config.status:1383: src/platform.hpp is unchanged
config.status:1431: executing depfiles commands
config.status:1431: executing libtool commands
