This file contains any messages produced by compilers while
running configure, to aid debugging if configure makes a mistake.

It was created by PostgreSQL configure 8.4.0, which was
generated by GNU Autoconf 2.61.  Invocation command line was

  $ ./configure --prefix=/usr/local/lib64/darkmatter --with-pam --with-openssl --enable-thread-safety --with-gnu-ld CC=cc CFLAGS=-fpic -fPIC -fpic -fPIC -pthread LDFLAGS=-L/lib64 -L/usr/lib64 -L/root/darkmatter-depends/.build/usr/local/lib64/darkmatter/lib  -Wl,-rpath -Wl,/usr/local/lib64/darkmatter/lib -L/lib64 -L/usr/lib64 -L/root/darkmatter-depends/.build/usr/local/lib64/darkmatter/lib  -Wl,-rpath -Wl,/usr/local/lib64/darkmatter/lib -lc -lm LIBS=-lc -lm CPPFLAGS=-I/root/darkmatter-depends/.build/usr/local/lib64/darkmatter/include -I/root/darkmatter-depends/.build/usr/local/lib64/darkmatter/include/ncurses -I/root/darkmatter-depends/.build/usr/local/lib64/darkmatter/include/libxml2 LDFLAGS_SL=-L/lib64 -L/usr/lib64 -L/root/darkmatter-depends/.build/usr/local/lib64/darkmatter/lib  -Wl,-rpath -Wl,/usr/local/lib64/darkmatter/lib -L/lib64 -L/usr/lib64 -L/root/darkmatter-depends/.build/usr/local/lib64/darkmatter/lib  -Wl,-rpath -Wl,/usr/local/lib64/darkmatter/lib --no-create --no-recursion

## --------- ##
## Platform. ##
## --------- ##

hostname = linux-j0lx
uname -m = x86_64
uname -r = 3.1.0-1.2-desktop
uname -s = Linux
uname -v = #1 SMP PREEMPT Thu Nov 3 14:45:45 UTC 2011 (187dde0)

/usr/bin/uname -p = unknown
/bin/uname -X     = unknown

/bin/arch              = x86_64
/usr/bin/arch -k       = unknown
/usr/convex/getsysinfo = unknown
/usr/bin/hostinfo      = unknown
/bin/machine           = unknown
/usr/bin/oslevel       = unknown
/bin/universe          = unknown

PATH: /root/darkmatter-depends/.build/usr/local/lib64/darkmatter/bin
PATH: /sbin
PATH: /bin
PATH: /usr/sbin
PATH: /usr/bin


## ----------- ##
## Core tests. ##
## ----------- ##

configure:1929: checking build system type
configure:1947: result: x86_64-unknown-linux-gnu
configure:1969: checking host system type
configure:1984: result: x86_64-unknown-linux-gnu
configure:2008: checking which template to use
configure:2108: result: linux
configure:2218: checking whether to build with 64-bit integer date/time support
configure:2254: result: yes
configure:2261: checking whether NLS is wanted
configure:2296: result: no
configure:2304: checking for default port number
configure:2334: result: 5432
configure:2760: checking for block size
configure:2801: result: 8kB
configure:2813: checking for segment size
configure:2847: result: 1GB
configure:2859: checking for WAL block size
configure:2901: result: 8kB
configure:2913: checking for WAL segment size
configure:2955: result: 16MB
configure:3121: checking for C compiler version
configure:3128: cc --version >&5
cc (SUSE Linux) 4.6.2
Copyright (C) 2011 Free Software Foundation, Inc.
This is free software; see the source for copying conditions.  There is NO
warranty; not even for MERCHANTABILITY or FITNESS FOR A PARTICULAR PURPOSE.

configure:3131: $? = 0
configure:3138: cc -v >&5
Using built-in specs.
COLLECT_GCC=cc
COLLECT_LTO_WRAPPER=/usr/lib64/gcc/x86_64-suse-linux/4.6/lto-wrapper
Target: x86_64-suse-linux
Configured with: ../configure --prefix=/usr --infodir=/usr/share/info --mandir=/usr/share/man --libdir=/usr/lib64 --libexecdir=/usr/lib64 --enable-languages=c,c++,objc,fortran,obj-c++,java,ada --enable-checking=release --with-gxx-include-dir=/usr/include/c++/4.6 --enable-ssp --disable-libssp --disable-plugin --with-bugurl=http://bugs.opensuse.org/ --with-pkgversion='SUSE Linux' --disable-libgcj --disable-libmudflap --with-slibdir=/lib64 --with-system-zlib --enable-__cxa_atexit --enable-libstdcxx-allocator=new --disable-libstdcxx-pch --enable-version-specific-runtime-libs --program-suffix=-4.6 --enable-linux-futex --without-system-libunwind --with-arch-32=i586 --with-tune=generic --build=x86_64-suse-linux
Thread model: posix
gcc version 4.6.2 (SUSE Linux) 
configure:3141: $? = 0
configure:3148: cc -V >&5
cc: error: unrecognized option '-V'
cc: fatal error: no input files
compilation terminated.
configure:3151: $? = 1
configure:3174: checking for C compiler default output file name
configure:3201: cc -fpic -fPIC -fpic -fPIC -pthread -I/root/darkmatter-depends/.build/usr/local/lib64/darkmatter/include -I/root/darkmatter-depends/.build/usr/local/lib64/darkmatter/include/ncurses -I/root/darkmatter-depends/.build/usr/local/lib64/darkmatter/include/libxml2 -L/lib64 -L/usr/lib64 -L/root/darkmatter-depends/.build/usr/local/lib64/darkmatter/lib  -Wl,-rpath -Wl,/usr/local/lib64/darkmatter/lib -L/lib64 -L/usr/lib64 -L/root/darkmatter-depends/.build/usr/local/lib64/darkmatter/lib  -Wl,-rpath -Wl,/usr/local/lib64/darkmatter/lib -lc -lm conftest.c -lc -lm >&5
configure:3204: $? = 0
configure:3242: result: a.out
configure:3259: checking whether the C compiler works
configure:3269: ./a.out
configure:3272: $? = 0
configure:3289: result: yes
configure:3296: checking whether we are cross compiling
configure:3298: result: no
configure:3301: checking for suffix of executables
configure:3308: cc -o conftest -fpic -fPIC -fpic -fPIC -pthread -I/root/darkmatter-depends/.build/usr/local/lib64/darkmatter/include -I/root/darkmatter-depends/.build/usr/local/lib64/darkmatter/include/ncurses -I/root/darkmatter-depends/.build/usr/local/lib64/darkmatter/include/libxml2 -L/lib64 -L/usr/lib64 -L/root/darkmatter-depends/.build/usr/local/lib64/darkmatter/lib  -Wl,-rpath -Wl,/usr/local/lib64/darkmatter/lib -L/lib64 -L/usr/lib64 -L/root/darkmatter-depends/.build/usr/local/lib64/darkmatter/lib  -Wl,-rpath -Wl,/usr/local/lib64/darkmatter/lib -lc -lm conftest.c -lc -lm >&5
configure:3311: $? = 0
configure:3335: result: 
configure:3341: checking for suffix of object files
configure:3367: cc -c -fpic -fPIC -fpic -fPIC -pthread -I/root/darkmatter-depends/.build/usr/local/lib64/darkmatter/include -I/root/darkmatter-depends/.build/usr/local/lib64/darkmatter/include/ncurses -I/root/darkmatter-depends/.build/usr/local/lib64/darkmatter/include/libxml2 conftest.c >&5
configure:3370: $? = 0
configure:3393: result: o
configure:3397: checking whether we are using the GNU C compiler
configure:3426: cc -c -fpic -fPIC -fpic -fPIC -pthread -I/root/darkmatter-depends/.build/usr/local/lib64/darkmatter/include -I/root/darkmatter-depends/.build/usr/local/lib64/darkmatter/include/ncurses -I/root/darkmatter-depends/.build/usr/local/lib64/darkmatter/include/libxml2 conftest.c >&5
configure:3432: $? = 0
configure:3449: result: yes
configure:3454: checking whether cc accepts -g
configure:3484: cc -c -g -I/root/darkmatter-depends/.build/usr/local/lib64/darkmatter/include -I/root/darkmatter-depends/.build/usr/local/lib64/darkmatter/include/ncurses -I/root/darkmatter-depends/.build/usr/local/lib64/darkmatter/include/libxml2 conftest.c >&5
configure:3490: $? = 0
configure:3589: result: yes
configure:3606: checking for cc option to accept ISO C89
configure:3680: cc  -c -fpic -fPIC -fpic -fPIC -pthread -I/root/darkmatter-depends/.build/usr/local/lib64/darkmatter/include -I/root/darkmatter-depends/.build/usr/local/lib64/darkmatter/include/ncurses -I/root/darkmatter-depends/.build/usr/local/lib64/darkmatter/include/libxml2 conftest.c >&5
configure:3686: $? = 0
configure:3709: result: none needed
configure:3755: cc -c -fpic -fPIC -fpic -fPIC -pthread -I/root/darkmatter-depends/.build/usr/local/lib64/darkmatter/include -I/root/darkmatter-depends/.build/usr/local/lib64/darkmatter/include/ncurses -I/root/darkmatter-depends/.build/usr/local/lib64/darkmatter/include/libxml2 conftest.c >&5
conftest.c: In function 'main':
conftest.c:22:1: error: unknown type name 'choke'
configure:3761: $? = 1
configure: failed program was:
| /* confdefs.h.  */
| #define PACKAGE_NAME "PostgreSQL"
| #define PACKAGE_TARNAME "postgresql"
| #define PACKAGE_VERSION "8.4.0"
| #define PACKAGE_STRING "PostgreSQL 8.4.0"
| #define PACKAGE_BUGREPORT "pgsql-bugs@postgresql.org"
| #define PG_VERSION "8.4.0"
| #define PG_MAJORVERSION "8.4"
| #define USE_INTEGER_DATETIMES 1
| #define DEF_PGPORT 5432
| #define DEF_PGPORT_STR "5432"
| #define BLCKSZ 8192
| #define RELSEG_SIZE 131072
| #define XLOG_BLCKSZ 8192
| #define XLOG_SEG_SIZE (16 * 1024 * 1024)
| /* end confdefs.h.  */
| 
| int
| main ()
| {
| #ifndef __INTEL_COMPILER
| choke me
| #endif
|   ;
|   return 0;
| }
configure:3801: cc -c -fpic -fPIC -fpic -fPIC -pthread -I/root/darkmatter-depends/.build/usr/local/lib64/darkmatter/include -I/root/darkmatter-depends/.build/usr/local/lib64/darkmatter/include/ncurses -I/root/darkmatter-depends/.build/usr/local/lib64/darkmatter/include/libxml2 conftest.c >&5
conftest.c: In function 'main':
conftest.c:22:1: error: unknown type name 'choke'
configure:3807: $? = 1
configure: failed program was:
| /* confdefs.h.  */
| #define PACKAGE_NAME "PostgreSQL"
| #define PACKAGE_TARNAME "postgresql"
| #define PACKAGE_VERSION "8.4.0"
| #define PACKAGE_STRING "PostgreSQL 8.4.0"
| #define PACKAGE_BUGREPORT "pgsql-bugs@postgresql.org"
| #define PG_VERSION "8.4.0"
| #define PG_MAJORVERSION "8.4"
| #define USE_INTEGER_DATETIMES 1
| #define DEF_PGPORT 5432
| #define DEF_PGPORT_STR "5432"
| #define BLCKSZ 8192
| #define RELSEG_SIZE 131072
| #define XLOG_BLCKSZ 8192
| #define XLOG_SEG_SIZE (16 * 1024 * 1024)
| /* end confdefs.h.  */
| 
| int
| main ()
| {
| #ifndef __SUNPRO_C
| choke me
| #endif
|   ;
|   return 0;
| }
configure:3861: checking if cc supports -Wdeclaration-after-statement
configure:3886: cc -c -fpic -fPIC -fpic -fPIC -pthread -Wall -Wmissing-prototypes -Wpointer-arith -Wdeclaration-after-statement -I/root/darkmatter-depends/.build/usr/local/lib64/darkmatter/include -I/root/darkmatter-depends/.build/usr/local/lib64/darkmatter/include/ncurses -I/root/darkmatter-depends/.build/usr/local/lib64/darkmatter/include/libxml2 -D_GNU_SOURCE conftest.c >&5
configure:3892: $? = 0
configure:3897: result: yes
configure:3910: checking if cc supports -Wendif-labels
configure:3935: cc -c -fpic -fPIC -fpic -fPIC -pthread -Wall -Wmissing-prototypes -Wpointer-arith -Wdeclaration-after-statement -Wendif-labels -I/root/darkmatter-depends/.build/usr/local/lib64/darkmatter/include -I/root/darkmatter-depends/.build/usr/local/lib64/darkmatter/include/ncurses -I/root/darkmatter-depends/.build/usr/local/lib64/darkmatter/include/libxml2 -D_GNU_SOURCE conftest.c >&5
configure:3941: $? = 0
configure:3946: result: yes
configure:3960: checking if cc supports -fno-strict-aliasing
configure:3985: cc -c -fpic -fPIC -fpic -fPIC -pthread -Wall -Wmissing-prototypes -Wpointer-arith -Wdeclaration-after-statement -Wendif-labels -fno-strict-aliasing -I/root/darkmatter-depends/.build/usr/local/lib64/darkmatter/include -I/root/darkmatter-depends/.build/usr/local/lib64/darkmatter/include/ncurses -I/root/darkmatter-depends/.build/usr/local/lib64/darkmatter/include/libxml2 -D_GNU_SOURCE conftest.c >&5
configure:3991: $? = 0
configure:3996: result: yes
configure:4010: checking if cc supports -fwrapv
configure:4035: cc -c -fpic -fPIC -fpic -fPIC -pthread -Wall -Wmissing-prototypes -Wpointer-arith -Wdeclaration-after-statement -Wendif-labels -fno-strict-aliasing -fwrapv -I/root/darkmatter-depends/.build/usr/local/lib64/darkmatter/include -I/root/darkmatter-depends/.build/usr/local/lib64/darkmatter/include/ncurses -I/root/darkmatter-depends/.build/usr/local/lib64/darkmatter/include/libxml2 -D_GNU_SOURCE conftest.c >&5
configure:4041: $? = 0
configure:4046: result: yes
configure:4252: checking whether the C compiler still works
configure:4275: cc -o conftest -fpic -fPIC -fpic -fPIC -pthread -Wall -Wmissing-prototypes -Wpointer-arith -Wdeclaration-after-statement -Wendif-labels -fno-strict-aliasing -fwrapv -I/root/darkmatter-depends/.build/usr/local/lib64/darkmatter/include -I/root/darkmatter-depends/.build/usr/local/lib64/darkmatter/include/ncurses -I/root/darkmatter-depends/.build/usr/local/lib64/darkmatter/include/libxml2 -D_GNU_SOURCE -L/lib64 -L/usr/lib64 -L/root/darkmatter-depends/.build/usr/local/lib64/darkmatter/lib  -Wl,-rpath -Wl,/usr/local/lib64/darkmatter/lib -L/lib64 -L/usr/lib64 -L/root/darkmatter-depends/.build/usr/local/lib64/darkmatter/lib  -Wl,-rpath -Wl,/usr/local/lib64/darkmatter/lib -lc -lm conftest.c -lc -lm >&5
configure:4281: $? = 0
configure:4287: result: yes
configure:4328: cc -c -fpic -fPIC -fpic -fPIC -pthread -Wall -Wmissing-prototypes -Wpointer-arith -Wdeclaration-after-statement -Wendif-labels -fno-strict-aliasing -fwrapv -I/root/darkmatter-depends/.build/usr/local/lib64/darkmatter/include -I/root/darkmatter-depends/.build/usr/local/lib64/darkmatter/include/ncurses -I/root/darkmatter-depends/.build/usr/local/lib64/darkmatter/include/libxml2 -D_GNU_SOURCE conftest.c >&5
configure:4334: $? = 0
configure:4357: checking how to run the C preprocessor
configure:4397: cc -E -I/root/darkmatter-depends/.build/usr/local/lib64/darkmatter/include -I/root/darkmatter-depends/.build/usr/local/lib64/darkmatter/include/ncurses -I/root/darkmatter-depends/.build/usr/local/lib64/darkmatter/include/libxml2 -D_GNU_SOURCE conftest.c
configure:4403: $? = 0
configure:4434: cc -E -I/root/darkmatter-depends/.build/usr/local/lib64/darkmatter/include -I/root/darkmatter-depends/.build/usr/local/lib64/darkmatter/include/ncurses -I/root/darkmatter-depends/.build/usr/local/lib64/darkmatter/include/libxml2 -D_GNU_SOURCE conftest.c
conftest.c:17:28: fatal error: ac_nonexistent.h: No such file or directory
compilation terminated.
configure:4440: $? = 1
configure: failed program was:
| /* confdefs.h.  */
| #define PACKAGE_NAME "PostgreSQL"
| #define PACKAGE_TARNAME "postgresql"
| #define PACKAGE_VERSION "8.4.0"
| #define PACKAGE_STRING "PostgreSQL 8.4.0"
| #define PACKAGE_BUGREPORT "pgsql-bugs@postgresql.org"
| #define PG_VERSION "8.4.0"
| #define PG_MAJORVERSION "8.4"
| #define USE_INTEGER_DATETIMES 1
| #define DEF_PGPORT 5432
| #define DEF_PGPORT_STR "5432"
| #define BLCKSZ 8192
| #define RELSEG_SIZE 131072
| #define XLOG_BLCKSZ 8192
| #define XLOG_SEG_SIZE (16 * 1024 * 1024)
| /* end confdefs.h.  */
| #include <ac_nonexistent.h>
configure:4473: result: cc -E
configure:4502: cc -E -I/root/darkmatter-depends/.build/usr/local/lib64/darkmatter/include -I/root/darkmatter-depends/.build/usr/local/lib64/darkmatter/include/ncurses -I/root/darkmatter-depends/.build/usr/local/lib64/darkmatter/include/libxml2 -D_GNU_SOURCE conftest.c
configure:4508: $? = 0
configure:4539: cc -E -I/root/darkmatter-depends/.build/usr/local/lib64/darkmatter/include -I/root/darkmatter-depends/.build/usr/local/lib64/darkmatter/include/ncurses -I/root/darkmatter-depends/.build/usr/local/lib64/darkmatter/include/libxml2 -D_GNU_SOURCE conftest.c
conftest.c:17:28: fatal error: ac_nonexistent.h: No such file or directory
compilation terminated.
configure:4545: $? = 1
configure: failed program was:
| /* confdefs.h.  */
| #define PACKAGE_NAME "PostgreSQL"
| #define PACKAGE_TARNAME "postgresql"
| #define PACKAGE_VERSION "8.4.0"
| #define PACKAGE_STRING "PostgreSQL 8.4.0"
| #define PACKAGE_BUGREPORT "pgsql-bugs@postgresql.org"
| #define PG_VERSION "8.4.0"
| #define PG_MAJORVERSION "8.4"
| #define USE_INTEGER_DATETIMES 1
| #define DEF_PGPORT 5432
| #define DEF_PGPORT_STR "5432"
| #define BLCKSZ 8192
| #define RELSEG_SIZE 131072
| #define XLOG_BLCKSZ 8192
| #define XLOG_SEG_SIZE (16 * 1024 * 1024)
| /* end confdefs.h.  */
| #include <ac_nonexistent.h>
configure:4704: checking allow thread-safe client libraries
configure:4798: result: yes
configure:4805: checking whether to build with Tcl
configure:4834: result: no
configure:4871: checking whether to build Perl modules
configure:4900: result: no
configure:4907: checking whether to build Python modules
configure:4936: result: no
configure:4943: checking whether to build with GSSAPI support
configure:4979: result: no
configure:4986: checking whether to build with Kerberos 5 support
configure:5022: result: no
configure:5071: checking whether to build with PAM support
configure:5104: result: yes
configure:5112: checking whether to build with LDAP support
configure:5145: result: no
configure:5153: checking whether to build with Bonjour support
configure:5186: result: no
configure:5194: checking whether to build with OpenSSL support
configure:5227: result: yes
configure:5546: checking for grep that handles long lines and -e
configure:5620: result: /bin/grep
configure:5625: checking for egrep
configure:5703: result: /bin/grep -E
configure:5753: checking for ld used by GCC
configure:5816: result: /usr/x86_64-suse-linux/bin/ld
configure:5825: checking if the linker (/usr/x86_64-suse-linux/bin/ld) is GNU ld
GNU ld (GNU Binutils; openSUSE 12.1) 2.21.1
configure:5837: result: yes
configure:5946: checking for ranlib
configure:5962: found /usr/bin/ranlib
configure:5973: result: ranlib
configure:6043: checking for strip
configure:6059: found /usr/bin/strip
configure:6070: result: strip
configure:6097: checking whether it is possible to strip libraries
configure:6102: result: yes
configure:6156: checking for ar
configure:6172: found /usr/bin/ar
configure:6183: result: ar
configure:6502: checking for tar
configure:6520: found /bin/tar
configure:6532: result: /bin/tar
configure:6540: checking whether ln -s works
configure:6544: result: yes
configure:6555: checking for gawk
configure:6571: found /bin/gawk
configure:6582: result: gawk
configure:6600: checking for bison
configure:6630: result: no
configure:6662: WARNING:
*** Without Bison you will not be able to build PostgreSQL from CVS nor
*** change any of the parser definition files.  You can obtain Bison from
*** a GNU mirror site.  (If you are using the official distribution of
*** PostgreSQL then you do not need to worry about this, because the Bison
*** output is pre-generated.)
configure:6673: checking for flex
configure:6712: result: no
configure:6729: WARNING:
*** Without Flex you will not be able to build PostgreSQL from CVS or
*** change any of the scanner definition files.  You can obtain Flex from
*** a GNU mirror site.  (If you are using the official distribution of
*** PostgreSQL then you do not need to worry about this because the Flex
*** output is pre-generated.)
configure:6751: checking for perl
configure:6769: found /usr/bin/perl
configure:6781: result: /usr/bin/perl
configure:7013: checking for main in -lm
configure:7042: cc -o conftest -fpic -fPIC -fpic -fPIC -pthread -Wall -Wmissing-prototypes -Wpointer-arith -Wdeclaration-after-statement -Wendif-labels -fno-strict-aliasing -fwrapv -I/root/darkmatter-depends/.build/usr/local/lib64/darkmatter/include -I/root/darkmatter-depends/.build/usr/local/lib64/darkmatter/include/ncurses -I/root/darkmatter-depends/.build/usr/local/lib64/darkmatter/include/libxml2 -D_GNU_SOURCE  -L/lib64 -L/usr/lib64 -L/root/darkmatter-depends/.build/usr/local/lib64/darkmatter/lib  -Wl,-rpath -Wl,/usr/local/lib64/darkmatter/lib -L/lib64 -L/usr/lib64 -L/root/darkmatter-depends/.build/usr/local/lib64/darkmatter/lib  -Wl,-rpath -Wl,/usr/local/lib64/darkmatter/lib -lc -lm  conftest.c -lm  -lc -lm >&5
configure:7048: $? = 0
configure:7066: result: yes
configure:7077: checking for library containing setproctitle
configure:7118: cc -o conftest -fpic -fPIC -fpic -fPIC -pthread -Wall -Wmissing-prototypes -Wpointer-arith -Wdeclaration-after-statement -Wendif-labels -fno-strict-aliasing -fwrapv -I/root/darkmatter-depends/.build/usr/local/lib64/darkmatter/include -I/root/darkmatter-depends/.build/usr/local/lib64/darkmatter/include/ncurses -I/root/darkmatter-depends/.build/usr/local/lib64/darkmatter/include/libxml2 -D_GNU_SOURCE  -L/lib64 -L/usr/lib64 -L/root/darkmatter-depends/.build/usr/local/lib64/darkmatter/lib  -Wl,-rpath -Wl,/usr/local/lib64/darkmatter/lib -L/lib64 -L/usr/lib64 -L/root/darkmatter-depends/.build/usr/local/lib64/darkmatter/lib  -Wl,-rpath -Wl,/usr/local/lib64/darkmatter/lib -lc -lm  conftest.c -lm -lc -lm >&5
/tmp/cchZeYMo.o: In function `main':
conftest.c:(.text+0xa): undefined reference to `setproctitle'
collect2: ld returned 1 exit status
configure:7124: $? = 1
configure: failed program was:
| /* confdefs.h.  */
| #define PACKAGE_NAME "PostgreSQL"
| #define PACKAGE_TARNAME "postgresql"
| #define PACKAGE_VERSION "8.4.0"
| #define PACKAGE_STRING "PostgreSQL 8.4.0"
| #define PACKAGE_BUGREPORT "pgsql-bugs@postgresql.org"
| #define PG_VERSION "8.4.0"
| #define PG_MAJORVERSION "8.4"
| #define USE_INTEGER_DATETIMES 1
| #define DEF_PGPORT 5432
| #define DEF_PGPORT_STR "5432"
| #define BLCKSZ 8192
| #define RELSEG_SIZE 131072
| #define XLOG_BLCKSZ 8192
| #define XLOG_SEG_SIZE (16 * 1024 * 1024)
| #define ENABLE_THREAD_SAFETY 1
| #define PG_KRB_SRVNAM "postgres"
| #define USE_PAM 1
| #define USE_SSL 1
| #define HAVE_LIBM 1
| /* end confdefs.h.  */
| 
| /* Override any GCC internal prototype to avoid an error.
|    Use char because int might match the return type of a GCC
|    builtin and then its argument prototype would still apply.  */
| #ifdef __cplusplus
| extern "C"
| #endif
| char setproctitle ();
| int
| main ()
| {
| return setproctitle ();
|   ;
|   return 0;
| }
configure:7118: cc -o conftest -fpic -fPIC -fpic -fPIC -pthread -Wall -Wmissing-prototypes -Wpointer-arith -Wdeclaration-after-statement -Wendif-labels -fno-strict-aliasing -fwrapv -I/root/darkmatter-depends/.build/usr/local/lib64/darkmatter/include -I/root/darkmatter-depends/.build/usr/local/lib64/darkmatter/include/ncurses -I/root/darkmatter-depends/.build/usr/local/lib64/darkmatter/include/libxml2 -D_GNU_SOURCE  -L/lib64 -L/usr/lib64 -L/root/darkmatter-depends/.build/usr/local/lib64/darkmatter/lib  -Wl,-rpath -Wl,/usr/local/lib64/darkmatter/lib -L/lib64 -L/usr/lib64 -L/root/darkmatter-depends/.build/usr/local/lib64/darkmatter/lib  -Wl,-rpath -Wl,/usr/local/lib64/darkmatter/lib -lc -lm  conftest.c -lutil  -lm -lc -lm >&5
/tmp/ccyvc0tq.o: In function `main':
conftest.c:(.text+0xa): undefined reference to `setproctitle'
collect2: ld returned 1 exit status
configure:7124: $? = 1
configure: failed program was:
| /* confdefs.h.  */
| #define PACKAGE_NAME "PostgreSQL"
| #define PACKAGE_TARNAME "postgresql"
| #define PACKAGE_VERSION "8.4.0"
| #define PACKAGE_STRING "PostgreSQL 8.4.0"
| #define PACKAGE_BUGREPORT "pgsql-bugs@postgresql.org"
| #define PG_VERSION "8.4.0"
| #define PG_MAJORVERSION "8.4"
| #define USE_INTEGER_DATETIMES 1
| #define DEF_PGPORT 5432
| #define DEF_PGPORT_STR "5432"
| #define BLCKSZ 8192
| #define RELSEG_SIZE 131072
| #define XLOG_BLCKSZ 8192
| #define XLOG_SEG_SIZE (16 * 1024 * 1024)
| #define ENABLE_THREAD_SAFETY 1
| #define PG_KRB_SRVNAM "postgres"
| #define USE_PAM 1
| #define USE_SSL 1
| #define HAVE_LIBM 1
| /* end confdefs.h.  */
| 
| /* Override any GCC internal prototype to avoid an error.
|    Use char because int might match the return type of a GCC
|    builtin and then its argument prototype would still apply.  */
| #ifdef __cplusplus
| extern "C"
| #endif
| char setproctitle ();
| int
| main ()
| {
| return setproctitle ();
|   ;
|   return 0;
| }
configure:7152: result: no
configure:7160: checking for library containing dlopen
configure:7201: cc -o conftest -fpic -fPIC -fpic -fPIC -pthread -Wall -Wmissing-prototypes -Wpointer-arith -Wdeclaration-after-statement -Wendif-labels -fno-strict-aliasing -fwrapv -I/root/darkmatter-depends/.build/usr/local/lib64/darkmatter/include -I/root/darkmatter-depends/.build/usr/local/lib64/darkmatter/include/ncurses -I/root/darkmatter-depends/.build/usr/local/lib64/darkmatter/include/libxml2 -D_GNU_SOURCE  -L/lib64 -L/usr/lib64 -L/root/darkmatter-depends/.build/usr/local/lib64/darkmatter/lib  -Wl,-rpath -Wl,/usr/local/lib64/darkmatter/lib -L/lib64 -L/usr/lib64 -L/root/darkmatter-depends/.build/usr/local/lib64/darkmatter/lib  -Wl,-rpath -Wl,/usr/local/lib64/darkmatter/lib -lc -lm  conftest.c -lm -lc -lm >&5
/tmp/cc68gGtw.o: In function `main':
conftest.c:(.text+0xa): undefined reference to `dlopen'
collect2: ld returned 1 exit status
configure:7207: $? = 1
configure: failed program was:
| /* confdefs.h.  */
| #define PACKAGE_NAME "PostgreSQL"
| #define PACKAGE_TARNAME "postgresql"
| #define PACKAGE_VERSION "8.4.0"
| #define PACKAGE_STRING "PostgreSQL 8.4.0"
| #define PACKAGE_BUGREPORT "pgsql-bugs@postgresql.org"
| #define PG_VERSION "8.4.0"
| #define PG_MAJORVERSION "8.4"
| #define USE_INTEGER_DATETIMES 1
| #define DEF_PGPORT 5432
| #define DEF_PGPORT_STR "5432"
| #define BLCKSZ 8192
| #define RELSEG_SIZE 131072
| #define XLOG_BLCKSZ 8192
| #define XLOG_SEG_SIZE (16 * 1024 * 1024)
| #define ENABLE_THREAD_SAFETY 1
| #define PG_KRB_SRVNAM "postgres"
| #define USE_PAM 1
| #define USE_SSL 1
| #define HAVE_LIBM 1
| /* end confdefs.h.  */
| 
| /* Override any GCC internal prototype to avoid an error.
|    Use char because int might match the return type of a GCC
|    builtin and then its argument prototype would still apply.  */
| #ifdef __cplusplus
| extern "C"
| #endif
| char dlopen ();
| int
| main ()
| {
| return dlopen ();
|   ;
|   return 0;
| }
configure:7201: cc -o conftest -fpic -fPIC -fpic -fPIC -pthread -Wall -Wmissing-prototypes -Wpointer-arith -Wdeclaration-after-statement -Wendif-labels -fno-strict-aliasing -fwrapv -I/root/darkmatter-depends/.build/usr/local/lib64/darkmatter/include -I/root/darkmatter-depends/.build/usr/local/lib64/darkmatter/include/ncurses -I/root/darkmatter-depends/.build/usr/local/lib64/darkmatter/include/libxml2 -D_GNU_SOURCE  -L/lib64 -L/usr/lib64 -L/root/darkmatter-depends/.build/usr/local/lib64/darkmatter/lib  -Wl,-rpath -Wl,/usr/local/lib64/darkmatter/lib -L/lib64 -L/usr/lib64 -L/root/darkmatter-depends/.build/usr/local/lib64/darkmatter/lib  -Wl,-rpath -Wl,/usr/local/lib64/darkmatter/lib -lc -lm  conftest.c -ldl  -lm -lc -lm >&5
configure:7207: $? = 0
configure:7235: result: -ldl
configure:7243: checking for library containing socket
configure:7284: cc -o conftest -fpic -fPIC -fpic -fPIC -pthread -Wall -Wmissing-prototypes -Wpointer-arith -Wdeclaration-after-statement -Wendif-labels -fno-strict-aliasing -fwrapv -I/root/darkmatter-depends/.build/usr/local/lib64/darkmatter/include -I/root/darkmatter-depends/.build/usr/local/lib64/darkmatter/include/ncurses -I/root/darkmatter-depends/.build/usr/local/lib64/darkmatter/include/libxml2 -D_GNU_SOURCE  -L/lib64 -L/usr/lib64 -L/root/darkmatter-depends/.build/usr/local/lib64/darkmatter/lib  -Wl,-rpath -Wl,/usr/local/lib64/darkmatter/lib -L/lib64 -L/usr/lib64 -L/root/darkmatter-depends/.build/usr/local/lib64/darkmatter/lib  -Wl,-rpath -Wl,/usr/local/lib64/darkmatter/lib -lc -lm  conftest.c -ldl -lm -lc -lm >&5
configure:7290: $? = 0
configure:7318: result: none required
configure:7326: checking for library containing shl_load
configure:7367: cc -o conftest -fpic -fPIC -fpic -fPIC -pthread -Wall -Wmissing-prototypes -Wpointer-arith -Wdeclaration-after-statement -Wendif-labels -fno-strict-aliasing -fwrapv -I/root/darkmatter-depends/.build/usr/local/lib64/darkmatter/include -I/root/darkmatter-depends/.build/usr/local/lib64/darkmatter/include/ncurses -I/root/darkmatter-depends/.build/usr/local/lib64/darkmatter/include/libxml2 -D_GNU_SOURCE  -L/lib64 -L/usr/lib64 -L/root/darkmatter-depends/.build/usr/local/lib64/darkmatter/lib  -Wl,-rpath -Wl,/usr/local/lib64/darkmatter/lib -L/lib64 -L/usr/lib64 -L/root/darkmatter-depends/.build/usr/local/lib64/darkmatter/lib  -Wl,-rpath -Wl,/usr/local/lib64/darkmatter/lib -lc -lm  conftest.c -ldl -lm -lc -lm >&5
/tmp/cc9i6G6x.o: In function `main':
conftest.c:(.text+0xa): undefined reference to `shl_load'
collect2: ld returned 1 exit status
configure:7373: $? = 1
configure: failed program was:
| /* confdefs.h.  */
| #define PACKAGE_NAME "PostgreSQL"
| #define PACKAGE_TARNAME "postgresql"
| #define PACKAGE_VERSION "8.4.0"
| #define PACKAGE_STRING "PostgreSQL 8.4.0"
| #define PACKAGE_BUGREPORT "pgsql-bugs@postgresql.org"
| #define PG_VERSION "8.4.0"
| #define PG_MAJORVERSION "8.4"
| #define USE_INTEGER_DATETIMES 1
| #define DEF_PGPORT 5432
| #define DEF_PGPORT_STR "5432"
| #define BLCKSZ 8192
| #define RELSEG_SIZE 131072
| #define XLOG_BLCKSZ 8192
| #define XLOG_SEG_SIZE (16 * 1024 * 1024)
| #define ENABLE_THREAD_SAFETY 1
| #define PG_KRB_SRVNAM "postgres"
| #define USE_PAM 1
| #define USE_SSL 1
| #define HAVE_LIBM 1
| /* end confdefs.h.  */
| 
| /* Override any GCC internal prototype to avoid an error.
|    Use char because int might match the return type of a GCC
|    builtin and then its argument prototype would still apply.  */
| #ifdef __cplusplus
| extern "C"
| #endif
| char shl_load ();
| int
| main ()
| {
| return shl_load ();
|   ;
|   return 0;
| }
configure:7367: cc -o conftest -fpic -fPIC -fpic -fPIC -pthread -Wall -Wmissing-prototypes -Wpointer-arith -Wdeclaration-after-statement -Wendif-labels -fno-strict-aliasing -fwrapv -I/root/darkmatter-depends/.build/usr/local/lib64/darkmatter/include -I/root/darkmatter-depends/.build/usr/local/lib64/darkmatter/include/ncurses -I/root/darkmatter-depends/.build/usr/local/lib64/darkmatter/include/libxml2 -D_GNU_SOURCE  -L/lib64 -L/usr/lib64 -L/root/darkmatter-depends/.build/usr/local/lib64/darkmatter/lib  -Wl,-rpath -Wl,/usr/local/lib64/darkmatter/lib -L/lib64 -L/usr/lib64 -L/root/darkmatter-depends/.build/usr/local/lib64/darkmatter/lib  -Wl,-rpath -Wl,/usr/local/lib64/darkmatter/lib -lc -lm  conftest.c -ldld  -ldl -lm -lc -lm >&5
/usr/lib64/gcc/x86_64-suse-linux/4.6/../../../../x86_64-suse-linux/bin/ld: cannot find -ldld
collect2: ld returned 1 exit status
configure:7373: $? = 1
configure: failed program was:
| /* confdefs.h.  */
| #define PACKAGE_NAME "PostgreSQL"
| #define PACKAGE_TARNAME "postgresql"
| #define PACKAGE_VERSION "8.4.0"
| #define PACKAGE_STRING "PostgreSQL 8.4.0"
| #define PACKAGE_BUGREPORT "pgsql-bugs@postgresql.org"
| #define PG_VERSION "8.4.0"
| #define PG_MAJORVERSION "8.4"
| #define USE_INTEGER_DATETIMES 1
| #define DEF_PGPORT 5432
| #define DEF_PGPORT_STR "5432"
| #define BLCKSZ 8192
| #define RELSEG_SIZE 131072
| #define XLOG_BLCKSZ 8192
| #define XLOG_SEG_SIZE (16 * 1024 * 1024)
| #define ENABLE_THREAD_SAFETY 1
| #define PG_KRB_SRVNAM "postgres"
| #define USE_PAM 1
| #define USE_SSL 1
| #define HAVE_LIBM 1
| /* end confdefs.h.  */
| 
| /* Override any GCC internal prototype to avoid an error.
|    Use char because int might match the return type of a GCC
|    builtin and then its argument prototype would still apply.  */
| #ifdef __cplusplus
| extern "C"
| #endif
| char shl_load ();
| int
| main ()
| {
| return shl_load ();
|   ;
|   return 0;
| }
configure:7401: result: no
configure:7497: checking for library containing getopt_long
configure:7538: cc -o conftest -fpic -fPIC -fpic -fPIC -pthread -Wall -Wmissing-prototypes -Wpointer-arith -Wdeclaration-after-statement -Wendif-labels -fno-strict-aliasing -fwrapv -I/root/darkmatter-depends/.build/usr/local/lib64/darkmatter/include -I/root/darkmatter-depends/.build/usr/local/lib64/darkmatter/include/ncurses -I/root/darkmatter-depends/.build/usr/local/lib64/darkmatter/include/libxml2 -D_GNU_SOURCE  -L/lib64 -L/usr/lib64 -L/root/darkmatter-depends/.build/usr/local/lib64/darkmatter/lib  -Wl,-rpath -Wl,/usr/local/lib64/darkmatter/lib -L/lib64 -L/usr/lib64 -L/root/darkmatter-depends/.build/usr/local/lib64/darkmatter/lib  -Wl,-rpath -Wl,/usr/local/lib64/darkmatter/lib -lc -lm  conftest.c -ldl -lm -lc -lm >&5
configure:7544: $? = 0
configure:7572: result: none required
configure:7580: checking for library containing crypt
configure:7621: cc -o conftest -fpic -fPIC -fpic -fPIC -pthread -Wall -Wmissing-prototypes -Wpointer-arith -Wdeclaration-after-statement -Wendif-labels -fno-strict-aliasing -fwrapv -I/root/darkmatter-depends/.build/usr/local/lib64/darkmatter/include -I/root/darkmatter-depends/.build/usr/local/lib64/darkmatter/include/ncurses -I/root/darkmatter-depends/.build/usr/local/lib64/darkmatter/include/libxml2 -D_GNU_SOURCE  -L/lib64 -L/usr/lib64 -L/root/darkmatter-depends/.build/usr/local/lib64/darkmatter/lib  -Wl,-rpath -Wl,/usr/local/lib64/darkmatter/lib -L/lib64 -L/usr/lib64 -L/root/darkmatter-depends/.build/usr/local/lib64/darkmatter/lib  -Wl,-rpath -Wl,/usr/local/lib64/darkmatter/lib -lc -lm  conftest.c -ldl -lm -lc -lm >&5
/tmp/cc2byv8H.o: In function `main':
conftest.c:(.text+0xa): undefined reference to `crypt'
collect2: ld returned 1 exit status
configure:7627: $? = 1
configure: failed program was:
| /* confdefs.h.  */
| #define PACKAGE_NAME "PostgreSQL"
| #define PACKAGE_TARNAME "postgresql"
| #define PACKAGE_VERSION "8.4.0"
| #define PACKAGE_STRING "PostgreSQL 8.4.0"
| #define PACKAGE_BUGREPORT "pgsql-bugs@postgresql.org"
| #define PG_VERSION "8.4.0"
| #define PG_MAJORVERSION "8.4"
| #define USE_INTEGER_DATETIMES 1
| #define DEF_PGPORT 5432
| #define DEF_PGPORT_STR "5432"
| #define BLCKSZ 8192
| #define RELSEG_SIZE 131072
| #define XLOG_BLCKSZ 8192
| #define XLOG_SEG_SIZE (16 * 1024 * 1024)
| #define ENABLE_THREAD_SAFETY 1
| #define PG_KRB_SRVNAM "postgres"
| #define USE_PAM 1
| #define USE_SSL 1
| #define HAVE_LIBM 1
| /* end confdefs.h.  */
| 
| /* Override any GCC internal prototype to avoid an error.
|    Use char because int might match the return type of a GCC
|    builtin and then its argument prototype would still apply.  */
| #ifdef __cplusplus
| extern "C"
| #endif
| char crypt ();
| int
| main ()
| {
| return crypt ();
|   ;
|   return 0;
| }
configure:7621: cc -o conftest -fpic -fPIC -fpic -fPIC -pthread -Wall -Wmissing-prototypes -Wpointer-arith -Wdeclaration-after-statement -Wendif-labels -fno-strict-aliasing -fwrapv -I/root/darkmatter-depends/.build/usr/local/lib64/darkmatter/include -I/root/darkmatter-depends/.build/usr/local/lib64/darkmatter/include/ncurses -I/root/darkmatter-depends/.build/usr/local/lib64/darkmatter/include/libxml2 -D_GNU_SOURCE  -L/lib64 -L/usr/lib64 -L/root/darkmatter-depends/.build/usr/local/lib64/darkmatter/lib  -Wl,-rpath -Wl,/usr/local/lib64/darkmatter/lib -L/lib64 -L/usr/lib64 -L/root/darkmatter-depends/.build/usr/local/lib64/darkmatter/lib  -Wl,-rpath -Wl,/usr/local/lib64/darkmatter/lib -lc -lm  conftest.c -lcrypt  -ldl -lm -lc -lm >&5
configure:7627: $? = 0
configure:7655: result: -lcrypt
configure:7664: checking for library containing fdatasync
configure:7705: cc -o conftest -fpic -fPIC -fpic -fPIC -pthread -Wall -Wmissing-prototypes -Wpointer-arith -Wdeclaration-after-statement -Wendif-labels -fno-strict-aliasing -fwrapv -I/root/darkmatter-depends/.build/usr/local/lib64/darkmatter/include -I/root/darkmatter-depends/.build/usr/local/lib64/darkmatter/include/ncurses -I/root/darkmatter-depends/.build/usr/local/lib64/darkmatter/include/libxml2 -D_GNU_SOURCE  -L/lib64 -L/usr/lib64 -L/root/darkmatter-depends/.build/usr/local/lib64/darkmatter/lib  -Wl,-rpath -Wl,/usr/local/lib64/darkmatter/lib -L/lib64 -L/usr/lib64 -L/root/darkmatter-depends/.build/usr/local/lib64/darkmatter/lib  -Wl,-rpath -Wl,/usr/local/lib64/darkmatter/lib -lc -lm  conftest.c -lcrypt -ldl -lm -lc -lm >&5
configure:7711: $? = 0
configure:7739: result: none required
configure:7749: checking for library containing gethostbyname_r
configure:7790: cc -o conftest -fpic -fPIC -fpic -fPIC -pthread -Wall -Wmissing-prototypes -Wpointer-arith -Wdeclaration-after-statement -Wendif-labels -fno-strict-aliasing -fwrapv -I/root/darkmatter-depends/.build/usr/local/lib64/darkmatter/include -I/root/darkmatter-depends/.build/usr/local/lib64/darkmatter/include/ncurses -I/root/darkmatter-depends/.build/usr/local/lib64/darkmatter/include/libxml2 -D_GNU_SOURCE  -L/lib64 -L/usr/lib64 -L/root/darkmatter-depends/.build/usr/local/lib64/darkmatter/lib  -Wl,-rpath -Wl,/usr/local/lib64/darkmatter/lib -L/lib64 -L/usr/lib64 -L/root/darkmatter-depends/.build/usr/local/lib64/darkmatter/lib  -Wl,-rpath -Wl,/usr/local/lib64/darkmatter/lib -lc -lm  conftest.c -lcrypt -ldl -lm -lc -lm >&5
configure:7796: $? = 0
configure:7824: result: none required
configure:7833: checking for library containing shmget
configure:7874: cc -o conftest -fpic -fPIC -fpic -fPIC -pthread -Wall -Wmissing-prototypes -Wpointer-arith -Wdeclaration-after-statement -Wendif-labels -fno-strict-aliasing -fwrapv -I/root/darkmatter-depends/.build/usr/local/lib64/darkmatter/include -I/root/darkmatter-depends/.build/usr/local/lib64/darkmatter/include/ncurses -I/root/darkmatter-depends/.build/usr/local/lib64/darkmatter/include/libxml2 -D_GNU_SOURCE  -L/lib64 -L/usr/lib64 -L/root/darkmatter-depends/.build/usr/local/lib64/darkmatter/lib  -Wl,-rpath -Wl,/usr/local/lib64/darkmatter/lib -L/lib64 -L/usr/lib64 -L/root/darkmatter-depends/.build/usr/local/lib64/darkmatter/lib  -Wl,-rpath -Wl,/usr/local/lib64/darkmatter/lib -lc -lm  conftest.c -lcrypt -ldl -lm -lc -lm >&5
configure:7880: $? = 0
configure:7908: result: none required
configure:7930: checking for -lreadline
configure:7962: cc -o conftest -fpic -fPIC -fpic -fPIC -pthread -Wall -Wmissing-prototypes -Wpointer-arith -Wdeclaration-after-statement -Wendif-labels -fno-strict-aliasing -fwrapv -I/root/darkmatter-depends/.build/usr/local/lib64/darkmatter/include -I/root/darkmatter-depends/.build/usr/local/lib64/darkmatter/include/ncurses -I/root/darkmatter-depends/.build/usr/local/lib64/darkmatter/include/libxml2 -D_GNU_SOURCE  -L/lib64 -L/usr/lib64 -L/root/darkmatter-depends/.build/usr/local/lib64/darkmatter/lib  -Wl,-rpath -Wl,/usr/local/lib64/darkmatter/lib -L/lib64 -L/usr/lib64 -L/root/darkmatter-depends/.build/usr/local/lib64/darkmatter/lib  -Wl,-rpath -Wl,/usr/local/lib64/darkmatter/lib -lc -lm  conftest.c -lreadline -lcrypt -ldl -lm -lc -lm >&5
/usr/lib64/gcc/x86_64-suse-linux/4.6/../../../../x86_64-suse-linux/bin/ld: cannot find -lreadline
collect2: ld returned 1 exit status
configure:7968: $? = 1
configure: failed program was:
| /* confdefs.h.  */
| #define PACKAGE_NAME "PostgreSQL"
| #define PACKAGE_TARNAME "postgresql"
| #define PACKAGE_VERSION "8.4.0"
| #define PACKAGE_STRING "PostgreSQL 8.4.0"
| #define PACKAGE_BUGREPORT "pgsql-bugs@postgresql.org"
| #define PG_VERSION "8.4.0"
| #define PG_MAJORVERSION "8.4"
| #define USE_INTEGER_DATETIMES 1
| #define DEF_PGPORT 5432
| #define DEF_PGPORT_STR "5432"
| #define BLCKSZ 8192
| #define RELSEG_SIZE 131072
| #define XLOG_BLCKSZ 8192
| #define XLOG_SEG_SIZE (16 * 1024 * 1024)
| #define ENABLE_THREAD_SAFETY 1
| #define PG_KRB_SRVNAM "postgres"
| #define USE_PAM 1
| #define USE_SSL 1
| #define HAVE_LIBM 1
| /* end confdefs.h.  */
| 
| /* Override any GCC internal prototype to avoid an error.
|    Use char because int might match the return type of a GCC
|    builtin and then its argument prototype would still apply.  */
| #ifdef __cplusplus
| extern "C"
| #endif
| char readline ();
| int
| main ()
| {
| return readline ();
|   ;
|   return 0;
| }
configure:7962: cc -o conftest -fpic -fPIC -fpic -fPIC -pthread -Wall -Wmissing-prototypes -Wpointer-arith -Wdeclaration-after-statement -Wendif-labels -fno-strict-aliasing -fwrapv -I/root/darkmatter-depends/.build/usr/local/lib64/darkmatter/include -I/root/darkmatter-depends/.build/usr/local/lib64/darkmatter/include/ncurses -I/root/darkmatter-depends/.build/usr/local/lib64/darkmatter/include/libxml2 -D_GNU_SOURCE  -L/lib64 -L/usr/lib64 -L/root/darkmatter-depends/.build/usr/local/lib64/darkmatter/lib  -Wl,-rpath -Wl,/usr/local/lib64/darkmatter/lib -L/lib64 -L/usr/lib64 -L/root/darkmatter-depends/.build/usr/local/lib64/darkmatter/lib  -Wl,-rpath -Wl,/usr/local/lib64/darkmatter/lib -lc -lm  conftest.c -lreadline -ltermcap -lcrypt -ldl -lm -lc -lm >&5
/usr/lib64/gcc/x86_64-suse-linux/4.6/../../../../x86_64-suse-linux/bin/ld: cannot find -lreadline
/usr/lib64/gcc/x86_64-suse-linux/4.6/../../../../x86_64-suse-linux/bin/ld: cannot find -ltermcap
collect2: ld returned 1 exit status
configure:7968: $? = 1
configure: failed program was:
| /* confdefs.h.  */
| #define PACKAGE_NAME "PostgreSQL"
| #define PACKAGE_TARNAME "postgresql"
| #define PACKAGE_VERSION "8.4.0"
| #define PACKAGE_STRING "PostgreSQL 8.4.0"
| #define PACKAGE_BUGREPORT "pgsql-bugs@postgresql.org"
| #define PG_VERSION "8.4.0"
| #define PG_MAJORVERSION "8.4"
| #define USE_INTEGER_DATETIMES 1
| #define DEF_PGPORT 5432
| #define DEF_PGPORT_STR "5432"
| #define BLCKSZ 8192
| #define RELSEG_SIZE 131072
| #define XLOG_BLCKSZ 8192
| #define XLOG_SEG_SIZE (16 * 1024 * 1024)
| #define ENABLE_THREAD_SAFETY 1
| #define PG_KRB_SRVNAM "postgres"
| #define USE_PAM 1
| #define USE_SSL 1
| #define HAVE_LIBM 1
| /* end confdefs.h.  */
| 
| /* Override any GCC internal prototype to avoid an error.
|    Use char because int might match the return type of a GCC
|    builtin and then its argument prototype would still apply.  */
| #ifdef __cplusplus
| extern "C"
| #endif
| char readline ();
| int
| main ()
| {
| return readline ();
|   ;
|   return 0;
| }
configure:7962: cc -o conftest -fpic -fPIC -fpic -fPIC -pthread -Wall -Wmissing-prototypes -Wpointer-arith -Wdeclaration-after-statement -Wendif-labels -fno-strict-aliasing -fwrapv -I/root/darkmatter-depends/.build/usr/local/lib64/darkmatter/include -I/root/darkmatter-depends/.build/usr/local/lib64/darkmatter/include/ncurses -I/root/darkmatter-depends/.build/usr/local/lib64/darkmatter/include/libxml2 -D_GNU_SOURCE  -L/lib64 -L/usr/lib64 -L/root/darkmatter-depends/.build/usr/local/lib64/darkmatter/lib  -Wl,-rpath -Wl,/usr/local/lib64/darkmatter/lib -L/lib64 -L/usr/lib64 -L/root/darkmatter-depends/.build/usr/local/lib64/darkmatter/lib  -Wl,-rpath -Wl,/usr/local/lib64/darkmatter/lib -lc -lm  conftest.c -lreadline -lncurses -lcrypt -ldl -lm -lc -lm >&5
/usr/lib64/gcc/x86_64-suse-linux/4.6/../../../../x86_64-suse-linux/bin/ld: cannot find -lreadline
/usr/lib64/gcc/x86_64-suse-linux/4.6/../../../../x86_64-suse-linux/bin/ld: cannot find -lncurses
collect2: ld returned 1 exit status
configure:7968: $? = 1
configure: failed program was:
| /* confdefs.h.  */
| #define PACKAGE_NAME "PostgreSQL"
| #define PACKAGE_TARNAME "postgresql"
| #define PACKAGE_VERSION "8.4.0"
| #define PACKAGE_STRING "PostgreSQL 8.4.0"
| #define PACKAGE_BUGREPORT "pgsql-bugs@postgresql.org"
| #define PG_VERSION "8.4.0"
| #define PG_MAJORVERSION "8.4"
| #define USE_INTEGER_DATETIMES 1
| #define DEF_PGPORT 5432
| #define DEF_PGPORT_STR "5432"
| #define BLCKSZ 8192
| #define RELSEG_SIZE 131072
| #define XLOG_BLCKSZ 8192
| #define XLOG_SEG_SIZE (16 * 1024 * 1024)
| #define ENABLE_THREAD_SAFETY 1
| #define PG_KRB_SRVNAM "postgres"
| #define USE_PAM 1
| #define USE_SSL 1
| #define HAVE_LIBM 1
| /* end confdefs.h.  */
| 
| /* Override any GCC internal prototype to avoid an error.
|    Use char because int might match the return type of a GCC
|    builtin and then its argument prototype would still apply.  */
| #ifdef __cplusplus
| extern "C"
| #endif
| char readline ();
| int
| main ()
| {
| return readline ();
|   ;
|   return 0;
| }
configure:7962: cc -o conftest -fpic -fPIC -fpic -fPIC -pthread -Wall -Wmissing-prototypes -Wpointer-arith -Wdeclaration-after-statement -Wendif-labels -fno-strict-aliasing -fwrapv -I/root/darkmatter-depends/.build/usr/local/lib64/darkmatter/include -I/root/darkmatter-depends/.build/usr/local/lib64/darkmatter/include/ncurses -I/root/darkmatter-depends/.build/usr/local/lib64/darkmatter/include/libxml2 -D_GNU_SOURCE  -L/lib64 -L/usr/lib64 -L/root/darkmatter-depends/.build/usr/local/lib64/darkmatter/lib  -Wl,-rpath -Wl,/usr/local/lib64/darkmatter/lib -L/lib64 -L/usr/lib64 -L/root/darkmatter-depends/.build/usr/local/lib64/darkmatter/lib  -Wl,-rpath -Wl,/usr/local/lib64/darkmatter/lib -lc -lm  conftest.c -lreadline -lcurses -lcrypt -ldl -lm -lc -lm >&5
/usr/lib64/gcc/x86_64-suse-linux/4.6/../../../../x86_64-suse-linux/bin/ld: cannot find -lreadline
/usr/lib64/gcc/x86_64-suse-linux/4.6/../../../../x86_64-suse-linux/bin/ld: cannot find -lcurses
collect2: ld returned 1 exit status
configure:7968: $? = 1
configure: failed program was:
| /* confdefs.h.  */
| #define PACKAGE_NAME "PostgreSQL"
| #define PACKAGE_TARNAME "postgresql"
| #define PACKAGE_VERSION "8.4.0"
| #define PACKAGE_STRING "PostgreSQL 8.4.0"
| #define PACKAGE_BUGREPORT "pgsql-bugs@postgresql.org"
| #define PG_VERSION "8.4.0"
| #define PG_MAJORVERSION "8.4"
| #define USE_INTEGER_DATETIMES 1
| #define DEF_PGPORT 5432
| #define DEF_PGPORT_STR "5432"
| #define BLCKSZ 8192
| #define RELSEG_SIZE 131072
| #define XLOG_BLCKSZ 8192
| #define XLOG_SEG_SIZE (16 * 1024 * 1024)
| #define ENABLE_THREAD_SAFETY 1
| #define PG_KRB_SRVNAM "postgres"
| #define USE_PAM 1
| #define USE_SSL 1
| #define HAVE_LIBM 1
| /* end confdefs.h.  */
| 
| /* Override any GCC internal prototype to avoid an error.
|    Use char because int might match the return type of a GCC
|    builtin and then its argument prototype would still apply.  */
| #ifdef __cplusplus
| extern "C"
| #endif
| char readline ();
| int
| main ()
| {
| return readline ();
|   ;
|   return 0;
| }
configure:8003: result: no
configure:7930: checking for -ledit
configure:7962: cc -o conftest -fpic -fPIC -fpic -fPIC -pthread -Wall -Wmissing-prototypes -Wpointer-arith -Wdeclaration-after-statement -Wendif-labels -fno-strict-aliasing -fwrapv -I/root/darkmatter-depends/.build/usr/local/lib64/darkmatter/include -I/root/darkmatter-depends/.build/usr/local/lib64/darkmatter/include/ncurses -I/root/darkmatter-depends/.build/usr/local/lib64/darkmatter/include/libxml2 -D_GNU_SOURCE  -L/lib64 -L/usr/lib64 -L/root/darkmatter-depends/.build/usr/local/lib64/darkmatter/lib  -Wl,-rpath -Wl,/usr/local/lib64/darkmatter/lib -L/lib64 -L/usr/lib64 -L/root/darkmatter-depends/.build/usr/local/lib64/darkmatter/lib  -Wl,-rpath -Wl,/usr/local/lib64/darkmatter/lib -lc -lm  conftest.c -ledit -lcrypt -ldl -lm -lc -lm >&5
/usr/lib64/gcc/x86_64-suse-linux/4.6/../../../../x86_64-suse-linux/bin/ld: cannot find -ledit
collect2: ld returned 1 exit status
configure:7968: $? = 1
configure: failed program was:
| /* confdefs.h.  */
| #define PACKAGE_NAME "PostgreSQL"
| #define PACKAGE_TARNAME "postgresql"
| #define PACKAGE_VERSION "8.4.0"
| #define PACKAGE_STRING "PostgreSQL 8.4.0"
| #define PACKAGE_BUGREPORT "pgsql-bugs@postgresql.org"
| #define PG_VERSION "8.4.0"
| #define PG_MAJORVERSION "8.4"
| #define USE_INTEGER_DATETIMES 1
| #define DEF_PGPORT 5432
| #define DEF_PGPORT_STR "5432"
| #define BLCKSZ 8192
| #define RELSEG_SIZE 131072
| #define XLOG_BLCKSZ 8192
| #define XLOG_SEG_SIZE (16 * 1024 * 1024)
| #define ENABLE_THREAD_SAFETY 1
| #define PG_KRB_SRVNAM "postgres"
| #define USE_PAM 1
| #define USE_SSL 1
| #define HAVE_LIBM 1
| /* end confdefs.h.  */
| 
| /* Override any GCC internal prototype to avoid an error.
|    Use char because int might match the return type of a GCC
|    builtin and then its argument prototype would still apply.  */
| #ifdef __cplusplus
| extern "C"
| #endif
| char readline ();
| int
| main ()
| {
| return readline ();
|   ;
|   return 0;
| }
configure:7962: cc -o conftest -fpic -fPIC -fpic -fPIC -pthread -Wall -Wmissing-prototypes -Wpointer-arith -Wdeclaration-after-statement -Wendif-labels -fno-strict-aliasing -fwrapv -I/root/darkmatter-depends/.build/usr/local/lib64/darkmatter/include -I/root/darkmatter-depends/.build/usr/local/lib64/darkmatter/include/ncurses -I/root/darkmatter-depends/.build/usr/local/lib64/darkmatter/include/libxml2 -D_GNU_SOURCE  -L/lib64 -L/usr/lib64 -L/root/darkmatter-depends/.build/usr/local/lib64/darkmatter/lib  -Wl,-rpath -Wl,/usr/local/lib64/darkmatter/lib -L/lib64 -L/usr/lib64 -L/root/darkmatter-depends/.build/usr/local/lib64/darkmatter/lib  -Wl,-rpath -Wl,/usr/local/lib64/darkmatter/lib -lc -lm  conftest.c -ledit -ltermcap -lcrypt -ldl -lm -lc -lm >&5
/usr/lib64/gcc/x86_64-suse-linux/4.6/../../../../x86_64-suse-linux/bin/ld: cannot find -ledit
/usr/lib64/gcc/x86_64-suse-linux/4.6/../../../../x86_64-suse-linux/bin/ld: cannot find -ltermcap
collect2: ld returned 1 exit status
configure:7968: $? = 1
configure: failed program was:
| /* confdefs.h.  */
| #define PACKAGE_NAME "PostgreSQL"
| #define PACKAGE_TARNAME "postgresql"
| #define PACKAGE_VERSION "8.4.0"
| #define PACKAGE_STRING "PostgreSQL 8.4.0"
| #define PACKAGE_BUGREPORT "pgsql-bugs@postgresql.org"
| #define PG_VERSION "8.4.0"
| #define PG_MAJORVERSION "8.4"
| #define USE_INTEGER_DATETIMES 1
| #define DEF_PGPORT 5432
| #define DEF_PGPORT_STR "5432"
| #define BLCKSZ 8192
| #define RELSEG_SIZE 131072
| #define XLOG_BLCKSZ 8192
| #define XLOG_SEG_SIZE (16 * 1024 * 1024)
| #define ENABLE_THREAD_SAFETY 1
| #define PG_KRB_SRVNAM "postgres"
| #define USE_PAM 1
| #define USE_SSL 1
| #define HAVE_LIBM 1
| /* end confdefs.h.  */
| 
| /* Override any GCC internal prototype to avoid an error.
|    Use char because int might match the return type of a GCC
|    builtin and then its argument prototype would still apply.  */
| #ifdef __cplusplus
| extern "C"
| #endif
| char readline ();
| int
| main ()
| {
| return readline ();
|   ;
|   return 0;
| }
configure:7962: cc -o conftest -fpic -fPIC -fpic -fPIC -pthread -Wall -Wmissing-prototypes -Wpointer-arith -Wdeclaration-after-statement -Wendif-labels -fno-strict-aliasing -fwrapv -I/root/darkmatter-depends/.build/usr/local/lib64/darkmatter/include -I/root/darkmatter-depends/.build/usr/local/lib64/darkmatter/include/ncurses -I/root/darkmatter-depends/.build/usr/local/lib64/darkmatter/include/libxml2 -D_GNU_SOURCE  -L/lib64 -L/usr/lib64 -L/root/darkmatter-depends/.build/usr/local/lib64/darkmatter/lib  -Wl,-rpath -Wl,/usr/local/lib64/darkmatter/lib -L/lib64 -L/usr/lib64 -L/root/darkmatter-depends/.build/usr/local/lib64/darkmatter/lib  -Wl,-rpath -Wl,/usr/local/lib64/darkmatter/lib -lc -lm  conftest.c -ledit -lncurses -lcrypt -ldl -lm -lc -lm >&5
/usr/lib64/gcc/x86_64-suse-linux/4.6/../../../../x86_64-suse-linux/bin/ld: cannot find -ledit
/usr/lib64/gcc/x86_64-suse-linux/4.6/../../../../x86_64-suse-linux/bin/ld: cannot find -lncurses
collect2: ld returned 1 exit status
configure:7968: $? = 1
configure: failed program was:
| /* confdefs.h.  */
| #define PACKAGE_NAME "PostgreSQL"
| #define PACKAGE_TARNAME "postgresql"
| #define PACKAGE_VERSION "8.4.0"
| #define PACKAGE_STRING "PostgreSQL 8.4.0"
| #define PACKAGE_BUGREPORT "pgsql-bugs@postgresql.org"
| #define PG_VERSION "8.4.0"
| #define PG_MAJORVERSION "8.4"
| #define USE_INTEGER_DATETIMES 1
| #define DEF_PGPORT 5432
| #define DEF_PGPORT_STR "5432"
| #define BLCKSZ 8192
| #define RELSEG_SIZE 131072
| #define XLOG_BLCKSZ 8192
| #define XLOG_SEG_SIZE (16 * 1024 * 1024)
| #define ENABLE_THREAD_SAFETY 1
| #define PG_KRB_SRVNAM "postgres"
| #define USE_PAM 1
| #define USE_SSL 1
| #define HAVE_LIBM 1
| /* end confdefs.h.  */
| 
| /* Override any GCC internal prototype to avoid an error.
|    Use char because int might match the return type of a GCC
|    builtin and then its argument prototype would still apply.  */
| #ifdef __cplusplus
| extern "C"
| #endif
| char readline ();
| int
| main ()
| {
| return readline ();
|   ;
|   return 0;
| }
configure:7962: cc -o conftest -fpic -fPIC -fpic -fPIC -pthread -Wall -Wmissing-prototypes -Wpointer-arith -Wdeclaration-after-statement -Wendif-labels -fno-strict-aliasing -fwrapv -I/root/darkmatter-depends/.build/usr/local/lib64/darkmatter/include -I/root/darkmatter-depends/.build/usr/local/lib64/darkmatter/include/ncurses -I/root/darkmatter-depends/.build/usr/local/lib64/darkmatter/include/libxml2 -D_GNU_SOURCE  -L/lib64 -L/usr/lib64 -L/root/darkmatter-depends/.build/usr/local/lib64/darkmatter/lib  -Wl,-rpath -Wl,/usr/local/lib64/darkmatter/lib -L/lib64 -L/usr/lib64 -L/root/darkmatter-depends/.build/usr/local/lib64/darkmatter/lib  -Wl,-rpath -Wl,/usr/local/lib64/darkmatter/lib -lc -lm  conftest.c -ledit -lcurses -lcrypt -ldl -lm -lc -lm >&5
/usr/lib64/gcc/x86_64-suse-linux/4.6/../../../../x86_64-suse-linux/bin/ld: cannot find -ledit
/usr/lib64/gcc/x86_64-suse-linux/4.6/../../../../x86_64-suse-linux/bin/ld: cannot find -lcurses
collect2: ld returned 1 exit status
configure:7968: $? = 1
configure: failed program was:
| /* confdefs.h.  */
| #define PACKAGE_NAME "PostgreSQL"
| #define PACKAGE_TARNAME "postgresql"
| #define PACKAGE_VERSION "8.4.0"
| #define PACKAGE_STRING "PostgreSQL 8.4.0"
| #define PACKAGE_BUGREPORT "pgsql-bugs@postgresql.org"
| #define PG_VERSION "8.4.0"
| #define PG_MAJORVERSION "8.4"
| #define USE_INTEGER_DATETIMES 1
| #define DEF_PGPORT 5432
| #define DEF_PGPORT_STR "5432"
| #define BLCKSZ 8192
| #define RELSEG_SIZE 131072
| #define XLOG_BLCKSZ 8192
| #define XLOG_SEG_SIZE (16 * 1024 * 1024)
| #define ENABLE_THREAD_SAFETY 1
| #define PG_KRB_SRVNAM "postgres"
| #define USE_PAM 1
| #define USE_SSL 1
| #define HAVE_LIBM 1
| /* end confdefs.h.  */
| 
| /* Override any GCC internal prototype to avoid an error.
|    Use char because int might match the return type of a GCC
|    builtin and then its argument prototype would still apply.  */
| #ifdef __cplusplus
| extern "C"
| #endif
| char readline ();
| int
| main ()
| {
| return readline ();
|   ;
|   return 0;
| }
configure:8003: result: no
configure:8025: error: readline library not found
If you have readline already installed, see config.log for details on the
failure.  It is possible the compiler isn't looking in the proper directory.
Use --without-readline to disable readline support.

## ---------------- ##
## Cache variables. ##
## ---------------- ##

ac_cv_build=x86_64-unknown-linux-gnu
ac_cv_c_compiler_gnu=yes
ac_cv_env_CC_set=set
ac_cv_env_CC_value=cc
ac_cv_env_CFLAGS_set=set
ac_cv_env_CFLAGS_value='-fpic -fPIC -fpic -fPIC -pthread'
ac_cv_env_CPPFLAGS_set=set
ac_cv_env_CPPFLAGS_value='-I/root/darkmatter-depends/.build/usr/local/lib64/darkmatter/include -I/root/darkmatter-depends/.build/usr/local/lib64/darkmatter/include/ncurses -I/root/darkmatter-depends/.build/usr/local/lib64/darkmatter/include/libxml2'
ac_cv_env_CPP_set=
ac_cv_env_CPP_value=
ac_cv_env_DOCBOOKSTYLE_set=
ac_cv_env_DOCBOOKSTYLE_value=
ac_cv_env_LDFLAGS_SL_set=set
ac_cv_env_LDFLAGS_SL_value='-L/lib64 -L/usr/lib64 -L/root/darkmatter-depends/.build/usr/local/lib64/darkmatter/lib  -Wl,-rpath -Wl,/usr/local/lib64/darkmatter/lib -L/lib64 -L/usr/lib64 -L/root/darkmatter-depends/.build/usr/local/lib64/darkmatter/lib  -Wl,-rpath -Wl,/usr/local/lib64/darkmatter/lib'
ac_cv_env_LDFLAGS_set=set
ac_cv_env_LDFLAGS_value='-L/lib64 -L/usr/lib64 -L/root/darkmatter-depends/.build/usr/local/lib64/darkmatter/lib  -Wl,-rpath -Wl,/usr/local/lib64/darkmatter/lib -L/lib64 -L/usr/lib64 -L/root/darkmatter-depends/.build/usr/local/lib64/darkmatter/lib  -Wl,-rpath -Wl,/usr/local/lib64/darkmatter/lib -lc -lm'
ac_cv_env_LIBS_set=set
ac_cv_env_LIBS_value='-lc -lm'
ac_cv_env_build_alias_set=
ac_cv_env_build_alias_value=
ac_cv_env_host_alias_set=
ac_cv_env_host_alias_value=
ac_cv_env_target_alias_set=
ac_cv_env_target_alias_value=
ac_cv_host=x86_64-unknown-linux-gnu
ac_cv_lib_m_main=yes
ac_cv_objext=o
ac_cv_path_EGREP='/bin/grep -E'
ac_cv_path_GREP=/bin/grep
ac_cv_path_LD=/usr/x86_64-suse-linux/bin/ld
ac_cv_path_PERL=/usr/bin/perl
ac_cv_path_TAR=/bin/tar
ac_cv_prog_AWK=gawk
ac_cv_prog_CPP='cc -E'
ac_cv_prog_ac_ct_AR=ar
ac_cv_prog_ac_ct_RANLIB=ranlib
ac_cv_prog_ac_ct_STRIP=strip
ac_cv_prog_cc_c89=
ac_cv_prog_cc_g=yes
ac_cv_prog_gnu_ld=yes
ac_cv_search_crypt=-lcrypt
ac_cv_search_dlopen=-ldl
ac_cv_search_fdatasync='none required'
ac_cv_search_gethostbyname_r='none required'
ac_cv_search_getopt_long='none required'
ac_cv_search_setproctitle=no
ac_cv_search_shl_load=no
ac_cv_search_shmget='none required'
ac_cv_search_socket='none required'
pgac_cv_check_readline=no
pgac_cv_path_flex=no

## ----------------- ##
## Output variables. ##
## ----------------- ##

AR='ar'
AWK='gawk'
BISON=''
BISONFLAGS=''
CC='cc'
CFLAGS='-fpic -fPIC -fpic -fPIC -pthread -Wall -Wmissing-prototypes -Wpointer-arith -Wdeclaration-after-statement -Wendif-labels -fno-strict-aliasing -fwrapv'
COLLATEINDEX=''
CPP='cc -E'
CPPFLAGS='-I/root/darkmatter-depends/.build/usr/local/lib64/darkmatter/include -I/root/darkmatter-depends/.build/usr/local/lib64/darkmatter/include/ncurses -I/root/darkmatter-depends/.build/usr/local/lib64/darkmatter/include/libxml2 -D_GNU_SOURCE '
DEFS=''
DLLTOOL=''
DLLWRAP=''
DOCBOOK2MAN=''
DOCBOOKSTYLE=''
DTRACE=''
DTRACEFLAGS=''
ECHO_C=''
ECHO_N='-n'
ECHO_T=''
EGREP='/bin/grep -E'
ELF_SYS='true'
EXEEXT=''
FLEX=''
FLEXFLAGS=''
GCC='yes'
GCOV=''
GENHTML=''
GREP='/bin/grep'
HAVE_IPV6=''
HAVE_POSIX_SIGNALS=''
INCLUDES=''
JADE=''
LCOV=''
LD='/usr/x86_64-suse-linux/bin/ld'
LDAP_LIBS_BE=''
LDAP_LIBS_FE=''
LDFLAGS='-L/lib64 -L/usr/lib64 -L/root/darkmatter-depends/.build/usr/local/lib64/darkmatter/lib  -Wl,-rpath -Wl,/usr/local/lib64/darkmatter/lib -L/lib64 -L/usr/lib64 -L/root/darkmatter-depends/.build/usr/local/lib64/darkmatter/lib  -Wl,-rpath -Wl,/usr/local/lib64/darkmatter/lib -lc -lm '
LDFLAGS_SL='-L/lib64 -L/usr/lib64 -L/root/darkmatter-depends/.build/usr/local/lib64/darkmatter/lib  -Wl,-rpath -Wl,/usr/local/lib64/darkmatter/lib -L/lib64 -L/usr/lib64 -L/root/darkmatter-depends/.build/usr/local/lib64/darkmatter/lib  -Wl,-rpath -Wl,/usr/local/lib64/darkmatter/lib'
LIBOBJS=''
LIBS='-lcrypt -ldl -lm -lc -lm'
LN_S='ln -s'
LTLIBOBJS=''
MSGFMT=''
MSGMERGE=''
NSGMLS=''
OBJEXT='o'
OSSP_UUID_LIBS=''
PACKAGE_BUGREPORT='pgsql-bugs@postgresql.org'
PACKAGE_NAME='PostgreSQL'
PACKAGE_STRING='PostgreSQL 8.4.0'
PACKAGE_TARNAME='postgresql'
PACKAGE_VERSION='8.4.0'
PATH_SEPARATOR=':'
PERL='/usr/bin/perl'
PG_MAJORVERSION='8.4'
PORTNAME='linux'
PTHREAD_CC=''
PTHREAD_CFLAGS=''
PTHREAD_LIBS=''
PYTHON=''
RANLIB='ranlib'
SGMLSPL=''
SHELL='/bin/sh'
STRIP='strip'
STRIP_SHARED_LIB='strip --strip-unneeded'
STRIP_STATIC_LIB='strip -x'
SUN_STUDIO_CC='no'
TAR='/bin/tar'
TAS=''
TCLSH=''
TCL_CONFIG_SH=''
TCL_INCLUDE_SPEC=''
TCL_LIBS=''
TCL_LIB_FILE=''
TCL_LIB_SPEC=''
TCL_SHARED_BUILD=''
TCL_SHLIB_LD_LIBS=''
WANTED_LANGUAGES=''
WINDRES=''
XGETTEXT=''
XML2_CONFIG=''
ZIC=''
ac_ct_CC=''
acx_pthread_config=''
autodepend=''
bindir='${exec_prefix}/bin'
build='x86_64-unknown-linux-gnu'
build_alias=''
build_cpu='x86_64'
build_os='linux-gnu'
build_vendor='unknown'
configure_args=' '\''--prefix=/usr/local/lib64/darkmatter'\'' '\''--with-pam'\'' '\''--with-openssl'\'' '\''--enable-thread-safety'\'' '\''--with-gnu-ld'\'' '\''CC=cc'\'' '\''CFLAGS=-fpic -fPIC -fpic -fPIC -pthread'\'' '\''LDFLAGS=-L/lib64 -L/usr/lib64 -L/root/darkmatter-depends/.build/usr/local/lib64/darkmatter/lib  -Wl,-rpath -Wl,/usr/local/lib64/darkmatter/lib -L/lib64 -L/usr/lib64 -L/root/darkmatter-depends/.build/usr/local/lib64/darkmatter/lib  -Wl,-rpath -Wl,/usr/local/lib64/darkmatter/lib -lc -lm'\'' '\''LIBS=-lc -lm'\'' '\''CPPFLAGS=-I/root/darkmatter-depends/.build/usr/local/lib64/darkmatter/include -I/root/darkmatter-depends/.build/usr/local/lib64/darkmatter/include/ncurses -I/root/darkmatter-depends/.build/usr/local/lib64/darkmatter/include/libxml2'\'' '\''LDFLAGS_SL=-L/lib64 -L/usr/lib64 -L/root/darkmatter-depends/.build/usr/local/lib64/darkmatter/lib  -Wl,-rpath -Wl,/usr/local/lib64/darkmatter/lib -L/lib64 -L/usr/lib64 -L/root/darkmatter-depends/.build/usr/local/lib64/darkmatter/lib  -Wl,-rpath -Wl,/usr/local/lib64/darkmatter/lib'\'''
datadir='${datarootdir}'
datarootdir='${prefix}/share'
default_port='5432'
docdir='${datarootdir}/doc/${PACKAGE_TARNAME}'
dvidir='${docdir}'
enable_coverage='no'
enable_debug='no'
enable_dtrace='no'
enable_nls='no'
enable_profiling='no'
enable_rpath='yes'
enable_shared='yes'
enable_thread_safety='yes'
exec_prefix='NONE'
have_docbook=''
host='x86_64-unknown-linux-gnu'
host_alias=''
host_cpu='x86_64'
host_os='linux-gnu'
host_vendor='unknown'
htmldir='${docdir}'
includedir='${prefix}/include'
infodir='${datarootdir}/info'
krb_srvtab=''
ld_R_works=''
libdir='${exec_prefix}/lib'
libexecdir='${exec_prefix}/libexec'
localedir='${datarootdir}/locale'
localstatedir='${prefix}/var'
mandir='${datarootdir}/man'
oldincludedir='/usr/include'
pdfdir='${docdir}'
perl_archlibexp=''
perl_embed_ldflags=''
perl_privlibexp=''
perl_useshrplib=''
prefix='/usr/local/lib64/darkmatter'
program_transform_name='s,x,x,'
psdir='${docdir}'
python_additional_libs=''
python_configdir=''
python_includespec=''
python_libdir=''
python_libspec=''
python_version=''
sbindir='${exec_prefix}/sbin'
sharedstatedir='${prefix}/com'
sysconfdir='${prefix}/etc'
target_alias=''
vpath_build=''
with_bonjour='no'
with_gnu_ld='yes'
with_gssapi='no'
with_krb5='no'
with_ldap='no'
with_libxml='no'
with_libxslt='no'
with_openssl='yes'
with_ossp_uuid='no'
with_pam='yes'
with_perl='no'
with_python='no'
with_system_tzdata=''
with_tcl='no'
with_zlib='yes'

## ----------- ##
## confdefs.h. ##
## ----------- ##

#define PACKAGE_NAME "PostgreSQL"
#define PACKAGE_TARNAME "postgresql"
#define PACKAGE_VERSION "8.4.0"
#define PACKAGE_STRING "PostgreSQL 8.4.0"
#define PACKAGE_BUGREPORT "pgsql-bugs@postgresql.org"
#define PG_VERSION "8.4.0"
#define PG_MAJORVERSION "8.4"
#define USE_INTEGER_DATETIMES 1
#define DEF_PGPORT 5432
#define DEF_PGPORT_STR "5432"
#define BLCKSZ 8192
#define RELSEG_SIZE 131072
#define XLOG_BLCKSZ 8192
#define XLOG_SEG_SIZE (16 * 1024 * 1024)
#define ENABLE_THREAD_SAFETY 1
#define PG_KRB_SRVNAM "postgres"
#define USE_PAM 1
#define USE_SSL 1
#define HAVE_LIBM 1

configure: exit 1
