This file contains any messages produced by compilers while
running configure, to aid debugging if configure makes a mistake.

It was created by libssh2 configure -, which was
generated by GNU Autoconf 2.61.  Invocation command line was

  $ ./configure --prefix=/usr/local/lib64/darkmatter --with-libz=/root/darkmatter-depends/.build/usr/local/lib64/darkmatter --with-openssl=/root/darkmatter-depends/.build/usr/local/lib64/darkmatter

## --------- ##
## Platform. ##
## --------- ##

hostname = linux-j0lx
uname -m = x86_64
uname -r = 3.1.0-1.2-desktop
uname -s = Linux
uname -v = #1 SMP PREEMPT Thu Nov 3 14:45:45 UTC 2011 (187dde0)

/usr/bin/uname -p = unknown
/bin/uname -X     = unknown

/bin/arch              = x86_64
/usr/bin/arch -k       = unknown
/usr/convex/getsysinfo = unknown
/usr/bin/hostinfo      = unknown
/bin/machine           = unknown
/usr/bin/oslevel       = unknown
/bin/universe          = unknown

PATH: /root/darkmatter-depends/.build/usr/local/lib64/darkmatter/bin
PATH: /sbin
PATH: /bin
PATH: /usr/sbin
PATH: /usr/bin


## ----------- ##
## Core tests. ##
## ----------- ##

configure:1963: checking whether to enable maintainer-specific portions of Makefiles
configure:1972: result: no
configure:1990: checking for sed
configure:2009: found /bin/sed
configure:2022: result: /bin/sed
configure:2083: checking for a BSD-compatible install
configure:2139: result: /usr/bin/install -c
configure:2150: checking whether build environment is sane
configure:2193: result: yes
configure:2258: checking for gawk
configure:2274: found /bin/gawk
configure:2285: result: gawk
configure:2296: checking whether make sets $(MAKE)
configure:2317: result: yes
configure:2501: checking libssh2 version
configure:2503: result: 0.18
configure:2514: checking build system type
configure:2532: result: x86_64-unknown-linux-gnu
configure:2554: checking host system type
configure:2569: result: x86_64-unknown-linux-gnu
configure:2598: autobuild project... libssh2
configure:2604: autobuild revision... 0.18
configure:2609: autobuild hostname... linux-j0lx
configure:2620: autobuild timestamp... 20120714-201521
configure:2628: checking host system type
configure:2643: result: x86_64-unknown-linux-gnu
configure:2691: checking for style of include used by make
configure:2719: result: GNU
configure:2792: checking for gcc
configure:2819: result: cc
configure:3057: checking for C compiler version
configure:3064: cc --version >&5
cc (SUSE Linux) 4.6.2
Copyright (C) 2011 Free Software Foundation, Inc.
This is free software; see the source for copying conditions.  There is NO
warranty; not even for MERCHANTABILITY or FITNESS FOR A PARTICULAR PURPOSE.

configure:3067: $? = 0
configure:3074: cc -v >&5
Using built-in specs.
COLLECT_GCC=cc
COLLECT_LTO_WRAPPER=/usr/lib64/gcc/x86_64-suse-linux/4.6/lto-wrapper
Target: x86_64-suse-linux
Configured with: ../configure --prefix=/usr --infodir=/usr/share/info --mandir=/usr/share/man --libdir=/usr/lib64 --libexecdir=/usr/lib64 --enable-languages=c,c++,objc,fortran,obj-c++,java,ada --enable-checking=release --with-gxx-include-dir=/usr/include/c++/4.6 --enable-ssp --disable-libssp --disable-plugin --with-bugurl=http://bugs.opensuse.org/ --with-pkgversion='SUSE Linux' --disable-libgcj --disable-libmudflap --with-slibdir=/lib64 --with-system-zlib --enable-__cxa_atexit --enable-libstdcxx-allocator=new --disable-libstdcxx-pch --enable-version-specific-runtime-libs --program-suffix=-4.6 --enable-linux-futex --without-system-libunwind --with-arch-32=i586 --with-tune=generic --build=x86_64-suse-linux
Thread model: posix
gcc version 4.6.2 (SUSE Linux) 
configure:3077: $? = 0
configure:3084: cc -V >&5
cc: error: unrecognized option '-V'
cc: fatal error: no input files
compilation terminated.
configure:3087: $? = 1
configure:3110: checking for C compiler default output file name
configure:3137: cc -fpic -fPIC -fpic -fPIC -I/root/darkmatter-depends/.build/usr/local/lib64/darkmatter/include -I/root/darkmatter-depends/.build/usr/local/lib64/darkmatter/include/ncurses -I/root/darkmatter-depends/.build/usr/local/lib64/darkmatter/include/libxml2 -L/lib64 -L/usr/lib64 -L/root/darkmatter-depends/.build/usr/local/lib64/darkmatter/lib  -Wl,-rpath -Wl,/usr/local/lib64/darkmatter/lib -L/lib64 -L/usr/lib64 -L/root/darkmatter-depends/.build/usr/local/lib64/darkmatter/lib  -Wl,-rpath -Wl,/usr/local/lib64/darkmatter/lib -lc -lm conftest.c -lc -lm >&5
/usr/lib64/gcc/x86_64-suse-linux/4.6/../../../../x86_64-suse-linux/bin/as: /root/darkmatter-depends/.build/usr/local/lib64/darkmatter/lib/libz.so.1: no version information available (required by /usr/lib64/libbfd-2.21.1.so)
/usr/lib64/gcc/x86_64-suse-linux/4.6/../../../../x86_64-suse-linux/bin/ld: /root/darkmatter-depends/.build/usr/local/lib64/darkmatter/lib/libz.so.1: no version information available (required by /usr/lib64/libbfd-2.21.1.so)
configure:3140: $? = 0
configure:3178: result: a.out
configure:3195: checking whether the C compiler works
configure:3205: ./a.out
configure:3208: $? = 0
configure:3225: result: yes
configure:3232: checking whether we are cross compiling
configure:3234: result: no
configure:3237: checking for suffix of executables
configure:3244: cc -o conftest -fpic -fPIC -fpic -fPIC -I/root/darkmatter-depends/.build/usr/local/lib64/darkmatter/include -I/root/darkmatter-depends/.build/usr/local/lib64/darkmatter/include/ncurses -I/root/darkmatter-depends/.build/usr/local/lib64/darkmatter/include/libxml2 -L/lib64 -L/usr/lib64 -L/root/darkmatter-depends/.build/usr/local/lib64/darkmatter/lib  -Wl,-rpath -Wl,/usr/local/lib64/darkmatter/lib -L/lib64 -L/usr/lib64 -L/root/darkmatter-depends/.build/usr/local/lib64/darkmatter/lib  -Wl,-rpath -Wl,/usr/local/lib64/darkmatter/lib -lc -lm conftest.c -lc -lm >&5
/usr/lib64/gcc/x86_64-suse-linux/4.6/../../../../x86_64-suse-linux/bin/as: /root/darkmatter-depends/.build/usr/local/lib64/darkmatter/lib/libz.so.1: no version information available (required by /usr/lib64/libbfd-2.21.1.so)
/usr/lib64/gcc/x86_64-suse-linux/4.6/../../../../x86_64-suse-linux/bin/ld: /root/darkmatter-depends/.build/usr/local/lib64/darkmatter/lib/libz.so.1: no version information available (required by /usr/lib64/libbfd-2.21.1.so)
configure:3247: $? = 0
configure:3271: result: 
configure:3277: checking for suffix of object files
configure:3303: cc -c -fpic -fPIC -fpic -fPIC -I/root/darkmatter-depends/.build/usr/local/lib64/darkmatter/include -I/root/darkmatter-depends/.build/usr/local/lib64/darkmatter/include/ncurses -I/root/darkmatter-depends/.build/usr/local/lib64/darkmatter/include/libxml2 conftest.c >&5
/usr/lib64/gcc/x86_64-suse-linux/4.6/../../../../x86_64-suse-linux/bin/as: /root/darkmatter-depends/.build/usr/local/lib64/darkmatter/lib/libz.so.1: no version information available (required by /usr/lib64/libbfd-2.21.1.so)
configure:3306: $? = 0
configure:3329: result: o
configure:3333: checking whether we are using the GNU C compiler
configure:3362: cc -c -fpic -fPIC -fpic -fPIC -I/root/darkmatter-depends/.build/usr/local/lib64/darkmatter/include -I/root/darkmatter-depends/.build/usr/local/lib64/darkmatter/include/ncurses -I/root/darkmatter-depends/.build/usr/local/lib64/darkmatter/include/libxml2 conftest.c >&5
/usr/lib64/gcc/x86_64-suse-linux/4.6/../../../../x86_64-suse-linux/bin/as: /root/darkmatter-depends/.build/usr/local/lib64/darkmatter/lib/libz.so.1: no version information available (required by /usr/lib64/libbfd-2.21.1.so)
configure:3368: $? = 0
configure:3385: result: yes
configure:3390: checking whether cc accepts -g
configure:3420: cc -c -g -I/root/darkmatter-depends/.build/usr/local/lib64/darkmatter/include -I/root/darkmatter-depends/.build/usr/local/lib64/darkmatter/include/ncurses -I/root/darkmatter-depends/.build/usr/local/lib64/darkmatter/include/libxml2 conftest.c >&5
/usr/lib64/gcc/x86_64-suse-linux/4.6/../../../../x86_64-suse-linux/bin/as: /root/darkmatter-depends/.build/usr/local/lib64/darkmatter/lib/libz.so.1: no version information available (required by /usr/lib64/libbfd-2.21.1.so)
configure:3426: $? = 0
configure: failed program was:
| /* confdefs.h.  */
| #define PACKAGE_NAME "libssh2"
| #define PACKAGE_TARNAME "libssh2"
| #define PACKAGE_VERSION "-"
| #define PACKAGE_STRING "libssh2 -"
| #define PACKAGE_BUGREPORT "libssh2-devel@lists.sourceforge.net"
| #define PACKAGE "libssh2"
| #define VERSION "0.18"
| /* end confdefs.h.  */
| 
| int
| main ()
| {
| 
|   ;
|   return 0;
| }
configure:3458: cc -c  -I/root/darkmatter-depends/.build/usr/local/lib64/darkmatter/include -I/root/darkmatter-depends/.build/usr/local/lib64/darkmatter/include/ncurses -I/root/darkmatter-depends/.build/usr/local/lib64/darkmatter/include/libxml2 conftest.c >&5
/usr/lib64/gcc/x86_64-suse-linux/4.6/../../../../x86_64-suse-linux/bin/as: /root/darkmatter-depends/.build/usr/local/lib64/darkmatter/lib/libz.so.1: no version information available (required by /usr/lib64/libbfd-2.21.1.so)
configure:3464: $? = 0
configure: failed program was:
| /* confdefs.h.  */
| #define PACKAGE_NAME "libssh2"
| #define PACKAGE_TARNAME "libssh2"
| #define PACKAGE_VERSION "-"
| #define PACKAGE_STRING "libssh2 -"
| #define PACKAGE_BUGREPORT "libssh2-devel@lists.sourceforge.net"
| #define PACKAGE "libssh2"
| #define VERSION "0.18"
| /* end confdefs.h.  */
| 
| int
| main ()
| {
| 
|   ;
|   return 0;
| }
configure:3497: cc -c -g -I/root/darkmatter-depends/.build/usr/local/lib64/darkmatter/include -I/root/darkmatter-depends/.build/usr/local/lib64/darkmatter/include/ncurses -I/root/darkmatter-depends/.build/usr/local/lib64/darkmatter/include/libxml2 conftest.c >&5
/usr/lib64/gcc/x86_64-suse-linux/4.6/../../../../x86_64-suse-linux/bin/as: /root/darkmatter-depends/.build/usr/local/lib64/darkmatter/lib/libz.so.1: no version information available (required by /usr/lib64/libbfd-2.21.1.so)
configure:3503: $? = 0
configure:3525: result: yes
configure:3542: checking for cc option to accept ISO C89
configure:3616: cc  -c -fpic -fPIC -fpic -fPIC -I/root/darkmatter-depends/.build/usr/local/lib64/darkmatter/include -I/root/darkmatter-depends/.build/usr/local/lib64/darkmatter/include/ncurses -I/root/darkmatter-depends/.build/usr/local/lib64/darkmatter/include/libxml2 conftest.c >&5
/usr/lib64/gcc/x86_64-suse-linux/4.6/../../../../x86_64-suse-linux/bin/as: /root/darkmatter-depends/.build/usr/local/lib64/darkmatter/lib/libz.so.1: no version information available (required by /usr/lib64/libbfd-2.21.1.so)
configure:3622: $? = 0
configure:3645: result: none needed
configure:3665: checking dependency style of cc
configure:3755: result: gcc3
configure:3773: checking for library containing socket
configure:3814: cc -o conftest -fpic -fPIC -fpic -fPIC -I/root/darkmatter-depends/.build/usr/local/lib64/darkmatter/include -I/root/darkmatter-depends/.build/usr/local/lib64/darkmatter/include/ncurses -I/root/darkmatter-depends/.build/usr/local/lib64/darkmatter/include/libxml2 -L/lib64 -L/usr/lib64 -L/root/darkmatter-depends/.build/usr/local/lib64/darkmatter/lib  -Wl,-rpath -Wl,/usr/local/lib64/darkmatter/lib -L/lib64 -L/usr/lib64 -L/root/darkmatter-depends/.build/usr/local/lib64/darkmatter/lib  -Wl,-rpath -Wl,/usr/local/lib64/darkmatter/lib -lc -lm conftest.c -lc -lm >&5
/usr/lib64/gcc/x86_64-suse-linux/4.6/../../../../x86_64-suse-linux/bin/as: /root/darkmatter-depends/.build/usr/local/lib64/darkmatter/lib/libz.so.1: no version information available (required by /usr/lib64/libbfd-2.21.1.so)
/usr/lib64/gcc/x86_64-suse-linux/4.6/../../../../x86_64-suse-linux/bin/ld: /root/darkmatter-depends/.build/usr/local/lib64/darkmatter/lib/libz.so.1: no version information available (required by /usr/lib64/libbfd-2.21.1.so)
configure:3820: $? = 0
configure:3848: result: none required
configure:3858: checking for library containing inet_addr
configure:3899: cc -o conftest -fpic -fPIC -fpic -fPIC -I/root/darkmatter-depends/.build/usr/local/lib64/darkmatter/include -I/root/darkmatter-depends/.build/usr/local/lib64/darkmatter/include/ncurses -I/root/darkmatter-depends/.build/usr/local/lib64/darkmatter/include/libxml2 -L/lib64 -L/usr/lib64 -L/root/darkmatter-depends/.build/usr/local/lib64/darkmatter/lib  -Wl,-rpath -Wl,/usr/local/lib64/darkmatter/lib -L/lib64 -L/usr/lib64 -L/root/darkmatter-depends/.build/usr/local/lib64/darkmatter/lib  -Wl,-rpath -Wl,/usr/local/lib64/darkmatter/lib -lc -lm conftest.c -lc -lm >&5
/usr/lib64/gcc/x86_64-suse-linux/4.6/../../../../x86_64-suse-linux/bin/as: /root/darkmatter-depends/.build/usr/local/lib64/darkmatter/lib/libz.so.1: no version information available (required by /usr/lib64/libbfd-2.21.1.so)
/usr/lib64/gcc/x86_64-suse-linux/4.6/../../../../x86_64-suse-linux/bin/ld: /root/darkmatter-depends/.build/usr/local/lib64/darkmatter/lib/libz.so.1: no version information available (required by /usr/lib64/libbfd-2.21.1.so)
configure:3905: $? = 0
configure:3933: result: none required
configure:3992: checking for gcc
configure:4019: result: cc
configure:4257: checking for C compiler version
configure:4264: cc --version >&5
cc (SUSE Linux) 4.6.2
Copyright (C) 2011 Free Software Foundation, Inc.
This is free software; see the source for copying conditions.  There is NO
warranty; not even for MERCHANTABILITY or FITNESS FOR A PARTICULAR PURPOSE.

configure:4267: $? = 0
configure:4274: cc -v >&5
Using built-in specs.
COLLECT_GCC=cc
COLLECT_LTO_WRAPPER=/usr/lib64/gcc/x86_64-suse-linux/4.6/lto-wrapper
Target: x86_64-suse-linux
Configured with: ../configure --prefix=/usr --infodir=/usr/share/info --mandir=/usr/share/man --libdir=/usr/lib64 --libexecdir=/usr/lib64 --enable-languages=c,c++,objc,fortran,obj-c++,java,ada --enable-checking=release --with-gxx-include-dir=/usr/include/c++/4.6 --enable-ssp --disable-libssp --disable-plugin --with-bugurl=http://bugs.opensuse.org/ --with-pkgversion='SUSE Linux' --disable-libgcj --disable-libmudflap --with-slibdir=/lib64 --with-system-zlib --enable-__cxa_atexit --enable-libstdcxx-allocator=new --disable-libstdcxx-pch --enable-version-specific-runtime-libs --program-suffix=-4.6 --enable-linux-futex --without-system-libunwind --with-arch-32=i586 --with-tune=generic --build=x86_64-suse-linux
Thread model: posix
gcc version 4.6.2 (SUSE Linux) 
configure:4277: $? = 0
configure:4284: cc -V >&5
cc: error: unrecognized option '-V'
cc: fatal error: no input files
compilation terminated.
configure:4287: $? = 1
configure:4290: checking whether we are using the GNU C compiler
configure:4342: result: yes
configure:4347: checking whether cc accepts -g
configure:4482: result: yes
configure:4499: checking for cc option to accept ISO C89
configure:4602: result: none needed
configure:4622: checking dependency style of cc
configure:4712: result: gcc3
configure:4742: checking for a BSD-compatible install
configure:4798: result: /usr/bin/install -c
configure:4809: checking whether ln -s works
configure:4813: result: yes
configure:4820: checking whether make sets $(MAKE)
configure:4841: result: yes
configure:4922: checking for a sed that does not truncate output
configure:4978: result: /bin/sed
configure:4981: checking for grep that handles long lines and -e
configure:5055: result: /bin/grep
configure:5060: checking for egrep
configure:5138: result: /bin/grep -E
configure:5154: checking for ld used by cc
configure:5221: result: /usr/x86_64-suse-linux/bin/ld
configure:5230: checking if the linker (/usr/x86_64-suse-linux/bin/ld) is GNU ld
configure:5245: result: yes
configure:5250: checking for /usr/x86_64-suse-linux/bin/ld option to reload object files
configure:5257: result: -r
configure:5275: checking for BSD-compatible nm
configure:5324: result: /usr/bin/nm
configure:5328: checking how to recognize dependent libraries
configure:5514: result: pass_all
configure:5602: cc -c -fpic -fPIC -fpic -fPIC -I/root/darkmatter-depends/.build/usr/local/lib64/darkmatter/include -I/root/darkmatter-depends/.build/usr/local/lib64/darkmatter/include/ncurses -I/root/darkmatter-depends/.build/usr/local/lib64/darkmatter/include/libxml2 conftest.c >&5
/usr/lib64/gcc/x86_64-suse-linux/4.6/../../../../x86_64-suse-linux/bin/as: /root/darkmatter-depends/.build/usr/local/lib64/darkmatter/lib/libz.so.1: no version information available (required by /usr/lib64/libbfd-2.21.1.so)
configure:5605: $? = 0
configure:5754: checking how to run the C preprocessor
configure:5794: cc -E -I/root/darkmatter-depends/.build/usr/local/lib64/darkmatter/include -I/root/darkmatter-depends/.build/usr/local/lib64/darkmatter/include/ncurses -I/root/darkmatter-depends/.build/usr/local/lib64/darkmatter/include/libxml2 conftest.c
configure:5800: $? = 0
configure:5831: cc -E -I/root/darkmatter-depends/.build/usr/local/lib64/darkmatter/include -I/root/darkmatter-depends/.build/usr/local/lib64/darkmatter/include/ncurses -I/root/darkmatter-depends/.build/usr/local/lib64/darkmatter/include/libxml2 conftest.c
conftest.c:10:28: fatal error: ac_nonexistent.h: No such file or directory
compilation terminated.
configure:5837: $? = 1
configure: failed program was:
| /* confdefs.h.  */
| #define PACKAGE_NAME "libssh2"
| #define PACKAGE_TARNAME "libssh2"
| #define PACKAGE_VERSION "-"
| #define PACKAGE_STRING "libssh2 -"
| #define PACKAGE_BUGREPORT "libssh2-devel@lists.sourceforge.net"
| #define PACKAGE "libssh2"
| #define VERSION "0.18"
| /* end confdefs.h.  */
| #include <ac_nonexistent.h>
configure:5870: result: cc -E
configure:5899: cc -E -I/root/darkmatter-depends/.build/usr/local/lib64/darkmatter/include -I/root/darkmatter-depends/.build/usr/local/lib64/darkmatter/include/ncurses -I/root/darkmatter-depends/.build/usr/local/lib64/darkmatter/include/libxml2 conftest.c
configure:5905: $? = 0
configure:5936: cc -E -I/root/darkmatter-depends/.build/usr/local/lib64/darkmatter/include -I/root/darkmatter-depends/.build/usr/local/lib64/darkmatter/include/ncurses -I/root/darkmatter-depends/.build/usr/local/lib64/darkmatter/include/libxml2 conftest.c
conftest.c:10:28: fatal error: ac_nonexistent.h: No such file or directory
compilation terminated.
configure:5942: $? = 1
configure: failed program was:
| /* confdefs.h.  */
| #define PACKAGE_NAME "libssh2"
| #define PACKAGE_TARNAME "libssh2"
| #define PACKAGE_VERSION "-"
| #define PACKAGE_STRING "libssh2 -"
| #define PACKAGE_BUGREPORT "libssh2-devel@lists.sourceforge.net"
| #define PACKAGE "libssh2"
| #define VERSION "0.18"
| /* end confdefs.h.  */
| #include <ac_nonexistent.h>
configure:5980: checking for ANSI C header files
configure:6010: cc -c -fpic -fPIC -fpic -fPIC -I/root/darkmatter-depends/.build/usr/local/lib64/darkmatter/include -I/root/darkmatter-depends/.build/usr/local/lib64/darkmatter/include/ncurses -I/root/darkmatter-depends/.build/usr/local/lib64/darkmatter/include/libxml2 conftest.c >&5
/usr/lib64/gcc/x86_64-suse-linux/4.6/../../../../x86_64-suse-linux/bin/as: /root/darkmatter-depends/.build/usr/local/lib64/darkmatter/lib/libz.so.1: no version information available (required by /usr/lib64/libbfd-2.21.1.so)
configure:6016: $? = 0
configure:6115: cc -o conftest -fpic -fPIC -fpic -fPIC -I/root/darkmatter-depends/.build/usr/local/lib64/darkmatter/include -I/root/darkmatter-depends/.build/usr/local/lib64/darkmatter/include/ncurses -I/root/darkmatter-depends/.build/usr/local/lib64/darkmatter/include/libxml2 -L/lib64 -L/usr/lib64 -L/root/darkmatter-depends/.build/usr/local/lib64/darkmatter/lib  -Wl,-rpath -Wl,/usr/local/lib64/darkmatter/lib -L/lib64 -L/usr/lib64 -L/root/darkmatter-depends/.build/usr/local/lib64/darkmatter/lib  -Wl,-rpath -Wl,/usr/local/lib64/darkmatter/lib -lc -lm conftest.c -lc -lm >&5
/usr/lib64/gcc/x86_64-suse-linux/4.6/../../../../x86_64-suse-linux/bin/as: /root/darkmatter-depends/.build/usr/local/lib64/darkmatter/lib/libz.so.1: no version information available (required by /usr/lib64/libbfd-2.21.1.so)
/usr/lib64/gcc/x86_64-suse-linux/4.6/../../../../x86_64-suse-linux/bin/ld: /root/darkmatter-depends/.build/usr/local/lib64/darkmatter/lib/libz.so.1: no version information available (required by /usr/lib64/libbfd-2.21.1.so)
configure:6118: $? = 0
configure:6124: ./conftest
configure:6127: $? = 0
configure:6144: result: yes
configure:6168: checking for sys/types.h
configure:6189: cc -c -fpic -fPIC -fpic -fPIC -I/root/darkmatter-depends/.build/usr/local/lib64/darkmatter/include -I/root/darkmatter-depends/.build/usr/local/lib64/darkmatter/include/ncurses -I/root/darkmatter-depends/.build/usr/local/lib64/darkmatter/include/libxml2 conftest.c >&5
/usr/lib64/gcc/x86_64-suse-linux/4.6/../../../../x86_64-suse-linux/bin/as: /root/darkmatter-depends/.build/usr/local/lib64/darkmatter/lib/libz.so.1: no version information available (required by /usr/lib64/libbfd-2.21.1.so)
configure:6195: $? = 0
configure:6211: result: yes
configure:6168: checking for sys/stat.h
configure:6189: cc -c -fpic -fPIC -fpic -fPIC -I/root/darkmatter-depends/.build/usr/local/lib64/darkmatter/include -I/root/darkmatter-depends/.build/usr/local/lib64/darkmatter/include/ncurses -I/root/darkmatter-depends/.build/usr/local/lib64/darkmatter/include/libxml2 conftest.c >&5
/usr/lib64/gcc/x86_64-suse-linux/4.6/../../../../x86_64-suse-linux/bin/as: /root/darkmatter-depends/.build/usr/local/lib64/darkmatter/lib/libz.so.1: no version information available (required by /usr/lib64/libbfd-2.21.1.so)
configure:6195: $? = 0
configure:6211: result: yes
configure:6168: checking for stdlib.h
configure:6189: cc -c -fpic -fPIC -fpic -fPIC -I/root/darkmatter-depends/.build/usr/local/lib64/darkmatter/include -I/root/darkmatter-depends/.build/usr/local/lib64/darkmatter/include/ncurses -I/root/darkmatter-depends/.build/usr/local/lib64/darkmatter/include/libxml2 conftest.c >&5
/usr/lib64/gcc/x86_64-suse-linux/4.6/../../../../x86_64-suse-linux/bin/as: /root/darkmatter-depends/.build/usr/local/lib64/darkmatter/lib/libz.so.1: no version information available (required by /usr/lib64/libbfd-2.21.1.so)
configure:6195: $? = 0
configure:6211: result: yes
configure:6168: checking for string.h
configure:6189: cc -c -fpic -fPIC -fpic -fPIC -I/root/darkmatter-depends/.build/usr/local/lib64/darkmatter/include -I/root/darkmatter-depends/.build/usr/local/lib64/darkmatter/include/ncurses -I/root/darkmatter-depends/.build/usr/local/lib64/darkmatter/include/libxml2 conftest.c >&5
/usr/lib64/gcc/x86_64-suse-linux/4.6/../../../../x86_64-suse-linux/bin/as: /root/darkmatter-depends/.build/usr/local/lib64/darkmatter/lib/libz.so.1: no version information available (required by /usr/lib64/libbfd-2.21.1.so)
configure:6195: $? = 0
configure:6211: result: yes
configure:6168: checking for memory.h
configure:6189: cc -c -fpic -fPIC -fpic -fPIC -I/root/darkmatter-depends/.build/usr/local/lib64/darkmatter/include -I/root/darkmatter-depends/.build/usr/local/lib64/darkmatter/include/ncurses -I/root/darkmatter-depends/.build/usr/local/lib64/darkmatter/include/libxml2 conftest.c >&5
/usr/lib64/gcc/x86_64-suse-linux/4.6/../../../../x86_64-suse-linux/bin/as: /root/darkmatter-depends/.build/usr/local/lib64/darkmatter/lib/libz.so.1: no version information available (required by /usr/lib64/libbfd-2.21.1.so)
configure:6195: $? = 0
configure:6211: result: yes
configure:6168: checking for strings.h
configure:6189: cc -c -fpic -fPIC -fpic -fPIC -I/root/darkmatter-depends/.build/usr/local/lib64/darkmatter/include -I/root/darkmatter-depends/.build/usr/local/lib64/darkmatter/include/ncurses -I/root/darkmatter-depends/.build/usr/local/lib64/darkmatter/include/libxml2 conftest.c >&5
/usr/lib64/gcc/x86_64-suse-linux/4.6/../../../../x86_64-suse-linux/bin/as: /root/darkmatter-depends/.build/usr/local/lib64/darkmatter/lib/libz.so.1: no version information available (required by /usr/lib64/libbfd-2.21.1.so)
configure:6195: $? = 0
configure:6211: result: yes
configure:6168: checking for inttypes.h
configure:6189: cc -c -fpic -fPIC -fpic -fPIC -I/root/darkmatter-depends/.build/usr/local/lib64/darkmatter/include -I/root/darkmatter-depends/.build/usr/local/lib64/darkmatter/include/ncurses -I/root/darkmatter-depends/.build/usr/local/lib64/darkmatter/include/libxml2 conftest.c >&5
/usr/lib64/gcc/x86_64-suse-linux/4.6/../../../../x86_64-suse-linux/bin/as: /root/darkmatter-depends/.build/usr/local/lib64/darkmatter/lib/libz.so.1: no version information available (required by /usr/lib64/libbfd-2.21.1.so)
configure:6195: $? = 0
configure:6211: result: yes
configure:6168: checking for stdint.h
configure:6189: cc -c -fpic -fPIC -fpic -fPIC -I/root/darkmatter-depends/.build/usr/local/lib64/darkmatter/include -I/root/darkmatter-depends/.build/usr/local/lib64/darkmatter/include/ncurses -I/root/darkmatter-depends/.build/usr/local/lib64/darkmatter/include/libxml2 conftest.c >&5
/usr/lib64/gcc/x86_64-suse-linux/4.6/../../../../x86_64-suse-linux/bin/as: /root/darkmatter-depends/.build/usr/local/lib64/darkmatter/lib/libz.so.1: no version information available (required by /usr/lib64/libbfd-2.21.1.so)
configure:6195: $? = 0
configure:6211: result: yes
configure:6168: checking for unistd.h
configure:6189: cc -c -fpic -fPIC -fpic -fPIC -I/root/darkmatter-depends/.build/usr/local/lib64/darkmatter/include -I/root/darkmatter-depends/.build/usr/local/lib64/darkmatter/include/ncurses -I/root/darkmatter-depends/.build/usr/local/lib64/darkmatter/include/libxml2 conftest.c >&5
/usr/lib64/gcc/x86_64-suse-linux/4.6/../../../../x86_64-suse-linux/bin/as: /root/darkmatter-depends/.build/usr/local/lib64/darkmatter/lib/libz.so.1: no version information available (required by /usr/lib64/libbfd-2.21.1.so)
configure:6195: $? = 0
configure:6211: result: yes
configure:6238: checking dlfcn.h usability
configure:6255: cc -c -fpic -fPIC -fpic -fPIC -I/root/darkmatter-depends/.build/usr/local/lib64/darkmatter/include -I/root/darkmatter-depends/.build/usr/local/lib64/darkmatter/include/ncurses -I/root/darkmatter-depends/.build/usr/local/lib64/darkmatter/include/libxml2 conftest.c >&5
/usr/lib64/gcc/x86_64-suse-linux/4.6/../../../../x86_64-suse-linux/bin/as: /root/darkmatter-depends/.build/usr/local/lib64/darkmatter/lib/libz.so.1: no version information available (required by /usr/lib64/libbfd-2.21.1.so)
configure:6261: $? = 0
configure:6275: result: yes
configure:6279: checking dlfcn.h presence
configure:6294: cc -E -I/root/darkmatter-depends/.build/usr/local/lib64/darkmatter/include -I/root/darkmatter-depends/.build/usr/local/lib64/darkmatter/include/ncurses -I/root/darkmatter-depends/.build/usr/local/lib64/darkmatter/include/libxml2 conftest.c
configure:6300: $? = 0
configure:6314: result: yes
configure:6347: checking for dlfcn.h
configure:6355: result: yes
configure:6484: checking for C++ compiler version
configure:6491: g++ --version >&5
g++ (SUSE Linux) 4.6.2
Copyright (C) 2011 Free Software Foundation, Inc.
This is free software; see the source for copying conditions.  There is NO
warranty; not even for MERCHANTABILITY or FITNESS FOR A PARTICULAR PURPOSE.

configure:6494: $? = 0
configure:6501: g++ -v >&5
Using built-in specs.
COLLECT_GCC=g++
COLLECT_LTO_WRAPPER=/usr/lib64/gcc/x86_64-suse-linux/4.6/lto-wrapper
Target: x86_64-suse-linux
Configured with: ../configure --prefix=/usr --infodir=/usr/share/info --mandir=/usr/share/man --libdir=/usr/lib64 --libexecdir=/usr/lib64 --enable-languages=c,c++,objc,fortran,obj-c++,java,ada --enable-checking=release --with-gxx-include-dir=/usr/include/c++/4.6 --enable-ssp --disable-libssp --disable-plugin --with-bugurl=http://bugs.opensuse.org/ --with-pkgversion='SUSE Linux' --disable-libgcj --disable-libmudflap --with-slibdir=/lib64 --with-system-zlib --enable-__cxa_atexit --enable-libstdcxx-allocator=new --disable-libstdcxx-pch --enable-version-specific-runtime-libs --program-suffix=-4.6 --enable-linux-futex --without-system-libunwind --with-arch-32=i586 --with-tune=generic --build=x86_64-suse-linux
Thread model: posix
gcc version 4.6.2 (SUSE Linux) 
configure:6504: $? = 0
configure:6511: g++ -V >&5
g++: error: unrecognized option '-V'
g++: fatal error: no input files
compilation terminated.
configure:6514: $? = 1
configure:6517: checking whether we are using the GNU C++ compiler
configure:6546: g++ -c -fpic -fPIC -fpic -fPIC -I/root/darkmatter-depends/.build/usr/local/lib64/darkmatter/include -I/root/darkmatter-depends/.build/usr/local/lib64/darkmatter/include/ncurses -I/root/darkmatter-depends/.build/usr/local/lib64/darkmatter/include/libxml2 conftest.cpp >&5
/usr/lib64/gcc/x86_64-suse-linux/4.6/../../../../x86_64-suse-linux/bin/as: /root/darkmatter-depends/.build/usr/local/lib64/darkmatter/lib/libz.so.1: no version information available (required by /usr/lib64/libbfd-2.21.1.so)
configure:6552: $? = 0
configure:6569: result: yes
configure:6574: checking whether g++ accepts -g
configure:6604: g++ -c -g -I/root/darkmatter-depends/.build/usr/local/lib64/darkmatter/include -I/root/darkmatter-depends/.build/usr/local/lib64/darkmatter/include/ncurses -I/root/darkmatter-depends/.build/usr/local/lib64/darkmatter/include/libxml2 conftest.cpp >&5
/usr/lib64/gcc/x86_64-suse-linux/4.6/../../../../x86_64-suse-linux/bin/as: /root/darkmatter-depends/.build/usr/local/lib64/darkmatter/lib/libz.so.1: no version information available (required by /usr/lib64/libbfd-2.21.1.so)
configure:6610: $? = 0
configure: failed program was:
| /* confdefs.h.  */
| #define PACKAGE_NAME "libssh2"
| #define PACKAGE_TARNAME "libssh2"
| #define PACKAGE_VERSION "-"
| #define PACKAGE_STRING "libssh2 -"
| #define PACKAGE_BUGREPORT "libssh2-devel@lists.sourceforge.net"
| #define PACKAGE "libssh2"
| #define VERSION "0.18"
| #define STDC_HEADERS 1
| #define HAVE_SYS_TYPES_H 1
| #define HAVE_SYS_STAT_H 1
| #define HAVE_STDLIB_H 1
| #define HAVE_STRING_H 1
| #define HAVE_MEMORY_H 1
| #define HAVE_STRINGS_H 1
| #define HAVE_INTTYPES_H 1
| #define HAVE_STDINT_H 1
| #define HAVE_UNISTD_H 1
| #define HAVE_DLFCN_H 1
| /* end confdefs.h.  */
| 
| int
| main ()
| {
| 
|   ;
|   return 0;
| }
configure:6642: g++ -c  -I/root/darkmatter-depends/.build/usr/local/lib64/darkmatter/include -I/root/darkmatter-depends/.build/usr/local/lib64/darkmatter/include/ncurses -I/root/darkmatter-depends/.build/usr/local/lib64/darkmatter/include/libxml2 conftest.cpp >&5
/usr/lib64/gcc/x86_64-suse-linux/4.6/../../../../x86_64-suse-linux/bin/as: /root/darkmatter-depends/.build/usr/local/lib64/darkmatter/lib/libz.so.1: no version information available (required by /usr/lib64/libbfd-2.21.1.so)
configure:6648: $? = 0
configure: failed program was:
| /* confdefs.h.  */
| #define PACKAGE_NAME "libssh2"
| #define PACKAGE_TARNAME "libssh2"
| #define PACKAGE_VERSION "-"
| #define PACKAGE_STRING "libssh2 -"
| #define PACKAGE_BUGREPORT "libssh2-devel@lists.sourceforge.net"
| #define PACKAGE "libssh2"
| #define VERSION "0.18"
| #define STDC_HEADERS 1
| #define HAVE_SYS_TYPES_H 1
| #define HAVE_SYS_STAT_H 1
| #define HAVE_STDLIB_H 1
| #define HAVE_STRING_H 1
| #define HAVE_MEMORY_H 1
| #define HAVE_STRINGS_H 1
| #define HAVE_INTTYPES_H 1
| #define HAVE_STDINT_H 1
| #define HAVE_UNISTD_H 1
| #define HAVE_DLFCN_H 1
| /* end confdefs.h.  */
| 
| int
| main ()
| {
| 
|   ;
|   return 0;
| }
configure:6681: g++ -c -g -I/root/darkmatter-depends/.build/usr/local/lib64/darkmatter/include -I/root/darkmatter-depends/.build/usr/local/lib64/darkmatter/include/ncurses -I/root/darkmatter-depends/.build/usr/local/lib64/darkmatter/include/libxml2 conftest.cpp >&5
/usr/lib64/gcc/x86_64-suse-linux/4.6/../../../../x86_64-suse-linux/bin/as: /root/darkmatter-depends/.build/usr/local/lib64/darkmatter/lib/libz.so.1: no version information available (required by /usr/lib64/libbfd-2.21.1.so)
configure:6687: $? = 0
configure:6709: result: yes
configure:6734: checking dependency style of g++
configure:6824: result: gcc3
configure:6851: checking how to run the C++ preprocessor
configure:6887: g++ -E -I/root/darkmatter-depends/.build/usr/local/lib64/darkmatter/include -I/root/darkmatter-depends/.build/usr/local/lib64/darkmatter/include/ncurses -I/root/darkmatter-depends/.build/usr/local/lib64/darkmatter/include/libxml2 conftest.cpp
configure:6893: $? = 0
configure:6924: g++ -E -I/root/darkmatter-depends/.build/usr/local/lib64/darkmatter/include -I/root/darkmatter-depends/.build/usr/local/lib64/darkmatter/include/ncurses -I/root/darkmatter-depends/.build/usr/local/lib64/darkmatter/include/libxml2 conftest.cpp
conftest.cpp:21:28: fatal error: ac_nonexistent.h: No such file or directory
compilation terminated.
configure:6930: $? = 1
configure: failed program was:
| /* confdefs.h.  */
| #define PACKAGE_NAME "libssh2"
| #define PACKAGE_TARNAME "libssh2"
| #define PACKAGE_VERSION "-"
| #define PACKAGE_STRING "libssh2 -"
| #define PACKAGE_BUGREPORT "libssh2-devel@lists.sourceforge.net"
| #define PACKAGE "libssh2"
| #define VERSION "0.18"
| #define STDC_HEADERS 1
| #define HAVE_SYS_TYPES_H 1
| #define HAVE_SYS_STAT_H 1
| #define HAVE_STDLIB_H 1
| #define HAVE_STRING_H 1
| #define HAVE_MEMORY_H 1
| #define HAVE_STRINGS_H 1
| #define HAVE_INTTYPES_H 1
| #define HAVE_STDINT_H 1
| #define HAVE_UNISTD_H 1
| #define HAVE_DLFCN_H 1
| /* end confdefs.h.  */
| #include <ac_nonexistent.h>
configure:6963: result: g++ -E
configure:6992: g++ -E -I/root/darkmatter-depends/.build/usr/local/lib64/darkmatter/include -I/root/darkmatter-depends/.build/usr/local/lib64/darkmatter/include/ncurses -I/root/darkmatter-depends/.build/usr/local/lib64/darkmatter/include/libxml2 conftest.cpp
configure:6998: $? = 0
configure:7029: g++ -E -I/root/darkmatter-depends/.build/usr/local/lib64/darkmatter/include -I/root/darkmatter-depends/.build/usr/local/lib64/darkmatter/include/ncurses -I/root/darkmatter-depends/.build/usr/local/lib64/darkmatter/include/libxml2 conftest.cpp
conftest.cpp:21:28: fatal error: ac_nonexistent.h: No such file or directory
compilation terminated.
configure:7035: $? = 1
configure: failed program was:
| /* confdefs.h.  */
| #define PACKAGE_NAME "libssh2"
| #define PACKAGE_TARNAME "libssh2"
| #define PACKAGE_VERSION "-"
| #define PACKAGE_STRING "libssh2 -"
| #define PACKAGE_BUGREPORT "libssh2-devel@lists.sourceforge.net"
| #define PACKAGE "libssh2"
| #define VERSION "0.18"
| #define STDC_HEADERS 1
| #define HAVE_SYS_TYPES_H 1
| #define HAVE_SYS_STAT_H 1
| #define HAVE_STDLIB_H 1
| #define HAVE_STRING_H 1
| #define HAVE_MEMORY_H 1
| #define HAVE_STRINGS_H 1
| #define HAVE_INTTYPES_H 1
| #define HAVE_STDINT_H 1
| #define HAVE_UNISTD_H 1
| #define HAVE_DLFCN_H 1
| /* end confdefs.h.  */
| #include <ac_nonexistent.h>
configure:7128: checking for g77
configure:7158: result: no
configure:7128: checking for xlf
configure:7158: result: no
configure:7128: checking for f77
configure:7158: result: no
configure:7128: checking for frt
configure:7158: result: no
configure:7128: checking for pgf77
configure:7158: result: no
configure:7128: checking for cf77
configure:7158: result: no
configure:7128: checking for fort77
configure:7158: result: no
configure:7128: checking for fl32
configure:7158: result: no
configure:7128: checking for af77
configure:7158: result: no
configure:7128: checking for xlf90
configure:7158: result: no
configure:7128: checking for f90
configure:7158: result: no
configure:7128: checking for pgf90
configure:7158: result: no
configure:7128: checking for pghpf
configure:7158: result: no
configure:7128: checking for epcf90
configure:7158: result: no
configure:7128: checking for gfortran
configure:7158: result: no
configure:7128: checking for g95
configure:7158: result: no
configure:7128: checking for xlf95
configure:7158: result: no
configure:7128: checking for f95
configure:7158: result: no
configure:7128: checking for fort
configure:7158: result: no
configure:7128: checking for ifort
configure:7158: result: no
configure:7128: checking for ifc
configure:7158: result: no
configure:7128: checking for efc
configure:7158: result: no
configure:7128: checking for pgf95
configure:7158: result: no
configure:7128: checking for lf95
configure:7158: result: no
configure:7128: checking for ftn
configure:7158: result: no
configure:7185: checking for Fortran 77 compiler version
configure:7192:  --version >&5
./configure: line 7193: --version: command not found
configure:7195: $? = 127
configure:7202:  -v >&5
./configure: line 7203: -v: command not found
configure:7205: $? = 127
configure:7212:  -V >&5
./configure: line 7213: -V: command not found
configure:7215: $? = 127
configure:7223: checking whether we are using the GNU Fortran 77 compiler
configure:7242:  -c  conftest.F >&5
./configure: line 7243: -c: command not found
configure:7248: $? = 127
configure: failed program was:
|       program main
| #ifndef __GNUC__
|        choke me
| #endif
| 
|       end
configure:7265: result: no
configure:7271: checking whether  accepts -g
configure:7288:  -c -g conftest.f >&5
./configure: line 7289: -c: command not found
configure:7294: $? = 127
configure: failed program was:
|       program main
| 
|       end
configure:7310: result: no
configure:7340: checking the maximum length of command line arguments
configure:7452: result: 1572864
configure:7464: checking command to parse /usr/bin/nm output from cc object
configure:7569: cc -c -fpic -fPIC -fpic -fPIC -I/root/darkmatter-depends/.build/usr/local/lib64/darkmatter/include -I/root/darkmatter-depends/.build/usr/local/lib64/darkmatter/include/ncurses -I/root/darkmatter-depends/.build/usr/local/lib64/darkmatter/include/libxml2 conftest.c >&5
/usr/lib64/gcc/x86_64-suse-linux/4.6/../../../../x86_64-suse-linux/bin/as: /root/darkmatter-depends/.build/usr/local/lib64/darkmatter/lib/libz.so.1: no version information available (required by /usr/lib64/libbfd-2.21.1.so)
configure:7572: $? = 0
configure:7576: /usr/bin/nm conftest.o \| sed -n -e 's/^.*[ 	]\([ABCDGIRSTW][ABCDGIRSTW]*\)[ 	][ 	]*\([_A-Za-z][_A-Za-z0-9]*\)$/\1 \2 \2/p' \> conftest.nm
/usr/bin/nm: /root/darkmatter-depends/.build/usr/local/lib64/darkmatter/lib/libz.so.1: no version information available (required by /usr/lib64/libbfd-2.21.1.so)
configure:7579: $? = 0
configure:7631: cc -o conftest -fpic -fPIC -fpic -fPIC -I/root/darkmatter-depends/.build/usr/local/lib64/darkmatter/include -I/root/darkmatter-depends/.build/usr/local/lib64/darkmatter/include/ncurses -I/root/darkmatter-depends/.build/usr/local/lib64/darkmatter/include/libxml2 -L/lib64 -L/usr/lib64 -L/root/darkmatter-depends/.build/usr/local/lib64/darkmatter/lib  -Wl,-rpath -Wl,/usr/local/lib64/darkmatter/lib -L/lib64 -L/usr/lib64 -L/root/darkmatter-depends/.build/usr/local/lib64/darkmatter/lib  -Wl,-rpath -Wl,/usr/local/lib64/darkmatter/lib -lc -lm conftest.c conftstm.o >&5
/usr/lib64/gcc/x86_64-suse-linux/4.6/../../../../x86_64-suse-linux/bin/as: /root/darkmatter-depends/.build/usr/local/lib64/darkmatter/lib/libz.so.1: no version information available (required by /usr/lib64/libbfd-2.21.1.so)
/usr/lib64/gcc/x86_64-suse-linux/4.6/../../../../x86_64-suse-linux/bin/ld: /root/darkmatter-depends/.build/usr/local/lib64/darkmatter/lib/libz.so.1: no version information available (required by /usr/lib64/libbfd-2.21.1.so)
configure:7634: $? = 0
configure:7672: result: ok
configure:7676: checking for objdir
configure:7691: result: .libs
configure:7783: checking for ar
configure:7799: found /usr/bin/ar
configure:7810: result: ar
configure:7879: checking for ranlib
configure:7895: found /usr/bin/ranlib
configure:7906: result: ranlib
configure:7975: checking for strip
configure:7991: found /usr/bin/strip
configure:8002: result: strip
configure:8288: checking if cc supports -fno-rtti -fno-exceptions
configure:8306: cc -c -fpic -fPIC -fpic -fPIC -I/root/darkmatter-depends/.build/usr/local/lib64/darkmatter/include -I/root/darkmatter-depends/.build/usr/local/lib64/darkmatter/include/ncurses -I/root/darkmatter-depends/.build/usr/local/lib64/darkmatter/include/libxml2 -fno-rtti -fno-exceptions conftest.c >&5
cc1: warning: command line option '-fno-rtti' is valid for C++/ObjC++ but not for C [enabled by default]
/usr/lib64/gcc/x86_64-suse-linux/4.6/../../../../x86_64-suse-linux/bin/as: /root/darkmatter-depends/.build/usr/local/lib64/darkmatter/lib/libz.so.1: no version information available (required by /usr/lib64/libbfd-2.21.1.so)
configure:8310: $? = 0
configure:8323: result: no
configure:8338: checking for cc option to produce PIC
configure:8570: result: -fPIC
configure:8578: checking if cc PIC flag -fPIC works
configure:8596: cc -c -fpic -fPIC -fpic -fPIC -I/root/darkmatter-depends/.build/usr/local/lib64/darkmatter/include -I/root/darkmatter-depends/.build/usr/local/lib64/darkmatter/include/ncurses -I/root/darkmatter-depends/.build/usr/local/lib64/darkmatter/include/libxml2 -fPIC -DPIC conftest.c >&5
/usr/lib64/gcc/x86_64-suse-linux/4.6/../../../../x86_64-suse-linux/bin/as: /root/darkmatter-depends/.build/usr/local/lib64/darkmatter/lib/libz.so.1: no version information available (required by /usr/lib64/libbfd-2.21.1.so)
configure:8600: $? = 0
configure:8613: result: yes
configure:8641: checking if cc static flag -static works
configure:8669: result: no
configure:8679: checking if cc supports -c -o file.o
configure:8700: cc -c -fpic -fPIC -fpic -fPIC -I/root/darkmatter-depends/.build/usr/local/lib64/darkmatter/include -I/root/darkmatter-depends/.build/usr/local/lib64/darkmatter/include/ncurses -I/root/darkmatter-depends/.build/usr/local/lib64/darkmatter/include/libxml2 -o out/conftest2.o conftest.c >&5
/usr/lib64/gcc/x86_64-suse-linux/4.6/../../../../x86_64-suse-linux/bin/as: /root/darkmatter-depends/.build/usr/local/lib64/darkmatter/lib/libz.so.1: no version information available (required by /usr/lib64/libbfd-2.21.1.so)
configure:8704: $? = 0
configure:8726: result: yes
configure:8752: checking whether the cc linker (/usr/x86_64-suse-linux/bin/ld -m elf_x86_64) supports shared libraries
configure:9733: result: yes
configure:9754: checking whether -lc should be explicitly linked in
configure:9759: cc -c -fpic -fPIC -fpic -fPIC -I/root/darkmatter-depends/.build/usr/local/lib64/darkmatter/include -I/root/darkmatter-depends/.build/usr/local/lib64/darkmatter/include/ncurses -I/root/darkmatter-depends/.build/usr/local/lib64/darkmatter/include/libxml2 conftest.c >&5
/usr/lib64/gcc/x86_64-suse-linux/4.6/../../../../x86_64-suse-linux/bin/as: /root/darkmatter-depends/.build/usr/local/lib64/darkmatter/lib/libz.so.1: no version information available (required by /usr/lib64/libbfd-2.21.1.so)
configure:9762: $? = 0
configure:9777: cc -shared conftest.o  -v -Wl,-soname -Wl,conftest -o conftest 2\>\&1 \| grep  -lc  \>/dev/null 2\>\&1
configure:9780: $? = 0
configure:9792: result: no
configure:9800: checking dynamic linker characteristics
configure:10414: result: GNU/Linux ld.so
configure:10423: checking how to hardcode library paths into programs
configure:10448: result: immediate
configure:10462: checking whether stripping libraries is possible
configure:10467: result: yes
configure:11269: checking if libtool supports shared libraries
configure:11271: result: yes
configure:11274: checking whether to build shared libraries
configure:11295: result: yes
configure:11298: checking whether to build static libraries
configure:11302: result: yes
configure:11395: creating libtool
configure:11983: checking for ld used by g++
configure:12050: result: /usr/x86_64-suse-linux/bin/ld -m elf_x86_64
configure:12059: checking if the linker (/usr/x86_64-suse-linux/bin/ld -m elf_x86_64) is GNU ld
configure:12074: result: yes
configure:12125: checking whether the g++ linker (/usr/x86_64-suse-linux/bin/ld -m elf_x86_64) supports shared libraries
configure:13099: result: yes
configure:13117: g++ -c -fpic -fPIC -fpic -fPIC -I/root/darkmatter-depends/.build/usr/local/lib64/darkmatter/include -I/root/darkmatter-depends/.build/usr/local/lib64/darkmatter/include/ncurses -I/root/darkmatter-depends/.build/usr/local/lib64/darkmatter/include/libxml2 conftest.cpp >&5
/usr/lib64/gcc/x86_64-suse-linux/4.6/../../../../x86_64-suse-linux/bin/as: /root/darkmatter-depends/.build/usr/local/lib64/darkmatter/lib/libz.so.1: no version information available (required by /usr/lib64/libbfd-2.21.1.so)
configure:13120: $? = 0
configure:13272: checking for g++ option to produce PIC
configure:13556: result: -fPIC
configure:13564: checking if g++ PIC flag -fPIC works
configure:13582: g++ -c -fpic -fPIC -fpic -fPIC -I/root/darkmatter-depends/.build/usr/local/lib64/darkmatter/include -I/root/darkmatter-depends/.build/usr/local/lib64/darkmatter/include/ncurses -I/root/darkmatter-depends/.build/usr/local/lib64/darkmatter/include/libxml2 -fPIC -DPIC conftest.cpp >&5
/usr/lib64/gcc/x86_64-suse-linux/4.6/../../../../x86_64-suse-linux/bin/as: /root/darkmatter-depends/.build/usr/local/lib64/darkmatter/lib/libz.so.1: no version information available (required by /usr/lib64/libbfd-2.21.1.so)
configure:13586: $? = 0
configure:13599: result: yes
configure:13627: checking if g++ static flag -static works
configure:13655: result: no
configure:13665: checking if g++ supports -c -o file.o
configure:13686: g++ -c -fpic -fPIC -fpic -fPIC -I/root/darkmatter-depends/.build/usr/local/lib64/darkmatter/include -I/root/darkmatter-depends/.build/usr/local/lib64/darkmatter/include/ncurses -I/root/darkmatter-depends/.build/usr/local/lib64/darkmatter/include/libxml2 -o out/conftest2.o conftest.cpp >&5
/usr/lib64/gcc/x86_64-suse-linux/4.6/../../../../x86_64-suse-linux/bin/as: /root/darkmatter-depends/.build/usr/local/lib64/darkmatter/lib/libz.so.1: no version information available (required by /usr/lib64/libbfd-2.21.1.so)
configure:13690: $? = 0
configure:13712: result: yes
configure:13738: checking whether the g++ linker (/usr/x86_64-suse-linux/bin/ld -m elf_x86_64) supports shared libraries
configure:13766: result: yes
configure:13833: checking dynamic linker characteristics
configure:14395: result: GNU/Linux ld.so
configure:14404: checking how to hardcode library paths into programs
configure:14429: result: immediate
configure:20626: checking whether byte ordering is bigendian
configure:20659: cc -c -fpic -fPIC -fpic -fPIC -I/root/darkmatter-depends/.build/usr/local/lib64/darkmatter/include -I/root/darkmatter-depends/.build/usr/local/lib64/darkmatter/include/ncurses -I/root/darkmatter-depends/.build/usr/local/lib64/darkmatter/include/libxml2 conftest.c >&5
/usr/lib64/gcc/x86_64-suse-linux/4.6/../../../../x86_64-suse-linux/bin/as: /root/darkmatter-depends/.build/usr/local/lib64/darkmatter/lib/libz.so.1: no version information available (required by /usr/lib64/libbfd-2.21.1.so)
configure:20665: $? = 0
configure:20697: cc -c -fpic -fPIC -fpic -fPIC -I/root/darkmatter-depends/.build/usr/local/lib64/darkmatter/include -I/root/darkmatter-depends/.build/usr/local/lib64/darkmatter/include/ncurses -I/root/darkmatter-depends/.build/usr/local/lib64/darkmatter/include/libxml2 conftest.c >&5
conftest.c: In function 'main':
conftest.c:28:2: error: unknown type name 'not'
conftest.c:28:10: error: expected '=', ',', ';', 'asm' or '__attribute__' before 'endian'
configure:20703: $? = 1
configure: failed program was:
| /* confdefs.h.  */
| #define PACKAGE_NAME "libssh2"
| #define PACKAGE_TARNAME "libssh2"
| #define PACKAGE_VERSION "-"
| #define PACKAGE_STRING "libssh2 -"
| #define PACKAGE_BUGREPORT "libssh2-devel@lists.sourceforge.net"
| #define PACKAGE "libssh2"
| #define VERSION "0.18"
| #define STDC_HEADERS 1
| #define HAVE_SYS_TYPES_H 1
| #define HAVE_SYS_STAT_H 1
| #define HAVE_STDLIB_H 1
| #define HAVE_STRING_H 1
| #define HAVE_MEMORY_H 1
| #define HAVE_STRINGS_H 1
| #define HAVE_INTTYPES_H 1
| #define HAVE_STDINT_H 1
| #define HAVE_UNISTD_H 1
| #define HAVE_DLFCN_H 1
| /* end confdefs.h.  */
| #include <sys/types.h>
| #include <sys/param.h>
| 
| int
| main ()
| {
| #if BYTE_ORDER != BIG_ENDIAN
|  not big endian
| #endif
| 
|   ;
|   return 0;
| }
configure:20843: result: no
configure:20865: checking for pkg-config
configure:20883: found /usr/bin/pkg-config
configure:20896: result: /usr/bin/pkg-config
configure:20913: checking for special C compiler options needed for large files
configure:21006: result: no
configure:21012: checking for _FILE_OFFSET_BITS value needed for large files
configure:21047: cc -c -fpic -fPIC -fpic -fPIC -I/root/darkmatter-depends/.build/usr/local/lib64/darkmatter/include -I/root/darkmatter-depends/.build/usr/local/lib64/darkmatter/include/ncurses -I/root/darkmatter-depends/.build/usr/local/lib64/darkmatter/include/libxml2 conftest.c >&5
/usr/lib64/gcc/x86_64-suse-linux/4.6/../../../../x86_64-suse-linux/bin/as: /root/darkmatter-depends/.build/usr/local/lib64/darkmatter/lib/libz.so.1: no version information available (required by /usr/lib64/libbfd-2.21.1.so)
configure:21053: $? = 0
configure:21121: result: no
configure:22050: checking for OpenSSL
configure:22059: result: Using explicit path /root/darkmatter-depends/.build/usr/local/lib64/darkmatter
configure:22145: checking for libz
configure:22159: result: Found in /root/darkmatter-depends/.build/usr/local/lib64/darkmatter/include /root/darkmatter-depends/.build/usr/local/lib64/darkmatter/lib
configure:22209: checking whether to enable pedantic and debug compiler options
configure:22345: result: no
configure:22373: checking errno.h usability
configure:22390: cc -c -fpic -fPIC -fpic -fPIC -I/root/darkmatter-depends/.build/usr/local/lib64/darkmatter/include -I/root/darkmatter-depends/.build/usr/local/lib64/darkmatter/include -I/root/darkmatter-depends/.build/usr/local/lib64/darkmatter/include -I/root/darkmatter-depends/.build/usr/local/lib64/darkmatter/include/ncurses -I/root/darkmatter-depends/.build/usr/local/lib64/darkmatter/include/libxml2 conftest.c >&5
/usr/lib64/gcc/x86_64-suse-linux/4.6/../../../../x86_64-suse-linux/bin/as: /root/darkmatter-depends/.build/usr/local/lib64/darkmatter/lib/libz.so.1: no version information available (required by /usr/lib64/libbfd-2.21.1.so)
configure:22396: $? = 0
configure:22410: result: yes
configure:22414: checking errno.h presence
configure:22429: cc -E -I/root/darkmatter-depends/.build/usr/local/lib64/darkmatter/include -I/root/darkmatter-depends/.build/usr/local/lib64/darkmatter/include/ncurses -I/root/darkmatter-depends/.build/usr/local/lib64/darkmatter/include/libxml2 conftest.c
configure:22435: $? = 0
configure:22449: result: yes
configure:22482: checking for errno.h
configure:22490: result: yes
configure:22373: checking fcntl.h usability
configure:22390: cc -c -fpic -fPIC -fpic -fPIC -I/root/darkmatter-depends/.build/usr/local/lib64/darkmatter/include -I/root/darkmatter-depends/.build/usr/local/lib64/darkmatter/include -I/root/darkmatter-depends/.build/usr/local/lib64/darkmatter/include -I/root/darkmatter-depends/.build/usr/local/lib64/darkmatter/include/ncurses -I/root/darkmatter-depends/.build/usr/local/lib64/darkmatter/include/libxml2 conftest.c >&5
/usr/lib64/gcc/x86_64-suse-linux/4.6/../../../../x86_64-suse-linux/bin/as: /root/darkmatter-depends/.build/usr/local/lib64/darkmatter/lib/libz.so.1: no version information available (required by /usr/lib64/libbfd-2.21.1.so)
configure:22396: $? = 0
configure:22410: result: yes
configure:22414: checking fcntl.h presence
configure:22429: cc -E -I/root/darkmatter-depends/.build/usr/local/lib64/darkmatter/include -I/root/darkmatter-depends/.build/usr/local/lib64/darkmatter/include/ncurses -I/root/darkmatter-depends/.build/usr/local/lib64/darkmatter/include/libxml2 conftest.c
configure:22435: $? = 0
configure:22449: result: yes
configure:22482: checking for fcntl.h
configure:22490: result: yes
configure:22373: checking stdio.h usability
configure:22390: cc -c -fpic -fPIC -fpic -fPIC -I/root/darkmatter-depends/.build/usr/local/lib64/darkmatter/include -I/root/darkmatter-depends/.build/usr/local/lib64/darkmatter/include -I/root/darkmatter-depends/.build/usr/local/lib64/darkmatter/include -I/root/darkmatter-depends/.build/usr/local/lib64/darkmatter/include/ncurses -I/root/darkmatter-depends/.build/usr/local/lib64/darkmatter/include/libxml2 conftest.c >&5
/usr/lib64/gcc/x86_64-suse-linux/4.6/../../../../x86_64-suse-linux/bin/as: /root/darkmatter-depends/.build/usr/local/lib64/darkmatter/lib/libz.so.1: no version information available (required by /usr/lib64/libbfd-2.21.1.so)
configure:22396: $? = 0
configure:22410: result: yes
configure:22414: checking stdio.h presence
configure:22429: cc -E -I/root/darkmatter-depends/.build/usr/local/lib64/darkmatter/include -I/root/darkmatter-depends/.build/usr/local/lib64/darkmatter/include/ncurses -I/root/darkmatter-depends/.build/usr/local/lib64/darkmatter/include/libxml2 conftest.c
configure:22435: $? = 0
configure:22449: result: yes
configure:22482: checking for stdio.h
configure:22490: result: yes
configure:22363: checking for stdlib.h
configure:22369: result: yes
configure:22363: checking for unistd.h
configure:22369: result: yes
configure:22373: checking sys/uio.h usability
configure:22390: cc -c -fpic -fPIC -fpic -fPIC -I/root/darkmatter-depends/.build/usr/local/lib64/darkmatter/include -I/root/darkmatter-depends/.build/usr/local/lib64/darkmatter/include -I/root/darkmatter-depends/.build/usr/local/lib64/darkmatter/include -I/root/darkmatter-depends/.build/usr/local/lib64/darkmatter/include/ncurses -I/root/darkmatter-depends/.build/usr/local/lib64/darkmatter/include/libxml2 conftest.c >&5
/usr/lib64/gcc/x86_64-suse-linux/4.6/../../../../x86_64-suse-linux/bin/as: /root/darkmatter-depends/.build/usr/local/lib64/darkmatter/lib/libz.so.1: no version information available (required by /usr/lib64/libbfd-2.21.1.so)
configure:22396: $? = 0
configure:22410: result: yes
configure:22414: checking sys/uio.h presence
configure:22429: cc -E -I/root/darkmatter-depends/.build/usr/local/lib64/darkmatter/include -I/root/darkmatter-depends/.build/usr/local/lib64/darkmatter/include/ncurses -I/root/darkmatter-depends/.build/usr/local/lib64/darkmatter/include/libxml2 conftest.c
configure:22435: $? = 0
configure:22449: result: yes
configure:22482: checking for sys/uio.h
configure:22490: result: yes
configure:22521: checking sys/select.h usability
configure:22538: cc -c -fpic -fPIC -fpic -fPIC -I/root/darkmatter-depends/.build/usr/local/lib64/darkmatter/include -I/root/darkmatter-depends/.build/usr/local/lib64/darkmatter/include -I/root/darkmatter-depends/.build/usr/local/lib64/darkmatter/include -I/root/darkmatter-depends/.build/usr/local/lib64/darkmatter/include/ncurses -I/root/darkmatter-depends/.build/usr/local/lib64/darkmatter/include/libxml2 conftest.c >&5
/usr/lib64/gcc/x86_64-suse-linux/4.6/../../../../x86_64-suse-linux/bin/as: /root/darkmatter-depends/.build/usr/local/lib64/darkmatter/lib/libz.so.1: no version information available (required by /usr/lib64/libbfd-2.21.1.so)
configure:22544: $? = 0
configure:22558: result: yes
configure:22562: checking sys/select.h presence
configure:22577: cc -E -I/root/darkmatter-depends/.build/usr/local/lib64/darkmatter/include -I/root/darkmatter-depends/.build/usr/local/lib64/darkmatter/include/ncurses -I/root/darkmatter-depends/.build/usr/local/lib64/darkmatter/include/libxml2 conftest.c
configure:22583: $? = 0
configure:22597: result: yes
configure:22630: checking for sys/select.h
configure:22638: result: yes
configure:22521: checking sys/socket.h usability
configure:22538: cc -c -fpic -fPIC -fpic -fPIC -I/root/darkmatter-depends/.build/usr/local/lib64/darkmatter/include -I/root/darkmatter-depends/.build/usr/local/lib64/darkmatter/include -I/root/darkmatter-depends/.build/usr/local/lib64/darkmatter/include -I/root/darkmatter-depends/.build/usr/local/lib64/darkmatter/include/ncurses -I/root/darkmatter-depends/.build/usr/local/lib64/darkmatter/include/libxml2 conftest.c >&5
/usr/lib64/gcc/x86_64-suse-linux/4.6/../../../../x86_64-suse-linux/bin/as: /root/darkmatter-depends/.build/usr/local/lib64/darkmatter/lib/libz.so.1: no version information available (required by /usr/lib64/libbfd-2.21.1.so)
configure:22544: $? = 0
configure:22558: result: yes
configure:22562: checking sys/socket.h presence
configure:22577: cc -E -I/root/darkmatter-depends/.build/usr/local/lib64/darkmatter/include -I/root/darkmatter-depends/.build/usr/local/lib64/darkmatter/include/ncurses -I/root/darkmatter-depends/.build/usr/local/lib64/darkmatter/include/libxml2 conftest.c
configure:22583: $? = 0
configure:22597: result: yes
configure:22630: checking for sys/socket.h
configure:22638: result: yes
configure:22521: checking sys/ioctl.h usability
configure:22538: cc -c -fpic -fPIC -fpic -fPIC -I/root/darkmatter-depends/.build/usr/local/lib64/darkmatter/include -I/root/darkmatter-depends/.build/usr/local/lib64/darkmatter/include -I/root/darkmatter-depends/.build/usr/local/lib64/darkmatter/include -I/root/darkmatter-depends/.build/usr/local/lib64/darkmatter/include/ncurses -I/root/darkmatter-depends/.build/usr/local/lib64/darkmatter/include/libxml2 conftest.c >&5
/usr/lib64/gcc/x86_64-suse-linux/4.6/../../../../x86_64-suse-linux/bin/as: /root/darkmatter-depends/.build/usr/local/lib64/darkmatter/lib/libz.so.1: no version information available (required by /usr/lib64/libbfd-2.21.1.so)
configure:22544: $? = 0
configure:22558: result: yes
configure:22562: checking sys/ioctl.h presence
configure:22577: cc -E -I/root/darkmatter-depends/.build/usr/local/lib64/darkmatter/include -I/root/darkmatter-depends/.build/usr/local/lib64/darkmatter/include/ncurses -I/root/darkmatter-depends/.build/usr/local/lib64/darkmatter/include/libxml2 conftest.c
configure:22583: $? = 0
configure:22597: result: yes
configure:22630: checking for sys/ioctl.h
configure:22638: result: yes
configure:22521: checking sys/time.h usability
configure:22538: cc -c -fpic -fPIC -fpic -fPIC -I/root/darkmatter-depends/.build/usr/local/lib64/darkmatter/include -I/root/darkmatter-depends/.build/usr/local/lib64/darkmatter/include -I/root/darkmatter-depends/.build/usr/local/lib64/darkmatter/include -I/root/darkmatter-depends/.build/usr/local/lib64/darkmatter/include/ncurses -I/root/darkmatter-depends/.build/usr/local/lib64/darkmatter/include/libxml2 conftest.c >&5
/usr/lib64/gcc/x86_64-suse-linux/4.6/../../../../x86_64-suse-linux/bin/as: /root/darkmatter-depends/.build/usr/local/lib64/darkmatter/lib/libz.so.1: no version information available (required by /usr/lib64/libbfd-2.21.1.so)
configure:22544: $? = 0
configure:22558: result: yes
configure:22562: checking sys/time.h presence
configure:22577: cc -E -I/root/darkmatter-depends/.build/usr/local/lib64/darkmatter/include -I/root/darkmatter-depends/.build/usr/local/lib64/darkmatter/include/ncurses -I/root/darkmatter-depends/.build/usr/local/lib64/darkmatter/include/libxml2 conftest.c
configure:22583: $? = 0
configure:22597: result: yes
configure:22630: checking for sys/time.h
configure:22638: result: yes
configure:22667: checking arpa/inet.h usability
configure:22684: cc -c -fpic -fPIC -fpic -fPIC -I/root/darkmatter-depends/.build/usr/local/lib64/darkmatter/include -I/root/darkmatter-depends/.build/usr/local/lib64/darkmatter/include -I/root/darkmatter-depends/.build/usr/local/lib64/darkmatter/include -I/root/darkmatter-depends/.build/usr/local/lib64/darkmatter/include/ncurses -I/root/darkmatter-depends/.build/usr/local/lib64/darkmatter/include/libxml2 conftest.c >&5
/usr/lib64/gcc/x86_64-suse-linux/4.6/../../../../x86_64-suse-linux/bin/as: /root/darkmatter-depends/.build/usr/local/lib64/darkmatter/lib/libz.so.1: no version information available (required by /usr/lib64/libbfd-2.21.1.so)
configure:22690: $? = 0
configure:22704: result: yes
configure:22708: checking arpa/inet.h presence
configure:22723: cc -E -I/root/darkmatter-depends/.build/usr/local/lib64/darkmatter/include -I/root/darkmatter-depends/.build/usr/local/lib64/darkmatter/include/ncurses -I/root/darkmatter-depends/.build/usr/local/lib64/darkmatter/include/libxml2 conftest.c
configure:22729: $? = 0
configure:22743: result: yes
configure:22776: checking for arpa/inet.h
configure:22784: result: yes
configure:22667: checking netinet/in.h usability
configure:22684: cc -c -fpic -fPIC -fpic -fPIC -I/root/darkmatter-depends/.build/usr/local/lib64/darkmatter/include -I/root/darkmatter-depends/.build/usr/local/lib64/darkmatter/include -I/root/darkmatter-depends/.build/usr/local/lib64/darkmatter/include -I/root/darkmatter-depends/.build/usr/local/lib64/darkmatter/include/ncurses -I/root/darkmatter-depends/.build/usr/local/lib64/darkmatter/include/libxml2 conftest.c >&5
/usr/lib64/gcc/x86_64-suse-linux/4.6/../../../../x86_64-suse-linux/bin/as: /root/darkmatter-depends/.build/usr/local/lib64/darkmatter/lib/libz.so.1: no version information available (required by /usr/lib64/libbfd-2.21.1.so)
configure:22690: $? = 0
configure:22704: result: yes
configure:22708: checking netinet/in.h presence
configure:22723: cc -E -I/root/darkmatter-depends/.build/usr/local/lib64/darkmatter/include -I/root/darkmatter-depends/.build/usr/local/lib64/darkmatter/include/ncurses -I/root/darkmatter-depends/.build/usr/local/lib64/darkmatter/include/libxml2 conftest.c
configure:22729: $? = 0
configure:22743: result: yes
configure:22776: checking for netinet/in.h
configure:22784: result: yes
configure:22803: checking for poll
configure:22859: cc -o conftest -fpic -fPIC -fpic -fPIC -I/root/darkmatter-depends/.build/usr/local/lib64/darkmatter/include -I/root/darkmatter-depends/.build/usr/local/lib64/darkmatter/include -I/root/darkmatter-depends/.build/usr/local/lib64/darkmatter/include -I/root/darkmatter-depends/.build/usr/local/lib64/darkmatter/include/ncurses -I/root/darkmatter-depends/.build/usr/local/lib64/darkmatter/include/libxml2 -L/lib64 -L/usr/lib64 -L/root/darkmatter-depends/.build/usr/local/lib64/darkmatter/lib  -Wl,-rpath -Wl,/usr/local/lib64/darkmatter/lib -L/lib64 -L/usr/lib64 -L/root/darkmatter-depends/.build/usr/local/lib64/darkmatter/lib  -Wl,-rpath -Wl,/usr/local/lib64/darkmatter/lib -lc -lm -L/root/darkmatter-depends/.build/usr/local/lib64/darkmatter/lib -lcrypto -L/root/darkmatter-depends/.build/usr/local/lib64/darkmatter/lib -lz conftest.c -lc -lm >&5
/usr/lib64/gcc/x86_64-suse-linux/4.6/../../../../x86_64-suse-linux/bin/as: /root/darkmatter-depends/.build/usr/local/lib64/darkmatter/lib/libz.so.1: no version information available (required by /usr/lib64/libbfd-2.21.1.so)
/usr/lib64/gcc/x86_64-suse-linux/4.6/../../../../x86_64-suse-linux/bin/ld: /root/darkmatter-depends/.build/usr/local/lib64/darkmatter/lib/libz.so.1: no version information available (required by /usr/lib64/libbfd-2.21.1.so)
configure:22865: $? = 0
configure:22883: result: yes
configure:22803: checking for gettimeofday
configure:22859: cc -o conftest -fpic -fPIC -fpic -fPIC -I/root/darkmatter-depends/.build/usr/local/lib64/darkmatter/include -I/root/darkmatter-depends/.build/usr/local/lib64/darkmatter/include -I/root/darkmatter-depends/.build/usr/local/lib64/darkmatter/include -I/root/darkmatter-depends/.build/usr/local/lib64/darkmatter/include/ncurses -I/root/darkmatter-depends/.build/usr/local/lib64/darkmatter/include/libxml2 -L/lib64 -L/usr/lib64 -L/root/darkmatter-depends/.build/usr/local/lib64/darkmatter/lib  -Wl,-rpath -Wl,/usr/local/lib64/darkmatter/lib -L/lib64 -L/usr/lib64 -L/root/darkmatter-depends/.build/usr/local/lib64/darkmatter/lib  -Wl,-rpath -Wl,/usr/local/lib64/darkmatter/lib -lc -lm -L/root/darkmatter-depends/.build/usr/local/lib64/darkmatter/lib -lcrypto -L/root/darkmatter-depends/.build/usr/local/lib64/darkmatter/lib -lz conftest.c -lc -lm >&5
/usr/lib64/gcc/x86_64-suse-linux/4.6/../../../../x86_64-suse-linux/bin/as: /root/darkmatter-depends/.build/usr/local/lib64/darkmatter/lib/libz.so.1: no version information available (required by /usr/lib64/libbfd-2.21.1.so)
/usr/lib64/gcc/x86_64-suse-linux/4.6/../../../../x86_64-suse-linux/bin/ld: /root/darkmatter-depends/.build/usr/local/lib64/darkmatter/lib/libz.so.1: no version information available (required by /usr/lib64/libbfd-2.21.1.so)
configure:22865: $? = 0
configure:22883: result: yes
configure:22803: checking for select
configure:22859: cc -o conftest -fpic -fPIC -fpic -fPIC -I/root/darkmatter-depends/.build/usr/local/lib64/darkmatter/include -I/root/darkmatter-depends/.build/usr/local/lib64/darkmatter/include -I/root/darkmatter-depends/.build/usr/local/lib64/darkmatter/include -I/root/darkmatter-depends/.build/usr/local/lib64/darkmatter/include/ncurses -I/root/darkmatter-depends/.build/usr/local/lib64/darkmatter/include/libxml2 -L/lib64 -L/usr/lib64 -L/root/darkmatter-depends/.build/usr/local/lib64/darkmatter/lib  -Wl,-rpath -Wl,/usr/local/lib64/darkmatter/lib -L/lib64 -L/usr/lib64 -L/root/darkmatter-depends/.build/usr/local/lib64/darkmatter/lib  -Wl,-rpath -Wl,/usr/local/lib64/darkmatter/lib -lc -lm -L/root/darkmatter-depends/.build/usr/local/lib64/darkmatter/lib -lcrypto -L/root/darkmatter-depends/.build/usr/local/lib64/darkmatter/lib -lz conftest.c -lc -lm >&5
/usr/lib64/gcc/x86_64-suse-linux/4.6/../../../../x86_64-suse-linux/bin/as: /root/darkmatter-depends/.build/usr/local/lib64/darkmatter/lib/libz.so.1: no version information available (required by /usr/lib64/libbfd-2.21.1.so)
/usr/lib64/gcc/x86_64-suse-linux/4.6/../../../../x86_64-suse-linux/bin/ld: /root/darkmatter-depends/.build/usr/local/lib64/darkmatter/lib/libz.so.1: no version information available (required by /usr/lib64/libbfd-2.21.1.so)
configure:22865: $? = 0
configure:22883: result: yes
configure:22896: checking for working alloca.h
configure:22923: cc -o conftest -fpic -fPIC -fpic -fPIC -I/root/darkmatter-depends/.build/usr/local/lib64/darkmatter/include -I/root/darkmatter-depends/.build/usr/local/lib64/darkmatter/include -I/root/darkmatter-depends/.build/usr/local/lib64/darkmatter/include -I/root/darkmatter-depends/.build/usr/local/lib64/darkmatter/include/ncurses -I/root/darkmatter-depends/.build/usr/local/lib64/darkmatter/include/libxml2 -L/lib64 -L/usr/lib64 -L/root/darkmatter-depends/.build/usr/local/lib64/darkmatter/lib  -Wl,-rpath -Wl,/usr/local/lib64/darkmatter/lib -L/lib64 -L/usr/lib64 -L/root/darkmatter-depends/.build/usr/local/lib64/darkmatter/lib  -Wl,-rpath -Wl,/usr/local/lib64/darkmatter/lib -lc -lm -L/root/darkmatter-depends/.build/usr/local/lib64/darkmatter/lib -lcrypto -L/root/darkmatter-depends/.build/usr/local/lib64/darkmatter/lib -lz conftest.c -lc -lm >&5
/usr/lib64/gcc/x86_64-suse-linux/4.6/../../../../x86_64-suse-linux/bin/as: /root/darkmatter-depends/.build/usr/local/lib64/darkmatter/lib/libz.so.1: no version information available (required by /usr/lib64/libbfd-2.21.1.so)
/usr/lib64/gcc/x86_64-suse-linux/4.6/../../../../x86_64-suse-linux/bin/ld: /root/darkmatter-depends/.build/usr/local/lib64/darkmatter/lib/libz.so.1: no version information available (required by /usr/lib64/libbfd-2.21.1.so)
configure:22929: $? = 0
configure:22946: result: yes
configure:22956: checking for alloca
configure:23003: cc -o conftest -fpic -fPIC -fpic -fPIC -I/root/darkmatter-depends/.build/usr/local/lib64/darkmatter/include -I/root/darkmatter-depends/.build/usr/local/lib64/darkmatter/include -I/root/darkmatter-depends/.build/usr/local/lib64/darkmatter/include -I/root/darkmatter-depends/.build/usr/local/lib64/darkmatter/include/ncurses -I/root/darkmatter-depends/.build/usr/local/lib64/darkmatter/include/libxml2 -L/lib64 -L/usr/lib64 -L/root/darkmatter-depends/.build/usr/local/lib64/darkmatter/lib  -Wl,-rpath -Wl,/usr/local/lib64/darkmatter/lib -L/lib64 -L/usr/lib64 -L/root/darkmatter-depends/.build/usr/local/lib64/darkmatter/lib  -Wl,-rpath -Wl,/usr/local/lib64/darkmatter/lib -lc -lm -L/root/darkmatter-depends/.build/usr/local/lib64/darkmatter/lib -lcrypto -L/root/darkmatter-depends/.build/usr/local/lib64/darkmatter/lib -lz conftest.c -lc -lm >&5
/usr/lib64/gcc/x86_64-suse-linux/4.6/../../../../x86_64-suse-linux/bin/as: /root/darkmatter-depends/.build/usr/local/lib64/darkmatter/lib/libz.so.1: no version information available (required by /usr/lib64/libbfd-2.21.1.so)
/usr/lib64/gcc/x86_64-suse-linux/4.6/../../../../x86_64-suse-linux/bin/ld: /root/darkmatter-depends/.build/usr/local/lib64/darkmatter/lib/libz.so.1: no version information available (required by /usr/lib64/libbfd-2.21.1.so)
configure:23009: $? = 0
configure:23026: result: yes
configure:23255: checking for an ANSI C-conforming const
configure:23330: cc -c -fpic -fPIC -fpic -fPIC -I/root/darkmatter-depends/.build/usr/local/lib64/darkmatter/include -I/root/darkmatter-depends/.build/usr/local/lib64/darkmatter/include -I/root/darkmatter-depends/.build/usr/local/lib64/darkmatter/include -I/root/darkmatter-depends/.build/usr/local/lib64/darkmatter/include/ncurses -I/root/darkmatter-depends/.build/usr/local/lib64/darkmatter/include/libxml2 conftest.c >&5
/usr/lib64/gcc/x86_64-suse-linux/4.6/../../../../x86_64-suse-linux/bin/as: /root/darkmatter-depends/.build/usr/local/lib64/darkmatter/lib/libz.so.1: no version information available (required by /usr/lib64/libbfd-2.21.1.so)
configure:23336: $? = 0
configure:23351: result: yes
configure:23361: checking for inline
configure:23387: cc -c -fpic -fPIC -fpic -fPIC -I/root/darkmatter-depends/.build/usr/local/lib64/darkmatter/include -I/root/darkmatter-depends/.build/usr/local/lib64/darkmatter/include -I/root/darkmatter-depends/.build/usr/local/lib64/darkmatter/include -I/root/darkmatter-depends/.build/usr/local/lib64/darkmatter/include/ncurses -I/root/darkmatter-depends/.build/usr/local/lib64/darkmatter/include/libxml2 conftest.c >&5
/usr/lib64/gcc/x86_64-suse-linux/4.6/../../../../x86_64-suse-linux/bin/as: /root/darkmatter-depends/.build/usr/local/lib64/darkmatter/lib/libz.so.1: no version information available (required by /usr/lib64/libbfd-2.21.1.so)
configure:23393: $? = 0
configure:23411: result: inline
configure:23432: checking non-blocking sockets style
configure:23480: cc -c -fpic -fPIC -fpic -fPIC -I/root/darkmatter-depends/.build/usr/local/lib64/darkmatter/include -I/root/darkmatter-depends/.build/usr/local/lib64/darkmatter/include -I/root/darkmatter-depends/.build/usr/local/lib64/darkmatter/include -I/root/darkmatter-depends/.build/usr/local/lib64/darkmatter/include/ncurses -I/root/darkmatter-depends/.build/usr/local/lib64/darkmatter/include/libxml2 conftest.c >&5
/usr/lib64/gcc/x86_64-suse-linux/4.6/../../../../x86_64-suse-linux/bin/as: /root/darkmatter-depends/.build/usr/local/lib64/darkmatter/lib/libz.so.1: no version information available (required by /usr/lib64/libbfd-2.21.1.so)
configure:23486: $? = 0
configure:23764: result: O_NONBLOCK
configure:23917: creating ./config.status

## ---------------------- ##
## Running config.status. ##
## ---------------------- ##

This file was extended by libssh2 config.status -, which was
generated by GNU Autoconf 2.61.  Invocation command line was

  CONFIG_FILES    = 
  CONFIG_HEADERS  = 
  CONFIG_LINKS    = 
  CONFIG_COMMANDS = 
  $ ./config.status 

on linux-j0lx

config.status:678: creating Makefile
config.status:678: creating src/Makefile
config.status:678: creating tests/Makefile
config.status:678: creating example/Makefile
config.status:678: creating example/simple/Makefile
config.status:678: creating docs/Makefile
config.status:678: creating src/libssh2_config.h
config.status:678: creating example/simple/config.h
config.status:965: executing depfiles commands

## ---------------- ##
## Cache variables. ##
## ---------------- ##

ac_cv_build=x86_64-unknown-linux-gnu
ac_cv_c_bigendian=no
ac_cv_c_compiler_gnu=yes
ac_cv_c_const=yes
ac_cv_c_inline=inline
ac_cv_cxx_compiler_gnu=yes
ac_cv_env_CCC_set=
ac_cv_env_CCC_value=
ac_cv_env_CC_set=set
ac_cv_env_CC_value=cc
ac_cv_env_CFLAGS_set=set
ac_cv_env_CFLAGS_value='-fpic -fPIC -fpic -fPIC'
ac_cv_env_CPPFLAGS_set=set
ac_cv_env_CPPFLAGS_value='-I/root/darkmatter-depends/.build/usr/local/lib64/darkmatter/include -I/root/darkmatter-depends/.build/usr/local/lib64/darkmatter/include/ncurses -I/root/darkmatter-depends/.build/usr/local/lib64/darkmatter/include/libxml2'
ac_cv_env_CPP_set=
ac_cv_env_CPP_value=
ac_cv_env_CXXCPP_set=
ac_cv_env_CXXCPP_value=
ac_cv_env_CXXFLAGS_set=set
ac_cv_env_CXXFLAGS_value='-fpic -fPIC -fpic -fPIC'
ac_cv_env_CXX_set=set
ac_cv_env_CXX_value=g++
ac_cv_env_F77_set=
ac_cv_env_F77_value=
ac_cv_env_FFLAGS_set=
ac_cv_env_FFLAGS_value=
ac_cv_env_LDFLAGS_set=set
ac_cv_env_LDFLAGS_value='-L/lib64 -L/usr/lib64 -L/root/darkmatter-depends/.build/usr/local/lib64/darkmatter/lib  -Wl,-rpath -Wl,/usr/local/lib64/darkmatter/lib -L/lib64 -L/usr/lib64 -L/root/darkmatter-depends/.build/usr/local/lib64/darkmatter/lib  -Wl,-rpath -Wl,/usr/local/lib64/darkmatter/lib -lc -lm'
ac_cv_env_LIBS_set=set
ac_cv_env_LIBS_value='-lc -lm'
ac_cv_env_build_alias_set=
ac_cv_env_build_alias_value=
ac_cv_env_host_alias_set=
ac_cv_env_host_alias_value=
ac_cv_env_target_alias_set=
ac_cv_env_target_alias_value=
ac_cv_f77_compiler_gnu=no
ac_cv_func_alloca_works=yes
ac_cv_func_gettimeofday=yes
ac_cv_func_poll=yes
ac_cv_func_select=yes
ac_cv_header_arpa_inet_h=yes
ac_cv_header_dlfcn_h=yes
ac_cv_header_errno_h=yes
ac_cv_header_fcntl_h=yes
ac_cv_header_inttypes_h=yes
ac_cv_header_memory_h=yes
ac_cv_header_netinet_in_h=yes
ac_cv_header_stdc=yes
ac_cv_header_stdint_h=yes
ac_cv_header_stdio_h=yes
ac_cv_header_stdlib_h=yes
ac_cv_header_string_h=yes
ac_cv_header_strings_h=yes
ac_cv_header_sys_ioctl_h=yes
ac_cv_header_sys_select_h=yes
ac_cv_header_sys_socket_h=yes
ac_cv_header_sys_stat_h=yes
ac_cv_header_sys_time_h=yes
ac_cv_header_sys_types_h=yes
ac_cv_header_sys_uio_h=yes
ac_cv_header_unistd_h=yes
ac_cv_host=x86_64-unknown-linux-gnu
ac_cv_objext=o
ac_cv_path_EGREP='/bin/grep -E'
ac_cv_path_GREP=/bin/grep
ac_cv_path_PKG_CONFIG=/usr/bin/pkg-config
ac_cv_path_SED=/bin/sed
ac_cv_path_install='/usr/bin/install -c'
ac_cv_prog_AWK=gawk
ac_cv_prog_CPP='cc -E'
ac_cv_prog_CXXCPP='g++ -E'
ac_cv_prog_ac_ct_AR=ar
ac_cv_prog_ac_ct_CC=cc
ac_cv_prog_ac_ct_RANLIB=ranlib
ac_cv_prog_ac_ct_STRIP=strip
ac_cv_prog_cc_c89=
ac_cv_prog_cc_g=yes
ac_cv_prog_cxx_g=yes
ac_cv_prog_f77_g=no
ac_cv_prog_make_make_set=yes
ac_cv_search_inet_addr='none required'
ac_cv_search_socket='none required'
ac_cv_sys_file_offset_bits=no
ac_cv_sys_largefile_CC=no
ac_cv_working_alloca_h=yes
am_cv_CC_dependencies_compiler_type=gcc3
am_cv_CXX_dependencies_compiler_type=gcc3
lt_cv_deplibs_check_method=pass_all
lt_cv_file_magic_cmd='$MAGIC_CMD'
lt_cv_file_magic_test_file=
lt_cv_ld_reload_flag=-r
lt_cv_objdir=.libs
lt_cv_path_LD=/usr/x86_64-suse-linux/bin/ld
lt_cv_path_LDCXX='/usr/x86_64-suse-linux/bin/ld -m elf_x86_64'
lt_cv_path_NM=/usr/bin/nm
lt_cv_path_SED=/bin/sed
lt_cv_prog_compiler_c_o=yes
lt_cv_prog_compiler_c_o_CXX=yes
lt_cv_prog_compiler_rtti_exceptions=no
lt_cv_prog_gnu_ld=yes
lt_cv_prog_gnu_ldcxx=yes
lt_cv_sys_global_symbol_pipe='sed -n -e '\''s/^.*[ 	]\([ABCDGIRSTW][ABCDGIRSTW]*\)[ 	][ 	]*\([_A-Za-z][_A-Za-z0-9]*\)$/\1 \2 \2/p'\'''
lt_cv_sys_global_symbol_to_c_name_address='sed -n -e '\''s/^: \([^ ]*\) $/  {\"\1\", (lt_ptr) 0},/p'\'' -e '\''s/^[BCDEGRST] \([^ ]*\) \([^ ]*\)$/  {"\2", (lt_ptr) \&\2},/p'\'''
lt_cv_sys_global_symbol_to_cdecl='sed -n -e '\''s/^. .* \(.*\)$/extern int \1;/p'\'''
lt_cv_sys_max_cmd_len=1572864
lt_lt_cv_prog_compiler_c_o='"yes"'
lt_lt_cv_prog_compiler_c_o_CXX='"yes"'
lt_lt_cv_sys_global_symbol_pipe='"sed -n -e '\''s/^.*[ 	]\\([ABCDGIRSTW][ABCDGIRSTW]*\\)[ 	][ 	]*\\([_A-Za-z][_A-Za-z0-9]*\\)\$/\\1 \\2 \\2/p'\''"'
lt_lt_cv_sys_global_symbol_to_c_name_address='"sed -n -e '\''s/^: \\([^ ]*\\) \$/  {\\\"\\1\\\", (lt_ptr) 0},/p'\'' -e '\''s/^[BCDEGRST] \\([^ ]*\\) \\([^ ]*\\)\$/  {\"\\2\", (lt_ptr) \\&\\2},/p'\''"'
lt_lt_cv_sys_global_symbol_to_cdecl='"sed -n -e '\''s/^. .* \\(.*\\)\$/extern int \\1;/p'\''"'

## ----------------- ##
## Output variables. ##
## ----------------- ##

ACLOCAL='${SHELL} /root/darkmatter-depends/libssh2/missing --run aclocal-1.9'
ALLOCA=''
AMDEPBACKSLASH='\'
AMDEP_FALSE='#'
AMDEP_TRUE=''
AMTAR='${SHELL} /root/darkmatter-depends/libssh2/missing --run tar'
AR='ar'
AUTOCONF='${SHELL} /root/darkmatter-depends/libssh2/missing --run autoconf'
AUTOHEADER='${SHELL} /root/darkmatter-depends/libssh2/missing --run autoheader'
AUTOMAKE='${SHELL} /root/darkmatter-depends/libssh2/missing --run automake-1.9'
AWK='gawk'
CC='cc'
CCDEPMODE='depmode=gcc3'
CFLAGS='-fpic -fPIC -fpic -fPIC -I/root/darkmatter-depends/.build/usr/local/lib64/darkmatter/include -I/root/darkmatter-depends/.build/usr/local/lib64/darkmatter/include'
CPP='cc -E'
CPPFLAGS='-I/root/darkmatter-depends/.build/usr/local/lib64/darkmatter/include -I/root/darkmatter-depends/.build/usr/local/lib64/darkmatter/include/ncurses -I/root/darkmatter-depends/.build/usr/local/lib64/darkmatter/include/libxml2'
CXX='g++'
CXXCPP='g++ -E'
CXXDEPMODE='depmode=gcc3'
CXXFLAGS='-fpic -fPIC -fpic -fPIC'
CYGPATH_W='echo'
DEFS='-DHAVE_CONFIG_H'
DEPDIR='.deps'
ECHO='echo'
ECHO_C=''
ECHO_N='-n'
ECHO_T=''
EGREP='/bin/grep -E'
EXEEXT=''
F77=''
FFLAGS=''
GREP='/bin/grep'
HAVE_LIBGCRYPT=''
INSTALL_DATA='${INSTALL} -m 644'
INSTALL_PROGRAM='${INSTALL}'
INSTALL_SCRIPT='${INSTALL}'
INSTALL_STRIP_PROGRAM='${SHELL} $(install_sh) -c -s'
LDFLAGS='-L/lib64 -L/usr/lib64 -L/root/darkmatter-depends/.build/usr/local/lib64/darkmatter/lib  -Wl,-rpath -Wl,/usr/local/lib64/darkmatter/lib -L/lib64 -L/usr/lib64 -L/root/darkmatter-depends/.build/usr/local/lib64/darkmatter/lib  -Wl,-rpath -Wl,/usr/local/lib64/darkmatter/lib -lc -lm -L/root/darkmatter-depends/.build/usr/local/lib64/darkmatter/lib -lcrypto -L/root/darkmatter-depends/.build/usr/local/lib64/darkmatter/lib -lz'
LIBGCRYPT=''
LIBGCRYPT_FALSE=''
LIBGCRYPT_PREFIX=''
LIBGCRYPT_TRUE='#'
LIBOBJS=''
LIBS='-lc -lm'
LIBTOOL='$(SHELL) $(top_builddir)/libtool'
LN_S='ln -s'
LTLIBGCRYPT=''
LTLIBOBJS=''
MAINT='#'
MAINTAINER_MODE_FALSE=''
MAINTAINER_MODE_TRUE='#'
MAKEINFO='${SHELL} /root/darkmatter-depends/libssh2/missing --run makeinfo'
OBJEXT='o'
PACKAGE='libssh2'
PACKAGE_BUGREPORT='libssh2-devel@lists.sourceforge.net'
PACKAGE_NAME='libssh2'
PACKAGE_STRING='libssh2 -'
PACKAGE_TARNAME='libssh2'
PACKAGE_VERSION='-'
PATH_SEPARATOR=':'
PKG_CONFIG='/usr/bin/pkg-config'
RANLIB='ranlib'
SED='/bin/sed'
SET_MAKE=''
SHELL='/bin/sh'
SHLIB_SUFFIX_NAME='.so'
STRIP='strip'
VERSION='0.18'
ac_ct_CC='cc'
ac_ct_CXX=''
ac_ct_F77=''
am__fastdepCC_FALSE='#'
am__fastdepCC_TRUE=''
am__fastdepCXX_FALSE='#'
am__fastdepCXX_TRUE=''
am__include='include'
am__leading_dot='.'
am__quote=''
am__tar='${AMTAR} chof - "$$tardir"'
am__untar='${AMTAR} xf -'
bindir='${exec_prefix}/bin'
build='x86_64-unknown-linux-gnu'
build_alias=''
build_cpu='x86_64'
build_os='linux-gnu'
build_vendor='unknown'
datadir='${datarootdir}'
datarootdir='${prefix}/share'
docdir='${datarootdir}/doc/${PACKAGE_TARNAME}'
dvidir='${docdir}'
exec_prefix='${prefix}'
host='x86_64-unknown-linux-gnu'
host_alias=''
host_cpu='x86_64'
host_os='linux-gnu'
host_vendor='unknown'
htmldir='${docdir}'
includedir='${prefix}/include'
infodir='${datarootdir}/info'
install_sh='/root/darkmatter-depends/libssh2/install-sh'
libdir='${exec_prefix}/lib'
libexecdir='${exec_prefix}/libexec'
localedir='${datarootdir}/locale'
localstatedir='${prefix}/var'
mandir='${datarootdir}/man'
mkdir_p='mkdir -p --'
oldincludedir='/usr/include'
pdfdir='${docdir}'
prefix='/usr/local/lib64/darkmatter'
program_transform_name='s,x,x,'
psdir='${docdir}'
sbindir='${exec_prefix}/sbin'
sharedstatedir='${prefix}/com'
sysconfdir='${prefix}/etc'
target_alias=''

## ----------- ##
## confdefs.h. ##
## ----------- ##

#define PACKAGE_NAME "libssh2"
#define PACKAGE_TARNAME "libssh2"
#define PACKAGE_VERSION "-"
#define PACKAGE_STRING "libssh2 -"
#define PACKAGE_BUGREPORT "libssh2-devel@lists.sourceforge.net"
#define PACKAGE "libssh2"
#define VERSION "0.18"
#define STDC_HEADERS 1
#define HAVE_SYS_TYPES_H 1
#define HAVE_SYS_STAT_H 1
#define HAVE_STDLIB_H 1
#define HAVE_STRING_H 1
#define HAVE_MEMORY_H 1
#define HAVE_STRINGS_H 1
#define HAVE_INTTYPES_H 1
#define HAVE_STDINT_H 1
#define HAVE_UNISTD_H 1
#define HAVE_DLFCN_H 1
#define LIBSSH2_HAVE_ZLIB 1
#define LIBSSH2_DH_GEX_NEW 1
#define HAVE_ERRNO_H 1
#define HAVE_FCNTL_H 1
#define HAVE_STDIO_H 1
#define HAVE_STDLIB_H 1
#define HAVE_UNISTD_H 1
#define HAVE_SYS_UIO_H 1
#define HAVE_SYS_SELECT_H 1
#define HAVE_SYS_SOCKET_H 1
#define HAVE_SYS_IOCTL_H 1
#define HAVE_SYS_TIME_H 1
#define HAVE_ARPA_INET_H 1
#define HAVE_NETINET_IN_H 1
#define HAVE_POLL 1
#define HAVE_GETTIMEOFDAY 1
#define HAVE_SELECT 1
#define HAVE_ALLOCA_H 1
#define HAVE_ALLOCA 1
#define HAVE_O_NONBLOCK 1

configure: exit 0
