This file contains any messages produced by compilers while
running configure, to aid debugging if configure makes a mistake.

It was created by GNU Automake configure 1.9, which was
generated by GNU Autoconf 2.59.  Invocation command line was

  $ ./configure --prefix=/root/darkmatter-depends/.build/usr/local/lib64/darkmatter

## --------- ##
## Platform. ##
## --------- ##

hostname = centos64
uname -m = x86_64
uname -r = 2.6.32-279.1.1.el6.x86_64
uname -s = Linux
uname -v = #1 SMP Tue Jul 10 13:47:21 UTC 2012

/usr/bin/uname -p = unknown
/bin/uname -X     = unknown

/bin/arch              = x86_64
/usr/bin/arch -k       = unknown
/usr/convex/getsysinfo = unknown
hostinfo               = unknown
/bin/machine           = unknown
/usr/bin/oslevel       = unknown
/bin/universe          = unknown

PATH: /root/darkmatter-depends/.build/usr/local/lib64/darkmatter/bin
PATH: /sbin
PATH: /bin
PATH: /usr/sbin
PATH: /usr/bin


## ----------- ##
## Core tests. ##
## ----------- ##

configure:1275: checking build system type
configure:1293: result: x86_64-unknown-linux-gnu
configure:1321: checking for a BSD-compatible install
configure:1376: result: /usr/bin/install -c
configure:1387: checking whether build environment is sane
configure:1430: result: yes
configure:1495: checking for gawk
configure:1511: found /bin/gawk
configure:1521: result: gawk
configure:1531: checking whether make sets $(MAKE)
configure:1551: result: yes
configure:1741: checking for perl
configure:1759: found /usr/bin/perl
configure:1771: result: /usr/bin/perl
configure:1792: checking for tex
configure:1821: result: no
configure:1832: checking whether autoconf is installed
configure:1837: eval autoconf --version
autoconf (GNU Autoconf) 2.63
Copyright (C) 2008 Free Software Foundation, Inc.
License GPLv2+: GNU GPL version 2 or later
<http://gnu.org/licenses/old-licenses/gpl-2.0.html>
This is free software: you are free to change and redistribute it.
There is NO WARRANTY, to the extent permitted by law.

Written by David J. MacKenzie and Akim Demaille.
configure:1840: $? = 0
configure:1848: result: yes
configure:1858: checking whether autoconf works
configure:1865: cd conftest && eval autoconf -o /dev/null conftest.ac
configure:1868: $? = 0
configure:1877: result: yes
configure:1887: checking whether autoconf is recent enough
configure:1894: cd conftest && eval autoconf -o /dev/null conftest.ac
configure:1897: $? = 0
configure:1906: result: yes
configure:1915: checking whether ln works
configure:1935: result: yes
configure:1950: checking for egrep
configure:1960: result: grep -E
configure:1965: checking for fgrep
configure:1975: result: grep -F
configure:2114: creating ./config.status

## ---------------------- ##
## Running config.status. ##
## ---------------------- ##

This file was extended by GNU Automake config.status 1.9, which was
generated by GNU Autoconf 2.59.  Invocation command line was

  CONFIG_FILES    = 
  CONFIG_HEADERS  = 
  CONFIG_LINKS    = 
  CONFIG_COMMANDS = 
  $ ./config.status 

on centos64

config.status:679: creating Makefile
config.status:679: creating doc/Makefile
config.status:679: creating lib/Automake/Makefile
config.status:679: creating lib/Automake/tests/Makefile
config.status:679: creating lib/Makefile
config.status:679: creating lib/am/Makefile
config.status:679: creating m4/Makefile
config.status:679: creating tests/Makefile
config.status:679: creating tests/defs
config.status:679: creating tests/aclocal-1.9
config.status:679: creating tests/automake-1.9

## ---------------- ##
## Cache variables. ##
## ---------------- ##

ac_cv_build=x86_64-unknown-linux-gnu
ac_cv_build_alias=x86_64-unknown-linux-gnu
ac_cv_env_build_alias_set=
ac_cv_env_build_alias_value=
ac_cv_env_host_alias_set=
ac_cv_env_host_alias_value=
ac_cv_env_target_alias_set=
ac_cv_env_target_alias_value=
ac_cv_path_PERL=/usr/bin/perl
ac_cv_path_install='/usr/bin/install -c'
ac_cv_prog_AWK=gawk
ac_cv_prog_egrep='grep -E'
ac_cv_prog_fgrep='grep -F'
ac_cv_prog_make_make_set=yes
am_cv_autoconf_installed=yes
am_cv_autoconf_version=yes
am_cv_autoconf_works=yes
am_cv_prog_ln=ln

## ----------------- ##
## Output variables. ##
## ----------------- ##

ACLOCAL='perllibdir=/root/darkmatter-depends/automake"/lib:./lib" /root/darkmatter-depends/automake/aclocal --acdir=m4'
AMTAR='${SHELL} /root/darkmatter-depends/automake/lib/missing --run tar'
APIVERSION='1.9'
AUTOCONF='${SHELL} /root/darkmatter-depends/automake/lib/missing --run autoconf'
AUTOHEADER='${SHELL} /root/darkmatter-depends/automake/lib/missing --run autoheader'
AUTOMAKE='perllibdir=/root/darkmatter-depends/automake"/lib:./lib" /root/darkmatter-depends/automake/automake --libdir=lib'
AWK='gawk'
CYGPATH_W='echo'
DEFS='-DPACKAGE_NAME=\"GNU\ Automake\" -DPACKAGE_TARNAME=\"automake\" -DPACKAGE_VERSION=\"1.9\" -DPACKAGE_STRING=\"GNU\ Automake\ 1.9\" -DPACKAGE_BUGREPORT=\"bug-automake@gnu.org\" -DPACKAGE=\"automake\" -DVERSION=\"1.9\" '
ECHO_C=''
ECHO_N='-n'
ECHO_T=''
EGREP='grep -E'
FGREP='grep -F'
INSTALL_DATA='${INSTALL} -m 644'
INSTALL_PROGRAM='${INSTALL}'
INSTALL_SCRIPT='${INSTALL}'
INSTALL_STRIP_PROGRAM='${SHELL} $(install_sh) -c -s'
LIBOBJS=''
LIBS='-lc -lm'
LN='ln'
LTLIBOBJS=''
MAKEINFO='${SHELL} /root/darkmatter-depends/automake/lib/missing --run makeinfo'
MODIFICATION_DELAY='2'
PACKAGE='automake'
PACKAGE_BUGREPORT='bug-automake@gnu.org'
PACKAGE_NAME='GNU Automake'
PACKAGE_STRING='GNU Automake 1.9'
PACKAGE_TARNAME='automake'
PACKAGE_VERSION='1.9'
PATH_SEPARATOR=':'
PERL='/usr/bin/perl'
SET_MAKE=''
SHELL='/bin/sh'
STRIP=''
TEX=''
VERSION='1.9'
ac_ct_STRIP=''
am__leading_dot='.'
am__tar='${AMTAR} chof - "$$tardir"'
am__untar='${AMTAR} xf -'
bindir='${exec_prefix}/bin'
build='x86_64-unknown-linux-gnu'
build_alias=''
build_cpu='x86_64'
build_os='linux-gnu'
build_vendor='unknown'
datadir='${prefix}/share'
exec_prefix='${prefix}'
host_alias=''
includedir='${prefix}/include'
infodir='${prefix}/info'
install_sh='/root/darkmatter-depends/automake/lib/install-sh'
libdir='${exec_prefix}/lib'
libexecdir='${exec_prefix}/libexec'
localstatedir='${prefix}/var'
mandir='${prefix}/man'
mkdir_p='mkdir -p --'
oldincludedir='/usr/include'
pkgvdatadir='${datadir}/automake-1.9'
prefix='/root/darkmatter-depends/.build/usr/local/lib64/darkmatter'
program_transform_name='s,x,x,'
sbindir='${exec_prefix}/sbin'
sharedstatedir='${prefix}/com'
sysconfdir='${prefix}/etc'
target_alias=''

## ----------- ##
## confdefs.h. ##
## ----------- ##

#define PACKAGE "automake"
#define PACKAGE_BUGREPORT "bug-automake@gnu.org"
#define PACKAGE_NAME "GNU Automake"
#define PACKAGE_STRING "GNU Automake 1.9"
#define PACKAGE_TARNAME "automake"
#define PACKAGE_VERSION "1.9"
#define VERSION "1.9"

configure: exit 0
