This file contains any messages produced by compilers while
running configure, to aid debugging if configure makes a mistake.

It was created by configure, which was
generated by GNU Autoconf 2.68.  Invocation command line was

  $ ./configure --prefix=/usr/local/lib64/darkmatter --with-libxml-src=/root/darkmatter-depends/libxml2 --with-python=/root/darkmatter-depends/.build/usr/local/lib64/darkmatter --with-gnu-ld

## --------- ##
## Platform. ##
## --------- ##

hostname = linux-j0lx
uname -m = x86_64
uname -r = 3.1.0-1.2-desktop
uname -s = Linux
uname -v = #1 SMP PREEMPT Thu Nov 3 14:45:45 UTC 2011 (187dde0)

/usr/bin/uname -p = unknown
/bin/uname -X     = unknown

/bin/arch              = x86_64
/usr/bin/arch -k       = unknown
/usr/convex/getsysinfo = unknown
/usr/bin/hostinfo      = unknown
/bin/machine           = unknown
/usr/bin/oslevel       = unknown
/bin/universe          = unknown

PATH: /root/darkmatter-depends/.build/usr/local/lib64/darkmatter/bin
PATH: /sbin
PATH: /bin
PATH: /usr/sbin
PATH: /usr/bin


## ----------- ##
## Core tests. ##
## ----------- ##

configure:2434: checking build system type
configure:2448: result: x86_64-unknown-linux-gnu
configure:2468: checking host system type
configure:2481: result: x86_64-unknown-linux-gnu
configure:2549: checking for gcc
configure:2576: result: cc
configure:2805: checking for C compiler version
configure:2814: cc --version >&5
cc (SUSE Linux) 4.6.2
Copyright (C) 2011 Free Software Foundation, Inc.
This is free software; see the source for copying conditions.  There is NO
warranty; not even for MERCHANTABILITY or FITNESS FOR A PARTICULAR PURPOSE.

configure:2825: $? = 0
configure:2814: cc -v >&5
Using built-in specs.
COLLECT_GCC=cc
COLLECT_LTO_WRAPPER=/usr/lib64/gcc/x86_64-suse-linux/4.6/lto-wrapper
Target: x86_64-suse-linux
Configured with: ../configure --prefix=/usr --infodir=/usr/share/info --mandir=/usr/share/man --libdir=/usr/lib64 --libexecdir=/usr/lib64 --enable-languages=c,c++,objc,fortran,obj-c++,java,ada --enable-checking=release --with-gxx-include-dir=/usr/include/c++/4.6 --enable-ssp --disable-libssp --disable-plugin --with-bugurl=http://bugs.opensuse.org/ --with-pkgversion='SUSE Linux' --disable-libgcj --disable-libmudflap --with-slibdir=/lib64 --with-system-zlib --enable-__cxa_atexit --enable-libstdcxx-allocator=new --disable-libstdcxx-pch --enable-version-specific-runtime-libs --program-suffix=-4.6 --enable-linux-futex --without-system-libunwind --with-arch-32=i586 --with-tune=generic --build=x86_64-suse-linux
Thread model: posix
gcc version 4.6.2 (SUSE Linux) 
configure:2825: $? = 0
configure:2814: cc -V >&5
cc: error: unrecognized option '-V'
cc: fatal error: no input files
compilation terminated.
configure:2825: $? = 1
configure:2814: cc -qversion >&5
cc: error: unrecognized option '-qversion'
cc: fatal error: no input files
compilation terminated.
configure:2825: $? = 1
configure:2845: checking whether the C compiler works
configure:2867: cc -fpic -fPIC -fpic -fPIC -I/root/darkmatter-depends/.build/usr/local/lib64/darkmatter/include -I/root/darkmatter-depends/.build/usr/local/lib64/darkmatter/include/ncurses -I/root/darkmatter-depends/.build/usr/local/lib64/darkmatter/include/libxml2 -L/lib64 -L/usr/lib64 -L/root/darkmatter-depends/.build/usr/local/lib64/darkmatter/lib  -Wl,-rpath -Wl,/usr/local/lib64/darkmatter/lib -L/lib64 -L/usr/lib64 -L/root/darkmatter-depends/.build/usr/local/lib64/darkmatter/lib  -Wl,-rpath -Wl,/usr/local/lib64/darkmatter/lib -L/root/darkmatter-depends/libxml2/.libs -lc -lm conftest.c -lc -lm >&5
configure:2871: $? = 0
configure:2919: result: yes
configure:2922: checking for C compiler default output file name
configure:2924: result: a.out
configure:2930: checking for suffix of executables
configure:2937: cc -o conftest -fpic -fPIC -fpic -fPIC -I/root/darkmatter-depends/.build/usr/local/lib64/darkmatter/include -I/root/darkmatter-depends/.build/usr/local/lib64/darkmatter/include/ncurses -I/root/darkmatter-depends/.build/usr/local/lib64/darkmatter/include/libxml2 -L/lib64 -L/usr/lib64 -L/root/darkmatter-depends/.build/usr/local/lib64/darkmatter/lib  -Wl,-rpath -Wl,/usr/local/lib64/darkmatter/lib -L/lib64 -L/usr/lib64 -L/root/darkmatter-depends/.build/usr/local/lib64/darkmatter/lib  -Wl,-rpath -Wl,/usr/local/lib64/darkmatter/lib -L/root/darkmatter-depends/libxml2/.libs -lc -lm conftest.c -lc -lm >&5
configure:2941: $? = 0
configure:2963: result: 
configure:2985: checking whether we are cross compiling
configure:2993: cc -o conftest -fpic -fPIC -fpic -fPIC -I/root/darkmatter-depends/.build/usr/local/lib64/darkmatter/include -I/root/darkmatter-depends/.build/usr/local/lib64/darkmatter/include/ncurses -I/root/darkmatter-depends/.build/usr/local/lib64/darkmatter/include/libxml2 -L/lib64 -L/usr/lib64 -L/root/darkmatter-depends/.build/usr/local/lib64/darkmatter/lib  -Wl,-rpath -Wl,/usr/local/lib64/darkmatter/lib -L/lib64 -L/usr/lib64 -L/root/darkmatter-depends/.build/usr/local/lib64/darkmatter/lib  -Wl,-rpath -Wl,/usr/local/lib64/darkmatter/lib -L/root/darkmatter-depends/libxml2/.libs -lc -lm conftest.c -lc -lm >&5
configure:2997: $? = 0
configure:3004: ./conftest
configure:3008: $? = 0
configure:3023: result: no
configure:3028: checking for suffix of object files
configure:3050: cc -c -fpic -fPIC -fpic -fPIC -I/root/darkmatter-depends/.build/usr/local/lib64/darkmatter/include -I/root/darkmatter-depends/.build/usr/local/lib64/darkmatter/include/ncurses -I/root/darkmatter-depends/.build/usr/local/lib64/darkmatter/include/libxml2 conftest.c >&5
configure:3054: $? = 0
configure:3075: result: o
configure:3079: checking whether we are using the GNU C compiler
configure:3098: cc -c -fpic -fPIC -fpic -fPIC -I/root/darkmatter-depends/.build/usr/local/lib64/darkmatter/include -I/root/darkmatter-depends/.build/usr/local/lib64/darkmatter/include/ncurses -I/root/darkmatter-depends/.build/usr/local/lib64/darkmatter/include/libxml2 conftest.c >&5
configure:3098: $? = 0
configure:3107: result: yes
configure:3116: checking whether cc accepts -g
configure:3136: cc -c -g -I/root/darkmatter-depends/.build/usr/local/lib64/darkmatter/include -I/root/darkmatter-depends/.build/usr/local/lib64/darkmatter/include/ncurses -I/root/darkmatter-depends/.build/usr/local/lib64/darkmatter/include/libxml2 conftest.c >&5
configure:3136: $? = 0
configure:3177: result: yes
configure:3194: checking for cc option to accept ISO C89
configure:3258: cc  -c -fpic -fPIC -fpic -fPIC -I/root/darkmatter-depends/.build/usr/local/lib64/darkmatter/include -I/root/darkmatter-depends/.build/usr/local/lib64/darkmatter/include/ncurses -I/root/darkmatter-depends/.build/usr/local/lib64/darkmatter/include/libxml2 conftest.c >&5
configure:3258: $? = 0
configure:3271: result: none needed
configure:3297: checking how to run the C preprocessor
configure:3328: cc -E -I/root/darkmatter-depends/.build/usr/local/lib64/darkmatter/include -I/root/darkmatter-depends/.build/usr/local/lib64/darkmatter/include/ncurses -I/root/darkmatter-depends/.build/usr/local/lib64/darkmatter/include/libxml2 conftest.c
configure:3328: $? = 0
configure:3342: cc -E -I/root/darkmatter-depends/.build/usr/local/lib64/darkmatter/include -I/root/darkmatter-depends/.build/usr/local/lib64/darkmatter/include/ncurses -I/root/darkmatter-depends/.build/usr/local/lib64/darkmatter/include/libxml2 conftest.c
conftest.c:9:28: fatal error: ac_nonexistent.h: No such file or directory
compilation terminated.
configure:3342: $? = 1
configure: failed program was:
| /* confdefs.h */
| #define PACKAGE_NAME ""
| #define PACKAGE_TARNAME ""
| #define PACKAGE_VERSION ""
| #define PACKAGE_STRING ""
| #define PACKAGE_BUGREPORT ""
| #define PACKAGE_URL ""
| /* end confdefs.h.  */
| #include <ac_nonexistent.h>
configure:3367: result: cc -E
configure:3387: cc -E -I/root/darkmatter-depends/.build/usr/local/lib64/darkmatter/include -I/root/darkmatter-depends/.build/usr/local/lib64/darkmatter/include/ncurses -I/root/darkmatter-depends/.build/usr/local/lib64/darkmatter/include/libxml2 conftest.c
configure:3387: $? = 0
configure:3401: cc -E -I/root/darkmatter-depends/.build/usr/local/lib64/darkmatter/include -I/root/darkmatter-depends/.build/usr/local/lib64/darkmatter/include/ncurses -I/root/darkmatter-depends/.build/usr/local/lib64/darkmatter/include/libxml2 conftest.c
conftest.c:9:28: fatal error: ac_nonexistent.h: No such file or directory
compilation terminated.
configure:3401: $? = 1
configure: failed program was:
| /* confdefs.h */
| #define PACKAGE_NAME ""
| #define PACKAGE_TARNAME ""
| #define PACKAGE_VERSION ""
| #define PACKAGE_STRING ""
| #define PACKAGE_BUGREPORT ""
| #define PACKAGE_URL ""
| /* end confdefs.h.  */
| #include <ac_nonexistent.h>
configure:3430: checking for grep that handles long lines and -e
configure:3488: result: /bin/grep
configure:3493: checking for egrep
configure:3555: result: /bin/grep -E
configure:3560: checking for ANSI C header files
configure:3580: cc -c -fpic -fPIC -fpic -fPIC -I/root/darkmatter-depends/.build/usr/local/lib64/darkmatter/include -I/root/darkmatter-depends/.build/usr/local/lib64/darkmatter/include/ncurses -I/root/darkmatter-depends/.build/usr/local/lib64/darkmatter/include/libxml2 conftest.c >&5
configure:3580: $? = 0
configure:3653: cc -o conftest -fpic -fPIC -fpic -fPIC -I/root/darkmatter-depends/.build/usr/local/lib64/darkmatter/include -I/root/darkmatter-depends/.build/usr/local/lib64/darkmatter/include/ncurses -I/root/darkmatter-depends/.build/usr/local/lib64/darkmatter/include/libxml2 -L/lib64 -L/usr/lib64 -L/root/darkmatter-depends/.build/usr/local/lib64/darkmatter/lib  -Wl,-rpath -Wl,/usr/local/lib64/darkmatter/lib -L/lib64 -L/usr/lib64 -L/root/darkmatter-depends/.build/usr/local/lib64/darkmatter/lib  -Wl,-rpath -Wl,/usr/local/lib64/darkmatter/lib -L/root/darkmatter-depends/libxml2/.libs -lc -lm conftest.c -lc -lm >&5
configure:3653: $? = 0
configure:3653: ./conftest
configure:3653: $? = 0
configure:3664: result: yes
configure:3677: checking for sys/types.h
configure:3677: cc -c -fpic -fPIC -fpic -fPIC -I/root/darkmatter-depends/.build/usr/local/lib64/darkmatter/include -I/root/darkmatter-depends/.build/usr/local/lib64/darkmatter/include/ncurses -I/root/darkmatter-depends/.build/usr/local/lib64/darkmatter/include/libxml2 conftest.c >&5
configure:3677: $? = 0
configure:3677: result: yes
configure:3677: checking for sys/stat.h
configure:3677: cc -c -fpic -fPIC -fpic -fPIC -I/root/darkmatter-depends/.build/usr/local/lib64/darkmatter/include -I/root/darkmatter-depends/.build/usr/local/lib64/darkmatter/include/ncurses -I/root/darkmatter-depends/.build/usr/local/lib64/darkmatter/include/libxml2 conftest.c >&5
configure:3677: $? = 0
configure:3677: result: yes
configure:3677: checking for stdlib.h
configure:3677: cc -c -fpic -fPIC -fpic -fPIC -I/root/darkmatter-depends/.build/usr/local/lib64/darkmatter/include -I/root/darkmatter-depends/.build/usr/local/lib64/darkmatter/include/ncurses -I/root/darkmatter-depends/.build/usr/local/lib64/darkmatter/include/libxml2 conftest.c >&5
configure:3677: $? = 0
configure:3677: result: yes
configure:3677: checking for string.h
configure:3677: cc -c -fpic -fPIC -fpic -fPIC -I/root/darkmatter-depends/.build/usr/local/lib64/darkmatter/include -I/root/darkmatter-depends/.build/usr/local/lib64/darkmatter/include/ncurses -I/root/darkmatter-depends/.build/usr/local/lib64/darkmatter/include/libxml2 conftest.c >&5
configure:3677: $? = 0
configure:3677: result: yes
configure:3677: checking for memory.h
configure:3677: cc -c -fpic -fPIC -fpic -fPIC -I/root/darkmatter-depends/.build/usr/local/lib64/darkmatter/include -I/root/darkmatter-depends/.build/usr/local/lib64/darkmatter/include/ncurses -I/root/darkmatter-depends/.build/usr/local/lib64/darkmatter/include/libxml2 conftest.c >&5
configure:3677: $? = 0
configure:3677: result: yes
configure:3677: checking for strings.h
configure:3677: cc -c -fpic -fPIC -fpic -fPIC -I/root/darkmatter-depends/.build/usr/local/lib64/darkmatter/include -I/root/darkmatter-depends/.build/usr/local/lib64/darkmatter/include/ncurses -I/root/darkmatter-depends/.build/usr/local/lib64/darkmatter/include/libxml2 conftest.c >&5
configure:3677: $? = 0
configure:3677: result: yes
configure:3677: checking for inttypes.h
configure:3677: cc -c -fpic -fPIC -fpic -fPIC -I/root/darkmatter-depends/.build/usr/local/lib64/darkmatter/include -I/root/darkmatter-depends/.build/usr/local/lib64/darkmatter/include/ncurses -I/root/darkmatter-depends/.build/usr/local/lib64/darkmatter/include/libxml2 conftest.c >&5
configure:3677: $? = 0
configure:3677: result: yes
configure:3677: checking for stdint.h
configure:3677: cc -c -fpic -fPIC -fpic -fPIC -I/root/darkmatter-depends/.build/usr/local/lib64/darkmatter/include -I/root/darkmatter-depends/.build/usr/local/lib64/darkmatter/include/ncurses -I/root/darkmatter-depends/.build/usr/local/lib64/darkmatter/include/libxml2 conftest.c >&5
configure:3677: $? = 0
configure:3677: result: yes
configure:3677: checking for unistd.h
configure:3677: cc -c -fpic -fPIC -fpic -fPIC -I/root/darkmatter-depends/.build/usr/local/lib64/darkmatter/include -I/root/darkmatter-depends/.build/usr/local/lib64/darkmatter/include/ncurses -I/root/darkmatter-depends/.build/usr/local/lib64/darkmatter/include/libxml2 conftest.c >&5
configure:3677: $? = 0
configure:3677: result: yes
configure:3690: checking minix/config.h usability
configure:3690: cc -c -fpic -fPIC -fpic -fPIC -I/root/darkmatter-depends/.build/usr/local/lib64/darkmatter/include -I/root/darkmatter-depends/.build/usr/local/lib64/darkmatter/include/ncurses -I/root/darkmatter-depends/.build/usr/local/lib64/darkmatter/include/libxml2 conftest.c >&5
conftest.c:52:26: fatal error: minix/config.h: No such file or directory
compilation terminated.
configure:3690: $? = 1
configure: failed program was:
| /* confdefs.h */
| #define PACKAGE_NAME ""
| #define PACKAGE_TARNAME ""
| #define PACKAGE_VERSION ""
| #define PACKAGE_STRING ""
| #define PACKAGE_BUGREPORT ""
| #define PACKAGE_URL ""
| #define STDC_HEADERS 1
| #define HAVE_SYS_TYPES_H 1
| #define HAVE_SYS_STAT_H 1
| #define HAVE_STDLIB_H 1
| #define HAVE_STRING_H 1
| #define HAVE_MEMORY_H 1
| #define HAVE_STRINGS_H 1
| #define HAVE_INTTYPES_H 1
| #define HAVE_STDINT_H 1
| #define HAVE_UNISTD_H 1
| /* end confdefs.h.  */
| #include <stdio.h>
| #ifdef HAVE_SYS_TYPES_H
| # include <sys/types.h>
| #endif
| #ifdef HAVE_SYS_STAT_H
| # include <sys/stat.h>
| #endif
| #ifdef STDC_HEADERS
| # include <stdlib.h>
| # include <stddef.h>
| #else
| # ifdef HAVE_STDLIB_H
| #  include <stdlib.h>
| # endif
| #endif
| #ifdef HAVE_STRING_H
| # if !defined STDC_HEADERS && defined HAVE_MEMORY_H
| #  include <memory.h>
| # endif
| # include <string.h>
| #endif
| #ifdef HAVE_STRINGS_H
| # include <strings.h>
| #endif
| #ifdef HAVE_INTTYPES_H
| # include <inttypes.h>
| #endif
| #ifdef HAVE_STDINT_H
| # include <stdint.h>
| #endif
| #ifdef HAVE_UNISTD_H
| # include <unistd.h>
| #endif
| #include <minix/config.h>
configure:3690: result: no
configure:3690: checking minix/config.h presence
configure:3690: cc -E -I/root/darkmatter-depends/.build/usr/local/lib64/darkmatter/include -I/root/darkmatter-depends/.build/usr/local/lib64/darkmatter/include/ncurses -I/root/darkmatter-depends/.build/usr/local/lib64/darkmatter/include/libxml2 conftest.c
conftest.c:19:26: fatal error: minix/config.h: No such file or directory
compilation terminated.
configure:3690: $? = 1
configure: failed program was:
| /* confdefs.h */
| #define PACKAGE_NAME ""
| #define PACKAGE_TARNAME ""
| #define PACKAGE_VERSION ""
| #define PACKAGE_STRING ""
| #define PACKAGE_BUGREPORT ""
| #define PACKAGE_URL ""
| #define STDC_HEADERS 1
| #define HAVE_SYS_TYPES_H 1
| #define HAVE_SYS_STAT_H 1
| #define HAVE_STDLIB_H 1
| #define HAVE_STRING_H 1
| #define HAVE_MEMORY_H 1
| #define HAVE_STRINGS_H 1
| #define HAVE_INTTYPES_H 1
| #define HAVE_STDINT_H 1
| #define HAVE_UNISTD_H 1
| /* end confdefs.h.  */
| #include <minix/config.h>
configure:3690: result: no
configure:3690: checking for minix/config.h
configure:3690: result: no
configure:3711: checking whether it is safe to define __EXTENSIONS__
configure:3729: cc -c -fpic -fPIC -fpic -fPIC -I/root/darkmatter-depends/.build/usr/local/lib64/darkmatter/include -I/root/darkmatter-depends/.build/usr/local/lib64/darkmatter/include/ncurses -I/root/darkmatter-depends/.build/usr/local/lib64/darkmatter/include/libxml2 conftest.c >&5
configure:3729: $? = 0
configure:3736: result: yes
configure:3838: checking for a BSD-compatible install
configure:3906: result: /usr/bin/install -c
configure:3917: checking whether build environment is sane
configure:3967: result: yes
configure:4108: checking for a thread-safe mkdir -p
configure:4147: result: /bin/mkdir -p
configure:4160: checking for gawk
configure:4176: found /bin/gawk
configure:4187: result: gawk
configure:4198: checking whether make sets $(MAKE)
configure:4220: result: yes
configure:4250: checking for style of include used by make
configure:4278: result: GNU
configure:4363: checking dependency style of cc
configure:4473: result: gcc3
configure:4514: checking for library containing strerror
configure:4545: cc -o conftest -fpic -fPIC -fpic -fPIC -I/root/darkmatter-depends/.build/usr/local/lib64/darkmatter/include -I/root/darkmatter-depends/.build/usr/local/lib64/darkmatter/include/ncurses -I/root/darkmatter-depends/.build/usr/local/lib64/darkmatter/include/libxml2 -L/lib64 -L/usr/lib64 -L/root/darkmatter-depends/.build/usr/local/lib64/darkmatter/lib  -Wl,-rpath -Wl,/usr/local/lib64/darkmatter/lib -L/lib64 -L/usr/lib64 -L/root/darkmatter-depends/.build/usr/local/lib64/darkmatter/lib  -Wl,-rpath -Wl,/usr/local/lib64/darkmatter/lib -L/root/darkmatter-depends/libxml2/.libs -lc -lm conftest.c -lc -lm >&5
configure:4545: $? = 0
configure:4562: result: none required
configure:4618: checking for gcc
configure:4645: result: cc
configure:4874: checking for C compiler version
configure:4883: cc --version >&5
cc (SUSE Linux) 4.6.2
Copyright (C) 2011 Free Software Foundation, Inc.
This is free software; see the source for copying conditions.  There is NO
warranty; not even for MERCHANTABILITY or FITNESS FOR A PARTICULAR PURPOSE.

configure:4894: $? = 0
configure:4883: cc -v >&5
Using built-in specs.
COLLECT_GCC=cc
COLLECT_LTO_WRAPPER=/usr/lib64/gcc/x86_64-suse-linux/4.6/lto-wrapper
Target: x86_64-suse-linux
Configured with: ../configure --prefix=/usr --infodir=/usr/share/info --mandir=/usr/share/man --libdir=/usr/lib64 --libexecdir=/usr/lib64 --enable-languages=c,c++,objc,fortran,obj-c++,java,ada --enable-checking=release --with-gxx-include-dir=/usr/include/c++/4.6 --enable-ssp --disable-libssp --disable-plugin --with-bugurl=http://bugs.opensuse.org/ --with-pkgversion='SUSE Linux' --disable-libgcj --disable-libmudflap --with-slibdir=/lib64 --with-system-zlib --enable-__cxa_atexit --enable-libstdcxx-allocator=new --disable-libstdcxx-pch --enable-version-specific-runtime-libs --program-suffix=-4.6 --enable-linux-futex --without-system-libunwind --with-arch-32=i586 --with-tune=generic --build=x86_64-suse-linux
Thread model: posix
gcc version 4.6.2 (SUSE Linux) 
configure:4894: $? = 0
configure:4883: cc -V >&5
cc: error: unrecognized option '-V'
cc: fatal error: no input files
compilation terminated.
configure:4894: $? = 1
configure:4883: cc -qversion >&5
cc: error: unrecognized option '-qversion'
cc: fatal error: no input files
compilation terminated.
configure:4894: $? = 1
configure:4898: checking whether we are using the GNU C compiler
configure:4926: result: yes
configure:4935: checking whether cc accepts -g
configure:4996: result: yes
configure:5013: checking for cc option to accept ISO C89
configure:5090: result: none needed
configure:5116: checking how to run the C preprocessor
configure:5186: result: cc -E
configure:5206: cc -E -I/root/darkmatter-depends/.build/usr/local/lib64/darkmatter/include -I/root/darkmatter-depends/.build/usr/local/lib64/darkmatter/include/ncurses -I/root/darkmatter-depends/.build/usr/local/lib64/darkmatter/include/libxml2 conftest.c
configure:5206: $? = 0
configure:5220: cc -E -I/root/darkmatter-depends/.build/usr/local/lib64/darkmatter/include -I/root/darkmatter-depends/.build/usr/local/lib64/darkmatter/include/ncurses -I/root/darkmatter-depends/.build/usr/local/lib64/darkmatter/include/libxml2 conftest.c
conftest.c:26:28: fatal error: ac_nonexistent.h: No such file or directory
compilation terminated.
configure:5220: $? = 1
configure: failed program was:
| /* confdefs.h */
| #define PACKAGE_NAME ""
| #define PACKAGE_TARNAME ""
| #define PACKAGE_VERSION ""
| #define PACKAGE_STRING ""
| #define PACKAGE_BUGREPORT ""
| #define PACKAGE_URL ""
| #define STDC_HEADERS 1
| #define HAVE_SYS_TYPES_H 1
| #define HAVE_SYS_STAT_H 1
| #define HAVE_STDLIB_H 1
| #define HAVE_STRING_H 1
| #define HAVE_MEMORY_H 1
| #define HAVE_STRINGS_H 1
| #define HAVE_INTTYPES_H 1
| #define HAVE_STDINT_H 1
| #define HAVE_UNISTD_H 1
| #define __EXTENSIONS__ 1
| #define _ALL_SOURCE 1
| #define _GNU_SOURCE 1
| #define _POSIX_PTHREAD_SEMANTICS 1
| #define _TANDEM_SOURCE 1
| #define PACKAGE "libxslt"
| #define VERSION "1.1.26"
| /* end confdefs.h.  */
| #include <ac_nonexistent.h>
configure:5250: checking for rm
configure:5268: found /bin/rm
configure:5281: result: /bin/rm
configure:5291: checking for mv
configure:5309: found /bin/mv
configure:5322: result: /bin/mv
configure:5332: checking for tar
configure:5350: found /bin/tar
configure:5363: result: /bin/tar
configure:5373: checking for xmllint
configure:5391: found /root/darkmatter-depends/.build/usr/local/lib64/darkmatter/bin/xmllint
configure:5404: result: /root/darkmatter-depends/.build/usr/local/lib64/darkmatter/bin/xmllint
configure:5414: checking for xsltproc
configure:5445: result: /usr/bin/xsltproc
configure:5454: checking for ANSI C header files
configure:5558: result: yes
configure:5895: checking for a sed that does not truncate output
configure:5959: result: /bin/sed
configure:5977: checking for fgrep
configure:6039: result: /bin/grep -F
configure:6074: checking for ld used by cc
configure:6141: result: /usr/x86_64-suse-linux/bin/ld
configure:6148: checking if the linker (/usr/x86_64-suse-linux/bin/ld) is GNU ld
configure:6163: result: yes
configure:6175: checking for BSD- or MS-compatible name lister (nm)
configure:6224: result: /usr/bin/nm -B
configure:6342: checking the name lister (/usr/bin/nm -B) interface
configure:6349: cc -c -fpic -fPIC -fpic -fPIC -I/root/darkmatter-depends/.build/usr/local/lib64/darkmatter/include -I/root/darkmatter-depends/.build/usr/local/lib64/darkmatter/include/ncurses -I/root/darkmatter-depends/.build/usr/local/lib64/darkmatter/include/libxml2 conftest.c >&5
configure:6352: /usr/bin/nm -B "conftest.o"
configure:6355: output
0000000000000000 B some_variable
configure:6362: result: BSD nm
configure:6365: checking whether ln -s works
configure:6369: result: yes
configure:6377: checking the maximum length of command line arguments
configure:6497: result: 1572864
configure:6514: checking whether the shell understands some XSI constructs
configure:6524: result: yes
configure:6528: checking whether the shell understands "+="
configure:6534: result: yes
configure:6569: checking for /usr/x86_64-suse-linux/bin/ld option to reload object files
configure:6576: result: -r
configure:6645: checking for objdump
configure:6672: result: objdump
configure:6701: checking how to recognize dependent libraries
configure:6897: result: pass_all
configure:6957: checking for ar
configure:6973: found /usr/bin/ar
configure:6984: result: ar
configure:7062: checking for strip
configure:7078: found /usr/bin/strip
configure:7089: result: strip
configure:7161: checking for ranlib
configure:7177: found /usr/bin/ranlib
configure:7188: result: ranlib
configure:7278: checking command to parse /usr/bin/nm -B output from cc object
configure:7396: cc -c -fpic -fPIC -fpic -fPIC -I/root/darkmatter-depends/.build/usr/local/lib64/darkmatter/include -I/root/darkmatter-depends/.build/usr/local/lib64/darkmatter/include/ncurses -I/root/darkmatter-depends/.build/usr/local/lib64/darkmatter/include/libxml2 conftest.c >&5
configure:7399: $? = 0
configure:7403: /usr/bin/nm -B conftest.o \| sed -n -e 's/^.*[	 ]\([ABCDGIRSTW][ABCDGIRSTW]*\)[	 ][	 ]*\([_A-Za-z][_A-Za-z0-9]*\)$/\1 \2 \2/p' \> conftest.nm
configure:7406: $? = 0
configure:7460: cc -o conftest -fpic -fPIC -fpic -fPIC -I/root/darkmatter-depends/.build/usr/local/lib64/darkmatter/include -I/root/darkmatter-depends/.build/usr/local/lib64/darkmatter/include/ncurses -I/root/darkmatter-depends/.build/usr/local/lib64/darkmatter/include/libxml2 -L/lib64 -L/usr/lib64 -L/root/darkmatter-depends/.build/usr/local/lib64/darkmatter/lib  -Wl,-rpath -Wl,/usr/local/lib64/darkmatter/lib -L/lib64 -L/usr/lib64 -L/root/darkmatter-depends/.build/usr/local/lib64/darkmatter/lib  -Wl,-rpath -Wl,/usr/local/lib64/darkmatter/lib -L/root/darkmatter-depends/libxml2/.libs -lc -lm conftest.c conftstm.o >&5
configure:7463: $? = 0
configure:7501: result: ok
configure:7596: cc -c -fpic -fPIC -fpic -fPIC -I/root/darkmatter-depends/.build/usr/local/lib64/darkmatter/include -I/root/darkmatter-depends/.build/usr/local/lib64/darkmatter/include/ncurses -I/root/darkmatter-depends/.build/usr/local/lib64/darkmatter/include/libxml2 conftest.c >&5
configure:7599: $? = 0
configure:8306: checking for dlfcn.h
configure:8306: cc -c -fpic -fPIC -fpic -fPIC -I/root/darkmatter-depends/.build/usr/local/lib64/darkmatter/include -I/root/darkmatter-depends/.build/usr/local/lib64/darkmatter/include/ncurses -I/root/darkmatter-depends/.build/usr/local/lib64/darkmatter/include/libxml2 conftest.c >&5
configure:8306: $? = 0
configure:8306: result: yes
configure:8488: checking for objdir
configure:8503: result: .libs
configure:8795: checking if cc supports -fno-rtti -fno-exceptions
configure:8813: cc -c -fpic -fPIC -fpic -fPIC -I/root/darkmatter-depends/.build/usr/local/lib64/darkmatter/include -I/root/darkmatter-depends/.build/usr/local/lib64/darkmatter/include/ncurses -I/root/darkmatter-depends/.build/usr/local/lib64/darkmatter/include/libxml2 -fno-rtti -fno-exceptions conftest.c >&5
cc1: warning: command line option '-fno-rtti' is valid for C++/ObjC++ but not for C [enabled by default]
configure:8817: $? = 0
configure:8830: result: no
configure:8850: checking for cc option to produce PIC
configure:9122: result: -fPIC -DPIC
configure:9134: checking if cc PIC flag -fPIC -DPIC works
configure:9152: cc -c -fpic -fPIC -fpic -fPIC -I/root/darkmatter-depends/.build/usr/local/lib64/darkmatter/include -I/root/darkmatter-depends/.build/usr/local/lib64/darkmatter/include/ncurses -I/root/darkmatter-depends/.build/usr/local/lib64/darkmatter/include/libxml2 -fPIC -DPIC -DPIC conftest.c >&5
configure:9156: $? = 0
configure:9169: result: yes
configure:9193: checking if cc static flag -static works
configure:9221: result: no
configure:9236: checking if cc supports -c -o file.o
configure:9257: cc -c -fpic -fPIC -fpic -fPIC -I/root/darkmatter-depends/.build/usr/local/lib64/darkmatter/include -I/root/darkmatter-depends/.build/usr/local/lib64/darkmatter/include/ncurses -I/root/darkmatter-depends/.build/usr/local/lib64/darkmatter/include/libxml2 -o out/conftest2.o conftest.c >&5
configure:9261: $? = 0
configure:9283: result: yes
configure:9291: checking if cc supports -c -o file.o
configure:9338: result: yes
configure:9371: checking whether the cc linker (/usr/x86_64-suse-linux/bin/ld -m elf_x86_64) supports shared libraries
configure:10357: result: yes
configure:10394: checking whether -lc should be explicitly linked in
configure:10399: cc -c -fpic -fPIC -fpic -fPIC -I/root/darkmatter-depends/.build/usr/local/lib64/darkmatter/include -I/root/darkmatter-depends/.build/usr/local/lib64/darkmatter/include/ncurses -I/root/darkmatter-depends/.build/usr/local/lib64/darkmatter/include/libxml2 conftest.c >&5
configure:10402: $? = 0
configure:10417: cc -shared conftest.o  -v -Wl,-soname -Wl,conftest -o conftest 2\>\&1 \| /bin/grep  -lc  \>/dev/null 2\>\&1
configure:10420: $? = 0
configure:10432: result: no
configure:10596: checking dynamic linker characteristics
configure:11029: cc -o conftest -fpic -fPIC -fpic -fPIC -I/root/darkmatter-depends/.build/usr/local/lib64/darkmatter/include -I/root/darkmatter-depends/.build/usr/local/lib64/darkmatter/include/ncurses -I/root/darkmatter-depends/.build/usr/local/lib64/darkmatter/include/libxml2 -L/lib64 -L/usr/lib64 -L/root/darkmatter-depends/.build/usr/local/lib64/darkmatter/lib  -Wl,-rpath -Wl,/usr/local/lib64/darkmatter/lib -L/lib64 -L/usr/lib64 -L/root/darkmatter-depends/.build/usr/local/lib64/darkmatter/lib  -Wl,-rpath -Wl,/usr/local/lib64/darkmatter/lib -L/root/darkmatter-depends/libxml2/.libs -lc -lm -Wl,-rpath -Wl,/foo conftest.c -lc -lm >&5
configure:11029: $? = 0
configure:11250: result: GNU/Linux ld.so
configure:11352: checking how to hardcode library paths into programs
configure:11377: result: immediate
configure:11897: checking whether stripping libraries is possible
configure:11902: result: yes
configure:11937: checking if libtool supports shared libraries
configure:11939: result: yes
configure:11942: checking whether to build shared libraries
configure:11963: result: yes
configure:11966: checking whether to build static libraries
configure:11970: result: yes
configure:12010: checking for sys/types.h
configure:12010: result: yes
configure:12010: checking sys/time.h usability
configure:12010: cc -c -fpic -fPIC -fpic -fPIC -I/root/darkmatter-depends/.build/usr/local/lib64/darkmatter/include -I/root/darkmatter-depends/.build/usr/local/lib64/darkmatter/include/ncurses -I/root/darkmatter-depends/.build/usr/local/lib64/darkmatter/include/libxml2 conftest.c >&5
configure:12010: $? = 0
configure:12010: result: yes
configure:12010: checking sys/time.h presence
configure:12010: cc -E -I/root/darkmatter-depends/.build/usr/local/lib64/darkmatter/include -I/root/darkmatter-depends/.build/usr/local/lib64/darkmatter/include/ncurses -I/root/darkmatter-depends/.build/usr/local/lib64/darkmatter/include/libxml2 conftest.c
configure:12010: $? = 0
configure:12010: result: yes
configure:12010: checking for sys/time.h
configure:12010: result: yes
configure:12010: checking for stdlib.h
configure:12010: result: yes
configure:12010: checking for unistd.h
configure:12010: result: yes
configure:12010: checking for string.h
configure:12010: result: yes
configure:12037: checking pthread.h usability
configure:12037: cc -c -fpic -fPIC -fpic -fPIC -I/root/darkmatter-depends/.build/usr/local/lib64/darkmatter/include -I/root/darkmatter-depends/.build/usr/local/lib64/darkmatter/include/ncurses -I/root/darkmatter-depends/.build/usr/local/lib64/darkmatter/include/libxml2 conftest.c >&5
configure:12037: $? = 0
configure:12037: result: yes
configure:12037: checking pthread.h presence
configure:12037: cc -E -I/root/darkmatter-depends/.build/usr/local/lib64/darkmatter/include -I/root/darkmatter-depends/.build/usr/local/lib64/darkmatter/include/ncurses -I/root/darkmatter-depends/.build/usr/local/lib64/darkmatter/include/libxml2 conftest.c
configure:12037: $? = 0
configure:12037: result: yes
configure:12037: checking for pthread.h
configure:12037: result: yes
configure:12039: checking for pthread_join in -lpthread
configure:12064: cc -o conftest -fpic -fPIC -fpic -fPIC -I/root/darkmatter-depends/.build/usr/local/lib64/darkmatter/include -I/root/darkmatter-depends/.build/usr/local/lib64/darkmatter/include/ncurses -I/root/darkmatter-depends/.build/usr/local/lib64/darkmatter/include/libxml2 -L/lib64 -L/usr/lib64 -L/root/darkmatter-depends/.build/usr/local/lib64/darkmatter/lib  -Wl,-rpath -Wl,/usr/local/lib64/darkmatter/lib -L/lib64 -L/usr/lib64 -L/root/darkmatter-depends/.build/usr/local/lib64/darkmatter/lib  -Wl,-rpath -Wl,/usr/local/lib64/darkmatter/lib -L/root/darkmatter-depends/libxml2/.libs -lc -lm conftest.c -lpthread  -lc -lm >&5
configure:12064: $? = 0
configure:12073: result: yes
configure:12099: checking locale.h usability
configure:12099: cc -c -fpic -fPIC -fpic -fPIC -I/root/darkmatter-depends/.build/usr/local/lib64/darkmatter/include -I/root/darkmatter-depends/.build/usr/local/lib64/darkmatter/include/ncurses -I/root/darkmatter-depends/.build/usr/local/lib64/darkmatter/include/libxml2 conftest.c >&5
configure:12099: $? = 0
configure:12099: result: yes
configure:12099: checking locale.h presence
configure:12099: cc -E -I/root/darkmatter-depends/.build/usr/local/lib64/darkmatter/include -I/root/darkmatter-depends/.build/usr/local/lib64/darkmatter/include/ncurses -I/root/darkmatter-depends/.build/usr/local/lib64/darkmatter/include/libxml2 conftest.c
configure:12099: $? = 0
configure:12099: result: yes
configure:12099: checking for locale.h
configure:12099: result: yes
configure:12099: checking xlocale.h usability
configure:12099: cc -c -fpic -fPIC -fpic -fPIC -I/root/darkmatter-depends/.build/usr/local/lib64/darkmatter/include -I/root/darkmatter-depends/.build/usr/local/lib64/darkmatter/include/ncurses -I/root/darkmatter-depends/.build/usr/local/lib64/darkmatter/include/libxml2 conftest.c >&5
configure:12099: $? = 0
configure:12099: result: yes
configure:12099: checking xlocale.h presence
configure:12099: cc -E -I/root/darkmatter-depends/.build/usr/local/lib64/darkmatter/include -I/root/darkmatter-depends/.build/usr/local/lib64/darkmatter/include/ncurses -I/root/darkmatter-depends/.build/usr/local/lib64/darkmatter/include/libxml2 conftest.c
configure:12099: $? = 0
configure:12099: result: yes
configure:12099: checking for xlocale.h
configure:12099: result: yes
configure:12110: checking if xlocale program link
configure:12168: cc -o conftest -fpic -fPIC -fpic -fPIC -I/root/darkmatter-depends/.build/usr/local/lib64/darkmatter/include -I/root/darkmatter-depends/.build/usr/local/lib64/darkmatter/include/ncurses -I/root/darkmatter-depends/.build/usr/local/lib64/darkmatter/include/libxml2 -L/lib64 -L/usr/lib64 -L/root/darkmatter-depends/.build/usr/local/lib64/darkmatter/lib  -Wl,-rpath -Wl,/usr/local/lib64/darkmatter/lib -L/lib64 -L/usr/lib64 -L/root/darkmatter-depends/.build/usr/local/lib64/darkmatter/lib  -Wl,-rpath -Wl,/usr/local/lib64/darkmatter/lib -L/root/darkmatter-depends/libxml2/.libs -lc -lm conftest.c -lc -lm >&5
configure:12168: $? = 0
configure:12169: result: yes
configure:12194: checking ieeefp.h usability
configure:12194: cc -c -fpic -fPIC -fpic -fPIC -I/root/darkmatter-depends/.build/usr/local/lib64/darkmatter/include -I/root/darkmatter-depends/.build/usr/local/lib64/darkmatter/include/ncurses -I/root/darkmatter-depends/.build/usr/local/lib64/darkmatter/include/libxml2 conftest.c >&5
conftest.c:71:20: fatal error: ieeefp.h: No such file or directory
compilation terminated.
configure:12194: $? = 1
configure: failed program was:
| /* confdefs.h */
| #define PACKAGE_NAME ""
| #define PACKAGE_TARNAME ""
| #define PACKAGE_VERSION ""
| #define PACKAGE_STRING ""
| #define PACKAGE_BUGREPORT ""
| #define PACKAGE_URL ""
| #define STDC_HEADERS 1
| #define HAVE_SYS_TYPES_H 1
| #define HAVE_SYS_STAT_H 1
| #define HAVE_STDLIB_H 1
| #define HAVE_STRING_H 1
| #define HAVE_MEMORY_H 1
| #define HAVE_STRINGS_H 1
| #define HAVE_INTTYPES_H 1
| #define HAVE_STDINT_H 1
| #define HAVE_UNISTD_H 1
| #define __EXTENSIONS__ 1
| #define _ALL_SOURCE 1
| #define _GNU_SOURCE 1
| #define _POSIX_PTHREAD_SEMANTICS 1
| #define _TANDEM_SOURCE 1
| #define PACKAGE "libxslt"
| #define VERSION "1.1.26"
| #define STDC_HEADERS 1
| #define HAVE_DLFCN_H 1
| #define LT_OBJDIR ".libs/"
| #define HAVE_SYS_TYPES_H 1
| #define HAVE_SYS_TIME_H 1
| #define HAVE_STDLIB_H 1
| #define HAVE_UNISTD_H 1
| #define HAVE_STRING_H 1
| #define HAVE_LIBPTHREAD /**/
| #define HAVE_PTHREAD_H /**/
| #define HAVE_LOCALE_H 1
| #define HAVE_XLOCALE_H 1
| /* end confdefs.h.  */
| #include <stdio.h>
| #ifdef HAVE_SYS_TYPES_H
| # include <sys/types.h>
| #endif
| #ifdef HAVE_SYS_STAT_H
| # include <sys/stat.h>
| #endif
| #ifdef STDC_HEADERS
| # include <stdlib.h>
| # include <stddef.h>
| #else
| # ifdef HAVE_STDLIB_H
| #  include <stdlib.h>
| # endif
| #endif
| #ifdef HAVE_STRING_H
| # if !defined STDC_HEADERS && defined HAVE_MEMORY_H
| #  include <memory.h>
| # endif
| # include <string.h>
| #endif
| #ifdef HAVE_STRINGS_H
| # include <strings.h>
| #endif
| #ifdef HAVE_INTTYPES_H
| # include <inttypes.h>
| #endif
| #ifdef HAVE_STDINT_H
| # include <stdint.h>
| #endif
| #ifdef HAVE_UNISTD_H
| # include <unistd.h>
| #endif
| #include <ieeefp.h>
configure:12194: result: no
configure:12194: checking ieeefp.h presence
configure:12194: cc -E -I/root/darkmatter-depends/.build/usr/local/lib64/darkmatter/include -I/root/darkmatter-depends/.build/usr/local/lib64/darkmatter/include/ncurses -I/root/darkmatter-depends/.build/usr/local/lib64/darkmatter/include/libxml2 conftest.c
conftest.c:38:20: fatal error: ieeefp.h: No such file or directory
compilation terminated.
configure:12194: $? = 1
configure: failed program was:
| /* confdefs.h */
| #define PACKAGE_NAME ""
| #define PACKAGE_TARNAME ""
| #define PACKAGE_VERSION ""
| #define PACKAGE_STRING ""
| #define PACKAGE_BUGREPORT ""
| #define PACKAGE_URL ""
| #define STDC_HEADERS 1
| #define HAVE_SYS_TYPES_H 1
| #define HAVE_SYS_STAT_H 1
| #define HAVE_STDLIB_H 1
| #define HAVE_STRING_H 1
| #define HAVE_MEMORY_H 1
| #define HAVE_STRINGS_H 1
| #define HAVE_INTTYPES_H 1
| #define HAVE_STDINT_H 1
| #define HAVE_UNISTD_H 1
| #define __EXTENSIONS__ 1
| #define _ALL_SOURCE 1
| #define _GNU_SOURCE 1
| #define _POSIX_PTHREAD_SEMANTICS 1
| #define _TANDEM_SOURCE 1
| #define PACKAGE "libxslt"
| #define VERSION "1.1.26"
| #define STDC_HEADERS 1
| #define HAVE_DLFCN_H 1
| #define LT_OBJDIR ".libs/"
| #define HAVE_SYS_TYPES_H 1
| #define HAVE_SYS_TIME_H 1
| #define HAVE_STDLIB_H 1
| #define HAVE_UNISTD_H 1
| #define HAVE_STRING_H 1
| #define HAVE_LIBPTHREAD /**/
| #define HAVE_PTHREAD_H /**/
| #define HAVE_LOCALE_H 1
| #define HAVE_XLOCALE_H 1
| /* end confdefs.h.  */
| #include <ieeefp.h>
configure:12194: result: no
configure:12194: checking for ieeefp.h
configure:12194: result: no
configure:12194: checking nan.h usability
configure:12194: cc -c -fpic -fPIC -fpic -fPIC -I/root/darkmatter-depends/.build/usr/local/lib64/darkmatter/include -I/root/darkmatter-depends/.build/usr/local/lib64/darkmatter/include/ncurses -I/root/darkmatter-depends/.build/usr/local/lib64/darkmatter/include/libxml2 conftest.c >&5
conftest.c:71:17: fatal error: nan.h: No such file or directory
compilation terminated.
configure:12194: $? = 1
configure: failed program was:
| /* confdefs.h */
| #define PACKAGE_NAME ""
| #define PACKAGE_TARNAME ""
| #define PACKAGE_VERSION ""
| #define PACKAGE_STRING ""
| #define PACKAGE_BUGREPORT ""
| #define PACKAGE_URL ""
| #define STDC_HEADERS 1
| #define HAVE_SYS_TYPES_H 1
| #define HAVE_SYS_STAT_H 1
| #define HAVE_STDLIB_H 1
| #define HAVE_STRING_H 1
| #define HAVE_MEMORY_H 1
| #define HAVE_STRINGS_H 1
| #define HAVE_INTTYPES_H 1
| #define HAVE_STDINT_H 1
| #define HAVE_UNISTD_H 1
| #define __EXTENSIONS__ 1
| #define _ALL_SOURCE 1
| #define _GNU_SOURCE 1
| #define _POSIX_PTHREAD_SEMANTICS 1
| #define _TANDEM_SOURCE 1
| #define PACKAGE "libxslt"
| #define VERSION "1.1.26"
| #define STDC_HEADERS 1
| #define HAVE_DLFCN_H 1
| #define LT_OBJDIR ".libs/"
| #define HAVE_SYS_TYPES_H 1
| #define HAVE_SYS_TIME_H 1
| #define HAVE_STDLIB_H 1
| #define HAVE_UNISTD_H 1
| #define HAVE_STRING_H 1
| #define HAVE_LIBPTHREAD /**/
| #define HAVE_PTHREAD_H /**/
| #define HAVE_LOCALE_H 1
| #define HAVE_XLOCALE_H 1
| /* end confdefs.h.  */
| #include <stdio.h>
| #ifdef HAVE_SYS_TYPES_H
| # include <sys/types.h>
| #endif
| #ifdef HAVE_SYS_STAT_H
| # include <sys/stat.h>
| #endif
| #ifdef STDC_HEADERS
| # include <stdlib.h>
| # include <stddef.h>
| #else
| # ifdef HAVE_STDLIB_H
| #  include <stdlib.h>
| # endif
| #endif
| #ifdef HAVE_STRING_H
| # if !defined STDC_HEADERS && defined HAVE_MEMORY_H
| #  include <memory.h>
| # endif
| # include <string.h>
| #endif
| #ifdef HAVE_STRINGS_H
| # include <strings.h>
| #endif
| #ifdef HAVE_INTTYPES_H
| # include <inttypes.h>
| #endif
| #ifdef HAVE_STDINT_H
| # include <stdint.h>
| #endif
| #ifdef HAVE_UNISTD_H
| # include <unistd.h>
| #endif
| #include <nan.h>
configure:12194: result: no
configure:12194: checking nan.h presence
configure:12194: cc -E -I/root/darkmatter-depends/.build/usr/local/lib64/darkmatter/include -I/root/darkmatter-depends/.build/usr/local/lib64/darkmatter/include/ncurses -I/root/darkmatter-depends/.build/usr/local/lib64/darkmatter/include/libxml2 conftest.c
conftest.c:38:17: fatal error: nan.h: No such file or directory
compilation terminated.
configure:12194: $? = 1
configure: failed program was:
| /* confdefs.h */
| #define PACKAGE_NAME ""
| #define PACKAGE_TARNAME ""
| #define PACKAGE_VERSION ""
| #define PACKAGE_STRING ""
| #define PACKAGE_BUGREPORT ""
| #define PACKAGE_URL ""
| #define STDC_HEADERS 1
| #define HAVE_SYS_TYPES_H 1
| #define HAVE_SYS_STAT_H 1
| #define HAVE_STDLIB_H 1
| #define HAVE_STRING_H 1
| #define HAVE_MEMORY_H 1
| #define HAVE_STRINGS_H 1
| #define HAVE_INTTYPES_H 1
| #define HAVE_STDINT_H 1
| #define HAVE_UNISTD_H 1
| #define __EXTENSIONS__ 1
| #define _ALL_SOURCE 1
| #define _GNU_SOURCE 1
| #define _POSIX_PTHREAD_SEMANTICS 1
| #define _TANDEM_SOURCE 1
| #define PACKAGE "libxslt"
| #define VERSION "1.1.26"
| #define STDC_HEADERS 1
| #define HAVE_DLFCN_H 1
| #define LT_OBJDIR ".libs/"
| #define HAVE_SYS_TYPES_H 1
| #define HAVE_SYS_TIME_H 1
| #define HAVE_STDLIB_H 1
| #define HAVE_UNISTD_H 1
| #define HAVE_STRING_H 1
| #define HAVE_LIBPTHREAD /**/
| #define HAVE_PTHREAD_H /**/
| #define HAVE_LOCALE_H 1
| #define HAVE_XLOCALE_H 1
| /* end confdefs.h.  */
| #include <nan.h>
configure:12194: result: no
configure:12194: checking for nan.h
configure:12194: result: no
configure:12194: checking math.h usability
configure:12194: cc -c -fpic -fPIC -fpic -fPIC -I/root/darkmatter-depends/.build/usr/local/lib64/darkmatter/include -I/root/darkmatter-depends/.build/usr/local/lib64/darkmatter/include/ncurses -I/root/darkmatter-depends/.build/usr/local/lib64/darkmatter/include/libxml2 conftest.c >&5
configure:12194: $? = 0
configure:12194: result: yes
configure:12194: checking math.h presence
configure:12194: cc -E -I/root/darkmatter-depends/.build/usr/local/lib64/darkmatter/include -I/root/darkmatter-depends/.build/usr/local/lib64/darkmatter/include/ncurses -I/root/darkmatter-depends/.build/usr/local/lib64/darkmatter/include/libxml2 conftest.c
configure:12194: $? = 0
configure:12194: result: yes
configure:12194: checking for math.h
configure:12194: result: yes
configure:12194: checking fp_class.h usability
configure:12194: cc -c -fpic -fPIC -fpic -fPIC -I/root/darkmatter-depends/.build/usr/local/lib64/darkmatter/include -I/root/darkmatter-depends/.build/usr/local/lib64/darkmatter/include/ncurses -I/root/darkmatter-depends/.build/usr/local/lib64/darkmatter/include/libxml2 conftest.c >&5
conftest.c:72:22: fatal error: fp_class.h: No such file or directory
compilation terminated.
configure:12194: $? = 1
configure: failed program was:
| /* confdefs.h */
| #define PACKAGE_NAME ""
| #define PACKAGE_TARNAME ""
| #define PACKAGE_VERSION ""
| #define PACKAGE_STRING ""
| #define PACKAGE_BUGREPORT ""
| #define PACKAGE_URL ""
| #define STDC_HEADERS 1
| #define HAVE_SYS_TYPES_H 1
| #define HAVE_SYS_STAT_H 1
| #define HAVE_STDLIB_H 1
| #define HAVE_STRING_H 1
| #define HAVE_MEMORY_H 1
| #define HAVE_STRINGS_H 1
| #define HAVE_INTTYPES_H 1
| #define HAVE_STDINT_H 1
| #define HAVE_UNISTD_H 1
| #define __EXTENSIONS__ 1
| #define _ALL_SOURCE 1
| #define _GNU_SOURCE 1
| #define _POSIX_PTHREAD_SEMANTICS 1
| #define _TANDEM_SOURCE 1
| #define PACKAGE "libxslt"
| #define VERSION "1.1.26"
| #define STDC_HEADERS 1
| #define HAVE_DLFCN_H 1
| #define LT_OBJDIR ".libs/"
| #define HAVE_SYS_TYPES_H 1
| #define HAVE_SYS_TIME_H 1
| #define HAVE_STDLIB_H 1
| #define HAVE_UNISTD_H 1
| #define HAVE_STRING_H 1
| #define HAVE_LIBPTHREAD /**/
| #define HAVE_PTHREAD_H /**/
| #define HAVE_LOCALE_H 1
| #define HAVE_XLOCALE_H 1
| #define HAVE_MATH_H 1
| /* end confdefs.h.  */
| #include <stdio.h>
| #ifdef HAVE_SYS_TYPES_H
| # include <sys/types.h>
| #endif
| #ifdef HAVE_SYS_STAT_H
| # include <sys/stat.h>
| #endif
| #ifdef STDC_HEADERS
| # include <stdlib.h>
| # include <stddef.h>
| #else
| # ifdef HAVE_STDLIB_H
| #  include <stdlib.h>
| # endif
| #endif
| #ifdef HAVE_STRING_H
| # if !defined STDC_HEADERS && defined HAVE_MEMORY_H
| #  include <memory.h>
| # endif
| # include <string.h>
| #endif
| #ifdef HAVE_STRINGS_H
| # include <strings.h>
| #endif
| #ifdef HAVE_INTTYPES_H
| # include <inttypes.h>
| #endif
| #ifdef HAVE_STDINT_H
| # include <stdint.h>
| #endif
| #ifdef HAVE_UNISTD_H
| # include <unistd.h>
| #endif
| #include <fp_class.h>
configure:12194: result: no
configure:12194: checking fp_class.h presence
configure:12194: cc -E -I/root/darkmatter-depends/.build/usr/local/lib64/darkmatter/include -I/root/darkmatter-depends/.build/usr/local/lib64/darkmatter/include/ncurses -I/root/darkmatter-depends/.build/usr/local/lib64/darkmatter/include/libxml2 conftest.c
conftest.c:39:22: fatal error: fp_class.h: No such file or directory
compilation terminated.
configure:12194: $? = 1
configure: failed program was:
| /* confdefs.h */
| #define PACKAGE_NAME ""
| #define PACKAGE_TARNAME ""
| #define PACKAGE_VERSION ""
| #define PACKAGE_STRING ""
| #define PACKAGE_BUGREPORT ""
| #define PACKAGE_URL ""
| #define STDC_HEADERS 1
| #define HAVE_SYS_TYPES_H 1
| #define HAVE_SYS_STAT_H 1
| #define HAVE_STDLIB_H 1
| #define HAVE_STRING_H 1
| #define HAVE_MEMORY_H 1
| #define HAVE_STRINGS_H 1
| #define HAVE_INTTYPES_H 1
| #define HAVE_STDINT_H 1
| #define HAVE_UNISTD_H 1
| #define __EXTENSIONS__ 1
| #define _ALL_SOURCE 1
| #define _GNU_SOURCE 1
| #define _POSIX_PTHREAD_SEMANTICS 1
| #define _TANDEM_SOURCE 1
| #define PACKAGE "libxslt"
| #define VERSION "1.1.26"
| #define STDC_HEADERS 1
| #define HAVE_DLFCN_H 1
| #define LT_OBJDIR ".libs/"
| #define HAVE_SYS_TYPES_H 1
| #define HAVE_SYS_TIME_H 1
| #define HAVE_STDLIB_H 1
| #define HAVE_UNISTD_H 1
| #define HAVE_STRING_H 1
| #define HAVE_LIBPTHREAD /**/
| #define HAVE_PTHREAD_H /**/
| #define HAVE_LOCALE_H 1
| #define HAVE_XLOCALE_H 1
| #define HAVE_MATH_H 1
| /* end confdefs.h.  */
| #include <fp_class.h>
configure:12194: result: no
configure:12194: checking for fp_class.h
configure:12194: result: no
configure:12194: checking float.h usability
configure:12194: cc -c -fpic -fPIC -fpic -fPIC -I/root/darkmatter-depends/.build/usr/local/lib64/darkmatter/include -I/root/darkmatter-depends/.build/usr/local/lib64/darkmatter/include/ncurses -I/root/darkmatter-depends/.build/usr/local/lib64/darkmatter/include/libxml2 conftest.c >&5
configure:12194: $? = 0
configure:12194: result: yes
configure:12194: checking float.h presence
configure:12194: cc -E -I/root/darkmatter-depends/.build/usr/local/lib64/darkmatter/include -I/root/darkmatter-depends/.build/usr/local/lib64/darkmatter/include/ncurses -I/root/darkmatter-depends/.build/usr/local/lib64/darkmatter/include/libxml2 conftest.c
configure:12194: $? = 0
configure:12194: result: yes
configure:12194: checking for float.h
configure:12194: result: yes
configure:12194: checking ansidecl.h usability
configure:12194: cc -c -fpic -fPIC -fpic -fPIC -I/root/darkmatter-depends/.build/usr/local/lib64/darkmatter/include -I/root/darkmatter-depends/.build/usr/local/lib64/darkmatter/include/ncurses -I/root/darkmatter-depends/.build/usr/local/lib64/darkmatter/include/libxml2 conftest.c >&5
conftest.c:73:22: fatal error: ansidecl.h: No such file or directory
compilation terminated.
configure:12194: $? = 1
configure: failed program was:
| /* confdefs.h */
| #define PACKAGE_NAME ""
| #define PACKAGE_TARNAME ""
| #define PACKAGE_VERSION ""
| #define PACKAGE_STRING ""
| #define PACKAGE_BUGREPORT ""
| #define PACKAGE_URL ""
| #define STDC_HEADERS 1
| #define HAVE_SYS_TYPES_H 1
| #define HAVE_SYS_STAT_H 1
| #define HAVE_STDLIB_H 1
| #define HAVE_STRING_H 1
| #define HAVE_MEMORY_H 1
| #define HAVE_STRINGS_H 1
| #define HAVE_INTTYPES_H 1
| #define HAVE_STDINT_H 1
| #define HAVE_UNISTD_H 1
| #define __EXTENSIONS__ 1
| #define _ALL_SOURCE 1
| #define _GNU_SOURCE 1
| #define _POSIX_PTHREAD_SEMANTICS 1
| #define _TANDEM_SOURCE 1
| #define PACKAGE "libxslt"
| #define VERSION "1.1.26"
| #define STDC_HEADERS 1
| #define HAVE_DLFCN_H 1
| #define LT_OBJDIR ".libs/"
| #define HAVE_SYS_TYPES_H 1
| #define HAVE_SYS_TIME_H 1
| #define HAVE_STDLIB_H 1
| #define HAVE_UNISTD_H 1
| #define HAVE_STRING_H 1
| #define HAVE_LIBPTHREAD /**/
| #define HAVE_PTHREAD_H /**/
| #define HAVE_LOCALE_H 1
| #define HAVE_XLOCALE_H 1
| #define HAVE_MATH_H 1
| #define HAVE_FLOAT_H 1
| /* end confdefs.h.  */
| #include <stdio.h>
| #ifdef HAVE_SYS_TYPES_H
| # include <sys/types.h>
| #endif
| #ifdef HAVE_SYS_STAT_H
| # include <sys/stat.h>
| #endif
| #ifdef STDC_HEADERS
| # include <stdlib.h>
| # include <stddef.h>
| #else
| # ifdef HAVE_STDLIB_H
| #  include <stdlib.h>
| # endif
| #endif
| #ifdef HAVE_STRING_H
| # if !defined STDC_HEADERS && defined HAVE_MEMORY_H
| #  include <memory.h>
| # endif
| # include <string.h>
| #endif
| #ifdef HAVE_STRINGS_H
| # include <strings.h>
| #endif
| #ifdef HAVE_INTTYPES_H
| # include <inttypes.h>
| #endif
| #ifdef HAVE_STDINT_H
| # include <stdint.h>
| #endif
| #ifdef HAVE_UNISTD_H
| # include <unistd.h>
| #endif
| #include <ansidecl.h>
configure:12194: result: no
configure:12194: checking ansidecl.h presence
configure:12194: cc -E -I/root/darkmatter-depends/.build/usr/local/lib64/darkmatter/include -I/root/darkmatter-depends/.build/usr/local/lib64/darkmatter/include/ncurses -I/root/darkmatter-depends/.build/usr/local/lib64/darkmatter/include/libxml2 conftest.c
conftest.c:40:22: fatal error: ansidecl.h: No such file or directory
compilation terminated.
configure:12194: $? = 1
configure: failed program was:
| /* confdefs.h */
| #define PACKAGE_NAME ""
| #define PACKAGE_TARNAME ""
| #define PACKAGE_VERSION ""
| #define PACKAGE_STRING ""
| #define PACKAGE_BUGREPORT ""
| #define PACKAGE_URL ""
| #define STDC_HEADERS 1
| #define HAVE_SYS_TYPES_H 1
| #define HAVE_SYS_STAT_H 1
| #define HAVE_STDLIB_H 1
| #define HAVE_STRING_H 1
| #define HAVE_MEMORY_H 1
| #define HAVE_STRINGS_H 1
| #define HAVE_INTTYPES_H 1
| #define HAVE_STDINT_H 1
| #define HAVE_UNISTD_H 1
| #define __EXTENSIONS__ 1
| #define _ALL_SOURCE 1
| #define _GNU_SOURCE 1
| #define _POSIX_PTHREAD_SEMANTICS 1
| #define _TANDEM_SOURCE 1
| #define PACKAGE "libxslt"
| #define VERSION "1.1.26"
| #define STDC_HEADERS 1
| #define HAVE_DLFCN_H 1
| #define LT_OBJDIR ".libs/"
| #define HAVE_SYS_TYPES_H 1
| #define HAVE_SYS_TIME_H 1
| #define HAVE_STDLIB_H 1
| #define HAVE_UNISTD_H 1
| #define HAVE_STRING_H 1
| #define HAVE_LIBPTHREAD /**/
| #define HAVE_PTHREAD_H /**/
| #define HAVE_LOCALE_H 1
| #define HAVE_XLOCALE_H 1
| #define HAVE_MATH_H 1
| #define HAVE_FLOAT_H 1
| /* end confdefs.h.  */
| #include <ansidecl.h>
configure:12194: result: no
configure:12194: checking for ansidecl.h
configure:12194: result: no
configure:12207: checking sys/timeb.h usability
configure:12207: cc -c -fpic -fPIC -fpic -fPIC -I/root/darkmatter-depends/.build/usr/local/lib64/darkmatter/include -I/root/darkmatter-depends/.build/usr/local/lib64/darkmatter/include/ncurses -I/root/darkmatter-depends/.build/usr/local/lib64/darkmatter/include/libxml2 conftest.c >&5
configure:12207: $? = 0
configure:12207: result: yes
configure:12207: checking sys/timeb.h presence
configure:12207: cc -E -I/root/darkmatter-depends/.build/usr/local/lib64/darkmatter/include -I/root/darkmatter-depends/.build/usr/local/lib64/darkmatter/include/ncurses -I/root/darkmatter-depends/.build/usr/local/lib64/darkmatter/include/libxml2 conftest.c
configure:12207: $? = 0
configure:12207: result: yes
configure:12207: checking for sys/timeb.h
configure:12207: result: yes
configure:12207: checking time.h usability
configure:12207: cc -c -fpic -fPIC -fpic -fPIC -I/root/darkmatter-depends/.build/usr/local/lib64/darkmatter/include -I/root/darkmatter-depends/.build/usr/local/lib64/darkmatter/include/ncurses -I/root/darkmatter-depends/.build/usr/local/lib64/darkmatter/include/libxml2 conftest.c >&5
configure:12207: $? = 0
configure:12207: result: yes
configure:12207: checking time.h presence
configure:12207: cc -E -I/root/darkmatter-depends/.build/usr/local/lib64/darkmatter/include -I/root/darkmatter-depends/.build/usr/local/lib64/darkmatter/include/ncurses -I/root/darkmatter-depends/.build/usr/local/lib64/darkmatter/include/libxml2 conftest.c
configure:12207: $? = 0
configure:12207: result: yes
configure:12207: checking for time.h
configure:12207: result: yes
configure:12207: checking for sys/stat.h
configure:12207: result: yes
configure:12207: checking sys/select.h usability
configure:12207: cc -c -fpic -fPIC -fpic -fPIC -I/root/darkmatter-depends/.build/usr/local/lib64/darkmatter/include -I/root/darkmatter-depends/.build/usr/local/lib64/darkmatter/include/ncurses -I/root/darkmatter-depends/.build/usr/local/lib64/darkmatter/include/libxml2 conftest.c >&5
configure:12207: $? = 0
configure:12207: result: yes
configure:12207: checking sys/select.h presence
configure:12207: cc -E -I/root/darkmatter-depends/.build/usr/local/lib64/darkmatter/include -I/root/darkmatter-depends/.build/usr/local/lib64/darkmatter/include/ncurses -I/root/darkmatter-depends/.build/usr/local/lib64/darkmatter/include/libxml2 conftest.c
configure:12207: $? = 0
configure:12207: result: yes
configure:12207: checking for sys/select.h
configure:12207: result: yes
configure:12207: checking stdarg.h usability
configure:12207: cc -c -fpic -fPIC -fpic -fPIC -I/root/darkmatter-depends/.build/usr/local/lib64/darkmatter/include -I/root/darkmatter-depends/.build/usr/local/lib64/darkmatter/include/ncurses -I/root/darkmatter-depends/.build/usr/local/lib64/darkmatter/include/libxml2 conftest.c >&5
configure:12207: $? = 0
configure:12207: result: yes
configure:12207: checking stdarg.h presence
configure:12207: cc -E -I/root/darkmatter-depends/.build/usr/local/lib64/darkmatter/include -I/root/darkmatter-depends/.build/usr/local/lib64/darkmatter/include/ncurses -I/root/darkmatter-depends/.build/usr/local/lib64/darkmatter/include/libxml2 conftest.c
configure:12207: $? = 0
configure:12207: result: yes
configure:12207: checking for stdarg.h
configure:12207: result: yes
configure:12220: checking for stat
configure:12220: cc -o conftest -fpic -fPIC -fpic -fPIC -I/root/darkmatter-depends/.build/usr/local/lib64/darkmatter/include -I/root/darkmatter-depends/.build/usr/local/lib64/darkmatter/include/ncurses -I/root/darkmatter-depends/.build/usr/local/lib64/darkmatter/include/libxml2 -L/lib64 -L/usr/lib64 -L/root/darkmatter-depends/.build/usr/local/lib64/darkmatter/lib  -Wl,-rpath -Wl,/usr/local/lib64/darkmatter/lib -L/lib64 -L/usr/lib64 -L/root/darkmatter-depends/.build/usr/local/lib64/darkmatter/lib  -Wl,-rpath -Wl,/usr/local/lib64/darkmatter/lib -L/root/darkmatter-depends/libxml2/.libs -lc -lm conftest.c -lc -lm >&5
configure:12220: $? = 0
configure:12220: result: yes
configure:12220: checking for _stat
configure:12220: cc -o conftest -fpic -fPIC -fpic -fPIC -I/root/darkmatter-depends/.build/usr/local/lib64/darkmatter/include -I/root/darkmatter-depends/.build/usr/local/lib64/darkmatter/include/ncurses -I/root/darkmatter-depends/.build/usr/local/lib64/darkmatter/include/libxml2 -L/lib64 -L/usr/lib64 -L/root/darkmatter-depends/.build/usr/local/lib64/darkmatter/lib  -Wl,-rpath -Wl,/usr/local/lib64/darkmatter/lib -L/lib64 -L/usr/lib64 -L/root/darkmatter-depends/.build/usr/local/lib64/darkmatter/lib  -Wl,-rpath -Wl,/usr/local/lib64/darkmatter/lib -L/root/darkmatter-depends/libxml2/.libs -lc -lm conftest.c -lc -lm >&5
/tmp/ccTD8Yi3.o: In function `main':
conftest.c:(.text+0xa): undefined reference to `_stat'
collect2: ld returned 1 exit status
configure:12220: $? = 1
configure: failed program was:
| /* confdefs.h */
| #define PACKAGE_NAME ""
| #define PACKAGE_TARNAME ""
| #define PACKAGE_VERSION ""
| #define PACKAGE_STRING ""
| #define PACKAGE_BUGREPORT ""
| #define PACKAGE_URL ""
| #define STDC_HEADERS 1
| #define HAVE_SYS_TYPES_H 1
| #define HAVE_SYS_STAT_H 1
| #define HAVE_STDLIB_H 1
| #define HAVE_STRING_H 1
| #define HAVE_MEMORY_H 1
| #define HAVE_STRINGS_H 1
| #define HAVE_INTTYPES_H 1
| #define HAVE_STDINT_H 1
| #define HAVE_UNISTD_H 1
| #define __EXTENSIONS__ 1
| #define _ALL_SOURCE 1
| #define _GNU_SOURCE 1
| #define _POSIX_PTHREAD_SEMANTICS 1
| #define _TANDEM_SOURCE 1
| #define PACKAGE "libxslt"
| #define VERSION "1.1.26"
| #define STDC_HEADERS 1
| #define HAVE_DLFCN_H 1
| #define LT_OBJDIR ".libs/"
| #define HAVE_SYS_TYPES_H 1
| #define HAVE_SYS_TIME_H 1
| #define HAVE_STDLIB_H 1
| #define HAVE_UNISTD_H 1
| #define HAVE_STRING_H 1
| #define HAVE_LIBPTHREAD /**/
| #define HAVE_PTHREAD_H /**/
| #define HAVE_LOCALE_H 1
| #define HAVE_XLOCALE_H 1
| #define HAVE_MATH_H 1
| #define HAVE_FLOAT_H 1
| #define HAVE_SYS_TIMEB_H 1
| #define HAVE_TIME_H 1
| #define HAVE_SYS_STAT_H 1
| #define HAVE_SYS_SELECT_H 1
| #define HAVE_STDARG_H 1
| #define HAVE_STAT 1
| /* end confdefs.h.  */
| /* Define _stat to an innocuous variant, in case <limits.h> declares _stat.
|    For example, HP-UX 11i <limits.h> declares gettimeofday.  */
| #define _stat innocuous__stat
| 
| /* System header to define __stub macros and hopefully few prototypes,
|     which can conflict with char _stat (); below.
|     Prefer <limits.h> to <assert.h> if __STDC__ is defined, since
|     <limits.h> exists even on freestanding compilers.  */
| 
| #ifdef __STDC__
| # include <limits.h>
| #else
| # include <assert.h>
| #endif
| 
| #undef _stat
| 
| /* Override any GCC internal prototype to avoid an error.
|    Use char because int might match the return type of a GCC
|    builtin and then its argument prototype would still apply.  */
| #ifdef __cplusplus
| extern "C"
| #endif
| char _stat ();
| /* The GNU C library defines this for functions which it implements
|     to always fail with ENOSYS.  Some functions are actually named
|     something starting with __ and the normal name is an alias.  */
| #if defined __stub__stat || defined __stub____stat
| choke me
| #endif
| 
| int
| main ()
| {
| return _stat ();
|   ;
|   return 0;
| }
configure:12220: result: no
configure:12229: checking for isnan
configure:12229: cc -o conftest -fpic -fPIC -fpic -fPIC -I/root/darkmatter-depends/.build/usr/local/lib64/darkmatter/include -I/root/darkmatter-depends/.build/usr/local/lib64/darkmatter/include/ncurses -I/root/darkmatter-depends/.build/usr/local/lib64/darkmatter/include/libxml2 -L/lib64 -L/usr/lib64 -L/root/darkmatter-depends/.build/usr/local/lib64/darkmatter/lib  -Wl,-rpath -Wl,/usr/local/lib64/darkmatter/lib -L/lib64 -L/usr/lib64 -L/root/darkmatter-depends/.build/usr/local/lib64/darkmatter/lib  -Wl,-rpath -Wl,/usr/local/lib64/darkmatter/lib -L/root/darkmatter-depends/libxml2/.libs -lc -lm conftest.c -lc -lm >&5
conftest.c:69:6: warning: conflicting types for built-in function 'isnan' [enabled by default]
configure:12229: $? = 0
configure:12229: result: yes
configure:12277: checking for isinf
configure:12277: cc -o conftest -fpic -fPIC -fpic -fPIC -I/root/darkmatter-depends/.build/usr/local/lib64/darkmatter/include -I/root/darkmatter-depends/.build/usr/local/lib64/darkmatter/include/ncurses -I/root/darkmatter-depends/.build/usr/local/lib64/darkmatter/include/libxml2 -L/lib64 -L/usr/lib64 -L/root/darkmatter-depends/.build/usr/local/lib64/darkmatter/lib  -Wl,-rpath -Wl,/usr/local/lib64/darkmatter/lib -L/lib64 -L/usr/lib64 -L/root/darkmatter-depends/.build/usr/local/lib64/darkmatter/lib  -Wl,-rpath -Wl,/usr/local/lib64/darkmatter/lib -L/root/darkmatter-depends/libxml2/.libs -lc -lm conftest.c -lc -lm >&5
conftest.c:69:6: warning: conflicting types for built-in function 'isinf' [enabled by default]
configure:12277: $? = 0
configure:12277: result: yes
configure:12325: checking for pow
configure:12325: cc -o conftest -fpic -fPIC -fpic -fPIC -I/root/darkmatter-depends/.build/usr/local/lib64/darkmatter/include -I/root/darkmatter-depends/.build/usr/local/lib64/darkmatter/include/ncurses -I/root/darkmatter-depends/.build/usr/local/lib64/darkmatter/include/libxml2 -L/lib64 -L/usr/lib64 -L/root/darkmatter-depends/.build/usr/local/lib64/darkmatter/lib  -Wl,-rpath -Wl,/usr/local/lib64/darkmatter/lib -L/lib64 -L/usr/lib64 -L/root/darkmatter-depends/.build/usr/local/lib64/darkmatter/lib  -Wl,-rpath -Wl,/usr/local/lib64/darkmatter/lib -L/root/darkmatter-depends/libxml2/.libs -lc -lm conftest.c -lc -lm >&5
conftest.c:69:6: warning: conflicting types for built-in function 'pow' [enabled by default]
configure:12325: $? = 0
configure:12325: result: yes
configure:12373: checking for floor
configure:12373: cc -o conftest -fpic -fPIC -fpic -fPIC -I/root/darkmatter-depends/.build/usr/local/lib64/darkmatter/include -I/root/darkmatter-depends/.build/usr/local/lib64/darkmatter/include/ncurses -I/root/darkmatter-depends/.build/usr/local/lib64/darkmatter/include/libxml2 -L/lib64 -L/usr/lib64 -L/root/darkmatter-depends/.build/usr/local/lib64/darkmatter/lib  -Wl,-rpath -Wl,/usr/local/lib64/darkmatter/lib -L/lib64 -L/usr/lib64 -L/root/darkmatter-depends/.build/usr/local/lib64/darkmatter/lib  -Wl,-rpath -Wl,/usr/local/lib64/darkmatter/lib -L/root/darkmatter-depends/libxml2/.libs -lc -lm conftest.c -lc -lm >&5
conftest.c:69:6: warning: conflicting types for built-in function 'floor' [enabled by default]
configure:12373: $? = 0
configure:12373: result: yes
configure:12421: checking for fabs
configure:12421: cc -o conftest -fpic -fPIC -fpic -fPIC -I/root/darkmatter-depends/.build/usr/local/lib64/darkmatter/include -I/root/darkmatter-depends/.build/usr/local/lib64/darkmatter/include/ncurses -I/root/darkmatter-depends/.build/usr/local/lib64/darkmatter/include/libxml2 -L/lib64 -L/usr/lib64 -L/root/darkmatter-depends/.build/usr/local/lib64/darkmatter/lib  -Wl,-rpath -Wl,/usr/local/lib64/darkmatter/lib -L/lib64 -L/usr/lib64 -L/root/darkmatter-depends/.build/usr/local/lib64/darkmatter/lib  -Wl,-rpath -Wl,/usr/local/lib64/darkmatter/lib -L/root/darkmatter-depends/libxml2/.libs -lc -lm conftest.c -lc -lm >&5
conftest.c:69:6: warning: conflicting types for built-in function 'fabs' [enabled by default]
configure:12421: $? = 0
configure:12421: result: yes
configure:12470: checking for gettimeofday
configure:12470: cc -o conftest -fpic -fPIC -fpic -fPIC -I/root/darkmatter-depends/.build/usr/local/lib64/darkmatter/include -I/root/darkmatter-depends/.build/usr/local/lib64/darkmatter/include/ncurses -I/root/darkmatter-depends/.build/usr/local/lib64/darkmatter/include/libxml2 -L/lib64 -L/usr/lib64 -L/root/darkmatter-depends/.build/usr/local/lib64/darkmatter/lib  -Wl,-rpath -Wl,/usr/local/lib64/darkmatter/lib -L/lib64 -L/usr/lib64 -L/root/darkmatter-depends/.build/usr/local/lib64/darkmatter/lib  -Wl,-rpath -Wl,/usr/local/lib64/darkmatter/lib -L/root/darkmatter-depends/libxml2/.libs -lc -lm conftest.c -lc -lm >&5
configure:12470: $? = 0
configure:12470: result: yes
configure:12482: checking for mktime
configure:12482: cc -o conftest -fpic -fPIC -fpic -fPIC -I/root/darkmatter-depends/.build/usr/local/lib64/darkmatter/include -I/root/darkmatter-depends/.build/usr/local/lib64/darkmatter/include/ncurses -I/root/darkmatter-depends/.build/usr/local/lib64/darkmatter/include/libxml2 -L/lib64 -L/usr/lib64 -L/root/darkmatter-depends/.build/usr/local/lib64/darkmatter/lib  -Wl,-rpath -Wl,/usr/local/lib64/darkmatter/lib -L/lib64 -L/usr/lib64 -L/root/darkmatter-depends/.build/usr/local/lib64/darkmatter/lib  -Wl,-rpath -Wl,/usr/local/lib64/darkmatter/lib -L/root/darkmatter-depends/libxml2/.libs -lc -lm conftest.c -lc -lm >&5
configure:12482: $? = 0
configure:12482: result: yes
configure:12482: checking for localtime
configure:12482: cc -o conftest -fpic -fPIC -fpic -fPIC -I/root/darkmatter-depends/.build/usr/local/lib64/darkmatter/include -I/root/darkmatter-depends/.build/usr/local/lib64/darkmatter/include/ncurses -I/root/darkmatter-depends/.build/usr/local/lib64/darkmatter/include/libxml2 -L/lib64 -L/usr/lib64 -L/root/darkmatter-depends/.build/usr/local/lib64/darkmatter/lib  -Wl,-rpath -Wl,/usr/local/lib64/darkmatter/lib -L/lib64 -L/usr/lib64 -L/root/darkmatter-depends/.build/usr/local/lib64/darkmatter/lib  -Wl,-rpath -Wl,/usr/local/lib64/darkmatter/lib -L/root/darkmatter-depends/libxml2/.libs -lc -lm conftest.c -lc -lm >&5
configure:12482: $? = 0
configure:12482: result: yes
configure:12482: checking for localtime_r
configure:12482: cc -o conftest -fpic -fPIC -fpic -fPIC -I/root/darkmatter-depends/.build/usr/local/lib64/darkmatter/include -I/root/darkmatter-depends/.build/usr/local/lib64/darkmatter/include/ncurses -I/root/darkmatter-depends/.build/usr/local/lib64/darkmatter/include/libxml2 -L/lib64 -L/usr/lib64 -L/root/darkmatter-depends/.build/usr/local/lib64/darkmatter/lib  -Wl,-rpath -Wl,/usr/local/lib64/darkmatter/lib -L/lib64 -L/usr/lib64 -L/root/darkmatter-depends/.build/usr/local/lib64/darkmatter/lib  -Wl,-rpath -Wl,/usr/local/lib64/darkmatter/lib -L/root/darkmatter-depends/libxml2/.libs -lc -lm conftest.c -lc -lm >&5
configure:12482: $? = 0
configure:12482: result: yes
configure:12482: checking for asctime
configure:12482: cc -o conftest -fpic -fPIC -fpic -fPIC -I/root/darkmatter-depends/.build/usr/local/lib64/darkmatter/include -I/root/darkmatter-depends/.build/usr/local/lib64/darkmatter/include/ncurses -I/root/darkmatter-depends/.build/usr/local/lib64/darkmatter/include/libxml2 -L/lib64 -L/usr/lib64 -L/root/darkmatter-depends/.build/usr/local/lib64/darkmatter/lib  -Wl,-rpath -Wl,/usr/local/lib64/darkmatter/lib -L/lib64 -L/usr/lib64 -L/root/darkmatter-depends/.build/usr/local/lib64/darkmatter/lib  -Wl,-rpath -Wl,/usr/local/lib64/darkmatter/lib -L/root/darkmatter-depends/libxml2/.libs -lc -lm conftest.c -lc -lm >&5
configure:12482: $? = 0
configure:12482: result: yes
configure:12482: checking for time
configure:12482: cc -o conftest -fpic -fPIC -fpic -fPIC -I/root/darkmatter-depends/.build/usr/local/lib64/darkmatter/include -I/root/darkmatter-depends/.build/usr/local/lib64/darkmatter/include/ncurses -I/root/darkmatter-depends/.build/usr/local/lib64/darkmatter/include/libxml2 -L/lib64 -L/usr/lib64 -L/root/darkmatter-depends/.build/usr/local/lib64/darkmatter/lib  -Wl,-rpath -Wl,/usr/local/lib64/darkmatter/lib -L/lib64 -L/usr/lib64 -L/root/darkmatter-depends/.build/usr/local/lib64/darkmatter/lib  -Wl,-rpath -Wl,/usr/local/lib64/darkmatter/lib -L/root/darkmatter-depends/libxml2/.libs -lc -lm conftest.c -lc -lm >&5
configure:12482: $? = 0
configure:12482: result: yes
configure:12482: checking for gmtime_r
configure:12482: cc -o conftest -fpic -fPIC -fpic -fPIC -I/root/darkmatter-depends/.build/usr/local/lib64/darkmatter/include -I/root/darkmatter-depends/.build/usr/local/lib64/darkmatter/include/ncurses -I/root/darkmatter-depends/.build/usr/local/lib64/darkmatter/include/libxml2 -L/lib64 -L/usr/lib64 -L/root/darkmatter-depends/.build/usr/local/lib64/darkmatter/lib  -Wl,-rpath -Wl,/usr/local/lib64/darkmatter/lib -L/lib64 -L/usr/lib64 -L/root/darkmatter-depends/.build/usr/local/lib64/darkmatter/lib  -Wl,-rpath -Wl,/usr/local/lib64/darkmatter/lib -L/root/darkmatter-depends/libxml2/.libs -lc -lm conftest.c -lc -lm >&5
configure:12482: $? = 0
configure:12482: result: yes
configure:12482: checking for ftime
configure:12482: cc -o conftest -fpic -fPIC -fpic -fPIC -I/root/darkmatter-depends/.build/usr/local/lib64/darkmatter/include -I/root/darkmatter-depends/.build/usr/local/lib64/darkmatter/include/ncurses -I/root/darkmatter-depends/.build/usr/local/lib64/darkmatter/include/libxml2 -L/lib64 -L/usr/lib64 -L/root/darkmatter-depends/.build/usr/local/lib64/darkmatter/lib  -Wl,-rpath -Wl,/usr/local/lib64/darkmatter/lib -L/lib64 -L/usr/lib64 -L/root/darkmatter-depends/.build/usr/local/lib64/darkmatter/lib  -Wl,-rpath -Wl,/usr/local/lib64/darkmatter/lib -L/root/darkmatter-depends/libxml2/.libs -lc -lm conftest.c -lc -lm >&5
configure:12482: $? = 0
configure:12482: result: yes
configure:12495: checking for printf
configure:12495: cc -o conftest -fpic -fPIC -fpic -fPIC -I/root/darkmatter-depends/.build/usr/local/lib64/darkmatter/include -I/root/darkmatter-depends/.build/usr/local/lib64/darkmatter/include/ncurses -I/root/darkmatter-depends/.build/usr/local/lib64/darkmatter/include/libxml2 -L/lib64 -L/usr/lib64 -L/root/darkmatter-depends/.build/usr/local/lib64/darkmatter/lib  -Wl,-rpath -Wl,/usr/local/lib64/darkmatter/lib -L/lib64 -L/usr/lib64 -L/root/darkmatter-depends/.build/usr/local/lib64/darkmatter/lib  -Wl,-rpath -Wl,/usr/local/lib64/darkmatter/lib -L/root/darkmatter-depends/libxml2/.libs -lc -lm conftest.c -lc -lm >&5
conftest.c:77:6: warning: conflicting types for built-in function 'printf' [enabled by default]
configure:12495: $? = 0
configure:12495: result: yes
configure:12495: checking for sprintf
configure:12495: cc -o conftest -fpic -fPIC -fpic -fPIC -I/root/darkmatter-depends/.build/usr/local/lib64/darkmatter/include -I/root/darkmatter-depends/.build/usr/local/lib64/darkmatter/include/ncurses -I/root/darkmatter-depends/.build/usr/local/lib64/darkmatter/include/libxml2 -L/lib64 -L/usr/lib64 -L/root/darkmatter-depends/.build/usr/local/lib64/darkmatter/lib  -Wl,-rpath -Wl,/usr/local/lib64/darkmatter/lib -L/lib64 -L/usr/lib64 -L/root/darkmatter-depends/.build/usr/local/lib64/darkmatter/lib  -Wl,-rpath -Wl,/usr/local/lib64/darkmatter/lib -L/root/darkmatter-depends/libxml2/.libs -lc -lm conftest.c -lc -lm >&5
conftest.c:78:6: warning: conflicting types for built-in function 'sprintf' [enabled by default]
configure:12495: $? = 0
configure:12495: result: yes
configure:12495: checking for fprintf
configure:12495: cc -o conftest -fpic -fPIC -fpic -fPIC -I/root/darkmatter-depends/.build/usr/local/lib64/darkmatter/include -I/root/darkmatter-depends/.build/usr/local/lib64/darkmatter/include/ncurses -I/root/darkmatter-depends/.build/usr/local/lib64/darkmatter/include/libxml2 -L/lib64 -L/usr/lib64 -L/root/darkmatter-depends/.build/usr/local/lib64/darkmatter/lib  -Wl,-rpath -Wl,/usr/local/lib64/darkmatter/lib -L/lib64 -L/usr/lib64 -L/root/darkmatter-depends/.build/usr/local/lib64/darkmatter/lib  -Wl,-rpath -Wl,/usr/local/lib64/darkmatter/lib -L/root/darkmatter-depends/libxml2/.libs -lc -lm conftest.c -lc -lm >&5
conftest.c:79:6: warning: conflicting types for built-in function 'fprintf' [enabled by default]
configure:12495: $? = 0
configure:12495: result: yes
configure:12495: checking for snprintf
configure:12495: cc -o conftest -fpic -fPIC -fpic -fPIC -I/root/darkmatter-depends/.build/usr/local/lib64/darkmatter/include -I/root/darkmatter-depends/.build/usr/local/lib64/darkmatter/include/ncurses -I/root/darkmatter-depends/.build/usr/local/lib64/darkmatter/include/libxml2 -L/lib64 -L/usr/lib64 -L/root/darkmatter-depends/.build/usr/local/lib64/darkmatter/lib  -Wl,-rpath -Wl,/usr/local/lib64/darkmatter/lib -L/lib64 -L/usr/lib64 -L/root/darkmatter-depends/.build/usr/local/lib64/darkmatter/lib  -Wl,-rpath -Wl,/usr/local/lib64/darkmatter/lib -L/root/darkmatter-depends/libxml2/.libs -lc -lm conftest.c -lc -lm >&5
conftest.c:80:6: warning: conflicting types for built-in function 'snprintf' [enabled by default]
configure:12495: $? = 0
configure:12495: result: yes
configure:12495: checking for vfprintf
configure:12495: cc -o conftest -fpic -fPIC -fpic -fPIC -I/root/darkmatter-depends/.build/usr/local/lib64/darkmatter/include -I/root/darkmatter-depends/.build/usr/local/lib64/darkmatter/include/ncurses -I/root/darkmatter-depends/.build/usr/local/lib64/darkmatter/include/libxml2 -L/lib64 -L/usr/lib64 -L/root/darkmatter-depends/.build/usr/local/lib64/darkmatter/lib  -Wl,-rpath -Wl,/usr/local/lib64/darkmatter/lib -L/lib64 -L/usr/lib64 -L/root/darkmatter-depends/.build/usr/local/lib64/darkmatter/lib  -Wl,-rpath -Wl,/usr/local/lib64/darkmatter/lib -L/root/darkmatter-depends/libxml2/.libs -lc -lm conftest.c -lc -lm >&5
conftest.c:81:6: warning: conflicting types for built-in function 'vfprintf' [enabled by default]
configure:12495: $? = 0
configure:12495: result: yes
configure:12495: checking for vsprintf
configure:12495: cc -o conftest -fpic -fPIC -fpic -fPIC -I/root/darkmatter-depends/.build/usr/local/lib64/darkmatter/include -I/root/darkmatter-depends/.build/usr/local/lib64/darkmatter/include/ncurses -I/root/darkmatter-depends/.build/usr/local/lib64/darkmatter/include/libxml2 -L/lib64 -L/usr/lib64 -L/root/darkmatter-depends/.build/usr/local/lib64/darkmatter/lib  -Wl,-rpath -Wl,/usr/local/lib64/darkmatter/lib -L/lib64 -L/usr/lib64 -L/root/darkmatter-depends/.build/usr/local/lib64/darkmatter/lib  -Wl,-rpath -Wl,/usr/local/lib64/darkmatter/lib -L/root/darkmatter-depends/libxml2/.libs -lc -lm conftest.c -lc -lm >&5
conftest.c:82:6: warning: conflicting types for built-in function 'vsprintf' [enabled by default]
configure:12495: $? = 0
configure:12495: result: yes
configure:12495: checking for vsnprintf
configure:12495: cc -o conftest -fpic -fPIC -fpic -fPIC -I/root/darkmatter-depends/.build/usr/local/lib64/darkmatter/include -I/root/darkmatter-depends/.build/usr/local/lib64/darkmatter/include/ncurses -I/root/darkmatter-depends/.build/usr/local/lib64/darkmatter/include/libxml2 -L/lib64 -L/usr/lib64 -L/root/darkmatter-depends/.build/usr/local/lib64/darkmatter/lib  -Wl,-rpath -Wl,/usr/local/lib64/darkmatter/lib -L/lib64 -L/usr/lib64 -L/root/darkmatter-depends/.build/usr/local/lib64/darkmatter/lib  -Wl,-rpath -Wl,/usr/local/lib64/darkmatter/lib -L/root/darkmatter-depends/libxml2/.libs -lc -lm conftest.c -lc -lm >&5
conftest.c:83:6: warning: conflicting types for built-in function 'vsnprintf' [enabled by default]
configure:12495: $? = 0
configure:12495: result: yes
configure:12495: checking for sscanf
configure:12495: cc -o conftest -fpic -fPIC -fpic -fPIC -I/root/darkmatter-depends/.build/usr/local/lib64/darkmatter/include -I/root/darkmatter-depends/.build/usr/local/lib64/darkmatter/include/ncurses -I/root/darkmatter-depends/.build/usr/local/lib64/darkmatter/include/libxml2 -L/lib64 -L/usr/lib64 -L/root/darkmatter-depends/.build/usr/local/lib64/darkmatter/lib  -Wl,-rpath -Wl,/usr/local/lib64/darkmatter/lib -L/lib64 -L/usr/lib64 -L/root/darkmatter-depends/.build/usr/local/lib64/darkmatter/lib  -Wl,-rpath -Wl,/usr/local/lib64/darkmatter/lib -L/root/darkmatter-depends/libxml2/.libs -lc -lm conftest.c -lc -lm >&5
conftest.c:84:6: warning: conflicting types for built-in function 'sscanf' [enabled by default]
configure:12495: $? = 0
configure:12495: result: yes
configure:12521: checking for perl
configure:12537: found /usr/bin/perl
configure:12549: result: perl
configure:12715: checking for libgcrypt-config
configure:12746: result: no
configure:12888: checking for libxml libraries >= 2.6.27
configure:12942: result: 2.7.8 found
configure:12967: checking whether shared libraries will be built (required for plugins)
configure:12978: result: yes
configure:12983: checking libxml2 module support
configure:12987: result: yes
configure:13234: creating ./config.status

## ---------------------- ##
## Running config.status. ##
## ---------------------- ##

This file was extended by config.status, which was
generated by GNU Autoconf 2.68.  Invocation command line was

  CONFIG_FILES    = 
  CONFIG_HEADERS  = 
  CONFIG_LINKS    = 
  CONFIG_COMMANDS = 
  $ ./config.status 

on linux-j0lx

config.status:1226: creating Makefile
config.status:1226: creating libxslt.pc
config.status:1226: creating libexslt.pc
config.status:1226: creating libxslt/Makefile
config.status:1226: creating libxslt/xsltconfig.h
config.status:1226: creating libxslt/xsltwin32config.h
config.status:1226: creating libexslt/Makefile
config.status:1226: creating libexslt/exsltconfig.h
config.status:1226: creating xsltproc/Makefile
config.status:1226: creating python/Makefile
config.status:1226: creating python/tests/Makefile
config.status:1226: creating tests/Makefile
config.status:1226: creating tests/docs/Makefile
config.status:1226: creating tests/REC1/Makefile
config.status:1226: creating tests/REC2/Makefile
config.status:1226: creating tests/REC/Makefile
config.status:1226: creating tests/general/Makefile
config.status:1226: creating tests/reports/Makefile
config.status:1226: creating tests/extensions/Makefile
config.status:1226: creating tests/namespaces/Makefile
config.status:1226: creating tests/keys/Makefile
config.status:1226: creating tests/numbers/Makefile
config.status:1226: creating tests/documents/Makefile
config.status:1226: creating tests/xmlspec/Makefile
config.status:1226: creating tests/multiple/Makefile
config.status:1226: creating tests/xinclude/Makefile
config.status:1226: creating tests/XSLTMark/Makefile
config.status:1226: creating tests/docbook/Makefile
config.status:1226: creating tests/exslt/Makefile
config.status:1226: creating tests/exslt/common/Makefile
config.status:1226: creating tests/exslt/functions/Makefile
config.status:1226: creating tests/exslt/math/Makefile
config.status:1226: creating tests/exslt/sets/Makefile
config.status:1226: creating tests/exslt/strings/Makefile
config.status:1226: creating tests/exslt/date/Makefile
config.status:1226: creating tests/exslt/dynamic/Makefile
config.status:1226: creating tests/plugins/Makefile
config.status:1226: creating doc/Makefile
config.status:1226: creating xslt-config
config.status:1226: creating libxslt.spec
config.status:1226: creating config.h
config.status:1455: executing depfiles commands
config.status:1455: executing libtool commands

## ---------------- ##
## Cache variables. ##
## ---------------- ##

ac_cv_build=x86_64-unknown-linux-gnu
ac_cv_c_compiler_gnu=yes
ac_cv_env_CC_set=set
ac_cv_env_CC_value=cc
ac_cv_env_CFLAGS_set=set
ac_cv_env_CFLAGS_value='-fpic -fPIC -fpic -fPIC'
ac_cv_env_CPPFLAGS_set=set
ac_cv_env_CPPFLAGS_value='-I/root/darkmatter-depends/.build/usr/local/lib64/darkmatter/include -I/root/darkmatter-depends/.build/usr/local/lib64/darkmatter/include/ncurses -I/root/darkmatter-depends/.build/usr/local/lib64/darkmatter/include/libxml2'
ac_cv_env_CPP_set=
ac_cv_env_CPP_value=
ac_cv_env_LDFLAGS_set=set
ac_cv_env_LDFLAGS_value='-L/lib64 -L/usr/lib64 -L/root/darkmatter-depends/.build/usr/local/lib64/darkmatter/lib  -Wl,-rpath -Wl,/usr/local/lib64/darkmatter/lib -L/lib64 -L/usr/lib64 -L/root/darkmatter-depends/.build/usr/local/lib64/darkmatter/lib  -Wl,-rpath -Wl,/usr/local/lib64/darkmatter/lib -L/root/darkmatter-depends/libxml2/.libs -lc -lm'
ac_cv_env_LIBS_set=set
ac_cv_env_LIBS_value='-lc -lm'
ac_cv_env_build_alias_set=
ac_cv_env_build_alias_value=
ac_cv_env_host_alias_set=
ac_cv_env_host_alias_value=
ac_cv_env_target_alias_set=
ac_cv_env_target_alias_value=
ac_cv_func__stat=no
ac_cv_func_asctime=yes
ac_cv_func_fabs=yes
ac_cv_func_floor=yes
ac_cv_func_fprintf=yes
ac_cv_func_ftime=yes
ac_cv_func_gettimeofday=yes
ac_cv_func_gmtime_r=yes
ac_cv_func_isinf=yes
ac_cv_func_isnan=yes
ac_cv_func_localtime=yes
ac_cv_func_localtime_r=yes
ac_cv_func_mktime=yes
ac_cv_func_pow=yes
ac_cv_func_printf=yes
ac_cv_func_snprintf=yes
ac_cv_func_sprintf=yes
ac_cv_func_sscanf=yes
ac_cv_func_stat=yes
ac_cv_func_time=yes
ac_cv_func_vfprintf=yes
ac_cv_func_vsnprintf=yes
ac_cv_func_vsprintf=yes
ac_cv_header_ansidecl_h=no
ac_cv_header_dlfcn_h=yes
ac_cv_header_float_h=yes
ac_cv_header_fp_class_h=no
ac_cv_header_ieeefp_h=no
ac_cv_header_inttypes_h=yes
ac_cv_header_locale_h=yes
ac_cv_header_math_h=yes
ac_cv_header_memory_h=yes
ac_cv_header_minix_config_h=no
ac_cv_header_nan_h=no
ac_cv_header_pthread_h=yes
ac_cv_header_stdarg_h=yes
ac_cv_header_stdc=yes
ac_cv_header_stdint_h=yes
ac_cv_header_stdlib_h=yes
ac_cv_header_string_h=yes
ac_cv_header_strings_h=yes
ac_cv_header_sys_select_h=yes
ac_cv_header_sys_stat_h=yes
ac_cv_header_sys_time_h=yes
ac_cv_header_sys_timeb_h=yes
ac_cv_header_sys_types_h=yes
ac_cv_header_time_h=yes
ac_cv_header_unistd_h=yes
ac_cv_header_xlocale_h=yes
ac_cv_host=x86_64-unknown-linux-gnu
ac_cv_lib_pthread_pthread_join=yes
ac_cv_objext=o
ac_cv_path_EGREP='/bin/grep -E'
ac_cv_path_FGREP='/bin/grep -F'
ac_cv_path_GREP=/bin/grep
ac_cv_path_LIBGCRYPT_CONFIG=no
ac_cv_path_MV=/bin/mv
ac_cv_path_RM=/bin/rm
ac_cv_path_SED=/bin/sed
ac_cv_path_TAR=/bin/tar
ac_cv_path_XMLLINT=/root/darkmatter-depends/.build/usr/local/lib64/darkmatter/bin/xmllint
ac_cv_path_XSLTPROC=/usr/bin/xsltproc
ac_cv_path_install='/usr/bin/install -c'
ac_cv_path_mkdir=/bin/mkdir
ac_cv_prog_AWK=gawk
ac_cv_prog_CPP='cc -E'
ac_cv_prog_PERL=perl
ac_cv_prog_ac_ct_AR=ar
ac_cv_prog_ac_ct_CC=cc
ac_cv_prog_ac_ct_OBJDUMP=objdump
ac_cv_prog_ac_ct_RANLIB=ranlib
ac_cv_prog_ac_ct_STRIP=strip
ac_cv_prog_cc_c89=
ac_cv_prog_cc_g=yes
ac_cv_prog_make_make_set=yes
ac_cv_safe_to_define___extensions__=yes
ac_cv_search_strerror='none required'
am_cv_CC_dependencies_compiler_type=gcc3
lt_cv_deplibs_check_method=pass_all
lt_cv_file_magic_cmd='$MAGIC_CMD'
lt_cv_file_magic_test_file=
lt_cv_ld_reload_flag=-r
lt_cv_nm_interface='BSD nm'
lt_cv_objdir=.libs
lt_cv_path_LD=/usr/x86_64-suse-linux/bin/ld
lt_cv_path_NM='/usr/bin/nm -B'
lt_cv_prog_compiler_c_o=yes
lt_cv_prog_compiler_pic_works=yes
lt_cv_prog_compiler_rtti_exceptions=no
lt_cv_prog_compiler_static_works=no
lt_cv_prog_gnu_ld=yes
lt_cv_sys_global_symbol_pipe='sed -n -e '\''s/^.*[	 ]\([ABCDGIRSTW][ABCDGIRSTW]*\)[	 ][	 ]*\([_A-Za-z][_A-Za-z0-9]*\)$/\1 \2 \2/p'\'''
lt_cv_sys_global_symbol_to_c_name_address='sed -n -e '\''s/^: \([^ ]*\) $/  {\"\1\", (void *) 0},/p'\'' -e '\''s/^[ABCDGIRSTW]* \([^ ]*\) \([^ ]*\)$/  {"\2", (void *) \&\2},/p'\'''
lt_cv_sys_global_symbol_to_c_name_address_lib_prefix='sed -n -e '\''s/^: \([^ ]*\) $/  {\"\1\", (void *) 0},/p'\'' -e '\''s/^[ABCDGIRSTW]* \([^ ]*\) \(lib[^ ]*\)$/  {"\2", (void *) \&\2},/p'\'' -e '\''s/^[ABCDGIRSTW]* \([^ ]*\) \([^ ]*\)$/  {"lib\2", (void *) \&\2},/p'\'''
lt_cv_sys_global_symbol_to_cdecl='sed -n -e '\''s/^T .* \(.*\)$/extern int \1();/p'\'' -e '\''s/^[ABCDGIRSTW]* .* \(.*\)$/extern char \1;/p'\'''
lt_cv_sys_max_cmd_len=1572864

## ----------------- ##
## Output variables. ##
## ----------------- ##

ACLOCAL='${SHELL} /root/darkmatter-depends/libxslt/missing --run aclocal-1.11'
AMDEPBACKSLASH='\'
AMDEP_FALSE='#'
AMDEP_TRUE=''
AMTAR='${SHELL} /root/darkmatter-depends/libxslt/missing --run tar'
AR='ar'
AS='as'
AUTOCONF='${SHELL} /root/darkmatter-depends/libxslt/missing --run autoconf'
AUTOHEADER='${SHELL} /root/darkmatter-depends/libxslt/missing --run autoheader'
AUTOMAKE='${SHELL} /root/darkmatter-depends/libxslt/missing --run automake-1.11'
AWK='gawk'
CC='cc'
CCDEPMODE='depmode=gcc3'
CFLAGS='-fpic -fPIC -fpic -fPIC -Wall'
CPP='cc -E'
CPPFLAGS='-I/root/darkmatter-depends/.build/usr/local/lib64/darkmatter/include -I/root/darkmatter-depends/.build/usr/local/lib64/darkmatter/include/ncurses -I/root/darkmatter-depends/.build/usr/local/lib64/darkmatter/include/libxml2'
CYGPATH_W='echo'
DEFS='-DHAVE_CONFIG_H'
DEPDIR='.deps'
DLLTOOL='dlltool'
DSYMUTIL=''
DUMPBIN=''
ECHO_C=''
ECHO_N='-n'
ECHO_T=''
EGREP='/bin/grep -E'
EXEEXT=''
EXSLT_INCLUDEDIR='-I${includedir}'
EXSLT_LIBDIR='-L${libdir}'
EXSLT_LIBS='-lexslt -lxslt -L/root/darkmatter-depends/libxml2 -L/usr/local/lib64/darkmatter/lib -lxml2 -L/usr/local/lib64/darkmatter/lib -lz -lm -lc -lm  '
EXTRA_LIBS=' -L/root/darkmatter-depends/libxml2 -L/usr/local/lib64/darkmatter/lib -lxml2 -L/usr/local/lib64/darkmatter/lib -lz -lm -lc -lm '
FGREP='/bin/grep -F'
GREP='/bin/grep'
HTML_DIR='$(datadir)/doc/$(PACKAGE)-$(VERSION)/html'
INSTALL_DATA='${INSTALL} -m 644'
INSTALL_PROGRAM='${INSTALL}'
INSTALL_SCRIPT='${INSTALL}'
INSTALL_STRIP_PROGRAM='$(install_sh) -c -s'
LD='/usr/x86_64-suse-linux/bin/ld -m elf_x86_64'
LDFLAGS='-L/lib64 -L/usr/lib64 -L/root/darkmatter-depends/.build/usr/local/lib64/darkmatter/lib  -Wl,-rpath -Wl,/usr/local/lib64/darkmatter/lib -L/lib64 -L/usr/lib64 -L/root/darkmatter-depends/.build/usr/local/lib64/darkmatter/lib  -Wl,-rpath -Wl,/usr/local/lib64/darkmatter/lib -L/root/darkmatter-depends/libxml2/.libs -lc -lm'
LIBEXSLT_MAJOR_VERSION='0'
LIBEXSLT_MICRO_VERSION='15'
LIBEXSLT_MINOR_VERSION='8'
LIBEXSLT_VERSION='0.8.15'
LIBEXSLT_VERSION_EXTRA=''
LIBEXSLT_VERSION_INFO='8:15:8'
LIBEXSLT_VERSION_NUMBER='815'
LIBGCRYPT_CFLAGS=''
LIBGCRYPT_CONFIG='no'
LIBGCRYPT_LIBS=''
LIBOBJS=''
LIBS='-lc -lm'
LIBTOOL='$(SHELL) $(top_builddir)/libtool'
LIBXML_CFLAGS='-I/root/darkmatter-depends/libxml2/include -I/usr/local/lib64/darkmatter/include/libxml2'
LIBXML_LIBS='-L/root/darkmatter-depends/libxml2 -L/usr/local/lib64/darkmatter/lib -lxml2 -L/usr/local/lib64/darkmatter/lib -lz -lm -lc -lm'
LIBXML_REQUIRED_VERSION='2.6.27'
LIBXML_SRC='/root/darkmatter-depends/libxml2'
LIBXSLT_DEFAULT_PLUGINS_PATH='/usr/local/lib64/darkmatter/lib/libxslt-plugins'
LIBXSLT_MAJOR_MINOR_VERSION='1.1'
LIBXSLT_MAJOR_VERSION='1'
LIBXSLT_MICRO_VERSION='26'
LIBXSLT_MINOR_VERSION='1'
LIBXSLT_VERSION='1.1.26'
LIBXSLT_VERSION_EXTRA=''
LIBXSLT_VERSION_INFO='2:26:1'
LIBXSLT_VERSION_NUMBER='10126'
LIPO=''
LN_S='ln -s'
LTLIBOBJS=''
MAKEINFO='${SHELL} /root/darkmatter-depends/libxslt/missing --run makeinfo'
MKDIR_P='/bin/mkdir -p'
MV='/bin/mv'
M_LIBS=''
NM='/usr/bin/nm -B'
NMEDIT=''
OBJDUMP='objdump'
OBJEXT='o'
OTOOL64=''
OTOOL=''
PACKAGE='libxslt'
PACKAGE_BUGREPORT=''
PACKAGE_NAME=''
PACKAGE_STRING=''
PACKAGE_TARNAME=''
PACKAGE_URL=''
PACKAGE_VERSION=''
PATH_SEPARATOR=':'
PERL='perl'
PYTHON='/root/darkmatter-depends/.build/usr/local/lib64/darkmatter/bin/python'
PYTHONSODV=''
PYTHON_INCLUDES='/root/darkmatter-depends/.build/usr/local/lib64/darkmatter/include/python2.7'
PYTHON_SITE_PACKAGES='$(libdir)/python$(PYTHON_VERSION)/site-packages'
PYTHON_SUBDIR='python'
PYTHON_VERSION='2.7'
RANLIB='ranlib'
RELDATE='Sun Jul 15 2012'
RM='/bin/rm'
SED='/bin/sed'
SET_MAKE=''
SHELL='/bin/sh'
STATIC_BINARIES=''
STRIP='strip'
TAR='/bin/tar'
THREAD_LIBS='-lpthread'
USE_VERSION_SCRIPT_FALSE='#'
USE_VERSION_SCRIPT_TRUE=''
VERSION='1.1.26'
VERSION_SCRIPT_FLAGS='-Wl,--version-script='
WIN32_EXTRA_LDFLAGS=''
WIN32_EXTRA_LIBADD=''
WITH_CRYPTO='0'
WITH_DEBUGGER='1'
WITH_MEM_DEBUG='0'
WITH_MODULES='1'
WITH_MODULES_FALSE='#'
WITH_MODULES_TRUE=''
WITH_PERL_FALSE='#'
WITH_PERL_TRUE=''
WITH_PYTHON_FALSE='#'
WITH_PYTHON_TRUE=''
WITH_TRIO='0'
WITH_XSLT_DEBUG='1'
XMLLINT='/root/darkmatter-depends/.build/usr/local/lib64/darkmatter/bin/xmllint'
XML_CONFIG='/root/darkmatter-depends/libxml2/xml2-config'
XSLTPROC='/usr/bin/xsltproc'
XSLTPROCDV=''
XSLT_INCLUDEDIR='-I${includedir}'
XSLT_LIBDIR='-L${libdir}'
XSLT_LIBS='-lxslt -L/root/darkmatter-depends/libxml2 -L/usr/local/lib64/darkmatter/lib -lxml2 -L/usr/local/lib64/darkmatter/lib -lz -lm -lc -lm '
XSLT_LOCALE_WINAPI='0'
XSLT_LOCALE_XLOCALE='1'
ac_ct_CC='cc'
ac_ct_DUMPBIN=''
am__EXEEXT_FALSE=''
am__EXEEXT_TRUE='#'
am__fastdepCC_FALSE='#'
am__fastdepCC_TRUE=''
am__include='include'
am__isrc=''
am__leading_dot='.'
am__quote=''
am__tar='${AMTAR} chof - "$$tardir"'
am__untar='${AMTAR} xf -'
bindir='${exec_prefix}/bin'
build='x86_64-unknown-linux-gnu'
build_alias=''
build_cpu='x86_64'
build_os='linux-gnu'
build_vendor='unknown'
datadir='${datarootdir}'
datarootdir='${prefix}/share'
docdir='${datarootdir}/doc/${PACKAGE}'
dvidir='${docdir}'
exec_prefix='${prefix}'
host='x86_64-unknown-linux-gnu'
host_alias=''
host_cpu='x86_64'
host_os='linux-gnu'
host_vendor='unknown'
htmldir='${docdir}'
includedir='${prefix}/include'
infodir='${datarootdir}/info'
install_sh='${SHELL} /root/darkmatter-depends/libxslt/install-sh'
libdir='${exec_prefix}/lib'
libexecdir='${exec_prefix}/libexec'
localedir='${datarootdir}/locale'
localstatedir='${prefix}/var'
lt_ECHO='echo'
mandir='${datarootdir}/man'
mkdir_p='/bin/mkdir -p'
oldincludedir='/usr/include'
pdfdir='${docdir}'
prefix='/usr/local/lib64/darkmatter'
program_transform_name='s,x,x,'
psdir='${docdir}'
pythondir='$(PYTHON_SITE_PACKAGES)'
sbindir='${exec_prefix}/sbin'
sharedstatedir='${prefix}/com'
sysconfdir='${prefix}/etc'
target_alias=''

## ----------- ##
## confdefs.h. ##
## ----------- ##

/* confdefs.h */
#define PACKAGE_NAME ""
#define PACKAGE_TARNAME ""
#define PACKAGE_VERSION ""
#define PACKAGE_STRING ""
#define PACKAGE_BUGREPORT ""
#define PACKAGE_URL ""
#define STDC_HEADERS 1
#define HAVE_SYS_TYPES_H 1
#define HAVE_SYS_STAT_H 1
#define HAVE_STDLIB_H 1
#define HAVE_STRING_H 1
#define HAVE_MEMORY_H 1
#define HAVE_STRINGS_H 1
#define HAVE_INTTYPES_H 1
#define HAVE_STDINT_H 1
#define HAVE_UNISTD_H 1
#define __EXTENSIONS__ 1
#define _ALL_SOURCE 1
#define _GNU_SOURCE 1
#define _POSIX_PTHREAD_SEMANTICS 1
#define _TANDEM_SOURCE 1
#define PACKAGE "libxslt"
#define VERSION "1.1.26"
#define STDC_HEADERS 1
#define HAVE_DLFCN_H 1
#define LT_OBJDIR ".libs/"
#define HAVE_SYS_TYPES_H 1
#define HAVE_SYS_TIME_H 1
#define HAVE_STDLIB_H 1
#define HAVE_UNISTD_H 1
#define HAVE_STRING_H 1
#define HAVE_LIBPTHREAD /**/
#define HAVE_PTHREAD_H /**/
#define HAVE_LOCALE_H 1
#define HAVE_XLOCALE_H 1
#define HAVE_MATH_H 1
#define HAVE_FLOAT_H 1
#define HAVE_SYS_TIMEB_H 1
#define HAVE_TIME_H 1
#define HAVE_SYS_STAT_H 1
#define HAVE_SYS_SELECT_H 1
#define HAVE_STDARG_H 1
#define HAVE_STAT 1
#define HAVE_GETTIMEOFDAY 1
#define HAVE_MKTIME 1
#define HAVE_LOCALTIME 1
#define HAVE_LOCALTIME_R 1
#define HAVE_ASCTIME 1
#define HAVE_TIME 1
#define HAVE_GMTIME_R 1
#define HAVE_FTIME 1
#define HAVE_PRINTF 1
#define HAVE_SPRINTF 1
#define HAVE_FPRINTF 1
#define HAVE_SNPRINTF 1
#define HAVE_VFPRINTF 1
#define HAVE_VSPRINTF 1
#define HAVE_VSNPRINTF 1
#define HAVE_SSCANF 1
#define WITH_DEBUGGER 1

configure: exit 0
