
## ---------------------- ##
## Running config.status. ##
## ---------------------- ##

This file was extended by c-ares config.status 1.7.4, which was
generated by GNU Autoconf 2.67.  Invocation command line was

  CONFIG_FILES    = 
  CONFIG_HEADERS  = 
  CONFIG_LINKS    = 
  CONFIG_COMMANDS = 
  $ ./config.status 

on gluon

config.status:1228: creating Makefile
config.status:1228: creating libcares.pc
config.status:1228: creating ares_config.h
config.status:1228: creating ares_build.h
config.status:1449: executing depfiles commands
config.status:1449: executing libtool commands
configure:27055: WARNING: unrecognized options: --disable-thread

## ---------------- ##
## Cache variables. ##
## ---------------- ##

ac_cv_build=x86_64-unknown-linux-gnu
ac_cv_c_bigendian=no
ac_cv_c_compiler_gnu=yes
ac_cv_c_const=yes
ac_cv_env_CC_set=set
ac_cv_env_CC_value=cc
ac_cv_env_CFLAGS_set=set
ac_cv_env_CFLAGS_value='-fpic -fPIC -fpic -fPIC'
ac_cv_env_CPPFLAGS_set=set
ac_cv_env_CPPFLAGS_value='-I/home/lindell/git/darkmatter-depends/.build/usr/local/lib64/darkmatter/include -I/home/lindell/git/darkmatter-depends/.build/usr/local/lib64/darkmatter/include/ncurses -I/home/lindell/git/darkmatter-depends/.build/usr/local/lib64/darkmatter/include/libxml2'
ac_cv_env_CPP_set=
ac_cv_env_CPP_value=
ac_cv_env_LDFLAGS_set=set
ac_cv_env_LDFLAGS_value='-L/home/lindell/git/darkmatter-depends/.build/usr/local/lib64/darkmatter/lib  -Wl,-rpath -Wl,/usr/local/lib64/darkmatter/lib -L/home/lindell/git/darkmatter-depends/.build/usr/local/lib64/darkmatter/lib  -Wl,-rpath -Wl,/usr/local/lib64/darkmatter/lib -lc -lm'
ac_cv_env_LIBS_set=set
ac_cv_env_LIBS_value='-lc -lm'
ac_cv_env_build_alias_set=
ac_cv_env_build_alias_value=
ac_cv_env_host_alias_set=
ac_cv_env_host_alias_value=
ac_cv_env_target_alias_set=
ac_cv_env_target_alias_value=
ac_cv_file__dev_urandom=yes
ac_cv_func_bitncmp=no
ac_cv_func_clock_gettime=yes
ac_cv_func_closesocket=no
ac_cv_func_closesocket_camel=no
ac_cv_func_connect=yes
ac_cv_func_fcntl=yes
ac_cv_func_fcntl_o_nonblock=yes
ac_cv_func_freeaddrinfo=yes
ac_cv_func_getaddrinfo=yes
ac_cv_func_getaddrinfo_threadsafe=yes
ac_cv_func_gethostbyaddr=yes
ac_cv_func_gethostbyname=yes
ac_cv_func_gethostname=yes
ac_cv_func_getnameinfo=yes
ac_cv_func_getservbyport_r=yes
ac_cv_func_gettimeofday=yes
ac_cv_func_if_indextoname=yes
ac_cv_func_inet_net_pton=no
ac_cv_func_inet_ntop=yes
ac_cv_func_inet_pton=yes
ac_cv_func_ioctl=yes
ac_cv_func_ioctl_fionbio=yes
ac_cv_func_ioctl_siocgifaddr=yes
ac_cv_func_ioctlsocket=no
ac_cv_func_ioctlsocket_camel=no
ac_cv_func_recv=yes
ac_cv_func_recvfrom=yes
ac_cv_func_send=yes
ac_cv_func_setsockopt=yes
ac_cv_func_setsockopt_so_nonblock=no
ac_cv_func_socket=yes
ac_cv_func_strcasecmp=yes
ac_cv_func_strcmpi=no
ac_cv_func_strdup=yes
ac_cv_func_stricmp=no
ac_cv_func_strncasecmp=yes
ac_cv_func_strncmpi=no
ac_cv_func_strnicmp=no
ac_cv_func_writev=yes
ac_cv_header_arpa_inet_h=yes
ac_cv_header_arpa_nameser_compat_h=yes
ac_cv_header_arpa_nameser_h=yes
ac_cv_header_assert_h=yes
ac_cv_header_dlfcn_h=yes
ac_cv_header_errno_h=yes
ac_cv_header_fcntl_h=yes
ac_cv_header_inttypes_h=yes
ac_cv_header_limits_h=yes
ac_cv_header_malloc_h=yes
ac_cv_header_memory_h=yes
ac_cv_header_net_if_h=yes
ac_cv_header_netdb_h=yes
ac_cv_header_netinet_in_h=yes
ac_cv_header_netinet_tcp_h=yes
ac_cv_header_signal_h=yes
ac_cv_header_socket_h=no
ac_cv_header_stdbool_h=yes
ac_cv_header_stdc=yes
ac_cv_header_stdint_h=yes
ac_cv_header_stdlib_h=yes
ac_cv_header_string_h=yes
ac_cv_header_strings_h=yes
ac_cv_header_stropts_h=yes
ac_cv_header_sys_ioctl_h=yes
ac_cv_header_sys_param_h=yes
ac_cv_header_sys_select_h=yes
ac_cv_header_sys_socket_h=yes
ac_cv_header_sys_stat_h=yes
ac_cv_header_sys_time_h=yes
ac_cv_header_sys_types_h=yes
ac_cv_header_sys_uio_h=yes
ac_cv_header_time=yes
ac_cv_header_time_h=yes
ac_cv_header_unistd_h=yes
ac_cv_header_windows_h=no
ac_cv_header_winsock2_h=no
ac_cv_header_winsock_h=no
ac_cv_header_ws2tcpip_h=no
ac_cv_host=x86_64-unknown-linux-gnu
ac_cv_member_struct_addrinfo_ai_flags=yes
ac_cv_member_struct_sockaddr_in6_sin6_scope_id=yes
ac_cv_msg_nosignal=yes
ac_cv_native_windows=no
ac_cv_objext=o
ac_cv_path_EGREP='/bin/grep -E'
ac_cv_path_FGREP='/bin/grep -F'
ac_cv_path_GREP=/bin/grep
ac_cv_path_SED=/bin/sed
ac_cv_path_ac_pt_AR=/usr/bin/ar
ac_cv_path_install='/usr/bin/install -c'
ac_cv_prog_AWK=mawk
ac_cv_prog_CPP='cc -E'
ac_cv_prog_ac_ct_AR=/usr/bin/ar
ac_cv_prog_ac_ct_CC=cc
ac_cv_prog_ac_ct_OBJDUMP=objdump
ac_cv_prog_ac_ct_RANLIB=ranlib
ac_cv_prog_ac_ct_STRIP=strip
ac_cv_prog_cc_c89=
ac_cv_prog_cc_cc_c_o=yes
ac_cv_prog_cc_g=yes
ac_cv_prog_make_make_set=yes
ac_cv_sig_atomic_t_volatile=no
ac_cv_sizeof_int=4
ac_cv_sizeof_long=8
ac_cv_sizeof_size_t=8
ac_cv_sizeof_struct_in6_addr=16
ac_cv_sizeof_struct_in_addr=4
ac_cv_sizeof_time_t=8
ac_cv_struct_timeval=yes
ac_cv_sys_file_offset_bits=no
ac_cv_sys_largefile_CC=no
ac_cv_type_bool=yes
ac_cv_type_in_addr_t=yes
ac_cv_type_long_long=yes
ac_cv_type_sig_atomic_t=yes
ac_cv_type_signal=void
ac_cv_type_size_t=yes
ac_cv_type_ssize_t=yes
ac_cv_type_struct_sockaddr_storage=yes
am_cv_CC_dependencies_compiler_type=gcc3
cares_cv_PATH_SEPARATOR=:
curl_cv_def___GNUC__=4
curl_cv_func_getnameinfo_args='const struct sockaddr *,socklen_t,socklen_t,unsigned int'
curl_cv_func_recv_args='int,void *,size_t,int,ssize_t'
curl_cv_func_recvfrom_args='int,void *,size_t,int,struct sockaddr *,socklen_t *,ssize_t'
curl_cv_func_send_args='int,const void *,size_t,int,ssize_t'
curl_cv_gclk_LIBS=-lrt
curl_cv_getnameinfo=yes
curl_cv_have_def__COMPILER_VERSION=no
curl_cv_have_def__SGI_COMPILER_VERSION=no
curl_cv_have_def___DECC=no
curl_cv_have_def___DECC_VER=no
curl_cv_have_def___GNUC__=yes
curl_cv_have_def___HP_cc=no
curl_cv_have_def___IBMC__=no
curl_cv_have_def___INTEL_COMPILER=no
curl_cv_have_def___LCC__=no
curl_cv_have_def___SUNPRO_C=no
curl_cv_have_def___TINYC__=no
curl_cv_have_def___WATCOMC__=no
curl_cv_have_def___clang__=no
curl_cv_have_def___sgi=no
curl_cv_have_def_h_errno=yes
curl_cv_need_header_malloc_h=no
curl_cv_need_header_memory_h=no
curl_cv_recv=yes
curl_cv_recvfrom=yes
curl_cv_save_LIBS='-lc -lm'
curl_cv_send=yes
lt_cv_deplibs_check_method=pass_all
lt_cv_file_magic_cmd='$MAGIC_CMD'
lt_cv_file_magic_test_file=
lt_cv_ld_reload_flag=-r
lt_cv_nm_interface='BSD nm'
lt_cv_objdir=.libs
lt_cv_path_LD=/usr/bin/ld
lt_cv_path_NM=/usr/bin/nm
lt_cv_prog_compiler_c_o=yes
lt_cv_prog_compiler_pic_works=yes
lt_cv_prog_compiler_rtti_exceptions=no
lt_cv_prog_compiler_static_works=yes
lt_cv_prog_gnu_ld=yes
lt_cv_sys_global_symbol_pipe='sed -n -e '\''s/^.*[	 ]\([ABCDGIRSTW][ABCDGIRSTW]*\)[	 ][	 ]*\([_A-Za-z][_A-Za-z0-9]*\)$/\1 \2 \2/p'\'''
lt_cv_sys_global_symbol_to_c_name_address='sed -n -e '\''s/^: \([^ ]*\) $/  {\"\1\", (void *) 0},/p'\'' -e '\''s/^[ABCDGIRSTW]* \([^ ]*\) \([^ ]*\)$/  {"\2", (void *) \&\2},/p'\'''
lt_cv_sys_global_symbol_to_c_name_address_lib_prefix='sed -n -e '\''s/^: \([^ ]*\) $/  {\"\1\", (void *) 0},/p'\'' -e '\''s/^[ABCDGIRSTW]* \([^ ]*\) \(lib[^ ]*\)$/  {"\2", (void *) \&\2},/p'\'' -e '\''s/^[ABCDGIRSTW]* \([^ ]*\) \([^ ]*\)$/  {"lib\2", (void *) \&\2},/p'\'''
lt_cv_sys_global_symbol_to_cdecl='sed -n -e '\''s/^T .* \(.*\)$/extern int \1();/p'\'' -e '\''s/^[ABCDGIRSTW]* .* \(.*\)$/extern char \1;/p'\'''
lt_cv_sys_max_cmd_len=3458764513820540925

## ----------------- ##
## Output variables. ##
## ----------------- ##

ACLOCAL='${SHELL} /home/lindell/git/darkmatter-depends/ares/missing --run aclocal-1.9'
AMDEPBACKSLASH='\'
AMDEP_FALSE='#'
AMDEP_TRUE=''
AMTAR='${SHELL} /home/lindell/git/darkmatter-depends/ares/missing --run tar'
AR='/usr/bin/ar'
AS='as'
AUTOCONF='${SHELL} /home/lindell/git/darkmatter-depends/ares/missing --run autoconf'
AUTOHEADER='${SHELL} /home/lindell/git/darkmatter-depends/ares/missing --run autoheader'
AUTOMAKE='${SHELL} /home/lindell/git/darkmatter-depends/ares/missing --run automake-1.9'
AWK='mawk'
CARES_CFLAG_EXTRAS=''
CARES_PRIVATE_LIBS='-lrt -lc -lm'
CC='cc'
CCDEPMODE='depmode=gcc3'
CFLAGS='-fpic -fPIC -fpic -fPIC -g0 -O2 -Wno-system-headers -fvisibility=hidden'
CPP='cc -E'
CPPFLAGS='-isystem /home/lindell/git/darkmatter-depends/.build/usr/local/lib64/darkmatter/include -isystem /home/lindell/git/darkmatter-depends/.build/usr/local/lib64/darkmatter/include/ncurses -isystem /home/lindell/git/darkmatter-depends/.build/usr/local/lib64/darkmatter/include/libxml2'
CURLDEBUG_FALSE=''
CURLDEBUG_TRUE='#'
CYGPATH_W='echo'
DEFS='-DHAVE_CONFIG_H'
DEPDIR='.deps'
DLLTOOL='dlltool'
DSYMUTIL=''
DUMPBIN=''
ECHO_C=''
ECHO_N='-n'
ECHO_T=''
EGREP='/bin/grep -E'
EXEEXT=''
FGREP='/bin/grep -F'
GREP='/bin/grep'
INSTALL_DATA='${INSTALL} -m 644'
INSTALL_PROGRAM='${INSTALL}'
INSTALL_SCRIPT='${INSTALL}'
INSTALL_STRIP_PROGRAM='${SHELL} $(install_sh) -c -s'
LD='/usr/bin/ld -m elf_x86_64'
LDFLAGS='-L/home/lindell/git/darkmatter-depends/.build/usr/local/lib64/darkmatter/lib -Wl,-rpath -Wl,/usr/local/lib64/darkmatter/lib -L/home/lindell/git/darkmatter-depends/.build/usr/local/lib64/darkmatter/lib -Wl,-rpath -Wl,/usr/local/lib64/darkmatter/lib -lc -lm'
LIBOBJS=''
LIBS='-lrt -lc -lm'
LIBTOOL='$(SHELL) $(top_builddir)/libtool'
LIPO=''
LN_S='ln -s'
LTLIBOBJS=''
MAINT='#'
MAINTAINER_MODE_FALSE=''
MAINTAINER_MODE_TRUE='#'
MAKEINFO='${SHELL} /home/lindell/git/darkmatter-depends/ares/missing --run makeinfo'
NM='/usr/bin/nm'
NMEDIT=''
NO_UNDEFINED_FALSE=''
NO_UNDEFINED_TRUE='#'
OBJDUMP='objdump'
OBJEXT='o'
OTOOL64=''
OTOOL=''
PACKAGE='c-ares'
PACKAGE_BUGREPORT='c-ares mailing list: http://cool.haxx.se/mailman/listinfo/c-ares'
PACKAGE_NAME='c-ares'
PACKAGE_STRING='c-ares 1.7.4'
PACKAGE_TARNAME='c-ares'
PACKAGE_URL=''
PACKAGE_VERSION='1.7.4'
PATH='/home/lindell/git/darkmatter-depends/.build/usr/local/lib64/darkmatter/bin:/sbin:/bin:/usr/sbin:/usr/bin'
PATH_SEPARATOR=':'
RANDOM_FILE='/dev/urandom'
RANLIB='ranlib'
SED='/bin/sed'
SET_MAKE=''
SHELL='/bin/bash'
STRIP='strip'
VERSION='1.7.4'
ac_ct_CC='cc'
ac_ct_DUMPBIN=''
am__fastdepCC_FALSE='#'
am__fastdepCC_TRUE=''
am__include='include'
am__leading_dot='.'
am__quote=''
am__tar='${AMTAR} chof - "$$tardir"'
am__untar='${AMTAR} xf -'
bindir='${exec_prefix}/bin'
build='x86_64-unknown-linux-gnu'
build_alias=''
build_cpu='x86_64'
build_os='linux-gnu'
build_vendor='unknown'
datadir='${datarootdir}'
datarootdir='${prefix}/share'
docdir='${datarootdir}/doc/${PACKAGE_TARNAME}'
dvidir='${docdir}'
exec_prefix='${prefix}'
host='x86_64-unknown-linux-gnu'
host_alias=''
host_cpu='x86_64'
host_os='linux-gnu'
host_vendor='unknown'
htmldir='${docdir}'
includedir='${prefix}/include'
infodir='${datarootdir}/info'
install_sh='/home/lindell/git/darkmatter-depends/ares/install-sh'
libdir='${exec_prefix}/lib'
libexecdir='${exec_prefix}/libexec'
localedir='${datarootdir}/locale'
localstatedir='${prefix}/var'
lt_ECHO='echo'
mandir='${datarootdir}/man'
mkdir_p='mkdir -p --'
oldincludedir='/usr/include'
pdfdir='${docdir}'
prefix='/usr/local/lib64/darkmatter'
program_transform_name='s,x,x,'
psdir='${docdir}'
sbindir='${exec_prefix}/sbin'
sharedstatedir='${prefix}/com'
sysconfdir='${prefix}/etc'
target_alias=''

## ----------- ##
## confdefs.h. ##
## ----------- ##

/* confdefs.h */
#define PACKAGE_NAME "c-ares"
#define PACKAGE_TARNAME "c-ares"
#define PACKAGE_VERSION "1.7.4"
#define PACKAGE_STRING "c-ares 1.7.4"
#define PACKAGE_BUGREPORT "c-ares mailing list: http://cool.haxx.se/mailman/listinfo/c-ares"
#define PACKAGE_URL ""
#define PACKAGE "c-ares"
#define VERSION "1.7.4"
#define OS "x86_64-unknown-linux-gnu"
#define STDC_HEADERS 1
#define HAVE_SYS_TYPES_H 1
#define HAVE_SYS_STAT_H 1
#define HAVE_STDLIB_H 1
#define HAVE_STRING_H 1
#define HAVE_MEMORY_H 1
#define HAVE_STRINGS_H 1
#define HAVE_INTTYPES_H 1
#define HAVE_STDINT_H 1
#define HAVE_UNISTD_H 1
#define HAVE_DLFCN_H 1
#define LT_OBJDIR ".libs/"
#define TIME_WITH_SYS_TIME 1
#define HAVE_SYS_TYPES_H 1
#define HAVE_SYS_TIME_H 1
#define HAVE_TIME_H 1
#define HAVE_CLOCK_GETTIME_MONOTONIC 1
#define STDC_HEADERS 1
#define HAVE_MALLOC_H 1
#define HAVE_MEMORY_H 1
#define HAVE_SYS_TYPES_H 1
#define HAVE_SYS_TIME_H 1
#define HAVE_SYS_SELECT_H 1
#define HAVE_SYS_SOCKET_H 1
#define HAVE_SYS_IOCTL_H 1
#define HAVE_SYS_PARAM_H 1
#define HAVE_SYS_UIO_H 1
#define HAVE_ASSERT_H 1
#define HAVE_NETDB_H 1
#define HAVE_NETINET_IN_H 1
#define HAVE_NETINET_TCP_H 1
#define HAVE_NET_IF_H 1
#define HAVE_ERRNO_H 1
#define HAVE_STRINGS_H 1
#define HAVE_STDBOOL_H 1
#define HAVE_TIME_H 1
#define HAVE_LIMITS_H 1
#define HAVE_ARPA_NAMESER_H 1
#define HAVE_ARPA_NAMESER_COMPAT_H 1
#define HAVE_ARPA_INET_H 1
#define TIME_WITH_SYS_TIME 1
#define HAVE_SYS_TYPES_H 1
#define HAVE_SYS_TIME_H 1
#define HAVE_TIME_H 1
#define HAVE_SYS_SOCKET_H 1
#define HAVE_STRUCT_TIMEVAL 1
#define SIZEOF_SIZE_T 8
#define SIZEOF_INT 4
#define SIZEOF_LONG 8
#define CARES_SIZEOF_LONG 8
#define SIZEOF_TIME_T 8
#define HAVE_LONGLONG 1
#define HAVE_LL 1
#define HAVE_BOOL_T 1
#define HAVE_SYS_TYPES_H 1
#define HAVE_SYS_SOCKET_H 1
#define CARES_PULL_SYS_TYPES_H 1
#define CARES_PULL_SYS_SOCKET_H 1
#define CARES_TYPEOF_ARES_SOCKLEN_T socklen_t
#define CARES_SIZEOF_ARES_SOCKLEN_T 4
#define HAVE_STRUCT_SOCKADDR_STORAGE 1
#define HAVE_SIGNAL_H 1
#define HAVE_SIG_ATOMIC_T 1
#define RETSIGTYPE void
#define HAVE_SYS_TYPES_H 1
#define HAVE_SYS_SOCKET_H 1
#define RECV_TYPE_ARG1 int
#define RECV_TYPE_ARG2 void *
#define RECV_TYPE_ARG3 size_t
#define RECV_TYPE_ARG4 int
#define RECV_TYPE_RETV ssize_t
#define HAVE_RECV 1
#define HAVE_SYS_TYPES_H 1
#define HAVE_SYS_SOCKET_H 1
#define HAVE_RECVFROM 1
#define RECVFROM_TYPE_ARG1 int
#define RECVFROM_TYPE_ARG3 size_t
#define RECVFROM_TYPE_ARG4 int
#define RECVFROM_TYPE_RETV ssize_t
#define RECVFROM_TYPE_ARG2 void
#define RECVFROM_TYPE_ARG5 struct sockaddr
#define RECVFROM_TYPE_ARG6 socklen_t
#define RECVFROM_TYPE_ARG2_IS_VOID 1
#define HAVE_RECVFROM 1
#define HAVE_SYS_TYPES_H 1
#define HAVE_SYS_SOCKET_H 1
#define SEND_TYPE_ARG1 int
#define SEND_TYPE_ARG3 size_t
#define SEND_TYPE_ARG4 int
#define SEND_TYPE_RETV ssize_t
#define SEND_QUAL_ARG2 const
#define SEND_TYPE_ARG2 void *
#define HAVE_SEND 1
#define HAVE_SYS_TYPES_H 1
#define HAVE_SYS_SOCKET_H 1
#define HAVE_MSG_NOSIGNAL 1
#define HAVE_SYS_TYPES_H 1
#define HAVE_CONNECT 1
#define HAVE_SYS_TYPES_H 1
#define HAVE_UNISTD_H 1
#define HAVE_FCNTL_H 1
#define HAVE_FCNTL 1
#define HAVE_FCNTL_O_NONBLOCK 1
#define HAVE_SYS_TYPES_H 1
#define HAVE_NETDB_H 1
#define HAVE_FREEADDRINFO 1
#define HAVE_SYS_TYPES_H 1
#define HAVE_STDLIB_H 1
#define HAVE_SYS_TYPES_H 1
#define HAVE_STRING_H 1
#define HAVE_STRINGS_H 1
#define HAVE_GETADDRINFO 1
#define HAVE_GETADDRINFO_THREADSAFE 1
#define HAVE_GETHOSTBYADDR 1
#define HAVE_GETHOSTBYNAME 1
#define HAVE_SYS_TYPES_H 1
#define HAVE_UNISTD_H 1
#define HAVE_GETHOSTNAME 1
#define HAVE_GETSERVBYPORT_R 1
#define GETSERVBYPORT_R_ARGS 6
#define GETSERVBYPORT_R_BUFSIZE 4096
#define HAVE_SYS_TYPES_H 1
#define HAVE_SYS_SOCKET_H 1
#define HAVE_NETINET_IN_H 1
#define HAVE_ARPA_INET_H 1
#define HAVE_INET_NTOP 1
#define HAVE_INET_PTON 1
#define HAVE_SYS_TYPES_H 1
#define HAVE_UNISTD_H 1
#define HAVE_SYS_SOCKET_H 1
#define HAVE_SYS_IOCTL_H 1
#define HAVE_STROPTS_H 1
#define HAVE_IOCTL 1
#define HAVE_IOCTL_FIONBIO 1
#define HAVE_IOCTL_SIOCGIFADDR 1
#define HAVE_SETSOCKOPT 1
#define HAVE_SOCKET 1
#define HAVE_STRCASECMP 1
#define HAVE_STRDUP 1
#define HAVE_STRNCASECMP 1
#define HAVE_SYS_TYPES_H 1
#define HAVE_SYS_UIO_H 1
#define HAVE_WRITEV 1
#define HAVE_PF_INET6 1
#define HAVE_AF_INET6 1
#define HAVE_STRUCT_IN6_ADDR 1
#define HAVE_STRUCT_SOCKADDR_IN6 1
#define HAVE_SOCKADDR_IN6_SIN6_SCOPE_ID 1
#define HAVE_STRUCT_ADDRINFO 1
#define HAVE_GETTIMEOFDAY 1
#define HAVE_IF_INDEXTONAME 1
#define SIZEOF_STRUCT_IN6_ADDR 16
#define SIZEOF_STRUCT_IN_ADDR 4
#define HAVE_SYS_TYPES_H 1
#define HAVE_SYS_SOCKET_H 1
#define HAVE_NETDB_H 1
#define GETNAMEINFO_TYPE_ARG2 socklen_t
#define GETNAMEINFO_TYPE_ARG46 socklen_t
#define GETNAMEINFO_TYPE_ARG7 unsigned int
#define GETNAMEINFO_QUAL_ARG1 const
#define GETNAMEINFO_TYPE_ARG1 struct sockaddr *
#define HAVE_GETNAMEINFO 1
#define RANDOM_FILE "/dev/urandom"
#define CARES_SYMBOL_HIDING 1
#define CARES_SYMBOL_SCOPE_EXTERN __attribute__ ((visibility ("default")))

configure: exit 0
