
## ---------------------- ##
## Running config.status. ##
## ---------------------- ##

This file was extended by python config.status 2.7, which was
generated by GNU Autoconf 2.65.  Invocation command line was

  CONFIG_FILES    = 
  CONFIG_HEADERS  = 
  CONFIG_LINKS    = 
  CONFIG_COMMANDS = 
  $ ./config.status 

on gluon

config.status:1176: creating Makefile.pre
config.status:1176: creating Modules/Setup.config
config.status:1176: creating Misc/python.pc
config.status:1176: creating Modules/ld_so_aix
config.status:1176: creating pyconfig.h

## ---------------- ##
## Cache variables. ##
## ---------------- ##

ac_cv_big_endian_double=no
ac_cv_broken_nice=no
ac_cv_broken_poll=no
ac_cv_broken_sem_getvalue=no
ac_cv_buggy_getaddrinfo=no
ac_cv_c_bigendian=no
ac_cv_c_char_unsigned=no
ac_cv_c_compiler_gnu=yes
ac_cv_c_const=yes
ac_cv_c_int32_t=yes
ac_cv_c_int64_t=yes
ac_cv_c_uint32_t=yes
ac_cv_c_uint64_t=yes
ac_cv_cxx_thread=yes
ac_cv_env_CC_set=set
ac_cv_env_CC_value=cc
ac_cv_env_CFLAGS_set=set
ac_cv_env_CFLAGS_value='-fpic -fPIC -fpic -fPIC -I/home/lindell/git/darkmatter-depends/.build/usr/local/lib64/darkmatter/include -I/home/lindell/git/darkmatter-depends/.build/usr/local/lib64/darkmatter/include/ncurses -I/home/lindell/git/darkmatter-depends/.build/usr/local/lib64/darkmatter/include/libxml2 -L/home/lindell/git/darkmatter-depends/.build/usr/local/lib64/darkmatter/lib  -Wl,-rpath -Wl,/usr/local/lib64/darkmatter/lib -L/home/lindell/git/darkmatter-depends/.build/usr/local/lib64/darkmatter/lib  -Wl,-rpath -Wl,/usr/local/lib64/darkmatter/lib'
ac_cv_env_CPPFLAGS_set=set
ac_cv_env_CPPFLAGS_value='-I/home/lindell/git/darkmatter-depends/.build/usr/local/lib64/darkmatter/include -I/home/lindell/git/darkmatter-depends/.build/usr/local/lib64/darkmatter/include/ncurses -I/home/lindell/git/darkmatter-depends/.build/usr/local/lib64/darkmatter/include/libxml2'
ac_cv_env_CPP_set=
ac_cv_env_CPP_value=
ac_cv_env_LDFLAGS_set=set
ac_cv_env_LDFLAGS_value='-L/home/lindell/git/darkmatter-depends/.build/usr/local/lib64/darkmatter/lib  -Wl,-rpath -Wl,/usr/local/lib64/darkmatter/lib -L/home/lindell/git/darkmatter-depends/.build/usr/local/lib64/darkmatter/lib  -Wl,-rpath -Wl,/usr/local/lib64/darkmatter/lib -lc -lm'
ac_cv_env_LIBS_set=set
ac_cv_env_LIBS_value='-lc -lm'
ac_cv_env_build_alias_set=
ac_cv_env_build_alias_value=
ac_cv_env_host_alias_set=
ac_cv_env_host_alias_value=
ac_cv_env_target_alias_set=
ac_cv_env_target_alias_value=
ac_cv_flock_decl=yes
ac_cv_func___fpu_control=yes
ac_cv_func__getpty=no
ac_cv_func_acosh=yes
ac_cv_func_alarm=yes
ac_cv_func_asinh=yes
ac_cv_func_atanh=yes
ac_cv_func_bind_textdomain_codeset=yes
ac_cv_func_chown=yes
ac_cv_func_clock=yes
ac_cv_func_confstr=yes
ac_cv_func_copysign=yes
ac_cv_func_ctermid=yes
ac_cv_func_dlopen=yes
ac_cv_func_dup2=yes
ac_cv_func_erf=yes
ac_cv_func_erfc=yes
ac_cv_func_execv=yes
ac_cv_func_expm1=yes
ac_cv_func_fchmod=yes
ac_cv_func_fchown=yes
ac_cv_func_finite=yes
ac_cv_func_flock=yes
ac_cv_func_fork=yes
ac_cv_func_forkpty=yes
ac_cv_func_fpathconf=yes
ac_cv_func_fseek64=no
ac_cv_func_fseeko=yes
ac_cv_func_fstatvfs=yes
ac_cv_func_ftell64=no
ac_cv_func_ftello=yes
ac_cv_func_ftime=yes
ac_cv_func_ftruncate=yes
ac_cv_func_gai_strerror=yes
ac_cv_func_gamma=yes
ac_cv_func_getcwd=yes
ac_cv_func_getgroups=yes
ac_cv_func_gethostbyname_r=yes
ac_cv_func_getitimer=yes
ac_cv_func_getloadavg=yes
ac_cv_func_getlogin=yes
ac_cv_func_getnameinfo=yes
ac_cv_func_getpeername=yes
ac_cv_func_getpgid=yes
ac_cv_func_getpgrp=yes
ac_cv_func_getpid=yes
ac_cv_func_getpriority=yes
ac_cv_func_getpwent=yes
ac_cv_func_getresgid=yes
ac_cv_func_getresuid=yes
ac_cv_func_getsid=yes
ac_cv_func_getspent=yes
ac_cv_func_getspnam=yes
ac_cv_func_gettimeofday=yes
ac_cv_func_getwd=yes
ac_cv_func_hypot=yes
ac_cv_func_initgroups=yes
ac_cv_func_kill=yes
ac_cv_func_killpg=yes
ac_cv_func_lchmod=no
ac_cv_func_lchown=yes
ac_cv_func_lgamma=yes
ac_cv_func_log1p=yes
ac_cv_func_lstat=yes
ac_cv_func_memmove=yes
ac_cv_func_mkfifo=yes
ac_cv_func_mknod=yes
ac_cv_func_mktime=yes
ac_cv_func_mremap=yes
ac_cv_func_nice=yes
ac_cv_func_openpty=no
ac_cv_func_pathconf=yes
ac_cv_func_pause=yes
ac_cv_func_plock=no
ac_cv_func_poll=yes
ac_cv_func_pthread_init=no
ac_cv_func_pthread_sigmask=yes
ac_cv_func_putenv=yes
ac_cv_func_readlink=yes
ac_cv_func_realpath=yes
ac_cv_func_round=yes
ac_cv_func_select=yes
ac_cv_func_sem_getvalue=yes
ac_cv_func_sem_open=yes
ac_cv_func_sem_timedwait=yes
ac_cv_func_sem_unlink=yes
ac_cv_func_setegid=yes
ac_cv_func_seteuid=yes
ac_cv_func_setgid=yes
ac_cv_func_setitimer=yes
ac_cv_func_setlocale=yes
ac_cv_func_setpgid=yes
ac_cv_func_setpgrp=yes
ac_cv_func_setregid=yes
ac_cv_func_setresgid=yes
ac_cv_func_setresuid=yes
ac_cv_func_setreuid=yes
ac_cv_func_setsid=yes
ac_cv_func_setuid=yes
ac_cv_func_setvbuf=yes
ac_cv_func_sigaction=yes
ac_cv_func_siginterrupt=yes
ac_cv_func_sigrelse=yes
ac_cv_func_snprintf=yes
ac_cv_func_statvfs=yes
ac_cv_func_strdup=yes
ac_cv_func_strftime=yes
ac_cv_func_sysconf=yes
ac_cv_func_tcgetpgrp=yes
ac_cv_func_tcsetpgrp=yes
ac_cv_func_tempnam=yes
ac_cv_func_tgamma=yes
ac_cv_func_timegm=yes
ac_cv_func_times=yes
ac_cv_func_tmpfile=yes
ac_cv_func_tmpnam=yes
ac_cv_func_tmpnam_r=yes
ac_cv_func_truncate=yes
ac_cv_func_uname=yes
ac_cv_func_unsetenv=yes
ac_cv_func_utimes=yes
ac_cv_func_wait3=yes
ac_cv_func_wait4=yes
ac_cv_func_waitpid=yes
ac_cv_func_wcscoll=yes
ac_cv_has_makedev=yes
ac_cv_have_chflags=no
ac_cv_have_decl_isfinite=yes
ac_cv_have_decl_isinf=yes
ac_cv_have_decl_isnan=yes
ac_cv_have_getc_unlocked=yes
ac_cv_have_lchflags=no
ac_cv_have_long_long_format=yes
ac_cv_have_size_t_format=yes
ac_cv_header_asm_types_h=yes
ac_cv_header_bluetooth_bluetooth_h=no
ac_cv_header_bluetooth_h=no
ac_cv_header_conio_h=no
ac_cv_header_curses_h=yes
ac_cv_header_direct_h=no
ac_cv_header_dirent_dirent_h=yes
ac_cv_header_dlfcn_h=yes
ac_cv_header_errno_h=yes
ac_cv_header_fcntl_h=yes
ac_cv_header_grp_h=yes
ac_cv_header_ieeefp_h=no
ac_cv_header_inttypes_h=yes
ac_cv_header_io_h=no
ac_cv_header_langinfo_h=yes
ac_cv_header_libintl_h=yes
ac_cv_header_libutil_h=no
ac_cv_header_linux_netlink_h=yes
ac_cv_header_linux_tipc_h=yes
ac_cv_header_memory_h=yes
ac_cv_header_minix_config_h=no
ac_cv_header_ncurses_h=yes
ac_cv_header_netpacket_packet_h=yes
ac_cv_header_poll_h=yes
ac_cv_header_process_h=no
ac_cv_header_pthread_h=yes
ac_cv_header_pty_h=yes
ac_cv_header_shadow_h=yes
ac_cv_header_signal_h=yes
ac_cv_header_spawn_h=yes
ac_cv_header_stdc=yes
ac_cv_header_stdint_h=yes
ac_cv_header_stdlib_h=yes
ac_cv_header_string_h=yes
ac_cv_header_strings_h=yes
ac_cv_header_stropts_h=yes
ac_cv_header_sys_audioio_h=no
ac_cv_header_sys_bsdtty_h=no
ac_cv_header_sys_epoll_h=yes
ac_cv_header_sys_event_h=no
ac_cv_header_sys_file_h=yes
ac_cv_header_sys_loadavg_h=no
ac_cv_header_sys_lock_h=no
ac_cv_header_sys_mkdev_h=no
ac_cv_header_sys_modem_h=no
ac_cv_header_sys_param_h=yes
ac_cv_header_sys_poll_h=yes
ac_cv_header_sys_resource_h=yes
ac_cv_header_sys_select_h=yes
ac_cv_header_sys_socket_h=yes
ac_cv_header_sys_stat_h=yes
ac_cv_header_sys_statvfs_h=yes
ac_cv_header_sys_termio_h=no
ac_cv_header_sys_time_h=yes
ac_cv_header_sys_times_h=yes
ac_cv_header_sys_types_h=yes
ac_cv_header_sys_types_h_makedev=yes
ac_cv_header_sys_un_h=yes
ac_cv_header_sys_utsname_h=yes
ac_cv_header_sys_wait_h=yes
ac_cv_header_sysexits_h=yes
ac_cv_header_term_h=yes
ac_cv_header_termios_h=yes
ac_cv_header_thread_h=no
ac_cv_header_time=yes
ac_cv_header_time_altzone=no
ac_cv_header_unistd_h=yes
ac_cv_header_util_h=no
ac_cv_header_utime_h=yes
ac_cv_header_wchar_h=yes
ac_cv_kpthread=no
ac_cv_kthread=no
ac_cv_lib_c_inet_aton=yes
ac_cv_lib_dl_dlopen=yes
ac_cv_lib_dld_shl_load=no
ac_cv_lib_intl_textdomain=no
ac_cv_lib_nsl_t_open=no
ac_cv_lib_readline_rl_callback_handler_install=yes
ac_cv_lib_readline_rl_completion_display_matches_hook=yes
ac_cv_lib_readline_rl_completion_matches=yes
ac_cv_lib_readline_rl_pre_input_hook=yes
ac_cv_lib_socket_socket=no
ac_cv_lib_util_openpty=yes
ac_cv_lib_z_inflateCopy=yes
ac_cv_little_endian_double=yes
ac_cv_member_struct_stat_st_birthtime=no
ac_cv_member_struct_stat_st_blksize=yes
ac_cv_member_struct_stat_st_blocks=yes
ac_cv_member_struct_stat_st_flags=no
ac_cv_member_struct_stat_st_gen=no
ac_cv_member_struct_stat_st_rdev=yes
ac_cv_member_struct_tm_tm_zone=yes
ac_cv_mixed_endian_double=no
ac_cv_mvwdelch_is_expression=yes
ac_cv_no_strict_aliasing_ok=yes
ac_cv_objext=o
ac_cv_olimit_ok=no
ac_cv_opt_olimit_ok=no
ac_cv_path_EGREP='/bin/grep -E'
ac_cv_path_GREP=/bin/grep
ac_cv_path_ac_pt_PKG_CONFIG=/usr/bin/pkg-config
ac_cv_path_install='/usr/bin/install -c'
ac_cv_posix_semaphores_enabled=yes
ac_cv_prog_AR=ar
ac_cv_prog_CPP='cc -E'
ac_cv_prog_SVNVERSION=found
ac_cv_prog_TRUE=true
ac_cv_prog_ac_ct_CC=cc
ac_cv_prog_ac_ct_RANLIB=ranlib
ac_cv_prog_cc_c89=
ac_cv_prog_cc_g=yes
ac_cv_pthread=yes
ac_cv_pthread_is_default=no
ac_cv_pthread_system_supported=yes
ac_cv_rshift_extends_sign=yes
ac_cv_safe_to_define___extensions__=yes
ac_cv_search_opendir='none required'
ac_cv_search_sem_init=-lpthread
ac_cv_sizeof__Bool=1
ac_cv_sizeof_double=8
ac_cv_sizeof_float=4
ac_cv_sizeof_fpos_t=16
ac_cv_sizeof_int=4
ac_cv_sizeof_long=8
ac_cv_sizeof_long_double=16
ac_cv_sizeof_long_long=8
ac_cv_sizeof_off_t=8
ac_cv_sizeof_pid_t=4
ac_cv_sizeof_pthread_t=8
ac_cv_sizeof_short=2
ac_cv_sizeof_size_t=8
ac_cv_sizeof_time_t=8
ac_cv_sizeof_uintptr_t=8
ac_cv_sizeof_void_p=8
ac_cv_sizeof_wchar_t=4
ac_cv_stat_tv_nsec2=no
ac_cv_stat_tv_nsec=yes
ac_cv_struct_addrinfo=yes
ac_cv_struct_sockaddr_storage=yes
ac_cv_struct_tm=time.h
ac_cv_tanh_preserves_zero_sign=yes
ac_cv_type_mode_t=yes
ac_cv_type_off_t=yes
ac_cv_type_pid_t=yes
ac_cv_type_size_t=yes
ac_cv_type_socklen_t=yes
ac_cv_type_ssize_t=yes
ac_cv_type_uid_t=yes
ac_cv_type_uintptr_t=yes
ac_cv_wchar_t_signed=yes
ac_cv_window_has_flags=yes
ac_cv_working_tzset=yes
ac_cv_x87_double_rounding=no
py_cv_lib_readline=yes

## ----------------- ##
## Output variables. ##
## ----------------- ##

AR='ar'
ARCH_RUN_32BIT=''
ARFLAGS='rc'
BASECFLAGS=' -fno-strict-aliasing -DSTACKLESS_FRHACK=1'
BLDLIBRARY='-L. -lpython$(VERSION)'
BLDSHARED='$(CC) -shared'
BUILDEXEEXT=''
CC='cc -pthread'
CCSHARED='-fPIC'
CFLAGS='-fpic -fPIC -fpic -fPIC -I/home/lindell/git/darkmatter-depends/.build/usr/local/lib64/darkmatter/include -I/home/lindell/git/darkmatter-depends/.build/usr/local/lib64/darkmatter/include/ncurses -I/home/lindell/git/darkmatter-depends/.build/usr/local/lib64/darkmatter/include/libxml2 -L/home/lindell/git/darkmatter-depends/.build/usr/local/lib64/darkmatter/lib  -Wl,-rpath -Wl,/usr/local/lib64/darkmatter/lib -L/home/lindell/git/darkmatter-depends/.build/usr/local/lib64/darkmatter/lib  -Wl,-rpath -Wl,/usr/local/lib64/darkmatter/lib'
CFLAGSFORSHARED='$(CCSHARED)'
CONFIGURE_MACOSX_DEPLOYMENT_TARGET=''
CONFIG_ARGS=' '\''--prefix=/usr/local/lib64/darkmatter'\'' '\''--with-signal-module'\'' '\''--disable-framework'\'' '\''--disable-toolbox-glue'\'' '\''--enable-stacklessfewerregisters'\'' '\''--enable-unicode=ucs2'\'' '\''--with-suffix='\'' '\''--disable-universalsdk'\'' '\''--enable-shared'\'' '\''CC=cc'\'' '\''CFLAGS=-fpic -fPIC -fpic -fPIC -I/home/lindell/git/darkmatter-depends/.build/usr/local/lib64/darkmatter/include -I/home/lindell/git/darkmatter-depends/.build/usr/local/lib64/darkmatter/include/ncurses -I/home/lindell/git/darkmatter-depends/.build/usr/local/lib64/darkmatter/include/libxml2 -L/home/lindell/git/darkmatter-depends/.build/usr/local/lib64/darkmatter/lib  -Wl,-rpath -Wl,/usr/local/lib64/darkmatter/lib -L/home/lindell/git/darkmatter-depends/.build/usr/local/lib64/darkmatter/lib  -Wl,-rpath -Wl,/usr/local/lib64/darkmatter/lib'\'' '\''LDFLAGS=-L/home/lindell/git/darkmatter-depends/.build/usr/local/lib64/darkmatter/lib  -Wl,-rpath -Wl,/usr/local/lib64/darkmatter/lib -L/home/lindell/git/darkmatter-depends/.build/usr/local/lib64/darkmatter/lib  -Wl,-rpath -Wl,/usr/local/lib64/darkmatter/lib -lc -lm'\'' '\''LIBS=-lc -lm'\'' '\''CPPFLAGS=-I/home/lindell/git/darkmatter-depends/.build/usr/local/lib64/darkmatter/include -I/home/lindell/git/darkmatter-depends/.build/usr/local/lib64/darkmatter/include/ncurses -I/home/lindell/git/darkmatter-depends/.build/usr/local/lib64/darkmatter/include/libxml2'\'''
CPP='cc -E'
CPPFLAGS='-I/home/lindell/git/darkmatter-depends/.build/usr/local/lib64/darkmatter/include -I/home/lindell/git/darkmatter-depends/.build/usr/local/lib64/darkmatter/include/ncurses -I/home/lindell/git/darkmatter-depends/.build/usr/local/lib64/darkmatter/include/libxml2'
CXX='g++ -pthread'
DEFS='-DHAVE_CONFIG_H'
DLINCLDIR='.'
DLLLIBRARY=''
DYNLOADFILE='dynload_shlib.o'
ECHO_C=''
ECHO_N='-n'
ECHO_T=''
EGREP='/bin/grep -E'
EXEEXT=''
EXPORT_MACOSX_DEPLOYMENT_TARGET='#'
EXTRAMACHDEPPATH=''
EXTRAPLATDIR=''
FRAMEWORKALTINSTALLFIRST=''
FRAMEWORKALTINSTALLLAST=''
FRAMEWORKINSTALLAPPSPREFIX=''
FRAMEWORKINSTALLFIRST=''
FRAMEWORKINSTALLLAST=''
FRAMEWORKUNIXTOOLSPREFIX='/usr/local/lib64/darkmatter'
GNULD='yes'
GREP='/bin/grep'
HAVE_GETHOSTBYNAME=''
HAVE_GETHOSTBYNAME_R=''
HAVE_GETHOSTBYNAME_R_3_ARG=''
HAVE_GETHOSTBYNAME_R_5_ARG=''
HAVE_GETHOSTBYNAME_R_6_ARG=''
INSTALL_DATA='${INSTALL} -m 644'
INSTALL_PROGRAM='${INSTALL}'
INSTALL_SCRIPT='${INSTALL}'
INSTSONAME='libpython$(VERSION).so.1.0'
LDCXXSHARED='$(CXX) -shared'
LDFLAGS='-L/home/lindell/git/darkmatter-depends/.build/usr/local/lib64/darkmatter/lib  -Wl,-rpath -Wl,/usr/local/lib64/darkmatter/lib -L/home/lindell/git/darkmatter-depends/.build/usr/local/lib64/darkmatter/lib  -Wl,-rpath -Wl,/usr/local/lib64/darkmatter/lib -lc -lm'
LDLAST=''
LDLIBRARY='libpython$(VERSION).so'
LDLIBRARYDIR=''
LDSHARED='$(CC) -shared'
LIBC=''
LIBFFI_INCLUDEDIR=''
LIBM='-lm'
LIBOBJS=''
LIBRARY='libpython$(VERSION).a'
LIBS='-lpthread -ldl -lc -lm -lutil'
LIBTOOL_CRUFT=''
LINKCC='$(PURIFY) $(MAINCC)'
LINKFORSHARED='-Xlinker -export-dynamic'
LIPO_32BIT_FLAGS=''
LN='ln'
LTLIBOBJS=''
MACHDEP='linux2'
MACHDEP_OBJS=''
MAINCC='$(CC)'
OBJEXT='o'
OPT='-DNDEBUG -g -fwrapv -O3 -Wall -Wstrict-prototypes'
OTHER_LIBTOOL_OPT=''
PACKAGE_BUGREPORT='http://bugs.python.org/'
PACKAGE_NAME='python'
PACKAGE_STRING='python 2.7'
PACKAGE_TARNAME='python'
PACKAGE_URL=''
PACKAGE_VERSION='2.7'
PATH_SEPARATOR=':'
PKG_CONFIG='/usr/bin/pkg-config'
PYTHONFRAMEWORK=''
PYTHONFRAMEWORKDIR='no-framework'
PYTHONFRAMEWORKIDENTIFIER='org.python.python'
PYTHONFRAMEWORKINSTALLDIR=''
PYTHONFRAMEWORKPREFIX=''
RANLIB='ranlib'
RUNSHARED='LD_LIBRARY_PATH=/home/lindell/git/darkmatter-depends/python:/home/lindell/git/darkmatter-depends/.build/usr/local/lib64/darkmatter/lib'
SGI_ABI=''
SHELL='/bin/bash'
SHLIBS='$(LIBS)'
SIGNAL_OBJS=''
SLPFLAGS='-fno-omit-frame-pointer -O2'
SO='.so'
SOVERSION='1.0'
SRCDIRS='Parser Grammar Objects Python Modules Mac Stackless Stackless/core Stackless/module Stackless/pickling'
STACKLESS_FRHACK='1'
SVNVERSION='svnversion $(srcdir)'
THREADHEADERS=' $(srcdir)/Python/thread_atheos.h $(srcdir)/Python/thread_beos.h $(srcdir)/Python/thread_cthread.h $(srcdir)/Python/thread_foobar.h $(srcdir)/Python/thread_lwp.h $(srcdir)/Python/thread_nt.h $(srcdir)/Python/thread_os2.h $(srcdir)/Python/thread_pth.h $(srcdir)/Python/thread_pthread.h $(srcdir)/Python/thread_sgi.h $(srcdir)/Python/thread_solaris.h $(srcdir)/Python/thread_wince.h'
THREADOBJ='Python/thread.o'
TRUE='true'
UNICODE_OBJS='Objects/unicodeobject.o Objects/unicodectype.o'
UNIVERSALSDK=''
UNIVERSAL_ARCH_FLAGS=''
USE_SIGNAL_MODULE=''
USE_THREAD_MODULE=''
VERSION='2.7'
ac_ct_CC='cc'
bindir='${exec_prefix}/bin'
build_alias=''
datadir='${datarootdir}'
datarootdir='${prefix}/share'
docdir='${datarootdir}/doc/${PACKAGE_TARNAME}'
dvidir='${docdir}'
exec_prefix='${prefix}'
host_alias=''
htmldir='${docdir}'
includedir='${prefix}/include'
infodir='${datarootdir}/info'
libdir='${exec_prefix}/lib'
libexecdir='${exec_prefix}/libexec'
localedir='${datarootdir}/locale'
localstatedir='${prefix}/var'
mandir='${datarootdir}/man'
oldincludedir='/usr/include'
pdfdir='${docdir}'
prefix='/usr/local/lib64/darkmatter'
program_transform_name='s,x,x,'
psdir='${docdir}'
sbindir='${exec_prefix}/sbin'
sharedstatedir='${prefix}/com'
sysconfdir='${prefix}/etc'
target_alias=''

## ----------- ##
## confdefs.h. ##
## ----------- ##

/* confdefs.h */
#define _GNU_SOURCE 1
#define _NETBSD_SOURCE 1
#define __BSD_VISIBLE 1
#define _BSD_TYPES 1
#define _DARWIN_C_SOURCE 1
#define _XOPEN_SOURCE 600
#define _XOPEN_SOURCE_EXTENDED 1
#define _POSIX_C_SOURCE 200112L
#define STDC_HEADERS 1
#define HAVE_SYS_TYPES_H 1
#define HAVE_SYS_STAT_H 1
#define HAVE_STDLIB_H 1
#define HAVE_STRING_H 1
#define HAVE_MEMORY_H 1
#define HAVE_STRINGS_H 1
#define HAVE_INTTYPES_H 1
#define HAVE_STDINT_H 1
#define HAVE_UNISTD_H 1
#define __EXTENSIONS__ 1
#define _ALL_SOURCE 1
#define _GNU_SOURCE 1
#define _POSIX_PTHREAD_SEMANTICS 1
#define _TANDEM_SOURCE 1
#define Py_ENABLE_SHARED 1
#define STDC_HEADERS 1
#define HAVE_ASM_TYPES_H 1
#define HAVE_CURSES_H 1
#define HAVE_DLFCN_H 1
#define HAVE_ERRNO_H 1
#define HAVE_FCNTL_H 1
#define HAVE_GRP_H 1
#define HAVE_LANGINFO_H 1
#define HAVE_LIBINTL_H 1
#define HAVE_NCURSES_H 1
#define HAVE_POLL_H 1
#define HAVE_PTHREAD_H 1
#define HAVE_SHADOW_H 1
#define HAVE_SIGNAL_H 1
#define HAVE_STDINT_H 1
#define HAVE_STROPTS_H 1
#define HAVE_TERMIOS_H 1
#define HAVE_UNISTD_H 1
#define HAVE_UTIME_H 1
#define HAVE_SYS_EPOLL_H 1
#define HAVE_SYS_FILE_H 1
#define HAVE_SYS_PARAM_H 1
#define HAVE_SYS_POLL_H 1
#define HAVE_SYS_SELECT_H 1
#define HAVE_SYS_SOCKET_H 1
#define HAVE_SYS_STATVFS_H 1
#define HAVE_SYS_STAT_H 1
#define HAVE_SYS_TIME_H 1
#define HAVE_SYS_TIMES_H 1
#define HAVE_SYS_TYPES_H 1
#define HAVE_SYS_UN_H 1
#define HAVE_SYS_UTSNAME_H 1
#define HAVE_SYS_WAIT_H 1
#define HAVE_PTY_H 1
#define HAVE_SYS_RESOURCE_H 1
#define HAVE_NETPACKET_PACKET_H 1
#define HAVE_SYSEXITS_H 1
#define HAVE_LINUX_TIPC_H 1
#define HAVE_SPAWN_H 1
#define HAVE_DIRENT_H 1
#define HAVE_TERM_H 1
#define HAVE_LINUX_NETLINK_H 1
#define HAVE_MAKEDEV 1
#define _LARGEFILE_SOURCE 1
#define _FILE_OFFSET_BITS 64
#if defined(SCO_DS)
#undef _OFF_T
#endif
#define RETSIGTYPE void
#define HAVE_SSIZE_T 1
#define SIZEOF_INT 4
#define SIZEOF_LONG 8
#define SIZEOF_VOID_P 8
#define SIZEOF_SHORT 2
#define SIZEOF_FLOAT 4
#define SIZEOF_DOUBLE 8
#define SIZEOF_FPOS_T 16
#define SIZEOF_SIZE_T 8
#define SIZEOF_PID_T 4
#define HAVE_LONG_LONG 1
#define SIZEOF_LONG_LONG 8
#define HAVE_LONG_DOUBLE 1
#define SIZEOF_LONG_DOUBLE 16
#define HAVE_C99_BOOL 1
#define SIZEOF__BOOL 1
#define HAVE_UINTPTR_T 1
#define SIZEOF_UINTPTR_T 8
#define SIZEOF_OFF_T 8
#define SIZEOF_TIME_T 8
#define SIZEOF_PTHREAD_T 8
#define SHLIB_EXT ".so"
#define HAVE_LIBDL 1
#define WITH_THREAD 1
#define PTHREAD_SYSTEM_SCHED_SUPPORTED 1
#define HAVE_PTHREAD_SIGMASK 1
#define ENABLE_IPV6 1
#define WITH_DOC_STRINGS 1
#define WITH_PYMALLOC 1
#define HAVE_DLOPEN 1
#define HAVE_DYNAMIC_LOADING 1
#define HAVE_ALARM 1
#define HAVE_SETITIMER 1
#define HAVE_GETITIMER 1
#define HAVE_BIND_TEXTDOMAIN_CODESET 1
#define HAVE_CHOWN 1
#define HAVE_CLOCK 1
#define HAVE_CONFSTR 1
#define HAVE_CTERMID 1
#define HAVE_EXECV 1
#define HAVE_FCHMOD 1
#define HAVE_FCHOWN 1
#define HAVE_FORK 1
#define HAVE_FPATHCONF 1
#define HAVE_FTIME 1
#define HAVE_FTRUNCATE 1
#define HAVE_GAI_STRERROR 1
#define HAVE_GETGROUPS 1
#define HAVE_GETLOGIN 1
#define HAVE_GETLOADAVG 1
#define HAVE_GETPEERNAME 1
#define HAVE_GETPGID 1
#define HAVE_GETPID 1
#define HAVE_GETPRIORITY 1
#define HAVE_GETRESUID 1
#define HAVE_GETRESGID 1
#define HAVE_GETPWENT 1
#define HAVE_GETSPNAM 1
#define HAVE_GETSPENT 1
#define HAVE_GETSID 1
#define HAVE_GETWD 1
#define HAVE_INITGROUPS 1
#define HAVE_KILL 1
#define HAVE_KILLPG 1
#define HAVE_LCHOWN 1
#define HAVE_LSTAT 1
#define HAVE_MKFIFO 1
#define HAVE_MKNOD 1
#define HAVE_MKTIME 1
#define HAVE_MREMAP 1
#define HAVE_NICE 1
#define HAVE_PATHCONF 1
#define HAVE_PAUSE 1
#define HAVE_POLL 1
#define HAVE_PUTENV 1
#define HAVE_READLINK 1
#define HAVE_REALPATH 1
#define HAVE_SELECT 1
#define HAVE_SEM_OPEN 1
#define HAVE_SEM_TIMEDWAIT 1
#define HAVE_SEM_GETVALUE 1
#define HAVE_SEM_UNLINK 1
#define HAVE_SETEGID 1
#define HAVE_SETEUID 1
#define HAVE_SETGID 1
#define HAVE_SETLOCALE 1
#define HAVE_SETREGID 1
#define HAVE_SETREUID 1
#define HAVE_SETSID 1
#define HAVE_SETPGID 1
#define HAVE_SETPGRP 1
#define HAVE_SETUID 1
#define HAVE_SETVBUF 1
#define HAVE_SNPRINTF 1
#define HAVE_SETLOCALE 1
#define HAVE_SETREGID 1
#define HAVE_SETREUID 1
#define HAVE_SETRESUID 1
#define HAVE_SETRESGID 1
#define HAVE_SETSID 1
#define HAVE_SETPGID 1
#define HAVE_SETPGRP 1
#define HAVE_SETUID 1
#define HAVE_SETVBUF 1
#define HAVE_SNPRINTF 1
#define HAVE_SIGACTION 1
#define HAVE_SIGINTERRUPT 1
#define HAVE_SIGRELSE 1
#define HAVE_STRFTIME 1
#define HAVE_SYSCONF 1
#define HAVE_TCGETPGRP 1
#define HAVE_TCSETPGRP 1
#define HAVE_TEMPNAM 1
#define HAVE_TIMEGM 1
#define HAVE_TIMES 1
#define HAVE_TMPFILE 1
#define HAVE_TMPNAM 1
#define HAVE_TMPNAM_R 1
#define HAVE_TRUNCATE 1
#define HAVE_UNAME 1
#define HAVE_UNSETENV 1
#define HAVE_UTIMES 1
#define HAVE_WAITPID 1
#define HAVE_WAIT3 1
#define HAVE_WAIT4 1
#define HAVE_WCSCOLL 1
#define HAVE_CHROOT 1
#define HAVE_LINK 1
#define HAVE_SYMLINK 1
#define HAVE_FCHDIR 1
#define HAVE_FSYNC 1
#define HAVE_FDATASYNC 1
#define HAVE_EPOLL 1
#define HAVE_FLOCK 1
#define HAVE_GETPAGESIZE 1
#define HAVE_ZLIB_COPY 1
#define HAVE_HSTRERROR 1
#define HAVE_INET_ATON 1
#define HAVE_INET_PTON 1
#define HAVE_SETGROUPS 1
#define HAVE_OPENPTY 1
#define HAVE_FORKPTY 1
#define HAVE_MEMMOVE 1
#define HAVE_FSEEKO 1
#define HAVE_FSTATVFS 1
#define HAVE_FTELLO 1
#define HAVE_STATVFS 1
#define HAVE_DUP2 1
#define HAVE_GETCWD 1
#define HAVE_STRDUP 1
#define HAVE_GETPGRP 1
#define HAVE_SETPGRP 1
#define HAVE_GETTIMEOFDAY 1
#define HAVE_DEVICE_MACROS 1
#define HAVE_GETADDRINFO 1
#define HAVE_GETNAMEINFO 1
#define TIME_WITH_SYS_TIME 1
#define HAVE_STRUCT_TM_TM_ZONE 1
#define HAVE_TM_ZONE 1
#define HAVE_STRUCT_STAT_ST_RDEV 1
#define HAVE_STRUCT_STAT_ST_BLKSIZE 1
#define HAVE_STRUCT_STAT_ST_BLOCKS 1
#define HAVE_ST_BLOCKS 1
#define SYS_SELECT_WITH_SYS_TIME 1
#define HAVE_ADDRINFO 1
#define HAVE_SOCKADDR_STORAGE 1
#define HAVE_PROTOTYPES 1
#define HAVE_STDARG_PROTOTYPES 1
#define HAVE_SOCKETPAIR 1
#define VA_LIST_IS_ARRAY 1
#define HAVE_GETHOSTBYNAME_R 1
#define HAVE_GETHOSTBYNAME_R 1
#define HAVE_GETHOSTBYNAME_R_6_ARG 1
#define DOUBLE_IS_LITTLE_ENDIAN_IEEE754 1
#define HAVE_GCC_ASM_FOR_X87 1
#define TANH_PRESERVES_ZERO_SIGN 1
#define HAVE_ACOSH 1
#define HAVE_ASINH 1
#define HAVE_ATANH 1
#define HAVE_COPYSIGN 1
#define HAVE_ERF 1
#define HAVE_ERFC 1
#define HAVE_EXPM1 1
#define HAVE_FINITE 1
#define HAVE_GAMMA 1
#define HAVE_HYPOT 1
#define HAVE_LGAMMA 1
#define HAVE_LOG1P 1
#define HAVE_ROUND 1
#define HAVE_TGAMMA 1
#define HAVE_DECL_ISINF 1
#define HAVE_DECL_ISNAN 1
#define HAVE_DECL_ISFINITE 1
#define HAVE_WCHAR_H 1
#define SIZEOF_WCHAR_T 4
#define Py_UNICODE_SIZE 2
#define Py_USING_UNICODE 1
#define PY_UNICODE_TYPE unsigned short
#define HAVE_GETC_UNLOCKED 1
#define HAVE_LIBREADLINE 1
#define HAVE_RL_CALLBACK 1
#define HAVE_RL_COMPLETION_APPEND_CHARACTER 1
#define HAVE_RL_COMPLETION_SUPPRESS_APPEND 1
#define HAVE_RL_PRE_INPUT_HOOK 1
#define HAVE_RL_COMPLETION_DISPLAY_MATCHES_HOOK 1
#define HAVE_RL_COMPLETION_MATCHES 1
#define HAVE_RL_CATCH_SIGNAL 1
#define HAVE_STRUCT_TM_TM_ZONE 1
#define HAVE_TM_ZONE 1
#define HAVE_WORKING_TZSET 1
#define HAVE_STAT_TV_NSEC 1
#define MVWDELCH_IS_EXPRESSION 1
#define WINDOW_HAS_FLAGS 1
#define HAVE_CURSES_IS_TERM_RESIZED 1
#define HAVE_CURSES_RESIZE_TERM 1
#define HAVE_CURSES_RESIZETERM 1
#define HAVE_DEV_PTMX 1
#define PY_FORMAT_LONG_LONG "ll"
#define PY_FORMAT_SIZE_T "z"

configure: exit 0
