This file contains any messages produced by compilers while
running configure, to aid debugging if configure makes a mistake.

It was created by configure, which was
generated by GNU Autoconf 2.68-dirty.  Invocation command line was

  $ ./configure --prefix=/usr/local/lib64/darkmatter CC=cc CFLAGS=-fpic -fPIC -fpic -fPIC LDFLAGS=-L/lib64 -L/usr/lib64 -L/root/darkmatter-depends/.build/usr/local/lib64/darkmatter/lib  -Wl,-rpath -Wl,/usr/local/lib64/darkmatter/lib -L/lib64 -L/usr/lib64 -L/root/darkmatter-depends/.build/usr/local/lib64/darkmatter/lib  -Wl,-rpath -Wl,/usr/local/lib64/darkmatter/lib -lc -lm LIBS=-lc -lm CPPFLAGS=-I/root/darkmatter-depends/.build/usr/local/lib64/darkmatter/include -I/root/darkmatter-depends/.build/usr/local/lib64/darkmatter/include/ncurses -I/root/darkmatter-depends/.build/usr/local/lib64/darkmatter/include/libxml2 --no-create --no-recursion

## --------- ##
## Platform. ##
## --------- ##

hostname = linux-j0lx
uname -m = x86_64
uname -r = 3.1.0-1.2-desktop
uname -s = Linux
uname -v = #1 SMP PREEMPT Thu Nov 3 14:45:45 UTC 2011 (187dde0)

/usr/bin/uname -p = unknown
/bin/uname -X     = unknown

/bin/arch              = x86_64
/usr/bin/arch -k       = unknown
/usr/convex/getsysinfo = unknown
/usr/bin/hostinfo      = unknown
/bin/machine           = unknown
/usr/bin/oslevel       = unknown
/bin/universe          = unknown

PATH: /root/darkmatter-depends/.build/usr/local/lib64/darkmatter/bin
PATH: /sbin
PATH: /bin
PATH: /usr/sbin
PATH: /usr/bin


## ----------- ##
## Core tests. ##
## ----------- ##

configure:2192: error: cannot find install-sh, install.sh, or shtool in "." "./.." "./../.."

## ---------------- ##
## Cache variables. ##
## ---------------- ##

ac_cv_env_CC_set=set
ac_cv_env_CC_value=cc
ac_cv_env_CFLAGS_set=set
ac_cv_env_CFLAGS_value='-fpic -fPIC -fpic -fPIC'
ac_cv_env_CPPFLAGS_set=set
ac_cv_env_CPPFLAGS_value='-I/root/darkmatter-depends/.build/usr/local/lib64/darkmatter/include -I/root/darkmatter-depends/.build/usr/local/lib64/darkmatter/include/ncurses -I/root/darkmatter-depends/.build/usr/local/lib64/darkmatter/include/libxml2'
ac_cv_env_CPP_set=
ac_cv_env_CPP_value=
ac_cv_env_LDFLAGS_set=set
ac_cv_env_LDFLAGS_value='-L/lib64 -L/usr/lib64 -L/root/darkmatter-depends/.build/usr/local/lib64/darkmatter/lib  -Wl,-rpath -Wl,/usr/local/lib64/darkmatter/lib -L/lib64 -L/usr/lib64 -L/root/darkmatter-depends/.build/usr/local/lib64/darkmatter/lib  -Wl,-rpath -Wl,/usr/local/lib64/darkmatter/lib -lc -lm'
ac_cv_env_LIBS_set=set
ac_cv_env_LIBS_value='-lc -lm'
ac_cv_env_build_alias_set=
ac_cv_env_build_alias_value=
ac_cv_env_host_alias_set=
ac_cv_env_host_alias_value=
ac_cv_env_target_alias_set=
ac_cv_env_target_alias_value=

## ----------------- ##
## Output variables. ##
## ----------------- ##

ACLOCAL=''
AMDEPBACKSLASH=''
AMDEP_FALSE=''
AMDEP_TRUE=''
AMTAR=''
AR=''
AUTOCONF=''
AUTOHEADER=''
AUTOMAKE=''
AWK=''
CC='cc'
CCDEPMODE=''
CFLAGS='-fpic -fPIC -fpic -fPIC'
CPP=''
CPPFLAGS='-I/root/darkmatter-depends/.build/usr/local/lib64/darkmatter/include -I/root/darkmatter-depends/.build/usr/local/lib64/darkmatter/include/ncurses -I/root/darkmatter-depends/.build/usr/local/lib64/darkmatter/include/libxml2'
CYGPATH_W=''
DEFS=''
DEPDIR=''
DLLTOOL=''
DSYMUTIL=''
DUMPBIN=''
ECHO_C=''
ECHO_N='-n'
ECHO_T=''
EGREP=''
EXEEXT=''
FGREP=''
GREP=''
INSTALL_DATA=''
INSTALL_PROGRAM=''
INSTALL_SCRIPT=''
INSTALL_STRIP_PROGRAM=''
LD=''
LDFLAGS='-L/lib64 -L/usr/lib64 -L/root/darkmatter-depends/.build/usr/local/lib64/darkmatter/lib  -Wl,-rpath -Wl,/usr/local/lib64/darkmatter/lib -L/lib64 -L/usr/lib64 -L/root/darkmatter-depends/.build/usr/local/lib64/darkmatter/lib  -Wl,-rpath -Wl,/usr/local/lib64/darkmatter/lib -lc -lm'
LIBOBJS=''
LIBS='-lc -lm'
LIBTOOL=''
LIPO=''
LN_S=''
LTLIBOBJS=''
MAINT=''
MAINTAINER_MODE_FALSE=''
MAINTAINER_MODE_TRUE=''
MAKEINFO=''
MANIFEST_TOOL=''
NM=''
NMEDIT=''
OBJDUMP=''
OBJEXT=''
OTOOL64=''
OTOOL=''
PACKAGE=''
PACKAGE_BUGREPORT=''
PACKAGE_NAME=''
PACKAGE_STRING=''
PACKAGE_TARNAME=''
PACKAGE_URL=''
PACKAGE_VERSION=''
PATH_SEPARATOR=':'
RANLIB=''
SED=''
SET_MAKE=''
SHELL='/bin/sh'
STRIP=''
VERSION=''
ac_ct_AR=''
ac_ct_CC=''
ac_ct_DUMPBIN=''
am__fastdepCC_FALSE=''
am__fastdepCC_TRUE=''
am__include=''
am__leading_dot=''
am__quote=''
am__tar=''
am__untar=''
bindir='${exec_prefix}/bin'
build=''
build_alias=''
build_cpu=''
build_os=''
build_vendor=''
datadir='${datarootdir}'
datarootdir='${prefix}/share'
docdir='${datarootdir}/doc/${PACKAGE}'
dvidir='${docdir}'
exec_prefix='NONE'
host=''
host_alias=''
host_cpu=''
host_os=''
host_vendor=''
htmldir='${docdir}'
includedir='${prefix}/include'
infodir='${datarootdir}/info'
install_sh=''
libdir='${exec_prefix}/lib'
libexecdir='${exec_prefix}/libexec'
localedir='${datarootdir}/locale'
localstatedir='${prefix}/var'
mandir='${datarootdir}/man'
mkdir_p=''
oldincludedir='/usr/include'
pdfdir='${docdir}'
prefix='/usr/local/lib64/darkmatter'
program_transform_name='s,x,x,'
psdir='${docdir}'
sbindir='${exec_prefix}/sbin'
sharedstatedir='${prefix}/com'
sysconfdir='${prefix}/etc'
target_alias=''

## ----------- ##
## confdefs.h. ##
## ----------- ##

/* confdefs.h */
#define PACKAGE_NAME ""
#define PACKAGE_TARNAME ""
#define PACKAGE_VERSION ""
#define PACKAGE_STRING ""
#define PACKAGE_BUGREPORT ""
#define PACKAGE_URL ""

configure: exit 1
